#
# A fatal error has been detected by the Java Runtime Environment:
#
#  EXCEPTION_ACCESS_VIOLATION (0xc0000005) at pc=0x00007ffe15fe51db, pid=82128, tid=95984
#
# JRE version: OpenJDK Runtime Environment (16.0.2+7) (build 16.0.2+7-67)
# Java VM: OpenJDK 64-Bit Server VM (16.0.2+7-67, mixed mode, sharing, tiered, compressed oops, compressed class ptrs, g1 gc, windows-amd64)
# Problematic frame:
# C  [atio6axx.dll+0x16851db]
#
# No core dump will be written. Minidumps are not enabled by default on client versions of Windows
#
# If you would like to submit a bug report, please visit:
#   https://bugreport.java.com/bugreport/crash.jsp
# The crash happened outside the Java Virtual Machine in native code.
# See problematic frame for where to report the bug.
#

---------------  S U M M A R Y ------------

Command Line: -Dfile.encoding=windows-1252 -Duser.country=US -Duser.language=en -Duser.variant _0_1.mainPackage.Main

Host: AMD Ryzen 5 5600X 6-Core Processor             , 12 cores, 31G,  Windows 10 , 64 bit Build 19041 (10.0.19041.1202)
Time: Thu Oct 21 16:48:50 2021 FLE Daylight Time elapsed time: 0.589148 seconds (0d 0h 0m 0s)

---------------  T H R E A D  ---------------

Current thread (0x000001cc0fc8ea30):  JavaThread "main" [_thread_in_native, id=95984, stack(0x00000092ed300000,0x00000092ed400000)]

Stack: [0x00000092ed300000,0x00000092ed400000],  sp=0x00000092ed3ff130,  free space=1020k
Native frames: (J=compiled Java code, j=interpreted, Vv=VM code, C=native code)
C  [atio6axx.dll+0x16851db]

Java frames: (J=compiled Java code, j=interpreted, Vv=VM code)
j  org.lwjgl.opengl.GL45C.nglCreateVertexArrays(IJ)V+0
j  org.lwjgl.opengl.GL45C.glCreateVertexArrays(Ljava/nio/IntBuffer;)V+8
j  org.lwjgl.opengl.GL45.glCreateVertexArrays(Ljava/nio/IntBuffer;)V+1
j  _0_1.wrightglPackage._0_1.wrightglPackage.initGL()V+17
j  _0_1.wrightglPackage._0_1.wrightglPackage.<init>()V+5
j  _0_1.enginePackage._0_1.enginePackage.<init>()V+24
j  _0_1.mainPackage.Main.main([Ljava/lang/String;)V+4
v  ~StubRoutines::call_stub

siginfo: EXCEPTION_ACCESS_VIOLATION (0xc0000005), writing address 0x0000000000000010


Register to memory mapping:

RIP=0x00007ffe15fe51db atio6axx.dll
RAX=0x0 is NULL
RBX=0x0000000000000001 is an unknown value
RCX=0x000001cc437f0ff0 points into unknown readable memory: 0x0000000200000000 | 00 00 00 00 02 00 00 00
RDX=0x0000000000000001 is an unknown value
RSP=0x00000092ed3ff130 is pointing into the stack for thread: 0x000001cc0fc8ea30
RBP=0x0 is NULL
RSI=0x0 is NULL
RDI=0x0000000000000001 is an unknown value
R8 =0x000001cc437f0ff0 points into unknown readable memory: 0x0000000200000000 | 00 00 00 00 02 00 00 00
R9 =0x000001cc437f9002 points into unknown readable memory: 00 00 01 00 01 00
R10=0x000001cc437f0ff0 points into unknown readable memory: 0x0000000200000000 | 00 00 00 00 02 00 00 00
R11=0x0000000000000010 is an unknown value
R12=0x000001cc3f668dc0 points into unknown readable memory: 0x000001cc42e4c8b0 | b0 c8 e4 42 cc 01 00 00
R13=0x0 is NULL
R14=0x0 is NULL
R15=0x000001cc3f668dc0 points into unknown readable memory: 0x000001cc42e4c8b0 | b0 c8 e4 42 cc 01 00 00


Registers:
RAX=0x0000000000000000, RBX=0x0000000000000001, RCX=0x000001cc437f0ff0, RDX=0x0000000000000001
RSP=0x00000092ed3ff130, RBP=0x0000000000000000, RSI=0x0000000000000000, RDI=0x0000000000000001
R8 =0x000001cc437f0ff0, R9 =0x000001cc437f9002, R10=0x000001cc437f0ff0, R11=0x0000000000000010
R12=0x000001cc3f668dc0, R13=0x0000000000000000, R14=0x0000000000000000, R15=0x000001cc3f668dc0
RIP=0x00007ffe15fe51db, EFLAGS=0x0000000000010202

Top of Stack: (sp=0x00000092ed3ff130)
0x00000092ed3ff130:   0000000000000000 00000092ed3ff1b0
0x00000092ed3ff140:   00000092ed3ff2b0 00007ffde762fbc4
0x00000092ed3ff150:   000001cc3f668dc0 0000000000000000
0x00000092ed3ff160:   000001cc3f668dc0 0000000000000000
0x00000092ed3ff170:   000001cc3ef801d0 000001cc3ef801d0
0x00000092ed3ff180:   0000000000000001 0000000000000010
0x00000092ed3ff190:   000001cc3ef801d0 000001cc3fb0e2d0
0x00000092ed3ff1a0:   000001cc3fb09a70 00007ffe156351ca
0x00000092ed3ff1b0:   00000000000176f0 000001cc42a392d0
0x00000092ed3ff1c0:   0000000000000000 0000000000000010
0x00000092ed3ff1d0:   0000000000000000 000001cc3ef801d0
0x00000092ed3ff1e0:   000001cc0fc8ea30 00000092ed3ff2b0
0x00000092ed3ff1f0:   0000000000000010 000001cc18c1dd22
0x00000092ed3ff200:   000001cc3ef801d0 00000092ed3ff280
0x00000092ed3ff210:   000001cc3ef801d0 0000000000000158
0x00000092ed3ff220:   00000092ed3ff298 000001cc18c195e1 

Instructions: (pc=0x00007ffe15fe51db)
0x00007ffe15fe50db:   8b 0f 45 89 67 08 48 85 c9 74 05 e8 39 96 53 00
0x00007ffe15fe50eb:   4d 89 37 eb 03 4d 8b 37 49 39 2c fe 4c 8d 24 fd
0x00007ffe15fe50fb:   00 00 00 00 75 71 b9 10 a0 00 00 e8 2d 8f 55 00
0x00007ffe15fe510b:   4c 8b f0 48 85 c0 74 55 c1 e7 0c 48 8d 48 10 33
0x00007ffe15fe511b:   d2 89 38 41 b8 00 80 00 00 e8 77 c7 53 00 41 b8
0x00007ffe15fe512b:   01 00 00 00 49 8d be 10 80 00 00 41 0f b7 c0 b9
0x00007ffe15fe513b:   00 10 00 00 66 f3 ab 41 39 2e 75 15 41 8b c0 66
0x00007ffe15fe514b:   41 89 ae 10 80 00 00 41 89 46 04 41 89 46 08 eb
0x00007ffe15fe515b:   0f 8b c5 41 89 46 04 41 89 46 08 eb 03 4c 8b f5
0x00007ffe15fe516b:   49 8b 07 4d 89 34 04 41 8b 4f 08 85 c9 48 8b bc
0x00007ffe15fe517b:   24 98 00 00 00 4c 89 7c 24 30 8d 41 ff 0f 44 c5
0x00007ffe15fe518b:   89 44 24 38 0f 28 44 24 30 66 0f 7f 44 24 20 44
0x00007ffe15fe519b:   8b 74 24 28 4c 8b 64 24 20 49 8b 04 24 41 8b ce
0x00007ffe15fe51ab:   4c 8b 14 c8 3b f3 73 3d 8b c6 4c 8d 1c 87 0f 1f
0x00007ffe15fe51bb:   80 00 00 00 00 41 81 7a 08 00 10 00 00 74 1e 41
0x00007ffe15fe51cb:   8b 7a 04 49 8b ca 41 03 3a 8b d7 e8 15 58 00 00
0x00007ffe15fe51db:   41 89 3b ff c6 49 83 c3 04 3b f3 72 d8 48 8b bc
0x00007ffe15fe51eb:   24 98 00 00 00 41 ff c6 41 81 c5 00 10 00 00 49
0x00007ffe15fe51fb:   c7 c0 ff ff ff ff 3b f3 0f 82 57 fe ff ff e9 a9
0x00007ffe15fe520b:   08 00 00 4c 8b 79 78 85 db 0f 84 9d 08 00 00 33
0x00007ffe15fe521b:   ed 49 83 c7 10 8b f5 44 8b ed 4d 8b e7 44 8b f5
0x00007ffe15fe522b:   4c 8d 45 ff 90 41 8b 57 08 44 3b f2 74 11 49 8b
0x00007ffe15fe523b:   04 24 41 8b ce 48 39 2c c8 0f 85 2a 01 00 00 41
0x00007ffe15fe524b:   8b fd c1 ef 0c 3b fa 72 6c 44 8d 67 01 b8 08 00
0x00007ffe15fe525b:   00 00 41 8b cc 48 f7 e1 49 0f 40 c0 48 8b c8 e8
0x00007ffe15fe526b:   19 9b 53 00 4c 8b f0 41 8b 47 08 85 c0 74 16 49
0x00007ffe15fe527b:   8b 17 44 8b c0 49 c1 e0 03 49 8b ce e8 e4 bd 53
0x00007ffe15fe528b:   00 41 8b 47 08 44 8b c7 8b c8 44 2b c0 33 d2 41
0x00007ffe15fe529b:   ff c0 49 c1 e0 03 49 8d 0c ce e8 f6 c5 53 00 49
0x00007ffe15fe52ab:   8b 0f 45 89 67 08 48 85 c9 74 05 e8 69 94 53 00
0x00007ffe15fe52bb:   4d 89 37 eb 03 4d 8b 37 49 39 2c fe 4c 8d 24 fd
0x00007ffe15fe52cb:   00 00 00 00 75 71 b9 10 a0 00 00 e8 5d 8d 55 00 


Stack slot to memory mapping:
stack at sp + 0 slots: 0x0 is NULL
stack at sp + 1 slots: 0x00000092ed3ff1b0 is pointing into the stack for thread: 0x000001cc0fc8ea30
stack at sp + 2 slots: 0x00000092ed3ff2b0 is pointing into the stack for thread: 0x000001cc0fc8ea30
stack at sp + 3 slots: 0x00007ffde762fbc4 jvm.dll
stack at sp + 4 slots: 0x000001cc3f668dc0 points into unknown readable memory: 0x000001cc42e4c8b0 | b0 c8 e4 42 cc 01 00 00
stack at sp + 5 slots: 0x0 is NULL
stack at sp + 6 slots: 0x000001cc3f668dc0 points into unknown readable memory: 0x000001cc42e4c8b0 | b0 c8 e4 42 cc 01 00 00
stack at sp + 7 slots: 0x0 is NULL


---------------  P R O C E S S  ---------------

Threads class SMR info:
_java_thread_list=0x000001cc3f1693f0, length=12, elements={
0x000001cc0fc8ea30, 0x000001cc3e55e090, 0x000001cc3e55ef50, 0x000001cc3e572a90,
0x000001cc3e5735a0, 0x000001cc3e5768c0, 0x000001cc3e5772c0, 0x000001cc3e5780a0,
0x000001cc3e57d390, 0x000001cc3e57e1c0, 0x000001cc3f163380, 0x000001cc3f169450
}

Java Threads: ( => current thread )
=>0x000001cc0fc8ea30 JavaThread "main" [_thread_in_native, id=95984, stack(0x00000092ed300000,0x00000092ed400000)]
  0x000001cc3e55e090 JavaThread "Reference Handler" daemon [_thread_blocked, id=93112, stack(0x00000092eda00000,0x00000092edb00000)]
  0x000001cc3e55ef50 JavaThread "Finalizer" daemon [_thread_blocked, id=95980, stack(0x00000092edb00000,0x00000092edc00000)]
  0x000001cc3e572a90 JavaThread "Signal Dispatcher" daemon [_thread_blocked, id=93444, stack(0x00000092edc00000,0x00000092edd00000)]
  0x000001cc3e5735a0 JavaThread "Attach Listener" daemon [_thread_blocked, id=88404, stack(0x00000092edd00000,0x00000092ede00000)]
  0x000001cc3e5768c0 JavaThread "Service Thread" daemon [_thread_blocked, id=95472, stack(0x00000092ede00000,0x00000092edf00000)]
  0x000001cc3e5772c0 JavaThread "Monitor Deflation Thread" daemon [_thread_blocked, id=89120, stack(0x00000092edf00000,0x00000092ee000000)]
  0x000001cc3e5780a0 JavaThread "C2 CompilerThread0" daemon [_thread_blocked, id=30224, stack(0x00000092ee000000,0x00000092ee100000)]
  0x000001cc3e57d390 JavaThread "C1 CompilerThread0" daemon [_thread_blocked, id=67164, stack(0x00000092ee100000,0x00000092ee200000)]
  0x000001cc3e57e1c0 JavaThread "Sweeper thread" daemon [_thread_blocked, id=94960, stack(0x00000092ee200000,0x00000092ee300000)]
  0x000001cc3f163380 JavaThread "Notification Thread" daemon [_thread_blocked, id=85536, stack(0x00000092ee300000,0x00000092ee400000)]
  0x000001cc3f169450 JavaThread "Common-Cleaner" daemon [_thread_blocked, id=82312, stack(0x00000092ee500000,0x00000092ee600000)]

Other Threads:
  0x000001cc3e559440 VMThread "VM Thread" [stack: 0x00000092ed900000,0x00000092eda00000] [id=72720]
  0x000001cc3f1674f0 WatcherThread [stack: 0x00000092ee400000,0x00000092ee500000] [id=30512]
  0x000001cc0fd08490 GCTaskThread "GC Thread#0" [stack: 0x00000092ed400000,0x00000092ed500000] [id=93756]
  0x000001cc0fd1b500 ConcurrentGCThread "G1 Main Marker" [stack: 0x00000092ed500000,0x00000092ed600000] [id=93636]
  0x000001cc0fd1c710 ConcurrentGCThread "G1 Conc#0" [stack: 0x00000092ed600000,0x00000092ed700000] [id=88292]
  0x000001cc0fd6e7f0 ConcurrentGCThread "G1 Refine#0" [stack: 0x00000092ed700000,0x00000092ed800000] [id=90272]
  0x000001cc3e40c870 ConcurrentGCThread "G1 Service" [stack: 0x00000092ed800000,0x00000092ed900000] [id=94468]

Threads with active compile tasks:

VM state: not at safepoint (normal execution)

VM Mutex/Monitor currently owned by a thread: None

Heap address: 0x0000000600c00000, size: 8180 MB, Compressed Oops mode: Zero based, Oop shift amount: 3

CDS archive(s) mapped at: [0x0000000800000000-0x0000000800bb0000-0x0000000800bb0000), size 12255232, SharedBaseAddress: 0x0000000800000000, ArchiveRelocationMode: 0.
Compressed class space mapped at: 0x0000000800c00000-0x0000000840c00000, reserved size: 1073741824
Narrow klass base: 0x0000000800000000, Narrow klass shift: 3, Narrow klass range: 0x100000000

GC Precious Log:
 CPUs: 12 total, 12 available
 Memory: 32712M
 Large Page Support: Disabled
 NUMA Support: Disabled
 Compressed Oops: Enabled (Zero based)
 Heap Region Size: 4M
 Heap Min Capacity: 8M
 Heap Initial Capacity: 512M
 Heap Max Capacity: 8180M
 Pre-touch: Disabled
 Parallel Workers: 10
 Concurrent Workers: 3
 Concurrent Refinement Workers: 10
 Periodic GC: Disabled

Heap:
 garbage-first heap   total 524288K, used 12288K [0x0000000600c00000, 0x0000000800000000)
  region size 4096K, 4 young (16384K), 0 survivors (0K)
 Metaspace       used 5717K, committed 5888K, reserved 1064960K
  class space    used 248K, committed 320K, reserved 1048576K

Heap Regions: E=young(eden), S=young(survivor), O=old, HS=humongous(starts), HC=humongous(continues), CS=collection set, F=free, OA=open archive, CA=closed archive, TAMS=top-at-mark-start (previous, next)
|   0|0x0000000600c00000, 0x0000000600c00000, 0x0000000601000000|  0%| F|  |TAMS 0x0000000600c00000, 0x0000000600c00000| Untracked 
|   1|0x0000000601000000, 0x0000000601000000, 0x0000000601400000|  0%| F|  |TAMS 0x0000000601000000, 0x0000000601000000| Untracked 
|   2|0x0000000601400000, 0x0000000601400000, 0x0000000601800000|  0%| F|  |TAMS 0x0000000601400000, 0x0000000601400000| Untracked 
|   3|0x0000000601800000, 0x0000000601800000, 0x0000000601c00000|  0%| F|  |TAMS 0x0000000601800000, 0x0000000601800000| Untracked 
|   4|0x0000000601c00000, 0x0000000601c00000, 0x0000000602000000|  0%| F|  |TAMS 0x0000000601c00000, 0x0000000601c00000| Untracked 
|   5|0x0000000602000000, 0x0000000602000000, 0x0000000602400000|  0%| F|  |TAMS 0x0000000602000000, 0x0000000602000000| Untracked 
|   6|0x0000000602400000, 0x0000000602400000, 0x0000000602800000|  0%| F|  |TAMS 0x0000000602400000, 0x0000000602400000| Untracked 
|   7|0x0000000602800000, 0x0000000602800000, 0x0000000602c00000|  0%| F|  |TAMS 0x0000000602800000, 0x0000000602800000| Untracked 
|   8|0x0000000602c00000, 0x0000000602c00000, 0x0000000603000000|  0%| F|  |TAMS 0x0000000602c00000, 0x0000000602c00000| Untracked 
|   9|0x0000000603000000, 0x0000000603000000, 0x0000000603400000|  0%| F|  |TAMS 0x0000000603000000, 0x0000000603000000| Untracked 
|  10|0x0000000603400000, 0x0000000603400000, 0x0000000603800000|  0%| F|  |TAMS 0x0000000603400000, 0x0000000603400000| Untracked 
|  11|0x0000000603800000, 0x0000000603800000, 0x0000000603c00000|  0%| F|  |TAMS 0x0000000603800000, 0x0000000603800000| Untracked 
|  12|0x0000000603c00000, 0x0000000603c00000, 0x0000000604000000|  0%| F|  |TAMS 0x0000000603c00000, 0x0000000603c00000| Untracked 
|  13|0x0000000604000000, 0x0000000604000000, 0x0000000604400000|  0%| F|  |TAMS 0x0000000604000000, 0x0000000604000000| Untracked 
|  14|0x0000000604400000, 0x0000000604400000, 0x0000000604800000|  0%| F|  |TAMS 0x0000000604400000, 0x0000000604400000| Untracked 
|  15|0x0000000604800000, 0x0000000604800000, 0x0000000604c00000|  0%| F|  |TAMS 0x0000000604800000, 0x0000000604800000| Untracked 
|  16|0x0000000604c00000, 0x0000000604c00000, 0x0000000605000000|  0%| F|  |TAMS 0x0000000604c00000, 0x0000000604c00000| Untracked 
|  17|0x0000000605000000, 0x0000000605000000, 0x0000000605400000|  0%| F|  |TAMS 0x0000000605000000, 0x0000000605000000| Untracked 
|  18|0x0000000605400000, 0x0000000605400000, 0x0000000605800000|  0%| F|  |TAMS 0x0000000605400000, 0x0000000605400000| Untracked 
|  19|0x0000000605800000, 0x0000000605800000, 0x0000000605c00000|  0%| F|  |TAMS 0x0000000605800000, 0x0000000605800000| Untracked 
|  20|0x0000000605c00000, 0x0000000605c00000, 0x0000000606000000|  0%| F|  |TAMS 0x0000000605c00000, 0x0000000605c00000| Untracked 
|  21|0x0000000606000000, 0x0000000606000000, 0x0000000606400000|  0%| F|  |TAMS 0x0000000606000000, 0x0000000606000000| Untracked 
|  22|0x0000000606400000, 0x0000000606400000, 0x0000000606800000|  0%| F|  |TAMS 0x0000000606400000, 0x0000000606400000| Untracked 
|  23|0x0000000606800000, 0x0000000606800000, 0x0000000606c00000|  0%| F|  |TAMS 0x0000000606800000, 0x0000000606800000| Untracked 
|  24|0x0000000606c00000, 0x0000000606c00000, 0x0000000607000000|  0%| F|  |TAMS 0x0000000606c00000, 0x0000000606c00000| Untracked 
|  25|0x0000000607000000, 0x0000000607000000, 0x0000000607400000|  0%| F|  |TAMS 0x0000000607000000, 0x0000000607000000| Untracked 
|  26|0x0000000607400000, 0x0000000607400000, 0x0000000607800000|  0%| F|  |TAMS 0x0000000607400000, 0x0000000607400000| Untracked 
|  27|0x0000000607800000, 0x0000000607800000, 0x0000000607c00000|  0%| F|  |TAMS 0x0000000607800000, 0x0000000607800000| Untracked 
|  28|0x0000000607c00000, 0x0000000607c00000, 0x0000000608000000|  0%| F|  |TAMS 0x0000000607c00000, 0x0000000607c00000| Untracked 
|  29|0x0000000608000000, 0x0000000608000000, 0x0000000608400000|  0%| F|  |TAMS 0x0000000608000000, 0x0000000608000000| Untracked 
|  30|0x0000000608400000, 0x0000000608400000, 0x0000000608800000|  0%| F|  |TAMS 0x0000000608400000, 0x0000000608400000| Untracked 
|  31|0x0000000608800000, 0x0000000608800000, 0x0000000608c00000|  0%| F|  |TAMS 0x0000000608800000, 0x0000000608800000| Untracked 
|  32|0x0000000608c00000, 0x0000000608c00000, 0x0000000609000000|  0%| F|  |TAMS 0x0000000608c00000, 0x0000000608c00000| Untracked 
|  33|0x0000000609000000, 0x0000000609000000, 0x0000000609400000|  0%| F|  |TAMS 0x0000000609000000, 0x0000000609000000| Untracked 
|  34|0x0000000609400000, 0x0000000609400000, 0x0000000609800000|  0%| F|  |TAMS 0x0000000609400000, 0x0000000609400000| Untracked 
|  35|0x0000000609800000, 0x0000000609800000, 0x0000000609c00000|  0%| F|  |TAMS 0x0000000609800000, 0x0000000609800000| Untracked 
|  36|0x0000000609c00000, 0x0000000609c00000, 0x000000060a000000|  0%| F|  |TAMS 0x0000000609c00000, 0x0000000609c00000| Untracked 
|  37|0x000000060a000000, 0x000000060a000000, 0x000000060a400000|  0%| F|  |TAMS 0x000000060a000000, 0x000000060a000000| Untracked 
|  38|0x000000060a400000, 0x000000060a400000, 0x000000060a800000|  0%| F|  |TAMS 0x000000060a400000, 0x000000060a400000| Untracked 
|  39|0x000000060a800000, 0x000000060a800000, 0x000000060ac00000|  0%| F|  |TAMS 0x000000060a800000, 0x000000060a800000| Untracked 
|  40|0x000000060ac00000, 0x000000060ac00000, 0x000000060b000000|  0%| F|  |TAMS 0x000000060ac00000, 0x000000060ac00000| Untracked 
|  41|0x000000060b000000, 0x000000060b000000, 0x000000060b400000|  0%| F|  |TAMS 0x000000060b000000, 0x000000060b000000| Untracked 
|  42|0x000000060b400000, 0x000000060b400000, 0x000000060b800000|  0%| F|  |TAMS 0x000000060b400000, 0x000000060b400000| Untracked 
|  43|0x000000060b800000, 0x000000060b800000, 0x000000060bc00000|  0%| F|  |TAMS 0x000000060b800000, 0x000000060b800000| Untracked 
|  44|0x000000060bc00000, 0x000000060bc00000, 0x000000060c000000|  0%| F|  |TAMS 0x000000060bc00000, 0x000000060bc00000| Untracked 
|  45|0x000000060c000000, 0x000000060c000000, 0x000000060c400000|  0%| F|  |TAMS 0x000000060c000000, 0x000000060c000000| Untracked 
|  46|0x000000060c400000, 0x000000060c400000, 0x000000060c800000|  0%| F|  |TAMS 0x000000060c400000, 0x000000060c400000| Untracked 
|  47|0x000000060c800000, 0x000000060c800000, 0x000000060cc00000|  0%| F|  |TAMS 0x000000060c800000, 0x000000060c800000| Untracked 
|  48|0x000000060cc00000, 0x000000060cc00000, 0x000000060d000000|  0%| F|  |TAMS 0x000000060cc00000, 0x000000060cc00000| Untracked 
|  49|0x000000060d000000, 0x000000060d000000, 0x000000060d400000|  0%| F|  |TAMS 0x000000060d000000, 0x000000060d000000| Untracked 
|  50|0x000000060d400000, 0x000000060d400000, 0x000000060d800000|  0%| F|  |TAMS 0x000000060d400000, 0x000000060d400000| Untracked 
|  51|0x000000060d800000, 0x000000060d800000, 0x000000060dc00000|  0%| F|  |TAMS 0x000000060d800000, 0x000000060d800000| Untracked 
|  52|0x000000060dc00000, 0x000000060dc00000, 0x000000060e000000|  0%| F|  |TAMS 0x000000060dc00000, 0x000000060dc00000| Untracked 
|  53|0x000000060e000000, 0x000000060e000000, 0x000000060e400000|  0%| F|  |TAMS 0x000000060e000000, 0x000000060e000000| Untracked 
|  54|0x000000060e400000, 0x000000060e400000, 0x000000060e800000|  0%| F|  |TAMS 0x000000060e400000, 0x000000060e400000| Untracked 
|  55|0x000000060e800000, 0x000000060e800000, 0x000000060ec00000|  0%| F|  |TAMS 0x000000060e800000, 0x000000060e800000| Untracked 
|  56|0x000000060ec00000, 0x000000060ec00000, 0x000000060f000000|  0%| F|  |TAMS 0x000000060ec00000, 0x000000060ec00000| Untracked 
|  57|0x000000060f000000, 0x000000060f000000, 0x000000060f400000|  0%| F|  |TAMS 0x000000060f000000, 0x000000060f000000| Untracked 
|  58|0x000000060f400000, 0x000000060f400000, 0x000000060f800000|  0%| F|  |TAMS 0x000000060f400000, 0x000000060f400000| Untracked 
|  59|0x000000060f800000, 0x000000060f800000, 0x000000060fc00000|  0%| F|  |TAMS 0x000000060f800000, 0x000000060f800000| Untracked 
|  60|0x000000060fc00000, 0x000000060fc00000, 0x0000000610000000|  0%| F|  |TAMS 0x000000060fc00000, 0x000000060fc00000| Untracked 
|  61|0x0000000610000000, 0x0000000610000000, 0x0000000610400000|  0%| F|  |TAMS 0x0000000610000000, 0x0000000610000000| Untracked 
|  62|0x0000000610400000, 0x0000000610400000, 0x0000000610800000|  0%| F|  |TAMS 0x0000000610400000, 0x0000000610400000| Untracked 
|  63|0x0000000610800000, 0x0000000610800000, 0x0000000610c00000|  0%| F|  |TAMS 0x0000000610800000, 0x0000000610800000| Untracked 
|  64|0x0000000610c00000, 0x0000000610c00000, 0x0000000611000000|  0%| F|  |TAMS 0x0000000610c00000, 0x0000000610c00000| Untracked 
|  65|0x0000000611000000, 0x0000000611000000, 0x0000000611400000|  0%| F|  |TAMS 0x0000000611000000, 0x0000000611000000| Untracked 
|  66|0x0000000611400000, 0x0000000611400000, 0x0000000611800000|  0%| F|  |TAMS 0x0000000611400000, 0x0000000611400000| Untracked 
|  67|0x0000000611800000, 0x0000000611800000, 0x0000000611c00000|  0%| F|  |TAMS 0x0000000611800000, 0x0000000611800000| Untracked 
|  68|0x0000000611c00000, 0x0000000611c00000, 0x0000000612000000|  0%| F|  |TAMS 0x0000000611c00000, 0x0000000611c00000| Untracked 
|  69|0x0000000612000000, 0x0000000612000000, 0x0000000612400000|  0%| F|  |TAMS 0x0000000612000000, 0x0000000612000000| Untracked 
|  70|0x0000000612400000, 0x0000000612400000, 0x0000000612800000|  0%| F|  |TAMS 0x0000000612400000, 0x0000000612400000| Untracked 
|  71|0x0000000612800000, 0x0000000612800000, 0x0000000612c00000|  0%| F|  |TAMS 0x0000000612800000, 0x0000000612800000| Untracked 
|  72|0x0000000612c00000, 0x0000000612c00000, 0x0000000613000000|  0%| F|  |TAMS 0x0000000612c00000, 0x0000000612c00000| Untracked 
|  73|0x0000000613000000, 0x0000000613000000, 0x0000000613400000|  0%| F|  |TAMS 0x0000000613000000, 0x0000000613000000| Untracked 
|  74|0x0000000613400000, 0x0000000613400000, 0x0000000613800000|  0%| F|  |TAMS 0x0000000613400000, 0x0000000613400000| Untracked 
|  75|0x0000000613800000, 0x0000000613800000, 0x0000000613c00000|  0%| F|  |TAMS 0x0000000613800000, 0x0000000613800000| Untracked 
|  76|0x0000000613c00000, 0x0000000613c00000, 0x0000000614000000|  0%| F|  |TAMS 0x0000000613c00000, 0x0000000613c00000| Untracked 
|  77|0x0000000614000000, 0x0000000614000000, 0x0000000614400000|  0%| F|  |TAMS 0x0000000614000000, 0x0000000614000000| Untracked 
|  78|0x0000000614400000, 0x0000000614400000, 0x0000000614800000|  0%| F|  |TAMS 0x0000000614400000, 0x0000000614400000| Untracked 
|  79|0x0000000614800000, 0x0000000614800000, 0x0000000614c00000|  0%| F|  |TAMS 0x0000000614800000, 0x0000000614800000| Untracked 
|  80|0x0000000614c00000, 0x0000000614c00000, 0x0000000615000000|  0%| F|  |TAMS 0x0000000614c00000, 0x0000000614c00000| Untracked 
|  81|0x0000000615000000, 0x0000000615000000, 0x0000000615400000|  0%| F|  |TAMS 0x0000000615000000, 0x0000000615000000| Untracked 
|  82|0x0000000615400000, 0x0000000615400000, 0x0000000615800000|  0%| F|  |TAMS 0x0000000615400000, 0x0000000615400000| Untracked 
|  83|0x0000000615800000, 0x0000000615800000, 0x0000000615c00000|  0%| F|  |TAMS 0x0000000615800000, 0x0000000615800000| Untracked 
|  84|0x0000000615c00000, 0x0000000615c00000, 0x0000000616000000|  0%| F|  |TAMS 0x0000000615c00000, 0x0000000615c00000| Untracked 
|  85|0x0000000616000000, 0x0000000616000000, 0x0000000616400000|  0%| F|  |TAMS 0x0000000616000000, 0x0000000616000000| Untracked 
|  86|0x0000000616400000, 0x0000000616400000, 0x0000000616800000|  0%| F|  |TAMS 0x0000000616400000, 0x0000000616400000| Untracked 
|  87|0x0000000616800000, 0x0000000616800000, 0x0000000616c00000|  0%| F|  |TAMS 0x0000000616800000, 0x0000000616800000| Untracked 
|  88|0x0000000616c00000, 0x0000000616c00000, 0x0000000617000000|  0%| F|  |TAMS 0x0000000616c00000, 0x0000000616c00000| Untracked 
|  89|0x0000000617000000, 0x0000000617000000, 0x0000000617400000|  0%| F|  |TAMS 0x0000000617000000, 0x0000000617000000| Untracked 
|  90|0x0000000617400000, 0x0000000617400000, 0x0000000617800000|  0%| F|  |TAMS 0x0000000617400000, 0x0000000617400000| Untracked 
|  91|0x0000000617800000, 0x0000000617800000, 0x0000000617c00000|  0%| F|  |TAMS 0x0000000617800000, 0x0000000617800000| Untracked 
|  92|0x0000000617c00000, 0x0000000617c00000, 0x0000000618000000|  0%| F|  |TAMS 0x0000000617c00000, 0x0000000617c00000| Untracked 
|  93|0x0000000618000000, 0x0000000618000000, 0x0000000618400000|  0%| F|  |TAMS 0x0000000618000000, 0x0000000618000000| Untracked 
|  94|0x0000000618400000, 0x0000000618400000, 0x0000000618800000|  0%| F|  |TAMS 0x0000000618400000, 0x0000000618400000| Untracked 
|  95|0x0000000618800000, 0x0000000618800000, 0x0000000618c00000|  0%| F|  |TAMS 0x0000000618800000, 0x0000000618800000| Untracked 
|  96|0x0000000618c00000, 0x0000000618c00000, 0x0000000619000000|  0%| F|  |TAMS 0x0000000618c00000, 0x0000000618c00000| Untracked 
|  97|0x0000000619000000, 0x0000000619000000, 0x0000000619400000|  0%| F|  |TAMS 0x0000000619000000, 0x0000000619000000| Untracked 
|  98|0x0000000619400000, 0x0000000619400000, 0x0000000619800000|  0%| F|  |TAMS 0x0000000619400000, 0x0000000619400000| Untracked 
|  99|0x0000000619800000, 0x0000000619800000, 0x0000000619c00000|  0%| F|  |TAMS 0x0000000619800000, 0x0000000619800000| Untracked 
| 100|0x0000000619c00000, 0x0000000619c00000, 0x000000061a000000|  0%| F|  |TAMS 0x0000000619c00000, 0x0000000619c00000| Untracked 
| 101|0x000000061a000000, 0x000000061a000000, 0x000000061a400000|  0%| F|  |TAMS 0x000000061a000000, 0x000000061a000000| Untracked 
| 102|0x000000061a400000, 0x000000061a400000, 0x000000061a800000|  0%| F|  |TAMS 0x000000061a400000, 0x000000061a400000| Untracked 
| 103|0x000000061a800000, 0x000000061a800000, 0x000000061ac00000|  0%| F|  |TAMS 0x000000061a800000, 0x000000061a800000| Untracked 
| 104|0x000000061ac00000, 0x000000061ac00000, 0x000000061b000000|  0%| F|  |TAMS 0x000000061ac00000, 0x000000061ac00000| Untracked 
| 105|0x000000061b000000, 0x000000061b000000, 0x000000061b400000|  0%| F|  |TAMS 0x000000061b000000, 0x000000061b000000| Untracked 
| 106|0x000000061b400000, 0x000000061b400000, 0x000000061b800000|  0%| F|  |TAMS 0x000000061b400000, 0x000000061b400000| Untracked 
| 107|0x000000061b800000, 0x000000061b800000, 0x000000061bc00000|  0%| F|  |TAMS 0x000000061b800000, 0x000000061b800000| Untracked 
| 108|0x000000061bc00000, 0x000000061bc00000, 0x000000061c000000|  0%| F|  |TAMS 0x000000061bc00000, 0x000000061bc00000| Untracked 
| 109|0x000000061c000000, 0x000000061c000000, 0x000000061c400000|  0%| F|  |TAMS 0x000000061c000000, 0x000000061c000000| Untracked 
| 110|0x000000061c400000, 0x000000061c400000, 0x000000061c800000|  0%| F|  |TAMS 0x000000061c400000, 0x000000061c400000| Untracked 
| 111|0x000000061c800000, 0x000000061c800000, 0x000000061cc00000|  0%| F|  |TAMS 0x000000061c800000, 0x000000061c800000| Untracked 
| 112|0x000000061cc00000, 0x000000061cc00000, 0x000000061d000000|  0%| F|  |TAMS 0x000000061cc00000, 0x000000061cc00000| Untracked 
| 113|0x000000061d000000, 0x000000061d000000, 0x000000061d400000|  0%| F|  |TAMS 0x000000061d000000, 0x000000061d000000| Untracked 
| 114|0x000000061d400000, 0x000000061d400000, 0x000000061d800000|  0%| F|  |TAMS 0x000000061d400000, 0x000000061d400000| Untracked 
| 115|0x000000061d800000, 0x000000061d800000, 0x000000061dc00000|  0%| F|  |TAMS 0x000000061d800000, 0x000000061d800000| Untracked 
| 116|0x000000061dc00000, 0x000000061dc00000, 0x000000061e000000|  0%| F|  |TAMS 0x000000061dc00000, 0x000000061dc00000| Untracked 
| 117|0x000000061e000000, 0x000000061e000000, 0x000000061e400000|  0%| F|  |TAMS 0x000000061e000000, 0x000000061e000000| Untracked 
| 118|0x000000061e400000, 0x000000061e400000, 0x000000061e800000|  0%| F|  |TAMS 0x000000061e400000, 0x000000061e400000| Untracked 
| 119|0x000000061e800000, 0x000000061e800000, 0x000000061ec00000|  0%| F|  |TAMS 0x000000061e800000, 0x000000061e800000| Untracked 
| 120|0x000000061ec00000, 0x000000061ec00000, 0x000000061f000000|  0%| F|  |TAMS 0x000000061ec00000, 0x000000061ec00000| Untracked 
| 121|0x000000061f000000, 0x000000061f000000, 0x000000061f400000|  0%| F|  |TAMS 0x000000061f000000, 0x000000061f000000| Untracked 
| 122|0x000000061f400000, 0x000000061f400000, 0x000000061f800000|  0%| F|  |TAMS 0x000000061f400000, 0x000000061f400000| Untracked 
| 123|0x000000061f800000, 0x000000061f800000, 0x000000061fc00000|  0%| F|  |TAMS 0x000000061f800000, 0x000000061f800000| Untracked 
| 124|0x000000061fc00000, 0x000000061fea6448, 0x0000000620000000| 66%| E|  |TAMS 0x000000061fc00000, 0x000000061fc00000| Complete 
| 125|0x0000000620000000, 0x0000000620400000, 0x0000000620400000|100%| E|CS|TAMS 0x0000000620000000, 0x0000000620000000| Complete 
| 126|0x0000000620400000, 0x0000000620800000, 0x0000000620800000|100%| E|CS|TAMS 0x0000000620400000, 0x0000000620400000| Complete 
| 127|0x0000000620800000, 0x0000000620c00000, 0x0000000620c00000|100%| E|CS|TAMS 0x0000000620800000, 0x0000000620800000| Complete 

Card table byte_map: [0x000001cc29890000,0x000001cc2a890000] _byte_map_base: 0x000001cc2688a000

Marking Bits (Prev, Next): (CMBitMap*) 0x000001cc0fd08b80, (CMBitMap*) 0x000001cc0fd08bc0
 Prev Bits: [0x000001cc2b890000, 0x000001cc33860000)
 Next Bits: [0x000001cc33860000, 0x000001cc3b830000)

Polling page: 0x000001cc0fd70000

Metaspace:

Usage:
  Non-class:      5.34 MB used.
      Class:    248.27 KB used.
       Both:      5.58 MB used.

Virtual space:
  Non-class space:       16.00 MB reserved,       5.44 MB ( 34%) committed,  2 nodes.
      Class space:        1.00 GB reserved,     320.00 KB ( <1%) committed,  1 nodes.
              Both:        1.02 GB reserved,       5.75 MB ( <1%) committed. 

Chunk freelists:
   Non-Class:  3.98 MB
       Class:  3.56 MB
        Both:  7.55 MB

MaxMetaspaceSize: 17179869184.00 GB
CompressedClassSpaceSize: 1.00 GB
 - commit_granule_bytes: 65536.
 - commit_granule_words: 8192.
 - virtual_space_node_default_size: 1048576.
 - enlarge_chunks_in_place: 1.
 - new_chunks_are_fully_committed: 0.
 - uncommit_free_chunks: 1.
 - use_allocation_guard: 0.
 - handle_deallocations: 1.


Internal statistics:

num_allocs_failed_limit: 0.
num_arena_births: 60.
num_arena_deaths: 0.
num_vsnodes_births: 3.
num_vsnodes_deaths: 0.
num_space_committed: 90.
num_space_uncommitted: 0.
num_chunks_returned_to_freelist: 0.
num_chunks_taken_from_freelist: 212.
num_chunk_merges: 0.
num_chunk_splits: 165.
num_chunks_enlarged: 142.
num_purges: 0.

CodeHeap 'non-profiled nmethods': size=120000Kb used=234Kb max_used=234Kb free=119765Kb
 bounds [0x000001cc206e0000, 0x000001cc20950000, 0x000001cc27c10000]
CodeHeap 'profiled nmethods': size=120000Kb used=1243Kb max_used=1243Kb free=118756Kb
 bounds [0x000001cc191b0000, 0x000001cc19420000, 0x000001cc206e0000]
CodeHeap 'non-nmethods': size=5760Kb used=1554Kb max_used=1574Kb free=4205Kb
 bounds [0x000001cc18c10000, 0x000001cc18e80000, 0x000001cc191b0000]
 total_blobs=1700 nmethods=739 adapters=874
 compilation: enabled
              stopped_count=0, restarted_count=0
 full_count=0

Compilation events (20 events):
Event: 0.577 Thread 0x000001cc3e57d390  728       3       org.lwjgl.system.Checks::check (17 bytes)
Event: 0.578 Thread 0x000001cc3e57d390 nmethod 728 0x000001cc192d7c90 code [0x000001cc192d7e60, 0x000001cc192d81c8]
Event: 0.578 Thread 0x000001cc3e57d390  729       3       org.lwjgl.system.CheckIntrinsics::checkIndex (6 bytes)
Event: 0.578 Thread 0x000001cc3e57d390 nmethod 729 0x000001cc192d8390 code [0x000001cc192d8540, 0x000001cc192d87a8]
Event: 0.578 Thread 0x000001cc3e57d390  722       3       java.lang.reflect.Field::getLong (29 bytes)
Event: 0.578 Thread 0x000001cc3e57d390 nmethod 722 0x000001cc192d8910 code [0x000001cc192d8b00, 0x000001cc192d8ed8]
Event: 0.578 Thread 0x000001cc3e57d390  734       3       java.io.WinNTFileSystem::resolve (275 bytes)
Event: 0.579 Thread 0x000001cc3e57d390 nmethod 734 0x000001cc192d9010 code [0x000001cc192d9560, 0x000001cc192dc278]
Event: 0.581 Thread 0x000001cc3e57d390  735   !   3       jdk.internal.loader.URLClassPath$FileLoader::getResource (164 bytes)
Event: 0.581 Thread 0x000001cc3e57d390 nmethod 735 0x000001cc192dd410 code [0x000001cc192dd760, 0x000001cc192deb88]
Event: 0.581 Thread 0x000001cc3e57d390  736       3       java.io.File::<init> (111 bytes)
Event: 0.582 Thread 0x000001cc3e57d390 nmethod 736 0x000001cc192df490 code [0x000001cc192df740, 0x000001cc192e0188]
Event: 0.583 Thread 0x000001cc3e57d390  737       3       java.util.zip.ZipFile::getZipEntry (322 bytes)
Event: 0.583 Thread 0x000001cc3e5780a0 nmethod 732 0x000001cc20716c10 code [0x000001cc20716de0, 0x000001cc207177f8]
Event: 0.583 Thread 0x000001cc3e5780a0  733   !   4       java.util.zip.ZipFile::getEntry (59 bytes)
Event: 0.584 Thread 0x000001cc3e57d390 nmethod 737 0x000001cc192e0510 code [0x000001cc192e0980, 0x000001cc192e30f8]
Event: 0.584 Thread 0x000001cc3e57d390  738       3       sun.net.www.protocol.jar.Handler::parseURL (212 bytes)
Event: 0.585 Thread 0x000001cc3e57d390 nmethod 738 0x000001cc192e3f90 code [0x000001cc192e4300, 0x000001cc192e5568]
Event: 0.585 Thread 0x000001cc3e57d390  739       3       sun.net.www.protocol.jar.Handler::indexOfBangSlash (52 bytes)
Event: 0.585 Thread 0x000001cc3e57d390 nmethod 739 0x000001cc192e5d90 code [0x000001cc192e6000, 0x000001cc192e6af8]

GC Heap History (0 events):
No events

Deoptimization events (18 events):
Event: 0.072 Thread 0x000001cc0fc8ea30 Uncommon trap: trap_request=0xffffff45 fr.pc=0x000001cc206e7c84 relative=0x0000000000000064
Event: 0.072 Thread 0x000001cc0fc8ea30 Uncommon trap: reason=unstable_if action=reinterpret pc=0x000001cc206e7c84 method=java.io.WinNTFileSystem.isSlash(C)Z @ 9 c2
Event: 0.072 Thread 0x000001cc0fc8ea30 DEOPT PACKING pc=0x000001cc206e7c84 sp=0x00000092ed3fe250
Event: 0.072 Thread 0x000001cc0fc8ea30 DEOPT UNPACKING pc=0x000001cc18c5d72e sp=0x00000092ed3fe1d8 mode 2
Event: 0.080 Thread 0x000001cc0fc8ea30 DEOPT PACKING pc=0x000001cc191c61e7 sp=0x00000092ed3fa3d0
Event: 0.080 Thread 0x000001cc0fc8ea30 DEOPT UNPACKING pc=0x000001cc18c5dece sp=0x00000092ed3f97f0 mode 0
Event: 0.090 Thread 0x000001cc0fc8ea30 DEOPT PACKING pc=0x000001cc191b7351 sp=0x00000092ed3faec0
Event: 0.090 Thread 0x000001cc0fc8ea30 DEOPT UNPACKING pc=0x000001cc18c5dece sp=0x00000092ed3fa338 mode 0
Event: 0.504 Thread 0x000001cc0fc8ea30 Uncommon trap: trap_request=0xffffff54 fr.pc=0x000001cc20708580 relative=0x0000000000000060
Event: 0.504 Thread 0x000001cc0fc8ea30 Uncommon trap: reason=speculate_null_assert action=make_not_entrant pc=0x000001cc20708580 method=sun.misc.Unsafe.putLong(Ljava/lang/Object;JJ)V @ 7 c2
Event: 0.504 Thread 0x000001cc0fc8ea30 DEOPT PACKING pc=0x000001cc20708580 sp=0x00000092ed3ff040
Event: 0.504 Thread 0x000001cc0fc8ea30 DEOPT UNPACKING pc=0x000001cc18c5d72e sp=0x00000092ed3fefb8 mode 2
Event: 0.507 Thread 0x000001cc0fc8ea30 Uncommon trap: trap_request=0xffffff54 fr.pc=0x000001cc20709e7c relative=0x000000000000005c
Event: 0.507 Thread 0x000001cc0fc8ea30 Uncommon trap: reason=speculate_null_assert action=make_not_entrant pc=0x000001cc20709e7c method=sun.misc.Unsafe.getLong(Ljava/lang/Object;J)J @ 5 c2
Event: 0.507 Thread 0x000001cc0fc8ea30 DEOPT PACKING pc=0x000001cc20709e7c sp=0x00000092ed3feec0
Event: 0.507 Thread 0x000001cc0fc8ea30 DEOPT UNPACKING pc=0x000001cc18c5d72e sp=0x00000092ed3fee48 mode 2
Event: 0.546 Thread 0x000001cc0fc8ea30 DEOPT PACKING pc=0x000001cc191e2465 sp=0x00000092ed3fd9f0
Event: 0.546 Thread 0x000001cc0fc8ea30 DEOPT UNPACKING pc=0x000001cc18c5dece sp=0x00000092ed3fce40 mode 0

Classes unloaded (0 events):
No events

Classes redefined (0 events):
No events

Internal exceptions (15 events):
Event: 0.085 Thread 0x000001cc0fc8ea30 Exception <a 'java/lang/NoSuchMethodError'{0x0000000620b9a630}: 'java.lang.Object java.lang.invoke.DirectMethodHandle$Holder.invokeStatic(java.lang.Object)'> (0x0000000620b9a630) 
thrown [t:\workspace\open\src\hotspot\share\interpreter\linkResolver.cpp, line 790]
Event: 0.086 Thread 0x000001cc0fc8ea30 Exception <a 'java/lang/NoSuchMethodError'{0x0000000620b9de60}: 'java.lang.Object java.lang.invoke.DirectMethodHandle$Holder.invokeStaticInit(java.lang.Object)'> (0x0000000620b9de60) 
thrown [t:\workspace\open\src\hotspot\share\interpreter\linkResolver.cpp, line 790]
Event: 0.091 Thread 0x000001cc0fc8ea30 Exception <a 'java/lang/NoSuchMethodError'{0x0000000620bedbc0}: 'void java.lang.invoke.DirectMethodHandle$Holder.invokeStatic(java.lang.Object, java.lang.Object)'> (0x0000000620bedbc0) 
thrown [t:\workspace\open\src\hotspot\share\interpreter\linkResolver.cpp, line 790]
Event: 0.091 Thread 0x000001cc0fc8ea30 Exception <a 'java/lang/NoSuchMethodError'{0x0000000620bf3528}: 'void java.lang.invoke.DirectMethodHandle$Holder.invokeSpecial(java.lang.Object, java.lang.Object, java.lang.Object)'> (0x0000000620bf3528) 
thrown [t:\workspace\open\src\hotspot\share\interpreter\linkResolver.cpp, line 790]
Event: 0.093 Thread 0x000001cc0fc8ea30 Exception <a 'java/lang/NoSuchMethodError'{0x0000000620407240}: 'java.lang.Object java.lang.invoke.DirectMethodHandle$Holder.invokeStatic(java.lang.Object, java.lang.Object, int)'> (0x0000000620407240) 
thrown [t:\workspace\open\src\hotspot\share\interpreter\linkResolver.cpp, line 790]
Event: 0.093 Thread 0x000001cc0fc8ea30 Exception <a 'java/lang/NoSuchMethodError'{0x0000000620413368}: 'void java.lang.invoke.DelegatingMethodHandle$Holder.delegate(java.lang.Object, java.lang.Object, int, java.lang.Object)'> (0x0000000620413368) 
thrown [t:\workspace\open\src\hotspot\share\interpreter\linkResolver.cpp, line 790]
Event: 0.094 Thread 0x000001cc0fc8ea30 Exception <a 'java/lang/NoSuchMethodError'{0x00000006204176c0}: 'int java.lang.invoke.DirectMethodHandle$Holder.invokeSpecial(java.lang.Object, java.lang.Object, java.lang.Object)'> (0x00000006204176c0) 
thrown [t:\workspace\open\src\hotspot\share\interpreter\linkResolver.cpp, line 790]
Event: 0.112 Thread 0x000001cc0fc8ea30 Exception <a 'sun/nio/fs/WindowsException'{0x0000000620473650}> (0x0000000620473650) 
thrown [t:\workspace\open\src\hotspot\share\prims\jni.cpp, line 579]
Event: 0.112 Thread 0x000001cc0fc8ea30 Exception <a 'sun/nio/fs/WindowsException'{0x0000000620473ba0}> (0x0000000620473ba0) 
thrown [t:\workspace\open\src\hotspot\share\prims\jni.cpp, line 579]
Event: 0.125 Thread 0x000001cc0fc8ea30 Exception <a 'sun/nio/fs/WindowsException'{0x000000062053cc70}> (0x000000062053cc70) 
thrown [t:\workspace\open\src\hotspot\share\prims\jni.cpp, line 579]
Event: 0.125 Thread 0x000001cc0fc8ea30 Exception <a 'sun/nio/fs/WindowsException'{0x000000062053cfd0}> (0x000000062053cfd0) 
thrown [t:\workspace\open\src\hotspot\share\prims\jni.cpp, line 579]
Event: 0.485 Thread 0x000001cc0fc8ea30 Exception <a 'sun/nio/fs/WindowsException'{0x00000006205f84f0}> (0x00000006205f84f0) 
thrown [t:\workspace\open\src\hotspot\share\prims\jni.cpp, line 579]
Event: 0.485 Thread 0x000001cc0fc8ea30 Exception <a 'sun/nio/fs/WindowsException'{0x00000006205f8890}> (0x00000006205f8890) 
thrown [t:\workspace\open\src\hotspot\share\prims\jni.cpp, line 579]
Event: 0.487 Thread 0x000001cc0fc8ea30 Exception <a 'sun/nio/fs/WindowsException'{0x00000006206061d0}> (0x00000006206061d0) 
thrown [t:\workspace\open\src\hotspot\share\prims\jni.cpp, line 579]
Event: 0.487 Thread 0x000001cc0fc8ea30 Exception <a 'sun/nio/fs/WindowsException'{0x00000006206064a0}> (0x00000006206064a0) 
thrown [t:\workspace\open\src\hotspot\share\prims\jni.cpp, line 579]

Events (20 events):
Event: 0.116 loading class java/nio/BufferOverflowException done
Event: 0.116 loading class java/nio/InvalidMarkException
Event: 0.116 loading class java/nio/InvalidMarkException done
Event: 0.116 loading class java/nio/BufferUnderflowException
Event: 0.116 loading class java/nio/BufferUnderflowException done
Event: 0.126 loading class java/lang/NoSuchFieldError
Event: 0.126 loading class java/lang/NoSuchFieldError done
Event: 0.127 loading class jdk/internal/misc/ScopedMemoryAccess$Scope
Event: 0.127 loading class jdk/internal/misc/ScopedMemoryAccess$Scope done
Event: 0.128 loading class jdk/internal/reflect/UnsafeQualifiedStaticIntegerFieldAccessorImpl
Event: 0.128 loading class jdk/internal/reflect/UnsafeQualifiedStaticIntegerFieldAccessorImpl done
Event: 0.486 Loaded shared library C:\Users\user\AppData\Local\Temp\lwjgluser\3.2.3-build-13\lwjgl_opengl.dll
Event: 0.491 Executing  VM operation: HandshakeAllThreads
Event: 0.491 Executing  VM operation: HandshakeAllThreads done
Event: 0.571 loading class jdk/internal/reflect/UnsafeQualifiedLongFieldAccessorImpl
Event: 0.571 loading class jdk/internal/reflect/UnsafeQualifiedFieldAccessorImpl
Event: 0.572 loading class jdk/internal/reflect/UnsafeQualifiedFieldAccessorImpl done
Event: 0.572 loading class jdk/internal/reflect/UnsafeQualifiedLongFieldAccessorImpl done
Event: 0.577 loading class java/nio/HeapIntBuffer
Event: 0.577 loading class java/nio/HeapIntBuffer done


Dynamic libraries:
0x00007ff655ba0000 - 0x00007ff655bae000 	C:\Program Files\Java\jdk-16.0.2\bin\java.exe
0x00007ffe99e70000 - 0x00007ffe9a065000 	C:\WINDOWS\SYSTEM32\ntdll.dll
0x00007ffe98b20000 - 0x00007ffe98bde000 	C:\WINDOWS\System32\KERNEL32.DLL
0x00007ffe97870000 - 0x00007ffe97b39000 	C:\WINDOWS\System32\KERNELBASE.dll
0x00007ffe97590000 - 0x00007ffe97690000 	C:\WINDOWS\System32\ucrtbase.dll
0x00007ffe73370000 - 0x00007ffe73388000 	C:\Program Files\Java\jdk-16.0.2\bin\jli.dll
0x00007ffe733c0000 - 0x00007ffe733d9000 	C:\Program Files\Java\jdk-16.0.2\bin\VCRUNTIME140.dll
0x00007ffe98000000 - 0x00007ffe981a1000 	C:\WINDOWS\System32\USER32.dll
0x00007ffe97c50000 - 0x00007ffe97c72000 	C:\WINDOWS\System32\win32u.dll
0x00007ffe86590000 - 0x00007ffe8682a000 	C:\WINDOWS\WinSxS\amd64_microsoft.windows.common-controls_6595b64144ccf1df_6.0.19041.1110_none_60b5254171f9507e\COMCTL32.dll
0x00007ffe993d0000 - 0x00007ffe993fb000 	C:\WINDOWS\System32\GDI32.dll
0x00007ffe98520000 - 0x00007ffe985be000 	C:\WINDOWS\System32\msvcrt.dll
0x00007ffe97b40000 - 0x00007ffe97c4b000 	C:\WINDOWS\System32\gdi32full.dll
0x00007ffe97740000 - 0x00007ffe977dd000 	C:\WINDOWS\System32\msvcp_win.dll
0x00007ffe98bf0000 - 0x00007ffe98c20000 	C:\WINDOWS\System32\IMM32.DLL
0x00007ffe7f540000 - 0x00007ffe7f54c000 	C:\Program Files\Java\jdk-16.0.2\bin\vcruntime140_1.dll
0x00007ffe544d0000 - 0x00007ffe54561000 	C:\Program Files\Java\jdk-16.0.2\bin\msvcp140.dll
0x00007ffde7010000 - 0x00007ffde7bbb000 	C:\Program Files\Java\jdk-16.0.2\bin\server\jvm.dll
0x00007ffe99400000 - 0x00007ffe994ac000 	C:\WINDOWS\System32\ADVAPI32.dll
0x00007ffe98480000 - 0x00007ffe9851b000 	C:\WINDOWS\System32\sechost.dll
0x00007ffe97ed0000 - 0x00007ffe97ffa000 	C:\WINDOWS\System32\RPCRT4.dll
0x00007ffe97ec0000 - 0x00007ffe97ec8000 	C:\WINDOWS\System32\PSAPI.DLL
0x00007ffe92d60000 - 0x00007ffe92d69000 	C:\WINDOWS\SYSTEM32\WSOCK32.dll
0x00007ffe92a50000 - 0x00007ffe92a5a000 	C:\WINDOWS\SYSTEM32\VERSION.dll
0x00007ffe8a2c0000 - 0x00007ffe8a2e7000 	C:\WINDOWS\SYSTEM32\WINMM.dll
0x00007ffe98c20000 - 0x00007ffe98c8b000 	C:\WINDOWS\System32\WS2_32.dll
0x00007ffe954b0000 - 0x00007ffe954c2000 	C:\WINDOWS\SYSTEM32\kernel.appcore.dll
0x00007ffe7f510000 - 0x00007ffe7f51a000 	C:\Program Files\Java\jdk-16.0.2\bin\jimage.dll
0x00007ffe8fb80000 - 0x00007ffe8fd64000 	C:\WINDOWS\SYSTEM32\DBGHELP.DLL
0x00007ffe88070000 - 0x00007ffe8809c000 	C:\WINDOWS\SYSTEM32\dbgcore.DLL
0x00007ffe977e0000 - 0x00007ffe97863000 	C:\WINDOWS\System32\bcryptPrimitives.dll
0x00007ffe72b10000 - 0x00007ffe72b35000 	C:\Program Files\Java\jdk-16.0.2\bin\java.dll
0x00007ffe98c90000 - 0x00007ffe993cf000 	C:\WINDOWS\System32\SHELL32.dll
0x00007ffe956b0000 - 0x00007ffe95e40000 	C:\WINDOWS\SYSTEM32\windows.storage.dll
0x00007ffe994b0000 - 0x00007ffe99805000 	C:\WINDOWS\System32\combase.dll
0x00007ffe96fe0000 - 0x00007ffe9700c000 	C:\WINDOWS\SYSTEM32\Wldp.dll
0x00007ffe981b0000 - 0x00007ffe9825d000 	C:\WINDOWS\System32\SHCORE.dll
0x00007ffe98420000 - 0x00007ffe98475000 	C:\WINDOWS\System32\shlwapi.dll
0x00007ffe974d0000 - 0x00007ffe974ef000 	C:\WINDOWS\SYSTEM32\profapi.dll
0x00007ffe72a90000 - 0x00007ffe72aa9000 	C:\Program Files\Java\jdk-16.0.2\bin\net.dll
0x00007ffe90df0000 - 0x00007ffe90ef8000 	C:\WINDOWS\SYSTEM32\WINHTTP.dll
0x00007ffe96d40000 - 0x00007ffe96daa000 	C:\WINDOWS\system32\mswsock.dll
0x00007ffe70d10000 - 0x00007ffe70d23000 	C:\Program Files\Java\jdk-16.0.2\bin\nio.dll
0x00007ffe6fdd0000 - 0x00007ffe6fde8000 	C:\Program Files\Java\jdk-16.0.2\bin\zip.dll
0x00007ffe07f10000 - 0x00007ffe07f74000 	C:\Users\user\AppData\Local\Temp\lwjgluser\3.2.3-build-13\lwjgl.dll
0x00007ffdf6c80000 - 0x00007ffdf6ce2000 	C:\Users\user\AppData\Local\Temp\lwjgluser\3.2.3-build-13\glfw.dll
0x00007ffe94f30000 - 0x00007ffe94fce000 	C:\WINDOWS\system32\uxtheme.dll
0x00007ffe53280000 - 0x00007ffe532c5000 	C:\WINDOWS\SYSTEM32\dinput8.dll
0x00007ffe57330000 - 0x00007ffe57341000 	C:\WINDOWS\SYSTEM32\xinput1_4.dll
0x00007ffe976f0000 - 0x00007ffe9773e000 	C:\WINDOWS\System32\cfgmgr32.dll
0x00007ffe97330000 - 0x00007ffe97364000 	C:\WINDOWS\SYSTEM32\DEVOBJ.dll
0x00007ffe952d0000 - 0x00007ffe952ff000 	C:\WINDOWS\SYSTEM32\dwmapi.dll
0x00007ffe83fd0000 - 0x00007ffe84122000 	C:\WINDOWS\SYSTEM32\inputhost.dll
0x00007ffe98350000 - 0x00007ffe9841d000 	C:\WINDOWS\System32\OLEAUT32.dll
0x00007ffe94180000 - 0x00007ffe942d4000 	C:\WINDOWS\SYSTEM32\wintypes.dll
0x00007ffe94bb0000 - 0x00007ffe94ca2000 	C:\WINDOWS\SYSTEM32\CoreMessaging.dll
0x00007ffe92580000 - 0x00007ffe92676000 	C:\WINDOWS\SYSTEM32\PROPSYS.dll
0x00007ffe94850000 - 0x00007ffe94bae000 	C:\WINDOWS\SYSTEM32\CoreUIComponents.dll
0x00007ffe96280000 - 0x00007ffe962b3000 	C:\WINDOWS\SYSTEM32\ntmarta.dll
0x00007ffe57600000 - 0x00007ffe577e1000 	C:\Program Files (x86)\Stardock\Fences\FencesMenu64.dll
0x00007ffe99870000 - 0x00007ffe9999a000 	C:\WINDOWS\System32\ole32.dll
0x00007ffe97450000 - 0x00007ffe9747e000 	C:\WINDOWS\SYSTEM32\USERENV.dll
0x00007ffe92eb0000 - 0x00007ffe92ec4000 	C:\WINDOWS\SYSTEM32\WTSAPI32.dll
0x00007ffe7fac0000 - 0x00007ffe7fc69000 	C:\WINDOWS\WinSxS\amd64_microsoft.windows.gdiplus_6595b64144ccf1df_1.1.19041.1288_none_91a663c8cc864906\gdiplus.dll
0x00007ffe874b0000 - 0x00007ffe874d2000 	C:\Program Files\MenuTools\MenuToolsHook64.dll
0x00007ffe999a0000 - 0x00007ffe99ab5000 	C:\WINDOWS\System32\MSCTF.dll
0x00007ffe95e40000 - 0x00007ffe95e4d000 	C:\WINDOWS\SYSTEM32\HID.DLL
0x00007ffe986a0000 - 0x00007ffe98b12000 	C:\WINDOWS\System32\SETUPAPI.DLL
0x00007ffe97c80000 - 0x00007ffe97ca7000 	C:\WINDOWS\System32\bcrypt.dll
0x00007ffe97690000 - 0x00007ffe976f0000 	C:\WINDOWS\System32\WINTRUST.dll
0x00007ffe97cb0000 - 0x00007ffe97e06000 	C:\WINDOWS\System32\CRYPT32.dll
0x00007ffe97170000 - 0x00007ffe97182000 	C:\WINDOWS\SYSTEM32\MSASN1.dll
0x00007ffe7b520000 - 0x00007ffe7b645000 	C:\WINDOWS\SYSTEM32\opengl32.dll
0x00007ffe7b4f0000 - 0x00007ffe7b51c000 	C:\WINDOWS\SYSTEM32\GLU32.dll
0x00007ffe99c90000 - 0x00007ffe99d39000 	C:\WINDOWS\System32\clbcatq.dll
0x00007ffe24dc0000 - 0x00007ffe24dec000 	C:\WINDOWS\System32\DriverStore\FileRepository\u0371621.inf_amd64_f6054ee530919325\B371622\atig6pxx.dll
0x00007ffe14960000 - 0x00007ffe177a3000 	C:\WINDOWS\System32\DriverStore\FileRepository\u0371621.inf_amd64_f6054ee530919325\B371622\atio6axx.dll
0x00007ffe7aff0000 - 0x00007ffe7b014000 	C:\WINDOWS\SYSTEM32\dxva2.dll
0x00007ffe14890000 - 0x00007ffe148cf000 	C:\WINDOWS\System32\DriverStore\FileRepository\u0371621.inf_amd64_f6054ee530919325\B371622\atig6txx.dll
0x00007ffe20f20000 - 0x00007ffe210ec000 	C:\WINDOWS\SYSTEM32\atiadlxx.dll
0x00007ffe7c9a0000 - 0x00007ffe7c9e9000 	C:\WINDOWS\SYSTEM32\pdh.dll
0x00007ffe8a730000 - 0x00007ffe8a76b000 	C:\WINDOWS\SYSTEM32\dxcore.dll
0x00007ffe84130000 - 0x00007ffe84229000 	C:\WINDOWS\SYSTEM32\textinputframework.dll
0x00007ffe87840000 - 0x00007ffe878a6000 	C:\WINDOWS\system32\Oleacc.dll
0x00007ffe52c60000 - 0x00007ffe52cb9000 	C:\Users\user\AppData\Local\Temp\lwjgluser\3.2.3-build-13\lwjgl_opengl.dll

dbghelp: loaded successfully - version: 4.0.5 - missing functions: none
symbol engine: initialized successfully - sym options: 0x614 - pdb path: .;C:\Program Files\Java\jdk-16.0.2\bin;C:\WINDOWS\SYSTEM32;C:\WINDOWS\WinSxS\amd64_microsoft.windows.common-controls_6595b64144ccf1df_6.0.19041.1110_none_60b5254171f9507e;C:\Program Files\Java\jdk-16.0.2\bin\server;C:\Users\user\AppData\Local\Temp\lwjgluser\3.2.3-build-13;C:\Program Files (x86)\Stardock\Fences;C:\WINDOWS\WinSxS\amd64_microsoft.windows.gdiplus_6595b64144ccf1df_1.1.19041.1288_none_91a663c8cc864906;C:\Program Files\MenuTools;C:\WINDOWS\System32\DriverStore\FileRepository\u0371621.inf_amd64_f6054ee530919325\B371622

VM Arguments:
jvm_args: -Dfile.encoding=windows-1252 -Duser.country=US -Duser.language=en -Duser.variant 
java_command: _0_1.mainPackage.Main
java_class_path (initial): D:\Programming\School\JavaGL2\build\classes\java\main;D:\Programming\School\JavaGL2\build\resources\main;C:\Users\user\.gradle\caches\modules-2\files-2.1\org.lwjgl\lwjgl-nanovg\3.2.3\718be4a13691d1cd276fa852326e9e837d65204e\lwjgl-nanovg-3.2.3.jar;C:\Users\user\.gradle\caches\modules-2\files-2.1\org.lwjgl\lwjgl-nfd\3.2.3\c44fee1043c022cf6614a28872d44cf114ca7737\lwjgl-nfd-3.2.3.jar;C:\Users\user\.gradle\caches\modules-2\files-2.1\org.lwjgl\lwjgl-shaderc\3.2.3\3612d4ed5466d100b7cf31f188530c3bdaa23145\lwjgl-shaderc-3.2.3.jar;C:\Users\user\.gradle\caches\modules-2\files-2.1\org.lwjgl\lwjgl-assimp\3.2.3\f62aa07a20afbdd3097efc296c4841e0d29700eb\lwjgl-assimp-3.2.3.jar;C:\Users\user\.gradle\caches\modules-2\files-2.1\org.lwjgl\lwjgl-assimp\3.2.3\4e60aeb75f0343c4a9ede4ef8b6b32ca702a00a3\lwjgl-assimp-3.2.3-natives-windows.jar;C:\Users\user\.gradle\caches\modules-2\files-2.1\org.lwjgl\lwjgl-glfw\3.2.3\5e520d5c290c8b012545a8d34fa5db5ab051ea53\lwjgl-glfw-3.2.3.jar;C:\Users\user\.gradle\caches\modules-2\files-2.1\org.lwjgl\lwjgl-glfw\3.2.3\b4d8a3477cdc2edcf7a5f1e822926be846223f54\lwjgl-glfw-3.2.3-natives-windows.jar;C:\Users\user\.gradle\caches\modules-2\files-2.1\org.lwjgl\lwjgl-openal\3.2.3\106742e805803ab9eab8e343f0fb31a3d263903c\lwjgl-openal-3.2.3.jar;C:\Users\user\.gradle\caches\modules-2\files-2.1\org.lwjgl\lwjgl-openal\3.2.3\ec898e8ce11b5886f4f532a1536283ef2817758d\lwjgl-openal-3.2.3-natives-windows.jar;C:\Users\user\.gradle\caches\modules-2\files-2.1\org.lwjgl\lwjgl-opengl\3.2.3\bdd534a323d0c8f54969b95e424b6ac8984f7d6e\lwjgl-opengl-3.2.3.jar;C:\Users\user\.gradle\caches\modules-2\files-2.1\org.lwjgl\lwjgl-opengl\3.2.3\e81cfc73ec8708e5e791ed770e4ec3edfc1bbab1\lwjgl-opengl-3.2.3-natives-windows.jar;C:\Users\user\.gradle\caches\modules-2\files-2.1\org.lwjgl\lwjgl-stb\3.2.3\40eccaa4fa86fc815f2e17946a392fb5fdcc286a\lwjgl-stb-3.2.3.jar;C:\Users\user\.gradle\caches\modules-2\files-2.1\org.lwjgl\lwjgl-stb\3.2.3\817b21ec286f0ba3dcedb56a3bd275e6a9345be9\
Launcher Type: SUN_STANDARD

[Global flags]
     intx CICompilerCount                          = 4                                         {product} {ergonomic}
     uint ConcGCThreads                            = 3                                         {product} {ergonomic}
     uint G1ConcRefinementThreads                  = 10                                        {product} {ergonomic}
   size_t G1HeapRegionSize                         = 4194304                                   {product} {ergonomic}
    uintx GCDrainStackTargetSize                   = 64                                        {product} {ergonomic}
   size_t InitialHeapSize                          = 536870912                                 {product} {ergonomic}
   size_t MarkStackSize                            = 4194304                                   {product} {ergonomic}
   size_t MaxHeapSize                              = 8577351680                                {product} {ergonomic}
   size_t MaxNewSize                               = 5146411008                                {product} {ergonomic}
   size_t MinHeapDeltaBytes                        = 4194304                                   {product} {ergonomic}
   size_t MinHeapSize                              = 8388608                                   {product} {ergonomic}
    uintx NonNMethodCodeHeapSize                   = 5839372                                {pd product} {ergonomic}
    uintx NonProfiledCodeHeapSize                  = 122909434                              {pd product} {ergonomic}
    uintx ProfiledCodeHeapSize                     = 122909434                              {pd product} {ergonomic}
    uintx ReservedCodeCacheSize                    = 251658240                              {pd product} {ergonomic}
     bool SegmentedCodeCache                       = true                                      {product} {ergonomic}
   size_t SoftMaxHeapSize                          = 8577351680                             {manageable} {ergonomic}
     bool UseCompressedClassPointers               = true                           {product lp64_product} {ergonomic}
     bool UseCompressedOops                        = true                           {product lp64_product} {ergonomic}
     bool UseG1GC                                  = true                                      {product} {ergonomic}
     bool UseLargePagesIndividualAllocation        = false                                  {pd product} {ergonomic}

Logging:
Log output configuration:
 #0: stdout all=warning uptime,level,tags
 #1: stderr all=off uptime,level,tags

Environment Variables:
PATH=C:\Program Files\Common Files\Oracle\Java\javapath;C:\Python27\;C:\Python27\Scripts;C:\Program Files (x86)\Common Files\Intel\Shared Libraries\redist\intel64\compiler;C:\Python39\Scripts\;C:\Python39\;C:\Program Files (x86)\Common Files\Oracle\Java\javapath;C:\Python38\Scripts\;C:\Python38\;C:\Windows\system32;C:\Windows;C:\Windows\System32\Wbem;C:\Windows\System32\WindowsPowerShell\v1.0\;C:\Windows\System32\OpenSSH\;C:\Program Files (x86)\Cmder;C:\ProgramData\chocolatey\bin;C:\Program Files\dotnet\;C:\Program Files (x86)\Wolfram Research\WolframScript\;C:\Program Files\Docker\Docker\resources\bin;C:\ProgramData\DockerDesktop\version-bin;C:\Program Files\Calibre2\;C:\WINDOWS\system32;C:\WINDOWS;C:\WINDOWS\System32\Wbem;C:\WINDOWS\System32\WindowsPowerShell\v1.0\;C:\WINDOWS\System32\OpenSSH\;C:\Program Files\PowerShell\7\;C:\Program Files\Git\cmd;C:\Program Files\Git LFS;C:\Program Files\Perforce\;C:\Program Files\Perforce;C:\Program Files\CMake\bin;C:\Program Files\nodejs\;C:\Program Files\Go\bin;C:\MinGW\bin;C:\Program Files\Microsoft SQL Server\130\Tools\Binn\;C:\Program Files\Microsoft SQL Server\Client SDK\ODBC\170\Tools\Binn\;D:\VSTs32\64klang;;C:\Program Files\Tundra 2.0\bin;C:\Program Files\MySQL\MySQL Shell 8.0\bin\;C:\Program Files (x86)\Common Files\Intel\Shared Libraries\redist\intel64_win\compiler;C:\Users\user\AppData\Local\Microsoft\WindowsApps;C:\Users\user\AppData\Local\Programs\Microsoft VS Code\bin;C:\Program Files\ffmpeg\bin;C:\Program Files\NASM;C:\Users\user\Downloads\GIF;C:\Users\user\AppData\Roaming\Python\Python38\Scripts;C:\Users\user\AppData\Local\GitHubDesktop\bin;C:\Users\user\AppData\Roaming\npm;C:\Users\user\go\bin;C:\Users\user\.dotnet\tools;C:\Users\user\spicetify-cli;C:\Users\user\.dotnet\tools
USERNAME=user
OS=Windows_NT
PROCESSOR_IDENTIFIER=AMD64 Family 25 Model 33 Stepping 0, AuthenticAMD



---------------  S Y S T E M  ---------------

OS:
 Windows 10 , 64 bit Build 19041 (10.0.19041.1202)
OS uptime: 6 days 2:27 hours

CPU: total 12 (initial active 12) (12 cores per cpu, 2 threads per core) family 25 model 33 stepping 0 microcode 0x0, cx8, cmov, fxsr, ht, mmx, 3dnowpref, sse, sse2, sse3, ssse3, sse4a, sse4.1, sse4.2, popcnt, lzcnt, tsc, tscinvbit, avx, avx2, aes, erms, clmul, bmi1, bmi2, adx, sha, fma, vzeroupper, clflush, clflushopt

Memory: 4k page, system-wide physical 32712M (4941M free)
TotalPageFile size 83084M (AvailPageFile size 9651M)
current process WorkingSet (physical memory assigned to process): 95M, peak: 95M
current process commit charge ("private bytes"): 692M, peak: 692M

vm_info: OpenJDK 64-Bit Server VM (16.0.2+7-67) for windows-amd64 JRE (16.0.2+7-67), built on Jun  8 2021 23:21:43 by "mach5one" with MS VC++ 16.7 (VS2019)

END.
