#
# A fatal error has been detected by the Java Runtime Environment:
#
#  EXCEPTION_ACCESS_VIOLATION (0xc0000005) at pc=0x00007ffe15fe51db, pid=29200, tid=79780
#
# JRE version: OpenJDK Runtime Environment (16.0.2+7) (build 16.0.2+7-67)
# Java VM: OpenJDK 64-Bit Server VM (16.0.2+7-67, mixed mode, sharing, tiered, compressed oops, compressed class ptrs, g1 gc, windows-amd64)
# Problematic frame:
# C  [atio6axx.dll+0x16851db]
#
# No core dump will be written. Minidumps are not enabled by default on client versions of Windows
#
# If you would like to submit a bug report, please visit:
#   https://bugreport.java.com/bugreport/crash.jsp
# The crash happened outside the Java Virtual Machine in native code.
# See problematic frame for where to report the bug.
#

---------------  S U M M A R Y ------------

Command Line: -agentlib:jdwp=transport=dt_socket,server=n,suspend=y,address=127.0.0.1:5246 -Dfile.encoding=windows-1252 -Duser.country=US -Duser.language=en -Duser.variant _0_1.mainPackage.Main

Host: AMD Ryzen 5 5600X 6-Core Processor             , 12 cores, 31G,  Windows 10 , 64 bit Build 19041 (10.0.19041.1202)
Time: Thu Oct 21 16:55:05 2021 FLE Daylight Time elapsed time: 4.264354 seconds (0d 0h 0m 4s)

---------------  T H R E A D  ---------------

Current thread (0x000001f2690d1c30):  JavaThread "main" [_thread_in_native, id=79780, stack(0x0000008c2b300000,0x0000008c2b400000)]

Stack: [0x0000008c2b300000,0x0000008c2b400000],  sp=0x0000008c2b3ff450,  free space=1021k
Native frames: (J=compiled Java code, j=interpreted, Vv=VM code, C=native code)
C  [atio6axx.dll+0x16851db]

Java frames: (J=compiled Java code, j=interpreted, Vv=VM code)
j  org.lwjgl.opengl.GL45C.nglCreateVertexArrays(IJ)V+0
j  org.lwjgl.opengl.GL45C.glCreateVertexArrays(Ljava/nio/IntBuffer;)V+8
j  org.lwjgl.opengl.GL45.glCreateVertexArrays(Ljava/nio/IntBuffer;)V+1
j  _0_1.wrightglPackage._0_1.wrightglPackage.initGL()V+26
j  _0_1.wrightglPackage._0_1.wrightglPackage.<init>()V+5
j  _0_1.enginePackage._0_1.enginePackage.<init>()V+24
j  _0_1.mainPackage.Main.main([Ljava/lang/String;)V+4
v  ~StubRoutines::call_stub

siginfo: EXCEPTION_ACCESS_VIOLATION (0xc0000005), writing address 0x0000000000000010


Register to memory mapping:

RIP=0x00007ffe15fe51db atio6axx.dll
RAX=0x0 is NULL
RBX=0x0000000000000001 is an unknown value
RCX=0x000001f21f4f0020 points into unknown readable memory: 0x0000000200000000 | 00 00 00 00 02 00 00 00
RDX=0x0000000000000001 is an unknown value
RSP=0x0000008c2b3ff450 is pointing into the stack for thread: 0x000001f2690d1c30
RBP=0x0 is NULL
RSI=0x0 is NULL
RDI=0x0000000000000001 is an unknown value
R8 =0x000001f21f4f0020 points into unknown readable memory: 0x0000000200000000 | 00 00 00 00 02 00 00 00
R9 =0x000001f21f4f8032 points into unknown readable memory: 00 00 01 00 01 00
R10=0x000001f21f4f0020 points into unknown readable memory: 0x0000000200000000 | 00 00 00 00 02 00 00 00
R11=0x0000000000000010 is an unknown value
R12=0x000001f21c3bdea0 points into unknown readable memory: 0x000001f218917380 | 80 73 91 18 f2 01 00 00
R13=0x0 is NULL
R14=0x0 is NULL
R15=0x000001f21c3bdea0 points into unknown readable memory: 0x000001f218917380 | 80 73 91 18 f2 01 00 00


Registers:
RAX=0x0000000000000000, RBX=0x0000000000000001, RCX=0x000001f21f4f0020, RDX=0x0000000000000001
RSP=0x0000008c2b3ff450, RBP=0x0000000000000000, RSI=0x0000000000000000, RDI=0x0000000000000001
R8 =0x000001f21f4f0020, R9 =0x000001f21f4f8032, R10=0x000001f21f4f0020, R11=0x0000000000000010
R12=0x000001f21c3bdea0, R13=0x0000000000000000, R14=0x0000000000000000, R15=0x000001f21c3bdea0
RIP=0x00007ffe15fe51db, EFLAGS=0x0000000000010202

Top of Stack: (sp=0x0000008c2b3ff450)
0x0000008c2b3ff450:   0000000000000000 0000008c2b3ff4d0
0x0000008c2b3ff460:   0000008c2b3ff5d0 00007ffde762fbc4
0x0000008c2b3ff470:   000001f21c3bdea0 0000000000000000
0x0000008c2b3ff480:   000001f21c3bdea0 0000000000000000
0x0000008c2b3ff490:   000001f2183f87f8 000001f2183f87f8
0x0000008c2b3ff4a0:   0000000000000001 0000000000000010
0x0000008c2b3ff4b0:   000001f2183f87f8 000001f21bf53410
0x0000008c2b3ff4c0:   000001f21c143a40 00007ffe156351ca
0x0000008c2b3ff4d0:   00000000000137a4 000001f21bf66760
0x0000008c2b3ff4e0:   0000000000000000 0000000000000010
0x0000008c2b3ff4f0:   0000000000000000 000001f2183f87f8
0x0000008c2b3ff500:   000001f2690d1c30 0000008c2b3ff5d0
0x0000008c2b3ff510:   0000000000000010 000001f200011dd2
0x0000008c2b3ff520:   000001f2183f87f8 0000008c2b3ff5a0
0x0000008c2b3ff530:   000001f2183f87f8 0000000000000158
0x0000008c2b3ff540:   0000008c2b3ff5b8 000001f20000a22c 

Instructions: (pc=0x00007ffe15fe51db)
0x00007ffe15fe50db:   8b 0f 45 89 67 08 48 85 c9 74 05 e8 39 96 53 00
0x00007ffe15fe50eb:   4d 89 37 eb 03 4d 8b 37 49 39 2c fe 4c 8d 24 fd
0x00007ffe15fe50fb:   00 00 00 00 75 71 b9 10 a0 00 00 e8 2d 8f 55 00
0x00007ffe15fe510b:   4c 8b f0 48 85 c0 74 55 c1 e7 0c 48 8d 48 10 33
0x00007ffe15fe511b:   d2 89 38 41 b8 00 80 00 00 e8 77 c7 53 00 41 b8
0x00007ffe15fe512b:   01 00 00 00 49 8d be 10 80 00 00 41 0f b7 c0 b9
0x00007ffe15fe513b:   00 10 00 00 66 f3 ab 41 39 2e 75 15 41 8b c0 66
0x00007ffe15fe514b:   41 89 ae 10 80 00 00 41 89 46 04 41 89 46 08 eb
0x00007ffe15fe515b:   0f 8b c5 41 89 46 04 41 89 46 08 eb 03 4c 8b f5
0x00007ffe15fe516b:   49 8b 07 4d 89 34 04 41 8b 4f 08 85 c9 48 8b bc
0x00007ffe15fe517b:   24 98 00 00 00 4c 89 7c 24 30 8d 41 ff 0f 44 c5
0x00007ffe15fe518b:   89 44 24 38 0f 28 44 24 30 66 0f 7f 44 24 20 44
0x00007ffe15fe519b:   8b 74 24 28 4c 8b 64 24 20 49 8b 04 24 41 8b ce
0x00007ffe15fe51ab:   4c 8b 14 c8 3b f3 73 3d 8b c6 4c 8d 1c 87 0f 1f
0x00007ffe15fe51bb:   80 00 00 00 00 41 81 7a 08 00 10 00 00 74 1e 41
0x00007ffe15fe51cb:   8b 7a 04 49 8b ca 41 03 3a 8b d7 e8 15 58 00 00
0x00007ffe15fe51db:   41 89 3b ff c6 49 83 c3 04 3b f3 72 d8 48 8b bc
0x00007ffe15fe51eb:   24 98 00 00 00 41 ff c6 41 81 c5 00 10 00 00 49
0x00007ffe15fe51fb:   c7 c0 ff ff ff ff 3b f3 0f 82 57 fe ff ff e9 a9
0x00007ffe15fe520b:   08 00 00 4c 8b 79 78 85 db 0f 84 9d 08 00 00 33
0x00007ffe15fe521b:   ed 49 83 c7 10 8b f5 44 8b ed 4d 8b e7 44 8b f5
0x00007ffe15fe522b:   4c 8d 45 ff 90 41 8b 57 08 44 3b f2 74 11 49 8b
0x00007ffe15fe523b:   04 24 41 8b ce 48 39 2c c8 0f 85 2a 01 00 00 41
0x00007ffe15fe524b:   8b fd c1 ef 0c 3b fa 72 6c 44 8d 67 01 b8 08 00
0x00007ffe15fe525b:   00 00 41 8b cc 48 f7 e1 49 0f 40 c0 48 8b c8 e8
0x00007ffe15fe526b:   19 9b 53 00 4c 8b f0 41 8b 47 08 85 c0 74 16 49
0x00007ffe15fe527b:   8b 17 44 8b c0 49 c1 e0 03 49 8b ce e8 e4 bd 53
0x00007ffe15fe528b:   00 41 8b 47 08 44 8b c7 8b c8 44 2b c0 33 d2 41
0x00007ffe15fe529b:   ff c0 49 c1 e0 03 49 8d 0c ce e8 f6 c5 53 00 49
0x00007ffe15fe52ab:   8b 0f 45 89 67 08 48 85 c9 74 05 e8 69 94 53 00
0x00007ffe15fe52bb:   4d 89 37 eb 03 4d 8b 37 49 39 2c fe 4c 8d 24 fd
0x00007ffe15fe52cb:   00 00 00 00 75 71 b9 10 a0 00 00 e8 5d 8d 55 00 


Stack slot to memory mapping:
stack at sp + 0 slots: 0x0 is NULL
stack at sp + 1 slots: 0x0000008c2b3ff4d0 is pointing into the stack for thread: 0x000001f2690d1c30
stack at sp + 2 slots: 0x0000008c2b3ff5d0 is pointing into the stack for thread: 0x000001f2690d1c30
stack at sp + 3 slots: 0x00007ffde762fbc4 jvm.dll
stack at sp + 4 slots: 0x000001f21c3bdea0 points into unknown readable memory: 0x000001f218917380 | 80 73 91 18 f2 01 00 00
stack at sp + 5 slots: 0x0 is NULL
stack at sp + 6 slots: 0x000001f21c3bdea0 points into unknown readable memory: 0x000001f218917380 | 80 73 91 18 f2 01 00 00
stack at sp + 7 slots: 0x0 is NULL


---------------  P R O C E S S  ---------------

Threads class SMR info:
_java_thread_list=0x000001f2185a4990, length=15, elements={
0x000001f2690d1c30, 0x000001f217a2de00, 0x000001f217a2f8e0, 0x000001f217a41070,
0x000001f217a41880, 0x000001f217a42090, 0x000001f218408090, 0x000001f218431be0,
0x000001f2184322e0, 0x000001f218432930, 0x000001f21857e2e0, 0x000001f218581a00,
0x000001f218584360, 0x000001f21858d3e0, 0x000001f2185a4cf0
}

Java Threads: ( => current thread )
=>0x000001f2690d1c30 JavaThread "main" [_thread_in_native, id=79780, stack(0x0000008c2b300000,0x0000008c2b400000)]
  0x000001f217a2de00 JavaThread "Reference Handler" daemon [_thread_blocked, id=95296, stack(0x0000008c2ba00000,0x0000008c2bb00000)]
  0x000001f217a2f8e0 JavaThread "Finalizer" daemon [_thread_blocked, id=93660, stack(0x0000008c2bb00000,0x0000008c2bc00000)]
  0x000001f217a41070 JavaThread "Signal Dispatcher" daemon [_thread_blocked, id=83284, stack(0x0000008c2bc00000,0x0000008c2bd00000)]
  0x000001f217a41880 JavaThread "Attach Listener" daemon [_thread_blocked, id=72080, stack(0x0000008c2bd00000,0x0000008c2be00000)]
  0x000001f217a42090 JavaThread "Service Thread" daemon [_thread_blocked, id=91476, stack(0x0000008c2be00000,0x0000008c2bf00000)]
  0x000001f218408090 JavaThread "Monitor Deflation Thread" daemon [_thread_blocked, id=83552, stack(0x0000008c2bf00000,0x0000008c2c000000)]
  0x000001f218431be0 JavaThread "C2 CompilerThread0" daemon [_thread_blocked, id=22972, stack(0x0000008c2c000000,0x0000008c2c100000)]
  0x000001f2184322e0 JavaThread "C1 CompilerThread0" daemon [_thread_blocked, id=78424, stack(0x0000008c2c100000,0x0000008c2c200000)]
  0x000001f218432930 JavaThread "Sweeper thread" daemon [_thread_blocked, id=88688, stack(0x0000008c2c200000,0x0000008c2c300000)]
  0x000001f21857e2e0 JavaThread "JDWP Transport Listener: dt_socket" daemon [_thread_blocked, id=21940, stack(0x0000008c2c300000,0x0000008c2c400000)]
  0x000001f218581a00 JavaThread "JDWP Event Helper Thread" daemon [_thread_blocked, id=86356, stack(0x0000008c2c400000,0x0000008c2c500000)]
  0x000001f218584360 JavaThread "JDWP Command Reader" daemon [_thread_in_native, id=86880, stack(0x0000008c2c500000,0x0000008c2c600000)]
  0x000001f21858d3e0 JavaThread "Notification Thread" daemon [_thread_blocked, id=93180, stack(0x0000008c2c600000,0x0000008c2c700000)]
  0x000001f2185a4cf0 JavaThread "Common-Cleaner" daemon [_thread_blocked, id=85068, stack(0x0000008c2c800000,0x0000008c2c900000)]

Other Threads:
  0x000001f217a26da0 VMThread "VM Thread" [stack: 0x0000008c2b900000,0x0000008c2ba00000] [id=86528]
  0x000001f21858cb90 WatcherThread [stack: 0x0000008c2c700000,0x0000008c2c800000] [id=93884]
  0x000001f26914a290 GCTaskThread "GC Thread#0" [stack: 0x0000008c2b400000,0x0000008c2b500000] [id=35524]
  0x000001f26915b260 ConcurrentGCThread "G1 Main Marker" [stack: 0x0000008c2b500000,0x0000008c2b600000] [id=43632]
  0x000001f26915bcd0 ConcurrentGCThread "G1 Conc#0" [stack: 0x0000008c2b600000,0x0000008c2b700000] [id=63556]
  0x000001f2691ad3f0 ConcurrentGCThread "G1 Refine#0" [stack: 0x0000008c2b700000,0x0000008c2b800000] [id=88208]
  0x000001f2178e0890 ConcurrentGCThread "G1 Service" [stack: 0x0000008c2b800000,0x0000008c2b900000] [id=86260]

Threads with active compile tasks:

VM state: not at safepoint (normal execution)

VM Mutex/Monitor currently owned by a thread: None

Heap address: 0x0000000600c00000, size: 8180 MB, Compressed Oops mode: Zero based, Oop shift amount: 3

CDS archive(s) mapped at: [0x0000000800000000-0x0000000800bb0000-0x0000000800bb0000), size 12255232, SharedBaseAddress: 0x0000000800000000, ArchiveRelocationMode: 0.
Compressed class space mapped at: 0x0000000800c00000-0x0000000840c00000, reserved size: 1073741824
Narrow klass base: 0x0000000800000000, Narrow klass shift: 3, Narrow klass range: 0x100000000

GC Precious Log:
 CPUs: 12 total, 12 available
 Memory: 32712M
 Large Page Support: Disabled
 NUMA Support: Disabled
 Compressed Oops: Enabled (Zero based)
 Heap Region Size: 4M
 Heap Min Capacity: 8M
 Heap Initial Capacity: 512M
 Heap Max Capacity: 8180M
 Pre-touch: Disabled
 Parallel Workers: 10
 Concurrent Workers: 3
 Concurrent Refinement Workers: 10
 Periodic GC: Disabled

Heap:
 garbage-first heap   total 524288K, used 12288K [0x0000000600c00000, 0x0000000800000000)
  region size 4096K, 4 young (16384K), 0 survivors (0K)
 Metaspace       used 5777K, committed 5888K, reserved 1064960K
  class space    used 250K, committed 320K, reserved 1048576K

Heap Regions: E=young(eden), S=young(survivor), O=old, HS=humongous(starts), HC=humongous(continues), CS=collection set, F=free, OA=open archive, CA=closed archive, TAMS=top-at-mark-start (previous, next)
|   0|0x0000000600c00000, 0x0000000600c00000, 0x0000000601000000|  0%| F|  |TAMS 0x0000000600c00000, 0x0000000600c00000| Untracked 
|   1|0x0000000601000000, 0x0000000601000000, 0x0000000601400000|  0%| F|  |TAMS 0x0000000601000000, 0x0000000601000000| Untracked 
|   2|0x0000000601400000, 0x0000000601400000, 0x0000000601800000|  0%| F|  |TAMS 0x0000000601400000, 0x0000000601400000| Untracked 
|   3|0x0000000601800000, 0x0000000601800000, 0x0000000601c00000|  0%| F|  |TAMS 0x0000000601800000, 0x0000000601800000| Untracked 
|   4|0x0000000601c00000, 0x0000000601c00000, 0x0000000602000000|  0%| F|  |TAMS 0x0000000601c00000, 0x0000000601c00000| Untracked 
|   5|0x0000000602000000, 0x0000000602000000, 0x0000000602400000|  0%| F|  |TAMS 0x0000000602000000, 0x0000000602000000| Untracked 
|   6|0x0000000602400000, 0x0000000602400000, 0x0000000602800000|  0%| F|  |TAMS 0x0000000602400000, 0x0000000602400000| Untracked 
|   7|0x0000000602800000, 0x0000000602800000, 0x0000000602c00000|  0%| F|  |TAMS 0x0000000602800000, 0x0000000602800000| Untracked 
|   8|0x0000000602c00000, 0x0000000602c00000, 0x0000000603000000|  0%| F|  |TAMS 0x0000000602c00000, 0x0000000602c00000| Untracked 
|   9|0x0000000603000000, 0x0000000603000000, 0x0000000603400000|  0%| F|  |TAMS 0x0000000603000000, 0x0000000603000000| Untracked 
|  10|0x0000000603400000, 0x0000000603400000, 0x0000000603800000|  0%| F|  |TAMS 0x0000000603400000, 0x0000000603400000| Untracked 
|  11|0x0000000603800000, 0x0000000603800000, 0x0000000603c00000|  0%| F|  |TAMS 0x0000000603800000, 0x0000000603800000| Untracked 
|  12|0x0000000603c00000, 0x0000000603c00000, 0x0000000604000000|  0%| F|  |TAMS 0x0000000603c00000, 0x0000000603c00000| Untracked 
|  13|0x0000000604000000, 0x0000000604000000, 0x0000000604400000|  0%| F|  |TAMS 0x0000000604000000, 0x0000000604000000| Untracked 
|  14|0x0000000604400000, 0x0000000604400000, 0x0000000604800000|  0%| F|  |TAMS 0x0000000604400000, 0x0000000604400000| Untracked 
|  15|0x0000000604800000, 0x0000000604800000, 0x0000000604c00000|  0%| F|  |TAMS 0x0000000604800000, 0x0000000604800000| Untracked 
|  16|0x0000000604c00000, 0x0000000604c00000, 0x0000000605000000|  0%| F|  |TAMS 0x0000000604c00000, 0x0000000604c00000| Untracked 
|  17|0x0000000605000000, 0x0000000605000000, 0x0000000605400000|  0%| F|  |TAMS 0x0000000605000000, 0x0000000605000000| Untracked 
|  18|0x0000000605400000, 0x0000000605400000, 0x0000000605800000|  0%| F|  |TAMS 0x0000000605400000, 0x0000000605400000| Untracked 
|  19|0x0000000605800000, 0x0000000605800000, 0x0000000605c00000|  0%| F|  |TAMS 0x0000000605800000, 0x0000000605800000| Untracked 
|  20|0x0000000605c00000, 0x0000000605c00000, 0x0000000606000000|  0%| F|  |TAMS 0x0000000605c00000, 0x0000000605c00000| Untracked 
|  21|0x0000000606000000, 0x0000000606000000, 0x0000000606400000|  0%| F|  |TAMS 0x0000000606000000, 0x0000000606000000| Untracked 
|  22|0x0000000606400000, 0x0000000606400000, 0x0000000606800000|  0%| F|  |TAMS 0x0000000606400000, 0x0000000606400000| Untracked 
|  23|0x0000000606800000, 0x0000000606800000, 0x0000000606c00000|  0%| F|  |TAMS 0x0000000606800000, 0x0000000606800000| Untracked 
|  24|0x0000000606c00000, 0x0000000606c00000, 0x0000000607000000|  0%| F|  |TAMS 0x0000000606c00000, 0x0000000606c00000| Untracked 
|  25|0x0000000607000000, 0x0000000607000000, 0x0000000607400000|  0%| F|  |TAMS 0x0000000607000000, 0x0000000607000000| Untracked 
|  26|0x0000000607400000, 0x0000000607400000, 0x0000000607800000|  0%| F|  |TAMS 0x0000000607400000, 0x0000000607400000| Untracked 
|  27|0x0000000607800000, 0x0000000607800000, 0x0000000607c00000|  0%| F|  |TAMS 0x0000000607800000, 0x0000000607800000| Untracked 
|  28|0x0000000607c00000, 0x0000000607c00000, 0x0000000608000000|  0%| F|  |TAMS 0x0000000607c00000, 0x0000000607c00000| Untracked 
|  29|0x0000000608000000, 0x0000000608000000, 0x0000000608400000|  0%| F|  |TAMS 0x0000000608000000, 0x0000000608000000| Untracked 
|  30|0x0000000608400000, 0x0000000608400000, 0x0000000608800000|  0%| F|  |TAMS 0x0000000608400000, 0x0000000608400000| Untracked 
|  31|0x0000000608800000, 0x0000000608800000, 0x0000000608c00000|  0%| F|  |TAMS 0x0000000608800000, 0x0000000608800000| Untracked 
|  32|0x0000000608c00000, 0x0000000608c00000, 0x0000000609000000|  0%| F|  |TAMS 0x0000000608c00000, 0x0000000608c00000| Untracked 
|  33|0x0000000609000000, 0x0000000609000000, 0x0000000609400000|  0%| F|  |TAMS 0x0000000609000000, 0x0000000609000000| Untracked 
|  34|0x0000000609400000, 0x0000000609400000, 0x0000000609800000|  0%| F|  |TAMS 0x0000000609400000, 0x0000000609400000| Untracked 
|  35|0x0000000609800000, 0x0000000609800000, 0x0000000609c00000|  0%| F|  |TAMS 0x0000000609800000, 0x0000000609800000| Untracked 
|  36|0x0000000609c00000, 0x0000000609c00000, 0x000000060a000000|  0%| F|  |TAMS 0x0000000609c00000, 0x0000000609c00000| Untracked 
|  37|0x000000060a000000, 0x000000060a000000, 0x000000060a400000|  0%| F|  |TAMS 0x000000060a000000, 0x000000060a000000| Untracked 
|  38|0x000000060a400000, 0x000000060a400000, 0x000000060a800000|  0%| F|  |TAMS 0x000000060a400000, 0x000000060a400000| Untracked 
|  39|0x000000060a800000, 0x000000060a800000, 0x000000060ac00000|  0%| F|  |TAMS 0x000000060a800000, 0x000000060a800000| Untracked 
|  40|0x000000060ac00000, 0x000000060ac00000, 0x000000060b000000|  0%| F|  |TAMS 0x000000060ac00000, 0x000000060ac00000| Untracked 
|  41|0x000000060b000000, 0x000000060b000000, 0x000000060b400000|  0%| F|  |TAMS 0x000000060b000000, 0x000000060b000000| Untracked 
|  42|0x000000060b400000, 0x000000060b400000, 0x000000060b800000|  0%| F|  |TAMS 0x000000060b400000, 0x000000060b400000| Untracked 
|  43|0x000000060b800000, 0x000000060b800000, 0x000000060bc00000|  0%| F|  |TAMS 0x000000060b800000, 0x000000060b800000| Untracked 
|  44|0x000000060bc00000, 0x000000060bc00000, 0x000000060c000000|  0%| F|  |TAMS 0x000000060bc00000, 0x000000060bc00000| Untracked 
|  45|0x000000060c000000, 0x000000060c000000, 0x000000060c400000|  0%| F|  |TAMS 0x000000060c000000, 0x000000060c000000| Untracked 
|  46|0x000000060c400000, 0x000000060c400000, 0x000000060c800000|  0%| F|  |TAMS 0x000000060c400000, 0x000000060c400000| Untracked 
|  47|0x000000060c800000, 0x000000060c800000, 0x000000060cc00000|  0%| F|  |TAMS 0x000000060c800000, 0x000000060c800000| Untracked 
|  48|0x000000060cc00000, 0x000000060cc00000, 0x000000060d000000|  0%| F|  |TAMS 0x000000060cc00000, 0x000000060cc00000| Untracked 
|  49|0x000000060d000000, 0x000000060d000000, 0x000000060d400000|  0%| F|  |TAMS 0x000000060d000000, 0x000000060d000000| Untracked 
|  50|0x000000060d400000, 0x000000060d400000, 0x000000060d800000|  0%| F|  |TAMS 0x000000060d400000, 0x000000060d400000| Untracked 
|  51|0x000000060d800000, 0x000000060d800000, 0x000000060dc00000|  0%| F|  |TAMS 0x000000060d800000, 0x000000060d800000| Untracked 
|  52|0x000000060dc00000, 0x000000060dc00000, 0x000000060e000000|  0%| F|  |TAMS 0x000000060dc00000, 0x000000060dc00000| Untracked 
|  53|0x000000060e000000, 0x000000060e000000, 0x000000060e400000|  0%| F|  |TAMS 0x000000060e000000, 0x000000060e000000| Untracked 
|  54|0x000000060e400000, 0x000000060e400000, 0x000000060e800000|  0%| F|  |TAMS 0x000000060e400000, 0x000000060e400000| Untracked 
|  55|0x000000060e800000, 0x000000060e800000, 0x000000060ec00000|  0%| F|  |TAMS 0x000000060e800000, 0x000000060e800000| Untracked 
|  56|0x000000060ec00000, 0x000000060ec00000, 0x000000060f000000|  0%| F|  |TAMS 0x000000060ec00000, 0x000000060ec00000| Untracked 
|  57|0x000000060f000000, 0x000000060f000000, 0x000000060f400000|  0%| F|  |TAMS 0x000000060f000000, 0x000000060f000000| Untracked 
|  58|0x000000060f400000, 0x000000060f400000, 0x000000060f800000|  0%| F|  |TAMS 0x000000060f400000, 0x000000060f400000| Untracked 
|  59|0x000000060f800000, 0x000000060f800000, 0x000000060fc00000|  0%| F|  |TAMS 0x000000060f800000, 0x000000060f800000| Untracked 
|  60|0x000000060fc00000, 0x000000060fc00000, 0x0000000610000000|  0%| F|  |TAMS 0x000000060fc00000, 0x000000060fc00000| Untracked 
|  61|0x0000000610000000, 0x0000000610000000, 0x0000000610400000|  0%| F|  |TAMS 0x0000000610000000, 0x0000000610000000| Untracked 
|  62|0x0000000610400000, 0x0000000610400000, 0x0000000610800000|  0%| F|  |TAMS 0x0000000610400000, 0x0000000610400000| Untracked 
|  63|0x0000000610800000, 0x0000000610800000, 0x0000000610c00000|  0%| F|  |TAMS 0x0000000610800000, 0x0000000610800000| Untracked 
|  64|0x0000000610c00000, 0x0000000610c00000, 0x0000000611000000|  0%| F|  |TAMS 0x0000000610c00000, 0x0000000610c00000| Untracked 
|  65|0x0000000611000000, 0x0000000611000000, 0x0000000611400000|  0%| F|  |TAMS 0x0000000611000000, 0x0000000611000000| Untracked 
|  66|0x0000000611400000, 0x0000000611400000, 0x0000000611800000|  0%| F|  |TAMS 0x0000000611400000, 0x0000000611400000| Untracked 
|  67|0x0000000611800000, 0x0000000611800000, 0x0000000611c00000|  0%| F|  |TAMS 0x0000000611800000, 0x0000000611800000| Untracked 
|  68|0x0000000611c00000, 0x0000000611c00000, 0x0000000612000000|  0%| F|  |TAMS 0x0000000611c00000, 0x0000000611c00000| Untracked 
|  69|0x0000000612000000, 0x0000000612000000, 0x0000000612400000|  0%| F|  |TAMS 0x0000000612000000, 0x0000000612000000| Untracked 
|  70|0x0000000612400000, 0x0000000612400000, 0x0000000612800000|  0%| F|  |TAMS 0x0000000612400000, 0x0000000612400000| Untracked 
|  71|0x0000000612800000, 0x0000000612800000, 0x0000000612c00000|  0%| F|  |TAMS 0x0000000612800000, 0x0000000612800000| Untracked 
|  72|0x0000000612c00000, 0x0000000612c00000, 0x0000000613000000|  0%| F|  |TAMS 0x0000000612c00000, 0x0000000612c00000| Untracked 
|  73|0x0000000613000000, 0x0000000613000000, 0x0000000613400000|  0%| F|  |TAMS 0x0000000613000000, 0x0000000613000000| Untracked 
|  74|0x0000000613400000, 0x0000000613400000, 0x0000000613800000|  0%| F|  |TAMS 0x0000000613400000, 0x0000000613400000| Untracked 
|  75|0x0000000613800000, 0x0000000613800000, 0x0000000613c00000|  0%| F|  |TAMS 0x0000000613800000, 0x0000000613800000| Untracked 
|  76|0x0000000613c00000, 0x0000000613c00000, 0x0000000614000000|  0%| F|  |TAMS 0x0000000613c00000, 0x0000000613c00000| Untracked 
|  77|0x0000000614000000, 0x0000000614000000, 0x0000000614400000|  0%| F|  |TAMS 0x0000000614000000, 0x0000000614000000| Untracked 
|  78|0x0000000614400000, 0x0000000614400000, 0x0000000614800000|  0%| F|  |TAMS 0x0000000614400000, 0x0000000614400000| Untracked 
|  79|0x0000000614800000, 0x0000000614800000, 0x0000000614c00000|  0%| F|  |TAMS 0x0000000614800000, 0x0000000614800000| Untracked 
|  80|0x0000000614c00000, 0x0000000614c00000, 0x0000000615000000|  0%| F|  |TAMS 0x0000000614c00000, 0x0000000614c00000| Untracked 
|  81|0x0000000615000000, 0x0000000615000000, 0x0000000615400000|  0%| F|  |TAMS 0x0000000615000000, 0x0000000615000000| Untracked 
|  82|0x0000000615400000, 0x0000000615400000, 0x0000000615800000|  0%| F|  |TAMS 0x0000000615400000, 0x0000000615400000| Untracked 
|  83|0x0000000615800000, 0x0000000615800000, 0x0000000615c00000|  0%| F|  |TAMS 0x0000000615800000, 0x0000000615800000| Untracked 
|  84|0x0000000615c00000, 0x0000000615c00000, 0x0000000616000000|  0%| F|  |TAMS 0x0000000615c00000, 0x0000000615c00000| Untracked 
|  85|0x0000000616000000, 0x0000000616000000, 0x0000000616400000|  0%| F|  |TAMS 0x0000000616000000, 0x0000000616000000| Untracked 
|  86|0x0000000616400000, 0x0000000616400000, 0x0000000616800000|  0%| F|  |TAMS 0x0000000616400000, 0x0000000616400000| Untracked 
|  87|0x0000000616800000, 0x0000000616800000, 0x0000000616c00000|  0%| F|  |TAMS 0x0000000616800000, 0x0000000616800000| Untracked 
|  88|0x0000000616c00000, 0x0000000616c00000, 0x0000000617000000|  0%| F|  |TAMS 0x0000000616c00000, 0x0000000616c00000| Untracked 
|  89|0x0000000617000000, 0x0000000617000000, 0x0000000617400000|  0%| F|  |TAMS 0x0000000617000000, 0x0000000617000000| Untracked 
|  90|0x0000000617400000, 0x0000000617400000, 0x0000000617800000|  0%| F|  |TAMS 0x0000000617400000, 0x0000000617400000| Untracked 
|  91|0x0000000617800000, 0x0000000617800000, 0x0000000617c00000|  0%| F|  |TAMS 0x0000000617800000, 0x0000000617800000| Untracked 
|  92|0x0000000617c00000, 0x0000000617c00000, 0x0000000618000000|  0%| F|  |TAMS 0x0000000617c00000, 0x0000000617c00000| Untracked 
|  93|0x0000000618000000, 0x0000000618000000, 0x0000000618400000|  0%| F|  |TAMS 0x0000000618000000, 0x0000000618000000| Untracked 
|  94|0x0000000618400000, 0x0000000618400000, 0x0000000618800000|  0%| F|  |TAMS 0x0000000618400000, 0x0000000618400000| Untracked 
|  95|0x0000000618800000, 0x0000000618800000, 0x0000000618c00000|  0%| F|  |TAMS 0x0000000618800000, 0x0000000618800000| Untracked 
|  96|0x0000000618c00000, 0x0000000618c00000, 0x0000000619000000|  0%| F|  |TAMS 0x0000000618c00000, 0x0000000618c00000| Untracked 
|  97|0x0000000619000000, 0x0000000619000000, 0x0000000619400000|  0%| F|  |TAMS 0x0000000619000000, 0x0000000619000000| Untracked 
|  98|0x0000000619400000, 0x0000000619400000, 0x0000000619800000|  0%| F|  |TAMS 0x0000000619400000, 0x0000000619400000| Untracked 
|  99|0x0000000619800000, 0x0000000619800000, 0x0000000619c00000|  0%| F|  |TAMS 0x0000000619800000, 0x0000000619800000| Untracked 
| 100|0x0000000619c00000, 0x0000000619c00000, 0x000000061a000000|  0%| F|  |TAMS 0x0000000619c00000, 0x0000000619c00000| Untracked 
| 101|0x000000061a000000, 0x000000061a000000, 0x000000061a400000|  0%| F|  |TAMS 0x000000061a000000, 0x000000061a000000| Untracked 
| 102|0x000000061a400000, 0x000000061a400000, 0x000000061a800000|  0%| F|  |TAMS 0x000000061a400000, 0x000000061a400000| Untracked 
| 103|0x000000061a800000, 0x000000061a800000, 0x000000061ac00000|  0%| F|  |TAMS 0x000000061a800000, 0x000000061a800000| Untracked 
| 104|0x000000061ac00000, 0x000000061ac00000, 0x000000061b000000|  0%| F|  |TAMS 0x000000061ac00000, 0x000000061ac00000| Untracked 
| 105|0x000000061b000000, 0x000000061b000000, 0x000000061b400000|  0%| F|  |TAMS 0x000000061b000000, 0x000000061b000000| Untracked 
| 106|0x000000061b400000, 0x000000061b400000, 0x000000061b800000|  0%| F|  |TAMS 0x000000061b400000, 0x000000061b400000| Untracked 
| 107|0x000000061b800000, 0x000000061b800000, 0x000000061bc00000|  0%| F|  |TAMS 0x000000061b800000, 0x000000061b800000| Untracked 
| 108|0x000000061bc00000, 0x000000061bc00000, 0x000000061c000000|  0%| F|  |TAMS 0x000000061bc00000, 0x000000061bc00000| Untracked 
| 109|0x000000061c000000, 0x000000061c000000, 0x000000061c400000|  0%| F|  |TAMS 0x000000061c000000, 0x000000061c000000| Untracked 
| 110|0x000000061c400000, 0x000000061c400000, 0x000000061c800000|  0%| F|  |TAMS 0x000000061c400000, 0x000000061c400000| Untracked 
| 111|0x000000061c800000, 0x000000061c800000, 0x000000061cc00000|  0%| F|  |TAMS 0x000000061c800000, 0x000000061c800000| Untracked 
| 112|0x000000061cc00000, 0x000000061cc00000, 0x000000061d000000|  0%| F|  |TAMS 0x000000061cc00000, 0x000000061cc00000| Untracked 
| 113|0x000000061d000000, 0x000000061d000000, 0x000000061d400000|  0%| F|  |TAMS 0x000000061d000000, 0x000000061d000000| Untracked 
| 114|0x000000061d400000, 0x000000061d400000, 0x000000061d800000|  0%| F|  |TAMS 0x000000061d400000, 0x000000061d400000| Untracked 
| 115|0x000000061d800000, 0x000000061d800000, 0x000000061dc00000|  0%| F|  |TAMS 0x000000061d800000, 0x000000061d800000| Untracked 
| 116|0x000000061dc00000, 0x000000061dc00000, 0x000000061e000000|  0%| F|  |TAMS 0x000000061dc00000, 0x000000061dc00000| Untracked 
| 117|0x000000061e000000, 0x000000061e000000, 0x000000061e400000|  0%| F|  |TAMS 0x000000061e000000, 0x000000061e000000| Untracked 
| 118|0x000000061e400000, 0x000000061e400000, 0x000000061e800000|  0%| F|  |TAMS 0x000000061e400000, 0x000000061e400000| Untracked 
| 119|0x000000061e800000, 0x000000061e800000, 0x000000061ec00000|  0%| F|  |TAMS 0x000000061e800000, 0x000000061e800000| Untracked 
| 120|0x000000061ec00000, 0x000000061ec00000, 0x000000061f000000|  0%| F|  |TAMS 0x000000061ec00000, 0x000000061ec00000| Untracked 
| 121|0x000000061f000000, 0x000000061f000000, 0x000000061f400000|  0%| F|  |TAMS 0x000000061f000000, 0x000000061f000000| Untracked 
| 122|0x000000061f400000, 0x000000061f400000, 0x000000061f800000|  0%| F|  |TAMS 0x000000061f400000, 0x000000061f400000| Untracked 
| 123|0x000000061f800000, 0x000000061f800000, 0x000000061fc00000|  0%| F|  |TAMS 0x000000061f800000, 0x000000061f800000| Untracked 
| 124|0x000000061fc00000, 0x000000061ffa8368, 0x0000000620000000| 91%| E|  |TAMS 0x000000061fc00000, 0x000000061fc00000| Complete 
| 125|0x0000000620000000, 0x0000000620400000, 0x0000000620400000|100%| E|CS|TAMS 0x0000000620000000, 0x0000000620000000| Complete 
| 126|0x0000000620400000, 0x0000000620800000, 0x0000000620800000|100%| E|CS|TAMS 0x0000000620400000, 0x0000000620400000| Complete 
| 127|0x0000000620800000, 0x0000000620c00000, 0x0000000620c00000|100%| E|CS|TAMS 0x0000000620800000, 0x0000000620800000| Complete 

Card table byte_map: [0x000001f273cc0000,0x000001f274cc0000] _byte_map_base: 0x000001f270cba000

Marking Bits (Prev, Next): (CMBitMap*) 0x000001f26914a900, (CMBitMap*) 0x000001f26914a940
 Prev Bits: [0x000001f275cc0000, 0x000001f27dc90000)
 Next Bits: [0x000001f20f000000, 0x000001f216fd0000)

Polling page: 0x000001f2691b0000

Metaspace:

Usage:
  Non-class:      5.40 MB used.
      Class:    250.86 KB used.
       Both:      5.64 MB used.

Virtual space:
  Non-class space:       16.00 MB reserved,       5.44 MB ( 34%) committed,  2 nodes.
      Class space:        1.00 GB reserved,     320.00 KB ( <1%) committed,  1 nodes.
              Both:        1.02 GB reserved,       5.75 MB ( <1%) committed. 

Chunk freelists:
   Non-Class:  3.94 MB
       Class:  3.57 MB
        Both:  7.51 MB

MaxMetaspaceSize: 17179869184.00 GB
CompressedClassSpaceSize: 1.00 GB
 - commit_granule_bytes: 65536.
 - commit_granule_words: 8192.
 - virtual_space_node_default_size: 1048576.
 - enlarge_chunks_in_place: 1.
 - new_chunks_are_fully_committed: 0.
 - uncommit_free_chunks: 1.
 - use_allocation_guard: 0.
 - handle_deallocations: 1.


Internal statistics:

num_allocs_failed_limit: 0.
num_arena_births: 62.
num_arena_deaths: 0.
num_vsnodes_births: 3.
num_vsnodes_deaths: 0.
num_space_committed: 90.
num_space_uncommitted: 0.
num_chunks_returned_to_freelist: 0.
num_chunks_taken_from_freelist: 220.
num_chunk_merges: 0.
num_chunk_splits: 167.
num_chunks_enlarged: 141.
num_purges: 0.

CodeHeap 'non-profiled nmethods': size=120000Kb used=243Kb max_used=243Kb free=119756Kb
 bounds [0x000001f207ad0000, 0x000001f207d40000, 0x000001f20f000000]
CodeHeap 'profiled nmethods': size=120000Kb used=1289Kb max_used=1289Kb free=118710Kb
 bounds [0x000001f2005a0000, 0x000001f200810000, 0x000001f207ad0000]
CodeHeap 'non-nmethods': size=5760Kb used=1626Kb max_used=1643Kb free=4133Kb
 bounds [0x000001f200000000, 0x000001f200270000, 0x000001f2005a0000]
 total_blobs=1709 nmethods=746 adapters=876
 compilation: enabled
              stopped_count=0, restarted_count=0
 full_count=0

Compilation events (20 events):
Event: 4.251 Thread 0x000001f2184322e0 nmethod 734 0x000001f2006d4b10 code [0x000001f2006d4ce0, 0x000001f2006d4f68]
Event: 4.251 Thread 0x000001f2184322e0  727       3       java.lang.reflect.Field::getLong (29 bytes)
Event: 4.251 Thread 0x000001f2184322e0 nmethod 727 0x000001f2006d5090 code [0x000001f2006d5280, 0x000001f2006d5678]
Event: 4.251 Thread 0x000001f2184322e0  739       3       java.io.WinNTFileSystem::resolve (275 bytes)
Event: 4.253 Thread 0x000001f2184322e0 nmethod 739 0x000001f2006d5810 code [0x000001f2006d5da0, 0x000001f2006d8b98]
Event: 4.254 Thread 0x000001f2184322e0  741   !   3       jdk.internal.loader.URLClassPath$FileLoader::getResource (164 bytes)
Event: 4.255 Thread 0x000001f2184322e0 nmethod 741 0x000001f2006d9e90 code [0x000001f2006da1e0, 0x000001f2006db668]
Event: 4.255 Thread 0x000001f2184322e0  742       3       java.io.File::<init> (111 bytes)
Event: 4.255 Thread 0x000001f2184322e0 nmethod 742 0x000001f2006dbf90 code [0x000001f2006dc240, 0x000001f2006dcca8]
Event: 4.258 Thread 0x000001f218431be0 nmethod 737 0x000001f207b0ae10 code [0x000001f207b0b000, 0x000001f207b0bf18]
Event: 4.258 Thread 0x000001f218431be0  740       4       java.lang.AbstractStringBuilder::<init> (39 bytes)
Event: 4.258 Thread 0x000001f2184322e0  743       3       sun.net.www.protocol.jar.Handler::parseURL (212 bytes)
Event: 4.258 Thread 0x000001f218431be0 nmethod 740 0x000001f207b0c890 code [0x000001f207b0ca20, 0x000001f207b0cc78]
Event: 4.259 Thread 0x000001f2184322e0 nmethod 743 0x000001f2006dd090 code [0x000001f2006dd400, 0x000001f2006de6c8]
Event: 4.259 Thread 0x000001f2184322e0  744       3       sun.net.www.protocol.jar.Handler::indexOfBangSlash (52 bytes)
Event: 4.260 Thread 0x000001f2184322e0 nmethod 744 0x000001f2006df010 code [0x000001f2006df280, 0x000001f2006dfd98]
Event: 4.260 Thread 0x000001f2184322e0  745       3       java.net.URLStreamHandler::setURL (159 bytes)
Event: 4.260 Thread 0x000001f2184322e0 nmethod 745 0x000001f2006e0190 code [0x000001f2006e0520, 0x000001f2006e1b28]
Event: 4.260 Thread 0x000001f2184322e0  746       3       java.util.jar.JarFile$JarFileEntry::getRealName (5 bytes)
Event: 4.260 Thread 0x000001f2184322e0 nmethod 746 0x000001f2006e2410 code [0x000001f2006e25a0, 0x000001f2006e26b8]

GC Heap History (0 events):
No events

Deoptimization events (20 events):
Event: 3.757 Thread 0x000001f2690d1c30 DEOPT PACKING pc=0x000001f20061e3cc sp=0x0000008c2b3fd410
Event: 3.757 Thread 0x000001f2690d1c30 DEOPT UNPACKING pc=0x000001f20004dece sp=0x0000008c2b3fc980 mode 1
Event: 3.757 Thread 0x000001f2690d1c30 DEOPT PACKING pc=0x000001f200621ae4 sp=0x0000008c2b3fd140
Event: 3.757 Thread 0x000001f2690d1c30 DEOPT UNPACKING pc=0x000001f20004dece sp=0x0000008c2b3fc620 mode 1
Event: 3.757 Thread 0x000001f2690d1c30 DEOPT PACKING pc=0x000001f20061e3cc sp=0x0000008c2b3fd410
Event: 3.757 Thread 0x000001f2690d1c30 DEOPT UNPACKING pc=0x000001f20004dece sp=0x0000008c2b3fc980 mode 1
Event: 3.757 Thread 0x000001f2690d1c30 DEOPT PACKING pc=0x000001f200621ae4 sp=0x0000008c2b3fd140
Event: 3.757 Thread 0x000001f2690d1c30 DEOPT UNPACKING pc=0x000001f20004dece sp=0x0000008c2b3fc620 mode 1
Event: 3.757 Thread 0x000001f2690d1c30 DEOPT PACKING pc=0x000001f20061e3cc sp=0x0000008c2b3fd410
Event: 3.757 Thread 0x000001f2690d1c30 DEOPT UNPACKING pc=0x000001f20004dece sp=0x0000008c2b3fc980 mode 1
Event: 3.757 Thread 0x000001f2690d1c30 DEOPT PACKING pc=0x000001f200621ae4 sp=0x0000008c2b3fd140
Event: 3.757 Thread 0x000001f2690d1c30 DEOPT UNPACKING pc=0x000001f20004dece sp=0x0000008c2b3fc620 mode 1
Event: 3.757 Thread 0x000001f2690d1c30 DEOPT PACKING pc=0x000001f20061e3cc sp=0x0000008c2b3fd410
Event: 3.757 Thread 0x000001f2690d1c30 DEOPT UNPACKING pc=0x000001f20004dece sp=0x0000008c2b3fc980 mode 1
Event: 4.179 Thread 0x000001f2690d1c30 Uncommon trap: trap_request=0xffffff54 fr.pc=0x000001f207afca84 relative=0x0000000000000064
Event: 4.179 Thread 0x000001f2690d1c30 Uncommon trap: reason=speculate_null_assert action=make_not_entrant pc=0x000001f207afca84 method=sun.misc.Unsafe.getLong(Ljava/lang/Object;J)J @ 5 c2
Event: 4.179 Thread 0x000001f2690d1c30 DEOPT PACKING pc=0x000001f207afca84 sp=0x0000008c2b3ff0f0
Event: 4.179 Thread 0x000001f2690d1c30 DEOPT UNPACKING pc=0x000001f20004d72e sp=0x0000008c2b3ff088 mode 2
Event: 4.219 Thread 0x000001f2690d1c30 DEOPT PACKING pc=0x000001f2005d3979 sp=0x0000008c2b3fdb20
Event: 4.219 Thread 0x000001f2690d1c30 DEOPT UNPACKING pc=0x000001f20004dece sp=0x0000008c2b3fcf80 mode 0

Classes unloaded (0 events):
No events

Classes redefined (0 events):
No events

Internal exceptions (15 events):
Event: 3.722 Thread 0x000001f2690d1c30 Exception <a 'java/lang/NoSuchMethodError'{0x0000000620417fa0}: 'java.lang.Object java.lang.invoke.DirectMethodHandle$Holder.invokeStatic(java.lang.Object)'> (0x0000000620417fa0) 
thrown [t:\workspace\open\src\hotspot\share\interpreter\linkResolver.cpp, line 790]
Event: 3.722 Thread 0x000001f2690d1c30 Exception <a 'java/lang/NoSuchMethodError'{0x000000062041b7d0}: 'java.lang.Object java.lang.invoke.DirectMethodHandle$Holder.invokeStaticInit(java.lang.Object)'> (0x000000062041b7d0) 
thrown [t:\workspace\open\src\hotspot\share\interpreter\linkResolver.cpp, line 790]
Event: 3.728 Thread 0x000001f2690d1c30 Exception <a 'java/lang/NoSuchMethodError'{0x000000062046b280}: 'void java.lang.invoke.DirectMethodHandle$Holder.invokeStatic(java.lang.Object, java.lang.Object)'> (0x000000062046b280) 
thrown [t:\workspace\open\src\hotspot\share\interpreter\linkResolver.cpp, line 790]
Event: 3.728 Thread 0x000001f2690d1c30 Exception <a 'java/lang/NoSuchMethodError'{0x0000000620470be8}: 'void java.lang.invoke.DirectMethodHandle$Holder.invokeSpecial(java.lang.Object, java.lang.Object, java.lang.Object)'> (0x0000000620470be8) 
thrown [t:\workspace\open\src\hotspot\share\interpreter\linkResolver.cpp, line 790]
Event: 3.730 Thread 0x000001f2690d1c30 Exception <a 'java/lang/NoSuchMethodError'{0x0000000620484220}: 'java.lang.Object java.lang.invoke.DirectMethodHandle$Holder.invokeStatic(java.lang.Object, java.lang.Object, int)'> (0x0000000620484220) 
thrown [t:\workspace\open\src\hotspot\share\interpreter\linkResolver.cpp, line 790]
Event: 3.730 Thread 0x000001f2690d1c30 Exception <a 'java/lang/NoSuchMethodError'{0x00000006204905a0}: 'void java.lang.invoke.DelegatingMethodHandle$Holder.delegate(java.lang.Object, java.lang.Object, int, java.lang.Object)'> (0x00000006204905a0) 
thrown [t:\workspace\open\src\hotspot\share\interpreter\linkResolver.cpp, line 790]
Event: 3.731 Thread 0x000001f2690d1c30 Exception <a 'java/lang/NoSuchMethodError'{0x00000006204948f8}: 'int java.lang.invoke.DirectMethodHandle$Holder.invokeSpecial(java.lang.Object, java.lang.Object, java.lang.Object)'> (0x00000006204948f8) 
thrown [t:\workspace\open\src\hotspot\share\interpreter\linkResolver.cpp, line 790]
Event: 3.751 Thread 0x000001f2690d1c30 Exception <a 'sun/nio/fs/WindowsException'{0x00000006204f0908}> (0x00000006204f0908) 
thrown [t:\workspace\open\src\hotspot\share\prims\jni.cpp, line 579]
Event: 3.751 Thread 0x000001f2690d1c30 Exception <a 'sun/nio/fs/WindowsException'{0x00000006204f0e58}> (0x00000006204f0e58) 
thrown [t:\workspace\open\src\hotspot\share\prims\jni.cpp, line 579]
Event: 3.767 Thread 0x000001f2690d1c30 Exception <a 'sun/nio/fs/WindowsException'{0x00000006205b99c8}> (0x00000006205b99c8) 
thrown [t:\workspace\open\src\hotspot\share\prims\jni.cpp, line 579]
Event: 3.767 Thread 0x000001f2690d1c30 Exception <a 'sun/nio/fs/WindowsException'{0x00000006205b9d28}> (0x00000006205b9d28) 
thrown [t:\workspace\open\src\hotspot\share\prims\jni.cpp, line 579]
Event: 4.159 Thread 0x000001f2690d1c30 Exception <a 'sun/nio/fs/WindowsException'{0x0000000620675000}> (0x0000000620675000) 
thrown [t:\workspace\open\src\hotspot\share\prims\jni.cpp, line 579]
Event: 4.159 Thread 0x000001f2690d1c30 Exception <a 'sun/nio/fs/WindowsException'{0x00000006206753a0}> (0x00000006206753a0) 
thrown [t:\workspace\open\src\hotspot\share\prims\jni.cpp, line 579]
Event: 4.161 Thread 0x000001f2690d1c30 Exception <a 'sun/nio/fs/WindowsException'{0x0000000620682ce0}> (0x0000000620682ce0) 
thrown [t:\workspace\open\src\hotspot\share\prims\jni.cpp, line 579]
Event: 4.161 Thread 0x000001f2690d1c30 Exception <a 'sun/nio/fs/WindowsException'{0x0000000620682fb0}> (0x0000000620682fb0) 
thrown [t:\workspace\open\src\hotspot\share\prims\jni.cpp, line 579]

Events (20 events):
Event: 3.756 loading class java/nio/BufferUnderflowException done
Event: 3.768 loading class java/lang/NoSuchFieldError
Event: 3.768 loading class java/lang/NoSuchFieldError done
Event: 3.770 loading class jdk/internal/misc/ScopedMemoryAccess$Scope
Event: 3.770 loading class jdk/internal/misc/ScopedMemoryAccess$Scope done
Event: 3.770 loading class jdk/internal/reflect/UnsafeQualifiedStaticIntegerFieldAccessorImpl
Event: 3.770 loading class jdk/internal/reflect/UnsafeQualifiedStaticIntegerFieldAccessorImpl done
Event: 4.151 loading class java/lang/AssertionError
Event: 4.151 loading class java/lang/AssertionError done
Event: 4.153 Executing  VM operation: ChangeBreakpoints
Event: 4.153 Executing  VM operation: ChangeBreakpoints done
Event: 4.160 Loaded shared library C:\Users\user\AppData\Local\Temp\lwjgluser\3.2.3-build-13\lwjgl_opengl.dll
Event: 4.165 Executing  VM operation: HandshakeAllThreads
Event: 4.165 Executing  VM operation: HandshakeAllThreads done
Event: 4.244 loading class jdk/internal/reflect/UnsafeQualifiedLongFieldAccessorImpl
Event: 4.245 loading class jdk/internal/reflect/UnsafeQualifiedFieldAccessorImpl
Event: 4.245 loading class jdk/internal/reflect/UnsafeQualifiedFieldAccessorImpl done
Event: 4.245 loading class jdk/internal/reflect/UnsafeQualifiedLongFieldAccessorImpl done
Event: 4.258 loading class java/nio/HeapIntBuffer
Event: 4.258 loading class java/nio/HeapIntBuffer done


Dynamic libraries:
0x00007ff655ba0000 - 0x00007ff655bae000 	C:\Program Files\Java\jdk-16.0.2\bin\java.exe
0x00007ffe99e70000 - 0x00007ffe9a065000 	C:\WINDOWS\SYSTEM32\ntdll.dll
0x00007ffe98b20000 - 0x00007ffe98bde000 	C:\WINDOWS\System32\KERNEL32.DLL
0x00007ffe97870000 - 0x00007ffe97b39000 	C:\WINDOWS\System32\KERNELBASE.dll
0x00007ffe97590000 - 0x00007ffe97690000 	C:\WINDOWS\System32\ucrtbase.dll
0x00007ffe733c0000 - 0x00007ffe733d9000 	C:\Program Files\Java\jdk-16.0.2\bin\VCRUNTIME140.dll
0x00007ffe73370000 - 0x00007ffe73388000 	C:\Program Files\Java\jdk-16.0.2\bin\jli.dll
0x00007ffe98000000 - 0x00007ffe981a1000 	C:\WINDOWS\System32\USER32.dll
0x00007ffe97c50000 - 0x00007ffe97c72000 	C:\WINDOWS\System32\win32u.dll
0x00007ffe86590000 - 0x00007ffe8682a000 	C:\WINDOWS\WinSxS\amd64_microsoft.windows.common-controls_6595b64144ccf1df_6.0.19041.1110_none_60b5254171f9507e\COMCTL32.dll
0x00007ffe993d0000 - 0x00007ffe993fb000 	C:\WINDOWS\System32\GDI32.dll
0x00007ffe98520000 - 0x00007ffe985be000 	C:\WINDOWS\System32\msvcrt.dll
0x00007ffe97b40000 - 0x00007ffe97c4b000 	C:\WINDOWS\System32\gdi32full.dll
0x00007ffe97740000 - 0x00007ffe977dd000 	C:\WINDOWS\System32\msvcp_win.dll
0x00007ffe98bf0000 - 0x00007ffe98c20000 	C:\WINDOWS\System32\IMM32.DLL
0x00007ffe7f540000 - 0x00007ffe7f54c000 	C:\Program Files\Java\jdk-16.0.2\bin\vcruntime140_1.dll
0x00007ffe544d0000 - 0x00007ffe54561000 	C:\Program Files\Java\jdk-16.0.2\bin\msvcp140.dll
0x00007ffde7010000 - 0x00007ffde7bbb000 	C:\Program Files\Java\jdk-16.0.2\bin\server\jvm.dll
0x00007ffe99400000 - 0x00007ffe994ac000 	C:\WINDOWS\System32\ADVAPI32.dll
0x00007ffe98480000 - 0x00007ffe9851b000 	C:\WINDOWS\System32\sechost.dll
0x00007ffe97ed0000 - 0x00007ffe97ffa000 	C:\WINDOWS\System32\RPCRT4.dll
0x00007ffe97ec0000 - 0x00007ffe97ec8000 	C:\WINDOWS\System32\PSAPI.DLL
0x00007ffe92a50000 - 0x00007ffe92a5a000 	C:\WINDOWS\SYSTEM32\VERSION.dll
0x00007ffe92d60000 - 0x00007ffe92d69000 	C:\WINDOWS\SYSTEM32\WSOCK32.dll
0x00007ffe8a2c0000 - 0x00007ffe8a2e7000 	C:\WINDOWS\SYSTEM32\WINMM.dll
0x00007ffe98c20000 - 0x00007ffe98c8b000 	C:\WINDOWS\System32\WS2_32.dll
0x00007ffe954b0000 - 0x00007ffe954c2000 	C:\WINDOWS\SYSTEM32\kernel.appcore.dll
0x00007ffe7f510000 - 0x00007ffe7f51a000 	C:\Program Files\Java\jdk-16.0.2\bin\jimage.dll
0x00007ffe8fb80000 - 0x00007ffe8fd64000 	C:\WINDOWS\SYSTEM32\DBGHELP.DLL
0x00007ffe88070000 - 0x00007ffe8809c000 	C:\WINDOWS\SYSTEM32\dbgcore.DLL
0x00007ffe977e0000 - 0x00007ffe97863000 	C:\WINDOWS\System32\bcryptPrimitives.dll
0x00007ffe54490000 - 0x00007ffe544cb000 	C:\Program Files\Java\jdk-16.0.2\bin\jdwp.dll
0x00007ffe72b10000 - 0x00007ffe72b35000 	C:\Program Files\Java\jdk-16.0.2\bin\java.dll
0x00007ffe98c90000 - 0x00007ffe993cf000 	C:\WINDOWS\System32\SHELL32.dll
0x00007ffe956b0000 - 0x00007ffe95e40000 	C:\WINDOWS\SYSTEM32\windows.storage.dll
0x00007ffe994b0000 - 0x00007ffe99805000 	C:\WINDOWS\System32\combase.dll
0x00007ffe96fe0000 - 0x00007ffe9700c000 	C:\WINDOWS\SYSTEM32\Wldp.dll
0x00007ffe981b0000 - 0x00007ffe9825d000 	C:\WINDOWS\System32\SHCORE.dll
0x00007ffe98420000 - 0x00007ffe98475000 	C:\WINDOWS\System32\shlwapi.dll
0x00007ffe974d0000 - 0x00007ffe974ef000 	C:\WINDOWS\SYSTEM32\profapi.dll
0x00007ffe72b00000 - 0x00007ffe72b0c000 	C:\Program Files\Java\jdk-16.0.2\bin\dt_socket.dll
0x00007ffe969e0000 - 0x00007ffe96a1b000 	C:\WINDOWS\SYSTEM32\IPHLPAPI.DLL
0x00007ffe96d40000 - 0x00007ffe96daa000 	C:\WINDOWS\system32\mswsock.dll
0x00007ffe72a90000 - 0x00007ffe72aa9000 	C:\Program Files\Java\jdk-16.0.2\bin\net.dll
0x00007ffe90df0000 - 0x00007ffe90ef8000 	C:\WINDOWS\SYSTEM32\WINHTTP.dll
0x00007ffe70d10000 - 0x00007ffe70d23000 	C:\Program Files\Java\jdk-16.0.2\bin\nio.dll
0x00007ffe6fdd0000 - 0x00007ffe6fde8000 	C:\Program Files\Java\jdk-16.0.2\bin\zip.dll
0x00007ffe07f10000 - 0x00007ffe07f74000 	C:\Users\user\AppData\Local\Temp\lwjgluser\3.2.3-build-13\lwjgl.dll
0x00007ffdf6c80000 - 0x00007ffdf6ce2000 	C:\Users\user\AppData\Local\Temp\lwjgluser\3.2.3-build-13\glfw.dll
0x00007ffe94f30000 - 0x00007ffe94fce000 	C:\WINDOWS\system32\uxtheme.dll
0x00007ffe52c70000 - 0x00007ffe52cb5000 	C:\WINDOWS\SYSTEM32\dinput8.dll
0x00007ffe57330000 - 0x00007ffe57341000 	C:\WINDOWS\SYSTEM32\xinput1_4.dll
0x00007ffe976f0000 - 0x00007ffe9773e000 	C:\WINDOWS\System32\cfgmgr32.dll
0x00007ffe97330000 - 0x00007ffe97364000 	C:\WINDOWS\SYSTEM32\DEVOBJ.dll
0x00007ffe952d0000 - 0x00007ffe952ff000 	C:\WINDOWS\SYSTEM32\dwmapi.dll
0x00007ffe83fd0000 - 0x00007ffe84122000 	C:\WINDOWS\SYSTEM32\inputhost.dll
0x00007ffe98350000 - 0x00007ffe9841d000 	C:\WINDOWS\System32\OLEAUT32.dll
0x00007ffe94bb0000 - 0x00007ffe94ca2000 	C:\WINDOWS\SYSTEM32\CoreMessaging.dll
0x00007ffe94180000 - 0x00007ffe942d4000 	C:\WINDOWS\SYSTEM32\wintypes.dll
0x00007ffe92580000 - 0x00007ffe92676000 	C:\WINDOWS\SYSTEM32\PROPSYS.dll
0x00007ffe94850000 - 0x00007ffe94bae000 	C:\WINDOWS\SYSTEM32\CoreUIComponents.dll
0x00007ffe96280000 - 0x00007ffe962b3000 	C:\WINDOWS\SYSTEM32\ntmarta.dll
0x00007ffe57600000 - 0x00007ffe577e1000 	C:\Program Files (x86)\Stardock\Fences\FencesMenu64.dll
0x00007ffe99870000 - 0x00007ffe9999a000 	C:\WINDOWS\System32\ole32.dll
0x00007ffe92eb0000 - 0x00007ffe92ec4000 	C:\WINDOWS\SYSTEM32\WTSAPI32.dll
0x00007ffe97450000 - 0x00007ffe9747e000 	C:\WINDOWS\SYSTEM32\USERENV.dll
0x00007ffe7fac0000 - 0x00007ffe7fc69000 	C:\WINDOWS\WinSxS\amd64_microsoft.windows.gdiplus_6595b64144ccf1df_1.1.19041.1288_none_91a663c8cc864906\gdiplus.dll
0x00007ffe874b0000 - 0x00007ffe874d2000 	C:\Program Files\MenuTools\MenuToolsHook64.dll
0x00007ffe999a0000 - 0x00007ffe99ab5000 	C:\WINDOWS\System32\MSCTF.dll
0x00007ffe95e40000 - 0x00007ffe95e4d000 	C:\WINDOWS\SYSTEM32\HID.DLL
0x00007ffe986a0000 - 0x00007ffe98b12000 	C:\WINDOWS\System32\SETUPAPI.DLL
0x00007ffe97c80000 - 0x00007ffe97ca7000 	C:\WINDOWS\System32\bcrypt.dll
0x00007ffe97690000 - 0x00007ffe976f0000 	C:\WINDOWS\System32\WINTRUST.dll
0x00007ffe97cb0000 - 0x00007ffe97e06000 	C:\WINDOWS\System32\CRYPT32.dll
0x00007ffe97170000 - 0x00007ffe97182000 	C:\WINDOWS\SYSTEM32\MSASN1.dll
0x00007ffe7b520000 - 0x00007ffe7b645000 	C:\WINDOWS\SYSTEM32\opengl32.dll
0x00007ffe7b4f0000 - 0x00007ffe7b51c000 	C:\WINDOWS\SYSTEM32\GLU32.dll
0x00007ffe99c90000 - 0x00007ffe99d39000 	C:\WINDOWS\System32\clbcatq.dll
0x00007ffe24dc0000 - 0x00007ffe24dec000 	C:\WINDOWS\System32\DriverStore\FileRepository\u0371621.inf_amd64_f6054ee530919325\B371622\atig6pxx.dll
0x00007ffe14960000 - 0x00007ffe177a3000 	C:\WINDOWS\System32\DriverStore\FileRepository\u0371621.inf_amd64_f6054ee530919325\B371622\atio6axx.dll
0x00007ffe7aff0000 - 0x00007ffe7b014000 	C:\WINDOWS\SYSTEM32\dxva2.dll
0x00007ffe14890000 - 0x00007ffe148cf000 	C:\WINDOWS\System32\DriverStore\FileRepository\u0371621.inf_amd64_f6054ee530919325\B371622\atig6txx.dll
0x00007ffe20f20000 - 0x00007ffe210ec000 	C:\WINDOWS\SYSTEM32\atiadlxx.dll
0x00007ffe7c9a0000 - 0x00007ffe7c9e9000 	C:\WINDOWS\SYSTEM32\pdh.dll
0x00007ffe8a730000 - 0x00007ffe8a76b000 	C:\WINDOWS\SYSTEM32\dxcore.dll
0x00007ffe84130000 - 0x00007ffe84229000 	C:\WINDOWS\SYSTEM32\textinputframework.dll
0x00007ffe87840000 - 0x00007ffe878a6000 	C:\WINDOWS\system32\Oleacc.dll
0x00007ffdf5110000 - 0x00007ffdf5169000 	C:\Users\user\AppData\Local\Temp\lwjgluser\3.2.3-build-13\lwjgl_opengl.dll

dbghelp: loaded successfully - version: 4.0.5 - missing functions: none
symbol engine: initialized successfully - sym options: 0x614 - pdb path: .;C:\Program Files\Java\jdk-16.0.2\bin;C:\WINDOWS\SYSTEM32;C:\WINDOWS\WinSxS\amd64_microsoft.windows.common-controls_6595b64144ccf1df_6.0.19041.1110_none_60b5254171f9507e;C:\Program Files\Java\jdk-16.0.2\bin\server;C:\Users\user\AppData\Local\Temp\lwjgluser\3.2.3-build-13;C:\Program Files (x86)\Stardock\Fences;C:\WINDOWS\WinSxS\amd64_microsoft.windows.gdiplus_6595b64144ccf1df_1.1.19041.1288_none_91a663c8cc864906;C:\Program Files\MenuTools;C:\WINDOWS\System32\DriverStore\FileRepository\u0371621.inf_amd64_f6054ee530919325\B371622

VM Arguments:
jvm_args: -agentlib:jdwp=transport=dt_socket,server=n,suspend=y,address=127.0.0.1:5246 -Dfile.encoding=windows-1252 -Duser.country=US -Duser.language=en -Duser.variant 
java_command: _0_1.mainPackage.Main
java_class_path (initial): D:\Programming\School\JavaGL2\build\classes\java\main;D:\Programming\School\JavaGL2\build\resources\main;C:\Users\user\.gradle\caches\modules-2\files-2.1\org.lwjgl\lwjgl-nanovg\3.2.3\718be4a13691d1cd276fa852326e9e837d65204e\lwjgl-nanovg-3.2.3.jar;C:\Users\user\.gradle\caches\modules-2\files-2.1\org.lwjgl\lwjgl-nfd\3.2.3\c44fee1043c022cf6614a28872d44cf114ca7737\lwjgl-nfd-3.2.3.jar;C:\Users\user\.gradle\caches\modules-2\files-2.1\org.lwjgl\lwjgl-shaderc\3.2.3\3612d4ed5466d100b7cf31f188530c3bdaa23145\lwjgl-shaderc-3.2.3.jar;C:\Users\user\.gradle\caches\modules-2\files-2.1\org.lwjgl\lwjgl-assimp\3.2.3\f62aa07a20afbdd3097efc296c4841e0d29700eb\lwjgl-assimp-3.2.3.jar;C:\Users\user\.gradle\caches\modules-2\files-2.1\org.lwjgl\lwjgl-assimp\3.2.3\4e60aeb75f0343c4a9ede4ef8b6b32ca702a00a3\lwjgl-assimp-3.2.3-natives-windows.jar;C:\Users\user\.gradle\caches\modules-2\files-2.1\org.lwjgl\lwjgl-glfw\3.2.3\5e520d5c290c8b012545a8d34fa5db5ab051ea53\lwjgl-glfw-3.2.3.jar;C:\Users\user\.gradle\caches\modules-2\files-2.1\org.lwjgl\lwjgl-glfw\3.2.3\b4d8a3477cdc2edcf7a5f1e822926be846223f54\lwjgl-glfw-3.2.3-natives-windows.jar;C:\Users\user\.gradle\caches\modules-2\files-2.1\org.lwjgl\lwjgl-openal\3.2.3\106742e805803ab9eab8e343f0fb31a3d263903c\lwjgl-openal-3.2.3.jar;C:\Users\user\.gradle\caches\modules-2\files-2.1\org.lwjgl\lwjgl-openal\3.2.3\ec898e8ce11b5886f4f532a1536283ef2817758d\lwjgl-openal-3.2.3-natives-windows.jar;C:\Users\user\.gradle\caches\modules-2\files-2.1\org.lwjgl\lwjgl-opengl\3.2.3\bdd534a323d0c8f54969b95e424b6ac8984f7d6e\lwjgl-opengl-3.2.3.jar;C:\Users\user\.gradle\caches\modules-2\files-2.1\org.lwjgl\lwjgl-opengl\3.2.3\e81cfc73ec8708e5e791ed770e4ec3edfc1bbab1\lwjgl-opengl-3.2.3-natives-windows.jar;C:\Users\user\.gradle\caches\modules-2\files-2.1\org.lwjgl\lwjgl-stb\3.2.3\40eccaa4fa86fc815f2e17946a392fb5fdcc286a\lwjgl-stb-3.2.3.jar;C:\Users\user\.gradle\caches\modules-2\files-2.1\org.lwjgl\lwjgl-stb\3.2.3\817b21ec286f0ba3dcedb56a3bd275e6a9345be9\
Launcher Type: SUN_STANDARD

[Global flags]
     intx CICompilerCount                          = 4                                         {product} {ergonomic}
     uint ConcGCThreads                            = 3                                         {product} {ergonomic}
     uint G1ConcRefinementThreads                  = 10                                        {product} {ergonomic}
   size_t G1HeapRegionSize                         = 4194304                                   {product} {ergonomic}
    uintx GCDrainStackTargetSize                   = 64                                        {product} {ergonomic}
   size_t InitialHeapSize                          = 536870912                                 {product} {ergonomic}
   size_t MarkStackSize                            = 4194304                                   {product} {ergonomic}
   size_t MaxHeapSize                              = 8577351680                                {product} {ergonomic}
   size_t MaxNewSize                               = 5146411008                                {product} {ergonomic}
   size_t MinHeapDeltaBytes                        = 4194304                                   {product} {ergonomic}
   size_t MinHeapSize                              = 8388608                                   {product} {ergonomic}
    uintx NonNMethodCodeHeapSize                   = 5839372                                {pd product} {ergonomic}
    uintx NonProfiledCodeHeapSize                  = 122909434                              {pd product} {ergonomic}
    uintx ProfiledCodeHeapSize                     = 122909434                              {pd product} {ergonomic}
    uintx ReservedCodeCacheSize                    = 251658240                              {pd product} {ergonomic}
     bool SegmentedCodeCache                       = true                                      {product} {ergonomic}
   size_t SoftMaxHeapSize                          = 8577351680                             {manageable} {ergonomic}
     bool UseCompressedClassPointers               = true                           {product lp64_product} {ergonomic}
     bool UseCompressedOops                        = true                           {product lp64_product} {ergonomic}
     bool UseG1GC                                  = true                                      {product} {ergonomic}
     bool UseLargePagesIndividualAllocation        = false                                  {pd product} {ergonomic}

Logging:
Log output configuration:
 #0: stdout all=warning uptime,level,tags
 #1: stderr all=off uptime,level,tags

Environment Variables:
PATH=C:\Program Files\Common Files\Oracle\Java\javapath;C:\Python27\;C:\Python27\Scripts;C:\Program Files (x86)\Common Files\Intel\Shared Libraries\redist\intel64\compiler;C:\Python39\Scripts\;C:\Python39\;C:\Program Files (x86)\Common Files\Oracle\Java\javapath;C:\Python38\Scripts\;C:\Python38\;C:\Windows\system32;C:\Windows;C:\Windows\System32\Wbem;C:\Windows\System32\WindowsPowerShell\v1.0\;C:\Windows\System32\OpenSSH\;C:\Program Files (x86)\Cmder;C:\ProgramData\chocolatey\bin;C:\Program Files\dotnet\;C:\Program Files (x86)\Wolfram Research\WolframScript\;C:\Program Files\Docker\Docker\resources\bin;C:\ProgramData\DockerDesktop\version-bin;C:\Program Files\Calibre2\;C:\WINDOWS\system32;C:\WINDOWS;C:\WINDOWS\System32\Wbem;C:\WINDOWS\System32\WindowsPowerShell\v1.0\;C:\WINDOWS\System32\OpenSSH\;C:\Program Files\PowerShell\7\;C:\Program Files\Git\cmd;C:\Program Files\Git LFS;C:\Program Files\Perforce\;C:\Program Files\Perforce;C:\Program Files\CMake\bin;C:\Program Files\nodejs\;C:\Program Files\Go\bin;C:\MinGW\bin;C:\Program Files\Microsoft SQL Server\130\Tools\Binn\;C:\Program Files\Microsoft SQL Server\Client SDK\ODBC\170\Tools\Binn\;D:\VSTs32\64klang;;C:\Program Files\Tundra 2.0\bin;C:\Program Files\MySQL\MySQL Shell 8.0\bin\;C:\Program Files (x86)\Common Files\Intel\Shared Libraries\redist\intel64_win\compiler;C:\Users\user\AppData\Local\Microsoft\WindowsApps;C:\Users\user\AppData\Local\Programs\Microsoft VS Code\bin;C:\Program Files\ffmpeg\bin;C:\Program Files\NASM;C:\Users\user\Downloads\GIF;C:\Users\user\AppData\Roaming\Python\Python38\Scripts;C:\Users\user\AppData\Local\GitHubDesktop\bin;C:\Users\user\AppData\Roaming\npm;C:\Users\user\go\bin;C:\Users\user\.dotnet\tools;C:\Users\user\spicetify-cli;C:\Users\user\.dotnet\tools
USERNAME=user
OS=Windows_NT
PROCESSOR_IDENTIFIER=AMD64 Family 25 Model 33 Stepping 0, AuthenticAMD



---------------  S Y S T E M  ---------------

OS:
 Windows 10 , 64 bit Build 19041 (10.0.19041.1202)
OS uptime: 6 days 2:33 hours

CPU: total 12 (initial active 12) (12 cores per cpu, 2 threads per core) family 25 model 33 stepping 0 microcode 0x0, cx8, cmov, fxsr, ht, mmx, 3dnowpref, sse, sse2, sse3, ssse3, sse4a, sse4.1, sse4.2, popcnt, lzcnt, tsc, tscinvbit, avx, avx2, aes, erms, clmul, bmi1, bmi2, adx, sha, fma, vzeroupper, clflush, clflushopt

Memory: 4k page, system-wide physical 32712M (4105M free)
TotalPageFile size 83084M (AvailPageFile size 8972M)
current process WorkingSet (physical memory assigned to process): 96M, peak: 96M
current process commit charge ("private bytes"): 692M, peak: 692M

vm_info: OpenJDK 64-Bit Server VM (16.0.2+7-67) for windows-amd64 JRE (16.0.2+7-67), built on Jun  8 2021 23:21:43 by "mach5one" with MS VC++ 16.7 (VS2019)

END.
