#
# A fatal error has been detected by the Java Runtime Environment:
#
#  EXCEPTION_ACCESS_VIOLATION (0xc0000005) at pc=0x00007ffe26551983, pid=155500, tid=155004
#
# JRE version: Java(TM) SE Runtime Environment (17.0+35) (build 17+35-LTS-2724)
# Java VM: Java HotSpot(TM) 64-Bit Server VM (17+35-LTS-2724, mixed mode, sharing, tiered, compressed oops, compressed class ptrs, g1 gc, windows-amd64)
# Problematic frame:
# V  [jvm.dll+0x7a1983]
#
# No core dump will be written. Minidumps are not enabled by default on client versions of Windows
#
# If you would like to submit a bug report, please visit:
#   https://bugreport.java.com/bugreport/crash.jsp
#

---------------  S U M M A R Y ------------

Command Line: -agentlib:jdwp=transport=dt_socket,address=127.0.0.1:6662,suspend=y,server=n -Djna.library.path=D:\Programming\School\JavaGL2\src -javaagent:C:\Users\user\AppData\Local\JetBrains\IntelliJIdea2021.2\groovyHotSwap\gragent.jar -javaagent:C:\Users\user\AppData\Local\JetBrains\IntelliJIdea2021.2\captureAgent\debugger-agent.jar -Dfile.encoding=windows-1252 sketches._2021_10.Dayblabla

Host: AMD Ryzen 5 5600X 6-Core Processor             , 12 cores, 31G,  Windows 10 , 64 bit Build 19041 (10.0.19041.1202)
Time: Tue Nov  2 11:17:44 2021 FLE Standard Time elapsed time: 42.136770 seconds (0d 0h 0m 42s)

---------------  T H R E A D  ---------------

Current thread (0x000001801af50b20):  JavaThread "main" [_thread_in_vm, id=155004, stack(0x0000001153000000,0x0000001153100000)]

Stack: [0x0000001153000000,0x0000001153100000],  sp=0x00000011530fe6a0,  free space=1017k
Native frames: (J=compiled Java code, j=interpreted, Vv=VM code, C=native code)
V  [jvm.dll+0x7a1983]
C  0x0000018022761366

Java frames: (J=compiled Java code, j=interpreted, Vv=VM code)
j  jdk.internal.misc.Unsafe.getLong(Ljava/lang/Object;J)J+0 java.base@17
j  sun.misc.Unsafe.getLong(Ljava/lang/Object;J)J+5 jdk.unsupported@17
j  org.lwjgl.system.MemoryUtil.memCopyAligned(JJI)V+31
j  org.lwjgl.system.MultiReleaseMemCopy.copy(JJJ)V+34
j  org.lwjgl.system.MemoryUtil.memCopy(JJJ)V+37
j  org.lwjgl.assimp.AINode.nmTransformation(JLorg/lwjgl/assimp/AIMatrix4x4;)V+14
j  org.lwjgl.assimp.AINode.mTransformation(Lorg/lwjgl/assimp/AIMatrix4x4;)Lorg/lwjgl/assimp/AINode;+5
j  _0_1.wrightgl.Model.loadFile(Ljava/lang/String;Ljava/lang/String;)Z+848
j  _0_1.wrightgl.Model.<init>(Ljava/lang/String;Ljava/lang/String;)V+61
j  _0_1.wrightgl.Model.<init>(Ljava/lang/String;Ljava/lang/String;ILkotlin/jvm/internal/DefaultConstructorMarker;)V+22
j  sketches._2021_10.Dayblabla.<init>(L_0_1/engine/Engine;)V+337
v  ~StubRoutines::call_stub
j  jdk.internal.reflect.NativeConstructorAccessorImpl.newInstance0(Ljava/lang/reflect/Constructor;[Ljava/lang/Object;)Ljava/lang/Object;+0 java.base@17
j  jdk.internal.reflect.NativeConstructorAccessorImpl.newInstance([Ljava/lang/Object;)Ljava/lang/Object;+118 java.base@17
j  jdk.internal.reflect.DelegatingConstructorAccessorImpl.newInstance([Ljava/lang/Object;)Ljava/lang/Object;+5 java.base@17
j  java.lang.reflect.Constructor.newInstanceWithCaller([Ljava/lang/Object;ZLjava/lang/Class;)Ljava/lang/Object;+65 java.base@17
j  java.lang.reflect.Constructor.newInstance([Ljava/lang/Object;)Ljava/lang/Object;+30 java.base@17
j  _0_1.engine.Engine$Companion.startSketch(Ljava/lang/Class;L_0_1/engine/Engine$Settings;)V+119
j  sketches._2021_10.Dayblabla$Companion.main([Ljava/lang/String;)V+64
j  sketches._2021_10.Dayblabla.main([Ljava/lang/String;)V+4
v  ~StubRoutines::call_stub

siginfo: EXCEPTION_ACCESS_VIOLATION (0xc0000005), reading address 0x0000000000000010


Register to memory mapping:

RIP=0x00007ffe26551983 jvm.dll
RAX=0x0 is NULL
RBX=0x000001801af50b20 is a thread
RCX=0x000001801af50dc8 points into unknown readable memory: 0x0000018048c75670 | 70 56 c7 48 80 01 00 00
RDX=0x00000011530fe798 is pointing into the stack for thread: 0x000001801af50b20
RSP=0x00000011530fe6a0 is pointing into the stack for thread: 0x000001801af50b20
RBP=0x00000011530fe760 is pointing into the stack for thread: 0x000001801af50b20
RSI=0x0000000000000010 is an unknown value
RDI=0x0 is NULL
R8 =0x0 is NULL
R9 =0x0000000000000010 is an unknown value
R10=0x0000018022761337 is at code_begin+1911 in an Interpreter codelet
method entry point (kind = native)  [0x0000018022760bc0, 0x0000018022761ce0]  4384 bytes
R11=0x0000000000000101 is an unknown value
R12=0x0 is NULL
R13=0x0000000800b00f08 is pointing into metadata
R14=0x00000011530fe798 is pointing into the stack for thread: 0x000001801af50b20
R15=0x000001801af50b20 is a thread


Registers:
RAX=0x0000000000000000, RBX=0x000001801af50b20, RCX=0x000001801af50dc8, RDX=0x00000011530fe798
RSP=0x00000011530fe6a0, RBP=0x00000011530fe760, RSI=0x0000000000000010, RDI=0x0000000000000000
R8 =0x0000000000000000, R9 =0x0000000000000010, R10=0x0000018022761337, R11=0x0000000000000101
R12=0x0000000000000000, R13=0x0000000800b00f08, R14=0x00000011530fe798, R15=0x000001801af50b20
RIP=0x00007ffe26551983, EFLAGS=0x0000000000010246

Top of Stack: (sp=0x00000011530fe6a0)
0x00000011530fe6a0:   00000011530fe760 00000011530fe718
0x00000011530fe6b0:   00000011530fe718 0000018022760e1d
0x00000011530fe6c0:   0000018022759efa 0000018022761366
0x00000011530fe6d0:   00000008003fc688 0000000000000000
0x00000011530fe6e0:   0000018022759efa 0000018022760e76
0x00000011530fe6f0:   00000008003fc688 00000011530fe7a0
0x00000011530fe700:   00000011530fe7a0 000001802275fa7c
0x00000011530fe710:   0000018022760e1d 00000011530fe718
0x00000011530fe720:   0000000800b00f08 00000011530fe798
0x00000011530fe730:   00000008003f97d0 0000000000000000
0x00000011530fe740:   000000061f027788 00000008003fc688
0x00000011530fe750:   0000000000000000 00000011530fe780
0x00000011530fe760:   00000011530fe7e8 000001802275a218
0x00000011530fe770:   0000000000000000 000001802275d4f7
0x00000011530fe780:   0000000000000010 0000000000000000
0x00000011530fe790:   0000000000000000 000000061f003ec8 

Instructions: (pc=0x00007ffe26551983)
0x00007ffe26551883:   48 8b 47 08 48 8b d3 48 89 48 10 48 8b 4f 08 48
0x00007ffe26551893:   8b 47 18 48 89 41 18 48 8b 4f 08 48 8b 47 20 48
0x00007ffe265518a3:   89 41 20 48 8d 8b 88 02 00 00 e8 2e 4b b2 ff 48
0x00007ffe265518b3:   8b 74 24 38 c7 83 38 03 00 00 04 00 00 00 48 8b
0x00007ffe265518c3:   5c 24 30 48 83 c4 20 5f c3 cc cc cc cc 48 89 5c
0x00007ffe265518d3:   24 08 48 89 74 24 10 57 48 83 ec 20 8b 81 b8 00
0x00007ffe265518e3:   00 00 48 8d 99 58 fd ff ff 05 55 21 ff ff 49 8b
0x00007ffe265518f3:   f1 49 8b f8 83 f8 01 76 0a 48 8b cb e8 0c ce fd
0x00007ffe26551903:   ff 33 db c7 83 38 03 00 00 05 00 00 00 e8 3b f5
0x00007ffe26551913:   eb ff 48 8b 83 40 03 00 00 a8 01 74 0a b2 01 48
0x00007ffe26551923:   8b cb e8 f6 e9 f2 ff 83 bb 2c 03 00 00 00 75 0a
0x00007ffe26551933:   8b 83 28 03 00 00 a8 0c 74 0a 33 d2 48 8b cb e8
0x00007ffe26551943:   a9 f5 fd ff c7 83 38 03 00 00 06 00 00 00 48 85
0x00007ffe26551953:   ff 74 26 40 f6 c7 01 74 0c 48 8d 4f ff ff 15 fa
0x00007ffe26551963:   f4 2d 00 eb 09 48 8b cf ff 15 af 76 2d 00 48 85
0x00007ffe26551973:   c0 74 06 48 8b 34 30 eb 11 c6 83 68 03 00 00 01
0x00007ffe26551983:   48 8b 36 c6 83 68 03 00 00 00 48 8b bb e8 00 00
0x00007ffe26551993:   00 48 8b 47 10 48 83 38 00 74 0c 48 8b cf e8 aa
0x00007ffe265519a3:   56 ba ff 48 8b 47 10 48 8b 4f 08 48 89 41 10 48
0x00007ffe265519b3:   8b 57 08 48 8b 4f 18 48 89 4a 18 48 8b 57 08 48
0x00007ffe265519c3:   8b 4f 20 48 89 4a 20 48 8d 8b 88 02 00 00 48 8b
0x00007ffe265519d3:   d3 e8 07 4a b2 ff c7 83 38 03 00 00 04 00 00 00
0x00007ffe265519e3:   48 8b c6 48 8b 5c 24 30 48 8b 74 24 38 48 83 c4
0x00007ffe265519f3:   20 5f c3 cc cc cc cc cc cc cc cc cc cc 48 89 5c
0x00007ffe26551a03:   24 08 48 89 74 24 10 57 48 83 ec 20 8b 81 b8 00
0x00007ffe26551a13:   00 00 48 8d 99 58 fd ff ff 05 55 21 ff ff 49 8b
0x00007ffe26551a23:   f1 49 8b f8 83 f8 01 76 0a 48 8b cb e8 dc cc fd
0x00007ffe26551a33:   ff 33 db c7 83 38 03 00 00 05 00 00 00 e8 0b f4
0x00007ffe26551a43:   eb ff 48 8b 83 40 03 00 00 a8 01 74 0a b2 01 48
0x00007ffe26551a53:   8b cb e8 c6 e8 f2 ff 83 bb 2c 03 00 00 00 75 0a
0x00007ffe26551a63:   8b 83 28 03 00 00 a8 0c 74 0a 33 d2 48 8b cb e8
0x00007ffe26551a73:   79 f4 fd ff c7 83 38 03 00 00 06 00 00 00 48 85 


Stack slot to memory mapping:
stack at sp + 0 slots: 0x00000011530fe760 is pointing into the stack for thread: 0x000001801af50b20
stack at sp + 1 slots: 0x00000011530fe718 is pointing into the stack for thread: 0x000001801af50b20
stack at sp + 2 slots: 0x00000011530fe718 is pointing into the stack for thread: 0x000001801af50b20
stack at sp + 3 slots: 0x0000018022760e1d is at code_begin+605 in an Interpreter codelet
method entry point (kind = native)  [0x0000018022760bc0, 0x0000018022761ce0]  4384 bytes
stack at sp + 4 slots: 0x0000018022759efa is at code_begin+3482 in an Interpreter codelet
return entry points  [0x0000018022759160, 0x000001802275b380]  8736 bytes
stack at sp + 5 slots: 0x0000018022761366 is at code_begin+1958 in an Interpreter codelet
method entry point (kind = native)  [0x0000018022760bc0, 0x0000018022761ce0]  4384 bytes
stack at sp + 6 slots: {method} {0x00000008003fc690} 'getLong' '(Ljava/lang/Object;J)J' in 'jdk/internal/misc/Unsafe'
stack at sp + 7 slots: 0x0 is NULL


---------------  P R O C E S S  ---------------

Threads class SMR info:
_java_thread_list=0x000001804fc2ddd0, length=17, elements={
0x000001801af50b20, 0x00000180478bd400, 0x00000180478c0930, 0x00000180478d45a0,
0x00000180478d5060, 0x00000180478d81d0, 0x00000180478d9230, 0x00000180478ddd50,
0x00000180478de650, 0x0000018048438490, 0x00000180478a5ef0, 0x00000180485ba850,
0x00000180485c9320, 0x00000180485c9810, 0x00000180487ec630, 0x000001804881cfa0,
0x000001804fc2df20
}

Java Threads: ( => current thread )
=>0x000001801af50b20 JavaThread "main" [_thread_in_vm, id=155004, stack(0x0000001153000000,0x0000001153100000)]
  0x00000180478bd400 JavaThread "Reference Handler" daemon [_thread_blocked, id=159296, stack(0x0000001153700000,0x0000001153800000)]
  0x00000180478c0930 JavaThread "Finalizer" daemon [_thread_blocked, id=157908, stack(0x0000001153800000,0x0000001153900000)]
  0x00000180478d45a0 JavaThread "Signal Dispatcher" daemon [_thread_blocked, id=149184, stack(0x0000001153900000,0x0000001153a00000)]
  0x00000180478d5060 JavaThread "Attach Listener" daemon [_thread_blocked, id=145596, stack(0x0000001153a00000,0x0000001153b00000)]
  0x00000180478d81d0 JavaThread "Service Thread" daemon [_thread_blocked, id=144644, stack(0x0000001153b00000,0x0000001153c00000)]
  0x00000180478d9230 JavaThread "Monitor Deflation Thread" daemon [_thread_blocked, id=65424, stack(0x0000001153c00000,0x0000001153d00000)]
  0x00000180478ddd50 JavaThread "C2 CompilerThread0" daemon [_thread_blocked, id=148732, stack(0x0000001153d00000,0x0000001153e00000)]
  0x00000180478de650 JavaThread "C1 CompilerThread0" daemon [_thread_blocked, id=156652, stack(0x0000001153e00000,0x0000001153f00000)]
  0x0000018048438490 JavaThread "Sweeper thread" daemon [_thread_blocked, id=157620, stack(0x0000001153f00000,0x0000001154000000)]
  0x00000180478a5ef0 JavaThread "Common-Cleaner" daemon [_thread_blocked, id=147936, stack(0x0000001154000000,0x0000001154100000)]
  0x00000180485ba850 JavaThread "JDWP Transport Listener: dt_socket" daemon [_thread_blocked, id=146836, stack(0x0000001154100000,0x0000001154200000)]
  0x00000180485c9320 JavaThread "JDWP Event Helper Thread" daemon [_thread_blocked, id=141432, stack(0x0000001154200000,0x0000001154300000)]
  0x00000180485c9810 JavaThread "JDWP Command Reader" daemon [_thread_in_native, id=153256, stack(0x0000001154300000,0x0000001154400000)]
  0x00000180487ec630 JavaThread "Notification Thread" daemon [_thread_blocked, id=140884, stack(0x0000001154400000,0x0000001154500000)]
  0x000001804881cfa0 JavaThread "Thread-1" [_thread_blocked, id=4824, stack(0x0000001155300000,0x0000001155400000)]
  0x000001804fc2df20 JavaThread "FileSystemWatchService" daemon [_thread_in_native, id=64656, stack(0x0000001155400000,0x0000001155500000)]

Other Threads:
  0x00000180478b7890 VMThread "VM Thread" [stack: 0x0000001153600000,0x0000001153700000] [id=137804]
  0x000001804881e110 WatcherThread [stack: 0x0000001154500000,0x0000001154600000] [id=155684]
  0x0000018018e3e820 GCTaskThread "GC Thread#0" [stack: 0x0000001153100000,0x0000001153200000] [id=161084]
  0x0000018050080660 GCTaskThread "GC Thread#1" [stack: 0x0000001154a00000,0x0000001154b00000] [id=143828]
  0x0000018050084180 GCTaskThread "GC Thread#2" [stack: 0x0000001154b00000,0x0000001154c00000] [id=28848]
  0x0000018050080e70 GCTaskThread "GC Thread#3" [stack: 0x0000001154c00000,0x0000001154d00000] [id=155776]
  0x0000018050081120 GCTaskThread "GC Thread#4" [stack: 0x0000001154d00000,0x0000001154e00000] [id=150776]
  0x00000180500813d0 GCTaskThread "GC Thread#5" [stack: 0x0000001154e00000,0x0000001154f00000] [id=106340]
  0x00000180500823f0 GCTaskThread "GC Thread#6" [stack: 0x0000001154f00000,0x0000001155000000] [id=91024]
  0x0000018050083160 GCTaskThread "GC Thread#7" [stack: 0x0000001155000000,0x0000001155100000] [id=154804]
  0x0000018050082c00 GCTaskThread "GC Thread#8" [stack: 0x0000001155100000,0x0000001155200000] [id=147420]
  0x0000018050081680 GCTaskThread "GC Thread#9" [stack: 0x0000001155200000,0x0000001155300000] [id=153584]
  0x000001801afd3140 ConcurrentGCThread "G1 Main Marker" [stack: 0x0000001153200000,0x0000001153300000] [id=147932]
  0x000001801afd4200 ConcurrentGCThread "G1 Conc#0" [stack: 0x0000001153300000,0x0000001153400000] [id=147768]
  0x000001801b01ddc0 ConcurrentGCThread "G1 Refine#0" [stack: 0x0000001153400000,0x0000001153500000] [id=149820]
  0x000001801b01e6f0 ConcurrentGCThread "G1 Service" [stack: 0x0000001153500000,0x0000001153600000] [id=158864]

Threads with active compile tasks:

VM state: not at safepoint (normal execution)

VM Mutex/Monitor currently owned by a thread: None

Heap address: 0x0000000600c00000, size: 8180 MB, Compressed Oops mode: Zero based, Oop shift amount: 3

CDS archive(s) mapped at: [0x0000000800000000-0x0000000800bc0000-0x0000000800bc0000), size 12320768, SharedBaseAddress: 0x0000000800000000, ArchiveRelocationMode: 0.
Compressed class space mapped at: 0x0000000800c00000-0x0000000840c00000, reserved size: 1073741824
Narrow klass base: 0x0000000800000000, Narrow klass shift: 0, Narrow klass range: 0x100000000

GC Precious Log:
 CPUs: 12 total, 12 available
 Memory: 32712M
 Large Page Support: Disabled
 NUMA Support: Disabled
 Compressed Oops: Enabled (Zero based)
 Heap Region Size: 4M
 Heap Min Capacity: 8M
 Heap Initial Capacity: 512M
 Heap Max Capacity: 8180M
 Pre-touch: Disabled
 Parallel Workers: 10
 Concurrent Workers: 3
 Concurrent Refinement Workers: 10
 Periodic GC: Disabled

Heap:
 garbage-first heap   total 524288K, used 23118K [0x0000000600c00000, 0x0000000800000000)
  region size 4096K, 4 young (16384K), 1 survivors (4096K)
 Metaspace       used 8859K, committed 9024K, reserved 1064960K
  class space    used 533K, committed 640K, reserved 1048576K

Heap Regions: E=young(eden), S=young(survivor), O=old, HS=humongous(starts), HC=humongous(continues), CS=collection set, F=free, OA=open archive, CA=closed archive, TAMS=top-at-mark-start (previous, next)
|   0|0x0000000600c00000, 0x0000000601000000, 0x0000000601000000|100%|HS|  |TAMS 0x0000000600c00000, 0x0000000600c00000| Complete 
|   1|0x0000000601000000, 0x0000000601400000, 0x0000000601400000|100%|HC|  |TAMS 0x0000000601000000, 0x0000000601000000| Complete 
|   2|0x0000000601400000, 0x0000000601800000, 0x0000000601800000|100%|HC|  |TAMS 0x0000000601400000, 0x0000000601400000| Complete 
|   3|0x0000000601800000, 0x0000000601800000, 0x0000000601c00000|  0%| F|  |TAMS 0x0000000601800000, 0x0000000601800000| Untracked 
|   4|0x0000000601c00000, 0x0000000601c00000, 0x0000000602000000|  0%| F|  |TAMS 0x0000000601c00000, 0x0000000601c00000| Untracked 
|   5|0x0000000602000000, 0x0000000602000000, 0x0000000602400000|  0%| F|  |TAMS 0x0000000602000000, 0x0000000602000000| Untracked 
|   6|0x0000000602400000, 0x0000000602400000, 0x0000000602800000|  0%| F|  |TAMS 0x0000000602400000, 0x0000000602400000| Untracked 
|   7|0x0000000602800000, 0x0000000602800000, 0x0000000602c00000|  0%| F|  |TAMS 0x0000000602800000, 0x0000000602800000| Untracked 
|   8|0x0000000602c00000, 0x0000000602c00000, 0x0000000603000000|  0%| F|  |TAMS 0x0000000602c00000, 0x0000000602c00000| Untracked 
|   9|0x0000000603000000, 0x0000000603000000, 0x0000000603400000|  0%| F|  |TAMS 0x0000000603000000, 0x0000000603000000| Untracked 
|  10|0x0000000603400000, 0x0000000603400000, 0x0000000603800000|  0%| F|  |TAMS 0x0000000603400000, 0x0000000603400000| Untracked 
|  11|0x0000000603800000, 0x0000000603800000, 0x0000000603c00000|  0%| F|  |TAMS 0x0000000603800000, 0x0000000603800000| Untracked 
|  12|0x0000000603c00000, 0x0000000603c00000, 0x0000000604000000|  0%| F|  |TAMS 0x0000000603c00000, 0x0000000603c00000| Untracked 
|  13|0x0000000604000000, 0x0000000604000000, 0x0000000604400000|  0%| F|  |TAMS 0x0000000604000000, 0x0000000604000000| Untracked 
|  14|0x0000000604400000, 0x0000000604400000, 0x0000000604800000|  0%| F|  |TAMS 0x0000000604400000, 0x0000000604400000| Untracked 
|  15|0x0000000604800000, 0x0000000604800000, 0x0000000604c00000|  0%| F|  |TAMS 0x0000000604800000, 0x0000000604800000| Untracked 
|  16|0x0000000604c00000, 0x0000000604c00000, 0x0000000605000000|  0%| F|  |TAMS 0x0000000604c00000, 0x0000000604c00000| Untracked 
|  17|0x0000000605000000, 0x0000000605000000, 0x0000000605400000|  0%| F|  |TAMS 0x0000000605000000, 0x0000000605000000| Untracked 
|  18|0x0000000605400000, 0x0000000605400000, 0x0000000605800000|  0%| F|  |TAMS 0x0000000605400000, 0x0000000605400000| Untracked 
|  19|0x0000000605800000, 0x0000000605800000, 0x0000000605c00000|  0%| F|  |TAMS 0x0000000605800000, 0x0000000605800000| Untracked 
|  20|0x0000000605c00000, 0x0000000605c00000, 0x0000000606000000|  0%| F|  |TAMS 0x0000000605c00000, 0x0000000605c00000| Untracked 
|  21|0x0000000606000000, 0x0000000606000000, 0x0000000606400000|  0%| F|  |TAMS 0x0000000606000000, 0x0000000606000000| Untracked 
|  22|0x0000000606400000, 0x0000000606400000, 0x0000000606800000|  0%| F|  |TAMS 0x0000000606400000, 0x0000000606400000| Untracked 
|  23|0x0000000606800000, 0x0000000606800000, 0x0000000606c00000|  0%| F|  |TAMS 0x0000000606800000, 0x0000000606800000| Untracked 
|  24|0x0000000606c00000, 0x0000000606c00000, 0x0000000607000000|  0%| F|  |TAMS 0x0000000606c00000, 0x0000000606c00000| Untracked 
|  25|0x0000000607000000, 0x0000000607000000, 0x0000000607400000|  0%| F|  |TAMS 0x0000000607000000, 0x0000000607000000| Untracked 
|  26|0x0000000607400000, 0x0000000607400000, 0x0000000607800000|  0%| F|  |TAMS 0x0000000607400000, 0x0000000607400000| Untracked 
|  27|0x0000000607800000, 0x0000000607800000, 0x0000000607c00000|  0%| F|  |TAMS 0x0000000607800000, 0x0000000607800000| Untracked 
|  28|0x0000000607c00000, 0x0000000607c00000, 0x0000000608000000|  0%| F|  |TAMS 0x0000000607c00000, 0x0000000607c00000| Untracked 
|  29|0x0000000608000000, 0x0000000608000000, 0x0000000608400000|  0%| F|  |TAMS 0x0000000608000000, 0x0000000608000000| Untracked 
|  30|0x0000000608400000, 0x0000000608400000, 0x0000000608800000|  0%| F|  |TAMS 0x0000000608400000, 0x0000000608400000| Untracked 
|  31|0x0000000608800000, 0x0000000608800000, 0x0000000608c00000|  0%| F|  |TAMS 0x0000000608800000, 0x0000000608800000| Untracked 
|  32|0x0000000608c00000, 0x0000000608c00000, 0x0000000609000000|  0%| F|  |TAMS 0x0000000608c00000, 0x0000000608c00000| Untracked 
|  33|0x0000000609000000, 0x0000000609000000, 0x0000000609400000|  0%| F|  |TAMS 0x0000000609000000, 0x0000000609000000| Untracked 
|  34|0x0000000609400000, 0x0000000609400000, 0x0000000609800000|  0%| F|  |TAMS 0x0000000609400000, 0x0000000609400000| Untracked 
|  35|0x0000000609800000, 0x0000000609800000, 0x0000000609c00000|  0%| F|  |TAMS 0x0000000609800000, 0x0000000609800000| Untracked 
|  36|0x0000000609c00000, 0x0000000609c00000, 0x000000060a000000|  0%| F|  |TAMS 0x0000000609c00000, 0x0000000609c00000| Untracked 
|  37|0x000000060a000000, 0x000000060a000000, 0x000000060a400000|  0%| F|  |TAMS 0x000000060a000000, 0x000000060a000000| Untracked 
|  38|0x000000060a400000, 0x000000060a400000, 0x000000060a800000|  0%| F|  |TAMS 0x000000060a400000, 0x000000060a400000| Untracked 
|  39|0x000000060a800000, 0x000000060a800000, 0x000000060ac00000|  0%| F|  |TAMS 0x000000060a800000, 0x000000060a800000| Untracked 
|  40|0x000000060ac00000, 0x000000060ac00000, 0x000000060b000000|  0%| F|  |TAMS 0x000000060ac00000, 0x000000060ac00000| Untracked 
|  41|0x000000060b000000, 0x000000060b000000, 0x000000060b400000|  0%| F|  |TAMS 0x000000060b000000, 0x000000060b000000| Untracked 
|  42|0x000000060b400000, 0x000000060b400000, 0x000000060b800000|  0%| F|  |TAMS 0x000000060b400000, 0x000000060b400000| Untracked 
|  43|0x000000060b800000, 0x000000060b800000, 0x000000060bc00000|  0%| F|  |TAMS 0x000000060b800000, 0x000000060b800000| Untracked 
|  44|0x000000060bc00000, 0x000000060bc00000, 0x000000060c000000|  0%| F|  |TAMS 0x000000060bc00000, 0x000000060bc00000| Untracked 
|  45|0x000000060c000000, 0x000000060c000000, 0x000000060c400000|  0%| F|  |TAMS 0x000000060c000000, 0x000000060c000000| Untracked 
|  46|0x000000060c400000, 0x000000060c400000, 0x000000060c800000|  0%| F|  |TAMS 0x000000060c400000, 0x000000060c400000| Untracked 
|  47|0x000000060c800000, 0x000000060c800000, 0x000000060cc00000|  0%| F|  |TAMS 0x000000060c800000, 0x000000060c800000| Untracked 
|  48|0x000000060cc00000, 0x000000060cc00000, 0x000000060d000000|  0%| F|  |TAMS 0x000000060cc00000, 0x000000060cc00000| Untracked 
|  49|0x000000060d000000, 0x000000060d000000, 0x000000060d400000|  0%| F|  |TAMS 0x000000060d000000, 0x000000060d000000| Untracked 
|  50|0x000000060d400000, 0x000000060d400000, 0x000000060d800000|  0%| F|  |TAMS 0x000000060d400000, 0x000000060d400000| Untracked 
|  51|0x000000060d800000, 0x000000060d800000, 0x000000060dc00000|  0%| F|  |TAMS 0x000000060d800000, 0x000000060d800000| Untracked 
|  52|0x000000060dc00000, 0x000000060dc00000, 0x000000060e000000|  0%| F|  |TAMS 0x000000060dc00000, 0x000000060dc00000| Untracked 
|  53|0x000000060e000000, 0x000000060e000000, 0x000000060e400000|  0%| F|  |TAMS 0x000000060e000000, 0x000000060e000000| Untracked 
|  54|0x000000060e400000, 0x000000060e400000, 0x000000060e800000|  0%| F|  |TAMS 0x000000060e400000, 0x000000060e400000| Untracked 
|  55|0x000000060e800000, 0x000000060e800000, 0x000000060ec00000|  0%| F|  |TAMS 0x000000060e800000, 0x000000060e800000| Untracked 
|  56|0x000000060ec00000, 0x000000060ec00000, 0x000000060f000000|  0%| F|  |TAMS 0x000000060ec00000, 0x000000060ec00000| Untracked 
|  57|0x000000060f000000, 0x000000060f000000, 0x000000060f400000|  0%| F|  |TAMS 0x000000060f000000, 0x000000060f000000| Untracked 
|  58|0x000000060f400000, 0x000000060f400000, 0x000000060f800000|  0%| F|  |TAMS 0x000000060f400000, 0x000000060f400000| Untracked 
|  59|0x000000060f800000, 0x000000060f800000, 0x000000060fc00000|  0%| F|  |TAMS 0x000000060f800000, 0x000000060f800000| Untracked 
|  60|0x000000060fc00000, 0x000000060fc00000, 0x0000000610000000|  0%| F|  |TAMS 0x000000060fc00000, 0x000000060fc00000| Untracked 
|  61|0x0000000610000000, 0x0000000610000000, 0x0000000610400000|  0%| F|  |TAMS 0x0000000610000000, 0x0000000610000000| Untracked 
|  62|0x0000000610400000, 0x0000000610400000, 0x0000000610800000|  0%| F|  |TAMS 0x0000000610400000, 0x0000000610400000| Untracked 
|  63|0x0000000610800000, 0x0000000610800000, 0x0000000610c00000|  0%| F|  |TAMS 0x0000000610800000, 0x0000000610800000| Untracked 
|  64|0x0000000610c00000, 0x0000000610c00000, 0x0000000611000000|  0%| F|  |TAMS 0x0000000610c00000, 0x0000000610c00000| Untracked 
|  65|0x0000000611000000, 0x0000000611000000, 0x0000000611400000|  0%| F|  |TAMS 0x0000000611000000, 0x0000000611000000| Untracked 
|  66|0x0000000611400000, 0x0000000611400000, 0x0000000611800000|  0%| F|  |TAMS 0x0000000611400000, 0x0000000611400000| Untracked 
|  67|0x0000000611800000, 0x0000000611800000, 0x0000000611c00000|  0%| F|  |TAMS 0x0000000611800000, 0x0000000611800000| Untracked 
|  68|0x0000000611c00000, 0x0000000611c00000, 0x0000000612000000|  0%| F|  |TAMS 0x0000000611c00000, 0x0000000611c00000| Untracked 
|  69|0x0000000612000000, 0x0000000612000000, 0x0000000612400000|  0%| F|  |TAMS 0x0000000612000000, 0x0000000612000000| Untracked 
|  70|0x0000000612400000, 0x0000000612400000, 0x0000000612800000|  0%| F|  |TAMS 0x0000000612400000, 0x0000000612400000| Untracked 
|  71|0x0000000612800000, 0x0000000612800000, 0x0000000612c00000|  0%| F|  |TAMS 0x0000000612800000, 0x0000000612800000| Untracked 
|  72|0x0000000612c00000, 0x0000000612c00000, 0x0000000613000000|  0%| F|  |TAMS 0x0000000612c00000, 0x0000000612c00000| Untracked 
|  73|0x0000000613000000, 0x0000000613000000, 0x0000000613400000|  0%| F|  |TAMS 0x0000000613000000, 0x0000000613000000| Untracked 
|  74|0x0000000613400000, 0x0000000613400000, 0x0000000613800000|  0%| F|  |TAMS 0x0000000613400000, 0x0000000613400000| Untracked 
|  75|0x0000000613800000, 0x0000000613800000, 0x0000000613c00000|  0%| F|  |TAMS 0x0000000613800000, 0x0000000613800000| Untracked 
|  76|0x0000000613c00000, 0x0000000613c00000, 0x0000000614000000|  0%| F|  |TAMS 0x0000000613c00000, 0x0000000613c00000| Untracked 
|  77|0x0000000614000000, 0x0000000614000000, 0x0000000614400000|  0%| F|  |TAMS 0x0000000614000000, 0x0000000614000000| Untracked 
|  78|0x0000000614400000, 0x0000000614400000, 0x0000000614800000|  0%| F|  |TAMS 0x0000000614400000, 0x0000000614400000| Untracked 
|  79|0x0000000614800000, 0x0000000614800000, 0x0000000614c00000|  0%| F|  |TAMS 0x0000000614800000, 0x0000000614800000| Untracked 
|  80|0x0000000614c00000, 0x0000000614c00000, 0x0000000615000000|  0%| F|  |TAMS 0x0000000614c00000, 0x0000000614c00000| Untracked 
|  81|0x0000000615000000, 0x0000000615000000, 0x0000000615400000|  0%| F|  |TAMS 0x0000000615000000, 0x0000000615000000| Untracked 
|  82|0x0000000615400000, 0x0000000615400000, 0x0000000615800000|  0%| F|  |TAMS 0x0000000615400000, 0x0000000615400000| Untracked 
|  83|0x0000000615800000, 0x0000000615800000, 0x0000000615c00000|  0%| F|  |TAMS 0x0000000615800000, 0x0000000615800000| Untracked 
|  84|0x0000000615c00000, 0x0000000615c00000, 0x0000000616000000|  0%| F|  |TAMS 0x0000000615c00000, 0x0000000615c00000| Untracked 
|  85|0x0000000616000000, 0x0000000616000000, 0x0000000616400000|  0%| F|  |TAMS 0x0000000616000000, 0x0000000616000000| Untracked 
|  86|0x0000000616400000, 0x0000000616400000, 0x0000000616800000|  0%| F|  |TAMS 0x0000000616400000, 0x0000000616400000| Untracked 
|  87|0x0000000616800000, 0x0000000616800000, 0x0000000616c00000|  0%| F|  |TAMS 0x0000000616800000, 0x0000000616800000| Untracked 
|  88|0x0000000616c00000, 0x0000000616c00000, 0x0000000617000000|  0%| F|  |TAMS 0x0000000616c00000, 0x0000000616c00000| Untracked 
|  89|0x0000000617000000, 0x0000000617000000, 0x0000000617400000|  0%| F|  |TAMS 0x0000000617000000, 0x0000000617000000| Untracked 
|  90|0x0000000617400000, 0x0000000617400000, 0x0000000617800000|  0%| F|  |TAMS 0x0000000617400000, 0x0000000617400000| Untracked 
|  91|0x0000000617800000, 0x0000000617800000, 0x0000000617c00000|  0%| F|  |TAMS 0x0000000617800000, 0x0000000617800000| Untracked 
|  92|0x0000000617c00000, 0x0000000617c00000, 0x0000000618000000|  0%| F|  |TAMS 0x0000000617c00000, 0x0000000617c00000| Untracked 
|  93|0x0000000618000000, 0x0000000618000000, 0x0000000618400000|  0%| F|  |TAMS 0x0000000618000000, 0x0000000618000000| Untracked 
|  94|0x0000000618400000, 0x0000000618400000, 0x0000000618800000|  0%| F|  |TAMS 0x0000000618400000, 0x0000000618400000| Untracked 
|  95|0x0000000618800000, 0x0000000618800000, 0x0000000618c00000|  0%| F|  |TAMS 0x0000000618800000, 0x0000000618800000| Untracked 
|  96|0x0000000618c00000, 0x0000000618c00000, 0x0000000619000000|  0%| F|  |TAMS 0x0000000618c00000, 0x0000000618c00000| Untracked 
|  97|0x0000000619000000, 0x0000000619000000, 0x0000000619400000|  0%| F|  |TAMS 0x0000000619000000, 0x0000000619000000| Untracked 
|  98|0x0000000619400000, 0x0000000619400000, 0x0000000619800000|  0%| F|  |TAMS 0x0000000619400000, 0x0000000619400000| Untracked 
|  99|0x0000000619800000, 0x0000000619800000, 0x0000000619c00000|  0%| F|  |TAMS 0x0000000619800000, 0x0000000619800000| Untracked 
| 100|0x0000000619c00000, 0x0000000619c00000, 0x000000061a000000|  0%| F|  |TAMS 0x0000000619c00000, 0x0000000619c00000| Untracked 
| 101|0x000000061a000000, 0x000000061a000000, 0x000000061a400000|  0%| F|  |TAMS 0x000000061a000000, 0x000000061a000000| Untracked 
| 102|0x000000061a400000, 0x000000061a400000, 0x000000061a800000|  0%| F|  |TAMS 0x000000061a400000, 0x000000061a400000| Untracked 
| 103|0x000000061a800000, 0x000000061a800000, 0x000000061ac00000|  0%| F|  |TAMS 0x000000061a800000, 0x000000061a800000| Untracked 
| 104|0x000000061ac00000, 0x000000061ac00000, 0x000000061b000000|  0%| F|  |TAMS 0x000000061ac00000, 0x000000061ac00000| Untracked 
| 105|0x000000061b000000, 0x000000061b000000, 0x000000061b400000|  0%| F|  |TAMS 0x000000061b000000, 0x000000061b000000| Untracked 
| 106|0x000000061b400000, 0x000000061b400000, 0x000000061b800000|  0%| F|  |TAMS 0x000000061b400000, 0x000000061b400000| Untracked 
| 107|0x000000061b800000, 0x000000061b800000, 0x000000061bc00000|  0%| F|  |TAMS 0x000000061b800000, 0x000000061b800000| Untracked 
| 108|0x000000061bc00000, 0x000000061bc00000, 0x000000061c000000|  0%| F|  |TAMS 0x000000061bc00000, 0x000000061bc00000| Untracked 
| 109|0x000000061c000000, 0x000000061c000000, 0x000000061c400000|  0%| F|  |TAMS 0x000000061c000000, 0x000000061c000000| Untracked 
| 110|0x000000061c400000, 0x000000061c400000, 0x000000061c800000|  0%| F|  |TAMS 0x000000061c400000, 0x000000061c400000| Untracked 
| 111|0x000000061c800000, 0x000000061c800000, 0x000000061cc00000|  0%| F|  |TAMS 0x000000061c800000, 0x000000061c800000| Untracked 
| 112|0x000000061cc00000, 0x000000061cc00000, 0x000000061d000000|  0%| F|  |TAMS 0x000000061cc00000, 0x000000061cc00000| Untracked 
| 113|0x000000061d000000, 0x000000061d000000, 0x000000061d400000|  0%| F|  |TAMS 0x000000061d000000, 0x000000061d000000| Untracked 
| 114|0x000000061d400000, 0x000000061d400000, 0x000000061d800000|  0%| F|  |TAMS 0x000000061d400000, 0x000000061d400000| Untracked 
| 115|0x000000061d800000, 0x000000061d800000, 0x000000061dc00000|  0%| F|  |TAMS 0x000000061d800000, 0x000000061d800000| Untracked 
| 116|0x000000061dc00000, 0x000000061dc00000, 0x000000061e000000|  0%| F|  |TAMS 0x000000061dc00000, 0x000000061dc00000| Untracked 
| 117|0x000000061e000000, 0x000000061e000000, 0x000000061e400000|  0%| F|  |TAMS 0x000000061e000000, 0x000000061e000000| Untracked 
| 118|0x000000061e400000, 0x000000061e400000, 0x000000061e800000|  0%| F|  |TAMS 0x000000061e400000, 0x000000061e400000| Untracked 
| 119|0x000000061e800000, 0x000000061e800000, 0x000000061ec00000|  0%| F|  |TAMS 0x000000061e800000, 0x000000061e800000| Untracked 
| 120|0x000000061ec00000, 0x000000061ec00000, 0x000000061f000000|  0%| F|  |TAMS 0x000000061ec00000, 0x000000061ec00000| Untracked 
| 121|0x000000061f000000, 0x000000061f293aa0, 0x000000061f400000| 64%| S|CS|TAMS 0x000000061f000000, 0x000000061f000000| Complete 
| 122|0x000000061f400000, 0x000000061f400000, 0x000000061f800000|  0%| F|  |TAMS 0x000000061f400000, 0x000000061f400000| Untracked 
| 123|0x000000061f800000, 0x000000061f800000, 0x000000061fc00000|  0%| F|  |TAMS 0x000000061f800000, 0x000000061f800000| Untracked 
| 124|0x000000061fc00000, 0x000000061fc00000, 0x0000000620000000|  0%| F|  |TAMS 0x000000061fc00000, 0x000000061fc00000| Untracked 
| 125|0x0000000620000000, 0x0000000620300b88, 0x0000000620400000| 75%| E|  |TAMS 0x0000000620000000, 0x0000000620000000| Complete 
| 126|0x0000000620400000, 0x0000000620800000, 0x0000000620800000|100%| E|CS|TAMS 0x0000000620400000, 0x0000000620400000| Complete 
| 127|0x0000000620800000, 0x0000000620c00000, 0x0000000620c00000|100%| E|CS|TAMS 0x0000000620800000, 0x0000000620800000| Complete 

Card table byte_map: [0x0000018032ca0000,0x0000018033ca0000] _byte_map_base: 0x000001802fc9a000

Marking Bits (Prev, Next): (CMBitMap*) 0x000001801afc2ac0, (CMBitMap*) 0x000001801afc2b00
 Prev Bits: [0x0000018034ca0000, 0x000001803cc70000)
 Next Bits: [0x000001803cc70000, 0x0000018044c40000)

Polling page: 0x0000018018ed0000

Metaspace:

Usage:
  Non-class:      8.13 MB used.
      Class:    533.39 KB used.
       Both:      8.65 MB used.

Virtual space:
  Non-class space:       16.00 MB reserved,       8.19 MB ( 51%) committed,  2 nodes.
      Class space:        1.00 GB reserved,     640.00 KB ( <1%) committed,  1 nodes.
             Both:        1.02 GB reserved,       8.81 MB ( <1%) committed. 

Chunk freelists:
   Non-Class:  2.33 MB
       Class:  3.42 MB
        Both:  5.75 MB

MaxMetaspaceSize: unlimited
CompressedClassSpaceSize: 1.00 GB
Initial GC threshold: 21.00 MB
Current GC threshold: 21.00 MB
CDS: on
MetaspaceReclaimPolicy: balanced
 - commit_granule_bytes: 65536.
 - commit_granule_words: 8192.
 - virtual_space_node_default_size: 1048576.
 - enlarge_chunks_in_place: 1.
 - new_chunks_are_fully_committed: 0.
 - uncommit_free_chunks: 1.
 - use_allocation_guard: 0.
 - handle_deallocations: 1.


Internal statistics:

num_allocs_failed_limit: 0.
num_arena_births: 72.
num_arena_deaths: 0.
num_vsnodes_births: 3.
num_vsnodes_deaths: 0.
num_space_committed: 139.
num_space_uncommitted: 0.
num_chunks_returned_to_freelist: 0.
num_chunks_taken_from_freelist: 306.
num_chunk_merges: 0.
num_chunk_splits: 229.
num_chunks_enlarged: 191.
num_purges: 0.
num_inconsistent_stats: 0.

CodeHeap 'non-profiled nmethods': size=120000Kb used=332Kb max_used=332Kb free=119667Kb
 bounds [0x000001802a220000, 0x000001802a490000, 0x0000018031750000]
CodeHeap 'profiled nmethods': size=120000Kb used=1983Kb max_used=1983Kb free=118016Kb
 bounds [0x0000018022cf0000, 0x0000018022f60000, 0x000001802a220000]
CodeHeap 'non-nmethods': size=5760Kb used=1806Kb max_used=1822Kb free=3953Kb
 bounds [0x0000018022750000, 0x00000180229c0000, 0x0000018022cf0000]
 total_blobs=2282 nmethods=1069 adapters=1126
 compilation: enabled
              stopped_count=0, restarted_count=0
 full_count=0

Compilation events (20 events):
Event: 1.356 Thread 0x00000180478de650 1059       3       java.lang.Math::abs (13 bytes)
Event: 1.356 Thread 0x00000180478de650 nmethod 1059 0x0000018022ed9e10 code [0x0000018022ed9fa0, 0x0000018022eda118]
Event: 1.377 Thread 0x00000180478de650 1060   !   3       sun.nio.ch.FileChannelImpl::read (266 bytes)
Event: 1.377 Thread 0x00000180478de650 nmethod 1060 0x0000018022eda190 code [0x0000018022eda4a0, 0x0000018022edb4e8]
Event: 1.377 Thread 0x00000180478de650 1061       3       sun.nio.ch.IOUtil::read (14 bytes)
Event: 1.377 Thread 0x00000180478de650 nmethod 1061 0x0000018022edbd10 code [0x0000018022edbea0, 0x0000018022edc008]
Event: 1.377 Thread 0x00000180478de650 1062   !   3       sun.nio.ch.IOUtil::read (133 bytes)
Event: 1.378 Thread 0x00000180478ddd50 1067       4       java.lang.ThreadLocal::get (38 bytes)
Event: 1.378 Thread 0x00000180478de650 nmethod 1062 0x0000018022edc110 code [0x0000018022edc380, 0x0000018022edcd08]
Event: 1.378 Thread 0x00000180478de650 1063   !   3       sun.nio.ch.IOUtil::readIntoNativeBuffer (173 bytes)
Event: 1.378 Thread 0x00000180478de650 nmethod 1063 0x0000018022edd110 code [0x0000018022edd3e0, 0x0000018022ede218]
Event: 1.378 Thread 0x00000180478de650 1066   !   3       sun.nio.ch.ChannelInputStream::read (95 bytes)
Event: 1.378 Thread 0x00000180478de650 nmethod 1066 0x0000018022ede910 code [0x0000018022edeb60, 0x0000018022edf528]
Event: 1.378 Thread 0x00000180478de650 1064       3       sun.nio.ch.FileDispatcherImpl::read (8 bytes)
Event: 1.378 Thread 0x00000180478de650 nmethod 1064 0x0000018022edf990 code [0x0000018022edfb20, 0x0000018022edfc68]
Event: 1.379 Thread 0x00000180478ddd50 nmethod 1067 0x000001802a271010 code [0x000001802a2711a0, 0x000001802a271378]
Event: 1.379 Thread 0x00000180478ddd50 1068       4       java.lang.ThreadLocal$ThreadLocalMap::getEntry (42 bytes)
Event: 1.379 Thread 0x00000180478ddd50 nmethod 1068 0x000001802a271590 code [0x000001802a271720, 0x000001802a2718a8]
Event: 1.538 Thread 0x00000180478ddd50 1069   !   4       java.util.zip.ZipFile$Source::getEntryPos (173 bytes)
Event: 1.546 Thread 0x00000180478ddd50 nmethod 1069 0x000001802a271a10 code [0x000001802a271c00, 0x000001802a272a78]

GC Heap History (2 events):
Event: 1.045 GC heap before
{Heap before GC invocations=0 (full 0):
 garbage-first heap   total 524288K, used 24576K [0x0000000600c00000, 0x0000000800000000)
  region size 4096K, 6 young (24576K), 0 survivors (0K)
 Metaspace       used 6387K, committed 6592K, reserved 1056768K
  class space    used 405K, committed 512K, reserved 1048576K
}
Event: 1.047 GC heap after
{Heap after GC invocations=1 (full 0):
 garbage-first heap   total 524288K, used 2638K [0x0000000600c00000, 0x0000000800000000)
  region size 4096K, 1 young (4096K), 1 survivors (4096K)
 Metaspace       used 6387K, committed 6592K, reserved 1056768K
  class space    used 405K, committed 512K, reserved 1048576K
}

Deoptimization events (20 events):
Event: 0.333 Thread 0x000001801af50b20 DEOPT PACKING pc=0x0000018022ddc284 sp=0x00000011530fd070
Event: 0.333 Thread 0x000001801af50b20 DEOPT UNPACKING pc=0x00000180227a2b43 sp=0x00000011530fc508 mode 1
Event: 0.333 Thread 0x000001801af50b20 DEOPT PACKING pc=0x0000018022ddb75c sp=0x00000011530fd140
Event: 0.333 Thread 0x000001801af50b20 DEOPT UNPACKING pc=0x00000180227a2b43 sp=0x00000011530fc5f8 mode 1
Event: 1.052 Thread 0x000001801af50b20 Uncommon trap: trap_request=0xffffff54 fr.pc=0x000001802a25ecec relative=0x000000000000006c
Event: 1.052 Thread 0x000001801af50b20 Uncommon trap: reason=speculate_null_assert action=make_not_entrant pc=0x000001802a25ecec method=sun.misc.Unsafe.putLong(Ljava/lang/Object;JJ)V @ 7 c2
Event: 1.052 Thread 0x000001801af50b20 DEOPT PACKING pc=0x000001802a25ecec sp=0x00000011530ff1b0
Event: 1.052 Thread 0x000001801af50b20 DEOPT UNPACKING pc=0x00000180227a23a3 sp=0x00000011530ff148 mode 2
Event: 1.304 Thread 0x000001801af50b20 Uncommon trap: trap_request=0xffffff45 fr.pc=0x000001802a2631d8 relative=0x0000000000000438
Event: 1.304 Thread 0x000001801af50b20 Uncommon trap: reason=unstable_if action=reinterpret pc=0x000001802a2631d8 method=java.lang.StringUTF16.compress([CI[BII)I @ 20 c2
Event: 1.304 Thread 0x000001801af50b20 DEOPT PACKING pc=0x000001802a2631d8 sp=0x00000011530fe550
Event: 1.304 Thread 0x000001801af50b20 DEOPT UNPACKING pc=0x00000180227a23a3 sp=0x00000011530fe4d0 mode 2
Event: 1.307 Thread 0x000001801af50b20 Uncommon trap: trap_request=0xffffff45 fr.pc=0x000001802a24f1c0 relative=0x00000000000004a0
Event: 1.307 Thread 0x000001801af50b20 Uncommon trap: reason=unstable_if action=reinterpret pc=0x000001802a24f1c0 method=java.lang.String.substring(II)Ljava/lang/String; @ 31 c2
Event: 1.307 Thread 0x000001801af50b20 DEOPT PACKING pc=0x000001802a24f1c0 sp=0x00000011530fe7c0
Event: 1.307 Thread 0x000001801af50b20 DEOPT UNPACKING pc=0x00000180227a23a3 sp=0x00000011530fe7a8 mode 2
Event: 1.356 Thread 0x000001801af50b20 Uncommon trap: trap_request=0xffffffde fr.pc=0x000001802a26bd08 relative=0x0000000000000548
Event: 1.356 Thread 0x000001801af50b20 Uncommon trap: reason=class_check action=maybe_recompile pc=0x000001802a26bd08 method=java.util.HashMap.getNode(Ljava/lang/Object;)Ljava/util/HashMap$Node; @ 128 c2
Event: 1.356 Thread 0x000001801af50b20 DEOPT PACKING pc=0x000001802a26bd08 sp=0x00000011530fd670
Event: 1.356 Thread 0x000001801af50b20 DEOPT UNPACKING pc=0x00000180227a23a3 sp=0x00000011530fd5a8 mode 2

Classes unloaded (0 events):
No events

Classes redefined (0 events):
No events

Internal exceptions (20 events):
Event: 0.303 Thread 0x000001801af50b20 Exception <a 'java/lang/NoSuchMethodError'{0x000000061fd7e310}: 'java.lang.Object java.lang.invoke.DirectMethodHandle$Holder.invokeStatic(java.lang.Object, java.lang.Object, int)'> (0x000000061fd7e310) 
thrown [t:\workspace\open\src\hotspot\share\interpreter\linkResolver.cpp, line 766]
Event: 0.304 Thread 0x000001801af50b20 Exception <a 'java/lang/NoSuchMethodError'{0x000000061fd8a080}: 'void java.lang.invoke.DelegatingMethodHandle$Holder.delegate(java.lang.Object, java.lang.Object, int, java.lang.Object)'> (0x000000061fd8a080) 
thrown [t:\workspace\open\src\hotspot\share\interpreter\linkResolver.cpp, line 766]
Event: 0.305 Thread 0x000001801af50b20 Exception <a 'java/lang/NoSuchMethodError'{0x000000061fd8e068}: 'int java.lang.invoke.DirectMethodHandle$Holder.invokeSpecial(java.lang.Object, java.lang.Object, java.lang.Object)'> (0x000000061fd8e068) 
thrown [t:\workspace\open\src\hotspot\share\interpreter\linkResolver.cpp, line 766]
Event: 0.325 Thread 0x000001801af50b20 Exception <a 'sun/nio/fs/WindowsException'{0x000000061fe637c8}> (0x000000061fe637c8) 
thrown [t:\workspace\open\src\hotspot\share\prims\jni.cpp, line 516]
Event: 0.325 Thread 0x000001801af50b20 Exception <a 'sun/nio/fs/WindowsException'{0x000000061fe63b18}> (0x000000061fe63b18) 
thrown [t:\workspace\open\src\hotspot\share\prims\jni.cpp, line 516]
Event: 0.339 Thread 0x000001801af50b20 Exception <a 'sun/nio/fs/WindowsException'{0x000000061ff67090}> (0x000000061ff67090) 
thrown [t:\workspace\open\src\hotspot\share\prims\jni.cpp, line 516]
Event: 0.339 Thread 0x000001801af50b20 Exception <a 'sun/nio/fs/WindowsException'{0x000000061ff673f0}> (0x000000061ff673f0) 
thrown [t:\workspace\open\src\hotspot\share\prims\jni.cpp, line 516]
Event: 0.955 Thread 0x000001801af50b20 Exception <a 'sun/nio/fs/WindowsException'{0x000000061f84a568}> (0x000000061f84a568) 
thrown [t:\workspace\open\src\hotspot\share\prims\jni.cpp, line 516]
Event: 0.956 Thread 0x000001801af50b20 Exception <a 'sun/nio/fs/WindowsException'{0x000000061f84a908}> (0x000000061f84a908) 
thrown [t:\workspace\open\src\hotspot\share\prims\jni.cpp, line 516]
Event: 0.960 Thread 0x000001801af50b20 Exception <a 'sun/nio/fs/WindowsException'{0x000000061f8530a0}> (0x000000061f8530a0) 
thrown [t:\workspace\open\src\hotspot\share\prims\jni.cpp, line 516]
Event: 0.960 Thread 0x000001801af50b20 Exception <a 'sun/nio/fs/WindowsException'{0x000000061f853370}> (0x000000061f853370) 
thrown [t:\workspace\open\src\hotspot\share\prims\jni.cpp, line 516]
Event: 1.097 Thread 0x000001801af50b20 Exception <a 'sun/nio/fs/WindowsException'{0x0000000620aca768}> (0x0000000620aca768) 
thrown [t:\workspace\open\src\hotspot\share\prims\jni.cpp, line 516]
Event: 1.193 Thread 0x000001801af50b20 Exception <a 'java/lang/NoSuchMethodError'{0x0000000620b1a578}: 'void java.lang.invoke.DirectMethodHandle$Holder.invokeVirtual(java.lang.Object, java.lang.Object, long, int, int, int)'> (0x0000000620b1a578) 
thrown [t:\workspace\open\src\hotspot\share\interpreter\linkResolver.cpp, line 766]
Event: 1.194 Thread 0x000001801af50b20 Exception <a 'java/lang/NoSuchMethodError'{0x0000000620b202c0}: 'void java.lang.invoke.DirectMethodHandle$Holder.invokeVirtual(java.lang.Object, java.lang.Object, long, double, double)'> (0x0000000620b202c0) 
thrown [t:\workspace\open\src\hotspot\share\interpreter\linkResolver.cpp, line 766]
Event: 1.222 Thread 0x000001801af50b20 Exception <a 'sun/nio/fs/WindowsException'{0x000000062054d890}> (0x000000062054d890) 
thrown [t:\workspace\open\src\hotspot\share\prims\jni.cpp, line 516]
Event: 1.222 Thread 0x000001801af50b20 Exception <a 'sun/nio/fs/WindowsException'{0x000000062054dc30}> (0x000000062054dc30) 
thrown [t:\workspace\open\src\hotspot\share\prims\jni.cpp, line 516]
Event: 1.251 Thread 0x000001801af50b20 Exception <a 'sun/nio/fs/WindowsException'{0x00000006207ed360}> (0x00000006207ed360) 
thrown [t:\workspace\open\src\hotspot\share\prims\jni.cpp, line 516]
Event: 1.251 Thread 0x000001801af50b20 Exception <a 'sun/nio/fs/WindowsException'{0x00000006207ed6e0}> (0x00000006207ed6e0) 
thrown [t:\workspace\open\src\hotspot\share\prims\jni.cpp, line 516]
Event: 1.381 Thread 0x000001801af50b20 Exception <a 'sun/nio/fs/WindowsException'{0x00000006201ae3a0}> (0x00000006201ae3a0) 
thrown [t:\workspace\open\src\hotspot\share\prims\jni.cpp, line 516]
Event: 1.381 Thread 0x000001801af50b20 Exception <a 'sun/nio/fs/WindowsException'{0x00000006201ae720}> (0x00000006201ae720) 
thrown [t:\workspace\open\src\hotspot\share\prims\jni.cpp, line 516]

VM Operations (20 events):
Event: 41.004 Executing VM operation: get/set locals
Event: 41.004 Executing VM operation: get/set locals done
Event: 41.004 Executing VM operation: get/set locals
Event: 41.004 Executing VM operation: get/set locals done
Event: 41.004 Executing VM operation: get/set locals
Event: 41.004 Executing VM operation: get/set locals done
Event: 41.004 Executing VM operation: get/set locals
Event: 41.005 Executing VM operation: get/set locals done
Event: 42.129 Executing VM operation: ChangeSingleStep
Event: 42.129 Executing VM operation: ChangeSingleStep done
Event: 42.130 Executing VM operation: ChangeSingleStep
Event: 42.130 Executing VM operation: ChangeSingleStep done
Event: 42.131 Executing VM operation: ChangeSingleStep
Event: 42.131 Executing VM operation: ChangeSingleStep done
Event: 42.131 Executing VM operation: ChangeSingleStep
Event: 42.131 Executing VM operation: ChangeSingleStep done
Event: 42.131 Executing VM operation: ChangeSingleStep
Event: 42.131 Executing VM operation: ChangeSingleStep done
Event: 42.131 Executing VM operation: ChangeSingleStep
Event: 42.131 Executing VM operation: ChangeSingleStep done

Events (20 events):
Event: 2.416 loading class org/lwjgl/assimp/AIMetaData
Event: 2.416 loading class org/lwjgl/assimp/AIMetaData done
Event: 2.417 loading class org/lwjgl/assimp/AIString
Event: 2.417 loading class org/lwjgl/assimp/AIString done
Event: 2.418 loading class org/lwjgl/assimp/AIString$Buffer
Event: 2.418 loading class org/lwjgl/assimp/AIString$Buffer done
Event: 2.418 loading class org/lwjgl/system/MultiReleaseTextDecoding
Event: 2.418 loading class org/lwjgl/system/MultiReleaseTextDecoding done
Event: 2.419 loading class org/lwjgl/assimp/AIMetaDataEntry
Event: 2.419 loading class org/lwjgl/assimp/AIMetaDataEntry done
Event: 2.419 loading class org/lwjgl/assimp/AIMetaDataEntry$Buffer
Event: 2.419 loading class org/lwjgl/assimp/AIMetaDataEntry$Buffer done
Event: 2.420 loading class org/lwjgl/assimp/AIVector3D
Event: 2.420 loading class org/lwjgl/assimp/AIVector3D done
Event: 26.189 loading class java/nio/ByteBufferAsFloatBufferB
Event: 26.191 loading class java/nio/ByteBufferAsFloatBufferB done
Event: 40.929 loading class org/lwjgl/assimp/AIMatrix4x4
Event: 40.929 loading class org/lwjgl/assimp/AIMatrix4x4 done
Event: 42.130 loading class org/lwjgl/assimp/AINode
Event: 42.130 loading class org/lwjgl/assimp/AINode done


Dynamic libraries:
0x00007ff6d9a20000 - 0x00007ff6d9a30000 	C:\Program Files\Java\jdk-17\bin\java.exe
0x00007ffe99e70000 - 0x00007ffe9a065000 	C:\WINDOWS\SYSTEM32\ntdll.dll
0x00007ffe98b20000 - 0x00007ffe98bde000 	C:\WINDOWS\System32\KERNEL32.DLL
0x00007ffe97870000 - 0x00007ffe97b39000 	C:\WINDOWS\System32\KERNELBASE.dll
0x00007ffe97590000 - 0x00007ffe97690000 	C:\WINDOWS\System32\ucrtbase.dll
0x00007ffe74d10000 - 0x00007ffe74d28000 	C:\Program Files\Java\jdk-17\bin\jli.dll
0x00007ffe77850000 - 0x00007ffe7786a000 	C:\Program Files\Java\jdk-17\bin\VCRUNTIME140.dll
0x00007ffe99400000 - 0x00007ffe994ac000 	C:\WINDOWS\System32\ADVAPI32.dll
0x00007ffe98520000 - 0x00007ffe985be000 	C:\WINDOWS\System32\msvcrt.dll
0x00007ffe98480000 - 0x00007ffe9851b000 	C:\WINDOWS\System32\sechost.dll
0x00007ffe97ed0000 - 0x00007ffe97ffa000 	C:\WINDOWS\System32\RPCRT4.dll
0x00007ffe98000000 - 0x00007ffe981a1000 	C:\WINDOWS\System32\USER32.dll
0x00007ffe97c50000 - 0x00007ffe97c72000 	C:\WINDOWS\System32\win32u.dll
0x00007ffe86590000 - 0x00007ffe8682a000 	C:\WINDOWS\WinSxS\amd64_microsoft.windows.common-controls_6595b64144ccf1df_6.0.19041.1110_none_60b5254171f9507e\COMCTL32.dll
0x00007ffe993d0000 - 0x00007ffe993fb000 	C:\WINDOWS\System32\GDI32.dll
0x00007ffe97b40000 - 0x00007ffe97c4b000 	C:\WINDOWS\System32\gdi32full.dll
0x00007ffe97740000 - 0x00007ffe977dd000 	C:\WINDOWS\System32\msvcp_win.dll
0x00007ffe92a50000 - 0x00007ffe92a5a000 	C:\WINDOWS\SYSTEM32\VERSION.dll
0x00007ffe98bf0000 - 0x00007ffe98c20000 	C:\WINDOWS\System32\IMM32.DLL
0x00007ffe7f430000 - 0x00007ffe7f43c000 	C:\Program Files\Java\jdk-17\bin\vcruntime140_1.dll
0x00007ffe67e30000 - 0x00007ffe67ebd000 	C:\Program Files\Java\jdk-17\bin\msvcp140.dll
0x00007ffe25db0000 - 0x00007ffe2696e000 	C:\Program Files\Java\jdk-17\bin\server\jvm.dll
0x00007ffe97ec0000 - 0x00007ffe97ec8000 	C:\WINDOWS\System32\PSAPI.DLL
0x00007ffe8a2c0000 - 0x00007ffe8a2e7000 	C:\WINDOWS\SYSTEM32\WINMM.dll
0x00007ffe92d60000 - 0x00007ffe92d69000 	C:\WINDOWS\SYSTEM32\WSOCK32.dll
0x00007ffe98c20000 - 0x00007ffe98c8b000 	C:\WINDOWS\System32\WS2_32.dll
0x00007ffe954b0000 - 0x00007ffe954c2000 	C:\WINDOWS\SYSTEM32\kernel.appcore.dll
0x00007ffe7b860000 - 0x00007ffe7b86a000 	C:\Program Files\Java\jdk-17\bin\jimage.dll
0x00007ffe8fb80000 - 0x00007ffe8fd64000 	C:\WINDOWS\SYSTEM32\DBGHELP.DLL
0x00007ffe88070000 - 0x00007ffe8809c000 	C:\WINDOWS\SYSTEM32\dbgcore.DLL
0x00007ffe977e0000 - 0x00007ffe97863000 	C:\WINDOWS\System32\bcryptPrimitives.dll
0x00007ffe74a50000 - 0x00007ffe74a8b000 	C:\Program Files\Java\jdk-17\bin\jdwp.dll
0x00007ffe7f510000 - 0x00007ffe7f51e000 	C:\Program Files\Java\jdk-17\bin\instrument.dll
0x00007ffe74b60000 - 0x00007ffe74b85000 	C:\Program Files\Java\jdk-17\bin\java.dll
0x00007ffe66e70000 - 0x00007ffe66f46000 	C:\Program Files\Java\jdk-17\bin\svml.dll
0x00007ffe98c90000 - 0x00007ffe993cf000 	C:\WINDOWS\System32\SHELL32.dll
0x00007ffe956b0000 - 0x00007ffe95e40000 	C:\WINDOWS\SYSTEM32\windows.storage.dll
0x00007ffe994b0000 - 0x00007ffe99805000 	C:\WINDOWS\System32\combase.dll
0x00007ffe96fe0000 - 0x00007ffe9700c000 	C:\WINDOWS\SYSTEM32\Wldp.dll
0x00007ffe981b0000 - 0x00007ffe9825d000 	C:\WINDOWS\System32\SHCORE.dll
0x00007ffe98420000 - 0x00007ffe98475000 	C:\WINDOWS\System32\shlwapi.dll
0x00007ffe974d0000 - 0x00007ffe974ef000 	C:\WINDOWS\SYSTEM32\profapi.dll
0x00007ffe7c3e0000 - 0x00007ffe7c3ec000 	C:\Program Files\Java\jdk-17\bin\dt_socket.dll
0x00007ffe969e0000 - 0x00007ffe96a1b000 	C:\WINDOWS\SYSTEM32\IPHLPAPI.DLL
0x00007ffe96d40000 - 0x00007ffe96daa000 	C:\WINDOWS\system32\mswsock.dll
0x00007ffe73d60000 - 0x00007ffe73d78000 	C:\Program Files\Java\jdk-17\bin\zip.dll
0x00007ffe74a30000 - 0x00007ffe74a49000 	C:\Program Files\Java\jdk-17\bin\net.dll
0x00007ffe90df0000 - 0x00007ffe90ef8000 	C:\WINDOWS\SYSTEM32\WINHTTP.dll
0x00007ffe73d80000 - 0x00007ffe73d95000 	C:\Program Files\Java\jdk-17\bin\nio.dll
0x00007ffe7af60000 - 0x00007ffe7af70000 	C:\Program Files\Java\jdk-17\bin\verify.dll
0x00007ffe96f30000 - 0x00007ffe96f48000 	C:\WINDOWS\SYSTEM32\CRYPTSP.dll
0x00007ffe96650000 - 0x00007ffe96684000 	C:\WINDOWS\system32\rsaenh.dll
0x00007ffe97c80000 - 0x00007ffe97ca7000 	C:\WINDOWS\System32\bcrypt.dll
0x00007ffe97450000 - 0x00007ffe9747e000 	C:\WINDOWS\SYSTEM32\USERENV.dll
0x00007ffe96f50000 - 0x00007ffe96f5c000 	C:\WINDOWS\SYSTEM32\CRYPTBASE.dll
0x00007ffe982c0000 - 0x00007ffe982c8000 	C:\WINDOWS\System32\NSI.dll
0x00007ffe92a90000 - 0x00007ffe92aa7000 	C:\WINDOWS\SYSTEM32\dhcpcsvc6.DLL
0x00007ffe92a70000 - 0x00007ffe92a8d000 	C:\WINDOWS\SYSTEM32\dhcpcsvc.DLL
0x00007ffe96a30000 - 0x00007ffe96afc000 	C:\WINDOWS\SYSTEM32\DNSAPI.dll
0x0000000180000000 - 0x0000000180031000 	C:\Users\user\AppData\Local\Temp\jna9199143735437214233.tmp
0x00007ffdd7e60000 - 0x00007ffddc1fe000 	D:\Programming\School\JavaGL2\src\renderdoc.dll
0x00007ffe986a0000 - 0x00007ffe98b12000 	C:\WINDOWS\System32\SETUPAPI.dll
0x00007ffe976f0000 - 0x00007ffe9773e000 	C:\WINDOWS\System32\cfgmgr32.dll
0x00007ffe985c0000 - 0x00007ffe9869a000 	C:\WINDOWS\System32\COMDLG32.dll
0x00007ffe99870000 - 0x00007ffe9999a000 	C:\WINDOWS\System32\ole32.dll
0x00007ffe98350000 - 0x00007ffe9841d000 	C:\WINDOWS\System32\OLEAUT32.dll
0x00007ffe93d20000 - 0x00007ffe9417d000 	C:\WINDOWS\SYSTEM32\d3dcompiler_47.dll
0x00007ffe7b520000 - 0x00007ffe7b645000 	C:\WINDOWS\SYSTEM32\opengl32.dll
0x00007ffe7b4f0000 - 0x00007ffe7b51c000 	C:\WINDOWS\SYSTEM32\GLU32.dll
0x00007ffe68b60000 - 0x00007ffe68bc4000 	C:\Users\user\AppData\Local\Temp\lwjgluser\3.2.3-SNAPSHOT\lwjgl.dll
0x00007ffe68980000 - 0x00007ffe689e2000 	C:\Users\user\AppData\Local\Temp\lwjgluser\3.2.3-SNAPSHOT\glfw.dll
0x00007ffe94f30000 - 0x00007ffe94fce000 	C:\WINDOWS\system32\uxtheme.dll
0x00007ffe73070000 - 0x00007ffe730b5000 	C:\WINDOWS\SYSTEM32\dinput8.dll
0x00007ffe83fd0000 - 0x00007ffe84122000 	C:\WINDOWS\SYSTEM32\inputhost.dll
0x00007ffe94850000 - 0x00007ffe94bae000 	C:\WINDOWS\SYSTEM32\CoreUIComponents.dll
0x00007ffe94180000 - 0x00007ffe942d4000 	C:\WINDOWS\SYSTEM32\wintypes.dll
0x00007ffe94bb0000 - 0x00007ffe94ca2000 	C:\WINDOWS\SYSTEM32\CoreMessaging.dll
0x00007ffe92580000 - 0x00007ffe92676000 	C:\WINDOWS\SYSTEM32\PROPSYS.dll
0x00007ffe96280000 - 0x00007ffe962b3000 	C:\WINDOWS\SYSTEM32\ntmarta.dll
0x00007ffe74d30000 - 0x00007ffe74d41000 	C:\WINDOWS\SYSTEM32\xinput1_4.dll
0x00007ffe97330000 - 0x00007ffe97364000 	C:\WINDOWS\SYSTEM32\DEVOBJ.dll
0x00007ffe952d0000 - 0x00007ffe952ff000 	C:\WINDOWS\SYSTEM32\dwmapi.dll
0x00007ffe57600000 - 0x00007ffe577e1000 	C:\Program Files (x86)\Stardock\Fences\FencesMenu64.dll
0x00007ffe92eb0000 - 0x00007ffe92ec4000 	C:\WINDOWS\SYSTEM32\WTSAPI32.dll
0x00007ffe7fac0000 - 0x00007ffe7fc69000 	C:\WINDOWS\WinSxS\amd64_microsoft.windows.gdiplus_6595b64144ccf1df_1.1.19041.1288_none_91a663c8cc864906\gdiplus.dll
0x00007ffe999a0000 - 0x00007ffe99ab5000 	C:\WINDOWS\System32\MSCTF.dll
0x00007ffe95e40000 - 0x00007ffe95e4d000 	C:\WINDOWS\SYSTEM32\HID.DLL
0x00007ffe97690000 - 0x00007ffe976f0000 	C:\WINDOWS\System32\WINTRUST.dll
0x00007ffe97cb0000 - 0x00007ffe97e06000 	C:\WINDOWS\System32\CRYPT32.dll
0x00007ffe97170000 - 0x00007ffe97182000 	C:\WINDOWS\System32\MSASN1.dll
0x00007ffe99c90000 - 0x00007ffe99d39000 	C:\WINDOWS\System32\clbcatq.dll
0x00007ffe86ab0000 - 0x00007ffe86adc000 	C:\WINDOWS\System32\DriverStore\FileRepository\u0372545.inf_amd64_56d459236871c3f2\B372333\atig6pxx.dll
0x00007ffe4d240000 - 0x00007ffe50083000 	C:\WINDOWS\System32\DriverStore\FileRepository\u0372545.inf_amd64_56d459236871c3f2\B372333\atio6axx.dll
0x00007ffe7aff0000 - 0x00007ffe7b014000 	C:\WINDOWS\SYSTEM32\dxva2.dll
0x00007ffe747f0000 - 0x00007ffe7482f000 	C:\WINDOWS\System32\DriverStore\FileRepository\u0372545.inf_amd64_56d459236871c3f2\B372333\atig6txx.dll
0x00007ffe4d070000 - 0x00007ffe4d23c000 	C:\WINDOWS\SYSTEM32\atiadlxx.dll
0x00007ffe7c9a0000 - 0x00007ffe7c9e9000 	C:\WINDOWS\SYSTEM32\pdh.dll
0x00007ffe8a730000 - 0x00007ffe8a76b000 	C:\WINDOWS\SYSTEM32\dxcore.dll
0x00007ffe68920000 - 0x00007ffe68979000 	C:\Users\user\AppData\Local\Temp\lwjgluser\3.2.3-SNAPSHOT\lwjgl_opengl.dll
0x00007ffe84130000 - 0x00007ffe84229000 	C:\WINDOWS\SYSTEM32\textinputframework.dll
0x00007ffe87840000 - 0x00007ffe878a6000 	C:\WINDOWS\system32\Oleacc.dll
0x0000000064a00000 - 0x00000000657b1000 	C:\Users\user\AppData\Local\Temp\imgui-java-natives_1635844623957\imgui-java64.dll
0x00007ffe68840000 - 0x00007ffe688c7000 	C:\Users\user\AppData\Local\Temp\lwjgluser\3.2.3-SNAPSHOT\lwjgl_nanovg.dll
0x00007ffe685a0000 - 0x00007ffe68617000 	C:\Users\user\AppData\Local\Temp\lwjgluser\3.2.3-SNAPSHOT\lwjgl_stb.dll
0x00007ffdfb970000 - 0x00007ffdfc02f000 	C:\Users\user\AppData\Local\Temp\lwjgluser\3.2.3-SNAPSHOT\assimp.dll

dbghelp: loaded successfully - version: 4.0.5 - missing functions: none
symbol engine: initialized successfully - sym options: 0x614 - pdb path: .;C:\Program Files\Java\jdk-17\bin;C:\WINDOWS\SYSTEM32;C:\WINDOWS\WinSxS\amd64_microsoft.windows.common-controls_6595b64144ccf1df_6.0.19041.1110_none_60b5254171f9507e;C:\Program Files\Java\jdk-17\bin\server;C:\Users\user\AppData\Local\Temp;D:\Programming\School\JavaGL2\src;C:\Users\user\AppData\Local\Temp\lwjgluser\3.2.3-SNAPSHOT;C:\Program Files (x86)\Stardock\Fences;C:\WINDOWS\WinSxS\amd64_microsoft.windows.gdiplus_6595b64144ccf1df_1.1.19041.1288_none_91a663c8cc864906;C:\WINDOWS\System32\DriverStore\FileRepository\u0372545.inf_amd64_56d459236871c3f2\B372333;C:\Users\user\AppData\Local\Temp\imgui-java-natives_1635844623957

VM Arguments:
jvm_args: -agentlib:jdwp=transport=dt_socket,address=127.0.0.1:6662,suspend=y,server=n -Djna.library.path=D:\Programming\School\JavaGL2\src -javaagent:C:\Users\user\AppData\Local\JetBrains\IntelliJIdea2021.2\groovyHotSwap\gragent.jar -javaagent:C:\Users\user\AppData\Local\JetBrains\IntelliJIdea2021.2\captureAgent\debugger-agent.jar -Dfile.encoding=windows-1252 
java_command: sketches._2021_10.Dayblabla
java_class_path (initial): D:\Programming\School\JavaGL2\out\production\classes;C:\Users\user\.gradle\caches\modules-2\files-2.1\io.github.spair\imgui-java-app\1.84.1.3\c7f2adbb406354377182fea74b107d8c4f8b1d0\imgui-java-app-1.84.1.3.jar;C:\Users\user\.gradle\caches\modules-2\files-2.1\org.lwjgl\lwjgl-assimp\3.2.3\f62aa07a20afbdd3097efc296c4841e0d29700eb\lwjgl-assimp-3.2.3.jar;C:\Users\user\.gradle\caches\modules-2\files-2.1\org.lwjgl\lwjgl-glfw\3.2.3\5e520d5c290c8b012545a8d34fa5db5ab051ea53\lwjgl-glfw-3.2.3.jar;C:\Users\user\.gradle\caches\modules-2\files-2.1\org.lwjgl\lwjgl-glfw\3.2.3\62b044d9b0a057444bef2ab70b9afc288ec09dba\lwjgl-glfw-3.2.3-natives-linux.jar;C:\Users\user\.gradle\caches\modules-2\files-2.1\org.lwjgl\lwjgl-glfw\3.2.3\58661272eacb9116336c88b4aadccf1f17c09b\lwjgl-glfw-3.2.3-natives-macos.jar;C:\Users\user\.gradle\caches\modules-2\files-2.1\org.lwjgl\lwjgl-glfw\3.2.3\b4d8a3477cdc2edcf7a5f1e822926be846223f54\lwjgl-glfw-3.2.3-natives-windows.jar;C:\Users\user\.gradle\caches\modules-2\files-2.1\org.lwjgl\lwjgl-nanovg\3.2.3\718be4a13691d1cd276fa852326e9e837d65204e\lwjgl-nanovg-3.2.3.jar;C:\Users\user\.gradle\caches\modules-2\files-2.1\org.lwjgl\lwjgl-nfd\3.2.3\c44fee1043c022cf6614a28872d44cf114ca7737\lwjgl-nfd-3.2.3.jar;C:\Users\user\.gradle\caches\modules-2\files-2.1\org.lwjgl\lwjgl-openal\3.2.3\106742e805803ab9eab8e343f0fb31a3d263903c\lwjgl-openal-3.2.3.jar;C:\Users\user\.gradle\caches\modules-2\files-2.1\org.lwjgl\lwjgl-opengl\3.2.3\bdd534a323d0c8f54969b95e424b6ac8984f7d6e\lwjgl-opengl-3.2.3.jar;C:\Users\user\.gradle\caches\modules-2\files-2.1\org.lwjgl\lwjgl-opengl\3.2.3\7f14db5da9aa7951efe88993f519d7d38ad6e46b\lwjgl-opengl-3.2.3-natives-linux.jar;C:\Users\user\.gradle\caches\modules-2\files-2.1\org.lwjgl\lwjgl-opengl\3.2.3\efa3326c11336d3e74c9c8aeceb2420328d28e6b\lwjgl-opengl-3.2.3-natives-macos.jar;C:\Users\user\.gradle\caches\modules-2\files-2.1\org.lwjgl\lwjgl-opengl\3.2.3\e81cfc73ec8708e5e791ed770e4ec3edfc1bbab1\lwjgl-opengl-3.2.3-natives-windo
Launcher Type: SUN_STANDARD

[Global flags]
     intx CICompilerCount                          = 4                                         {product} {ergonomic}
     uint ConcGCThreads                            = 3                                         {product} {ergonomic}
     uint G1ConcRefinementThreads                  = 10                                        {product} {ergonomic}
   size_t G1HeapRegionSize                         = 4194304                                   {product} {ergonomic}
    uintx GCDrainStackTargetSize                   = 64                                        {product} {ergonomic}
   size_t InitialHeapSize                          = 536870912                                 {product} {ergonomic}
   size_t MarkStackSize                            = 4194304                                   {product} {ergonomic}
   size_t MaxHeapSize                              = 8577351680                                {product} {ergonomic}
   size_t MaxNewSize                               = 5146411008                                {product} {ergonomic}
   size_t MinHeapDeltaBytes                        = 4194304                                   {product} {ergonomic}
   size_t MinHeapSize                              = 8388608                                   {product} {ergonomic}
    uintx NonNMethodCodeHeapSize                   = 5839372                                {pd product} {ergonomic}
    uintx NonProfiledCodeHeapSize                  = 122909434                              {pd product} {ergonomic}
    uintx ProfiledCodeHeapSize                     = 122909434                              {pd product} {ergonomic}
    uintx ReservedCodeCacheSize                    = 251658240                              {pd product} {ergonomic}
     bool SegmentedCodeCache                       = true                                      {product} {ergonomic}
   size_t SoftMaxHeapSize                          = 8577351680                             {manageable} {ergonomic}
     bool UseCompressedClassPointers               = true                           {product lp64_product} {ergonomic}
     bool UseCompressedOops                        = true                           {product lp64_product} {ergonomic}
     bool UseG1GC                                  = true                                      {product} {ergonomic}
     bool UseLargePagesIndividualAllocation        = false                                  {pd product} {ergonomic}

Logging:
Log output configuration:
 #0: stdout all=warning uptime,level,tags
 #1: stderr all=off uptime,level,tags

Environment Variables:
PATH=C:\Program Files\Common Files\Oracle\Java\javapath;C:\Python27\;C:\Python27\Scripts;C:\Program Files (x86)\Common Files\Intel\Shared Libraries\redist\intel64\compiler;C:\Python39\Scripts\;C:\Python39\;C:\Program Files (x86)\Common Files\Oracle\Java\javapath;C:\Python38\Scripts\;C:\Python38\;C:\Windows\system32;C:\Windows;C:\Windows\System32\Wbem;C:\Windows\System32\WindowsPowerShell\v1.0\;C:\Windows\System32\OpenSSH\;C:\Program Files (x86)\Cmder;C:\ProgramData\chocolatey\bin;C:\Program Files\dotnet\;C:\Program Files (x86)\Wolfram Research\WolframScript\;C:\Program Files\Docker\Docker\resources\bin;C:\ProgramData\DockerDesktop\version-bin;C:\Program Files\Calibre2\;C:\WINDOWS\system32;C:\WINDOWS;C:\WINDOWS\System32\Wbem;C:\WINDOWS\System32\WindowsPowerShell\v1.0\;C:\WINDOWS\System32\OpenSSH\;C:\Program Files\PowerShell\7\;C:\Program Files\Git\cmd;C:\Program Files\Git LFS;C:\Program Files\Perforce\;C:\Program Files\Perforce;C:\Program Files\CMake\bin;C:\Program Files\nodejs\;C:\Program Files\Go\bin;C:\MinGW\bin;C:\Program Files\Microsoft SQL Server\130\Tools\Binn\;C:\Program Files\Microsoft SQL Server\Client SDK\ODBC\170\Tools\Binn\;D:\VSTs32\64klang;;C:\Program Files\Tundra 2.0\bin;C:\Program Files\MySQL\MySQL Shell 8.0\bin\;C:\Program Files (x86)\Common Files\Intel\Shared Libraries\redist\intel64_win\compiler;C:\Users\user\AppData\Local\Microsoft\WindowsApps;C:\Users\user\AppData\Local\Programs\Microsoft VS Code\bin;C:\Program Files\ffmpeg\bin;C:\Program Files\NASM;C:\Users\user\Downloads\GIF;C:\Users\user\AppData\Roaming\Python\Python38\Scripts;C:\Users\user\AppData\Local\GitHubDesktop\bin;C:\Users\user\AppData\Roaming\npm;C:\Users\user\go\bin;C:\Users\user\.dotnet\tools;C:\Users\user\spicetify-cli;C:\Users\user\.dotnet\tools
USERNAME=user
OS=Windows_NT
PROCESSOR_IDENTIFIER=AMD64 Family 25 Model 33 Stepping 0, AuthenticAMD



---------------  S Y S T E M  ---------------

OS:
 Windows 10 , 64 bit Build 19041 (10.0.19041.1202)
OS uptime: 17 days 21:56 hours

CPU: total 12 (initial active 12) (12 cores per cpu, 2 threads per core) family 25 model 33 stepping 0 microcode 0x0, cx8, cmov, fxsr, ht, mmx, 3dnowpref, sse, sse2, sse3, ssse3, sse4a, sse4.1, sse4.2, popcnt, lzcnt, tsc, tscinvbit, avx, avx2, aes, erms, clmul, bmi1, bmi2, adx, sha, fma, vzeroupper, clflush, clflushopt

Memory: 4k page, system-wide physical 32712M (6615M free)
TotalPageFile size 106362M (AvailPageFile size 6299M)
current process WorkingSet (physical memory assigned to process): 244M, peak: 258M
current process commit charge ("private bytes"): 952M, peak: 995M

vm_info: Java HotSpot(TM) 64-Bit Server VM (17+35-LTS-2724) for windows-amd64 JRE (17+35-LTS-2724), built on Aug  5 2021 23:28:28 by "mach5one" with MS VC++ 16.8 (VS2019)

END.
