#
# A fatal error has been detected by the Java Runtime Environment:
#
#  EXCEPTION_ACCESS_VIOLATION (0xc0000005) at pc=0x00007ffdc866e450, pid=159384, tid=145540
#
# JRE version: Java(TM) SE Runtime Environment (17.0+35) (build 17+35-LTS-2724)
# Java VM: Java HotSpot(TM) 64-Bit Server VM (17+35-LTS-2724, mixed mode, sharing, tiered, compressed oops, compressed class ptrs, g1 gc, windows-amd64)
# Problematic frame:
# C  [renderdoc.dll+0xce450]
#
# No core dump will be written. Minidumps are not enabled by default on client versions of Windows
#
# If you would like to submit a bug report, please visit:
#   https://bugreport.java.com/bugreport/crash.jsp
# The crash happened outside the Java Virtual Machine in native code.
# See problematic frame for where to report the bug.
#

---------------  S U M M A R Y ------------

Command Line: -agentlib:jdwp=transport=dt_socket,address=127.0.0.1:5051,suspend=y,server=n -Djna.library.path=D:\Programming\School\JavaGL2\src -javaagent:C:\Users\user\AppData\Local\JetBrains\IntelliJIdea2021.2\groovyHotSwap\gragent.jar -javaagent:C:\Users\user\AppData\Local\JetBrains\IntelliJIdea2021.2\captureAgent\debugger-agent.jar -Dfile.encoding=windows-1252 sketches._2021_10.Dayblabla

Host: AMD Ryzen 5 5600X 6-Core Processor             , 12 cores, 31G,  Windows 10 , 64 bit Build 19041 (10.0.19041.1202)
Time: Wed Nov  3 22:23:08 2021 FLE Standard Time elapsed time: 80.456629 seconds (0d 0h 1m 20s)

---------------  T H R E A D  ---------------

Current thread (0x000002085dcbad80):  JavaThread "main" [_thread_in_native, id=145540, stack(0x00000030b7400000,0x00000030b7500000)]

Stack: [0x00000030b7400000,0x00000030b7500000],  sp=0x00000030b74fdaf0,  free space=1014k
Native frames: (J=compiled Java code, j=interpreted, Vv=VM code, C=native code)
C  [renderdoc.dll+0xce450]

Java frames: (J=compiled Java code, j=interpreted, Vv=VM code)
J 1478  org.lwjgl.system.JNI.invokePV(JJ)V (0 bytes) @ 0x000002086d0141ec [0x000002086d0141a0+0x000000000000004c]
J 1600 c2 _0_1.engine.Engine.finishFrame$JavaGL2()V (939 bytes) @ 0x000002086d03202c [0x000002086d031e40+0x00000000000001ec]
j  _0_1.engine.Sketch.loop()V+35
j  _0_1.engine.Sketch.start()V+5
j  _0_1.engine.Engine$Companion.startSketch(Ljava/lang/Class;L_0_1/engine/Engine$Settings;)V+144
j  sketches._2021_10.Dayblabla$Companion.main([Ljava/lang/String;)V+64
j  sketches._2021_10.Dayblabla.main([Ljava/lang/String;)V+4
v  ~StubRoutines::call_stub

siginfo: EXCEPTION_ACCESS_VIOLATION (0xc0000005), writing address 0x0000000000000000


Register to memory mapping:

RIP=0x00007ffdc866e450 renderdoc.dll
RAX=0x0 is NULL
RBX=0x0000000077359400 is an unknown value
RCX=0x00000000ffffffff is an unknown value
RDX=0x0 is NULL
RSP=0x00000030b74fdaf0 is pointing into the stack for thread: 0x000002085dcbad80
RBP=0x00000030b74fdc50 is pointing into the stack for thread: 0x000002085dcbad80
RSI=0x000000000000806f is an unknown value
RDI=0x000002080b83b8b0 points into unknown readable memory: 0x00007ffdc9401798 | 98 17 40 c9 fd 7f 00 00
R8 =0x00000030b74fd878 is pointing into the stack for thread: 0x000002085dcbad80
R9 =0x0 is NULL
R10=0x0 is NULL
R11=0x0000000000000246 is an unknown value
R12=0x0000000000001908 is an unknown value
R13=0x0000000000001406 is an unknown value
R14=0x00000030b74fedf0 is pointing into the stack for thread: 0x000002085dcbad80
R15=0x0 is NULL


Registers:
RAX=0x0000000000000000, RBX=0x0000000077359400, RCX=0x00000000ffffffff, RDX=0x0000000000000000
RSP=0x00000030b74fdaf0, RBP=0x00000030b74fdc50, RSI=0x000000000000806f, RDI=0x000002080b83b8b0
R8 =0x00000030b74fd878, R9 =0x0000000000000000, R10=0x0000000000000000, R11=0x0000000000000246
R12=0x0000000000001908, R13=0x0000000000001406, R14=0x00000030b74fedf0, R15=0x0000000000000000
RIP=0x00007ffdc866e450, EFLAGS=0x0000000000010202

Top of Stack: (sp=0x00000030b74fdaf0)
0x00000030b74fdaf0:   0000000000000000 0000020812326ef0
0x00000030b74fdb00:   0000000000000000 00007ffdc932443c
0x00000030b74fdb10:   00007ffdc9327fd8 00007ffe000000d6
0x00000030b74fdb20:   00007ffdc9328010 0000000077359400
0x00000030b74fdb30:   fffffffffffffffe 00000030b74fedf0
0x00000030b74fdb40:   00000000000001f4 00007ffdc8db26ce
0x00000030b74fdb50:   0000000077359400 0000003000000000
0x00000030b74fdb60:   000000000000806f 000003fc00001908
0x00000030b74fdb70:   0000000000001406 000005a000000a00
0x00000030b74fdb80:   0000000000000000 0000000000000000
0x00000030b74fdb90:   0000000000000002 0000000000000000
0x00000030b74fdba0:   0000000000000000 0000000000000000
0x00000030b74fdbb0:   000002080d3fc6d8 0000000000000000
0x00000030b74fdbc0:   000085160000806f 0000851800008517
0x00000030b74fdbd0:   0000851a00008519 0000000000000000
0x00000030b74fdbe0:   0000000000000000 0000000000000000 

Instructions: (pc=0x00007ffdc866e450)
0x00007ffdc866e350:   8d 41 ff 49 89 02 48 85 c0 75 e5 4d 39 2f eb 03
0x00007ffdc866e360:   49 3b c5 0f 92 c0 4c 8d 9c 24 e0 00 00 00 49 8b
0x00007ffdc866e370:   5b 38 49 8b 73 40 49 8b 7b 48 49 8b e3 41 5f 41
0x00007ffdc866e380:   5e 41 5d 41 5c 5d c3 cc cc cc cc cc cc cc cc cc
0x00007ffdc866e390:   41 b9 01 00 00 00 41 8b c1 0f 1f 80 00 00 00 00
0x00007ffdc866e3a0:   41 3b c9 7f 0a 41 3b d1 7f 05 45 3b c1 7e 20 d1
0x00007ffdc866e3b0:   f9 41 3b c9 41 0f 4c c9 d1 fa 41 3b d1 41 0f 4c
0x00007ffdc866e3c0:   d1 41 d1 f8 45 3b c1 45 0f 4c c1 ff c0 eb d1 c3
0x00007ffdc866e3d0:   48 89 4c 24 08 53 48 83 ec 50 48 c7 44 24 40 fe
0x00007ffdc866e3e0:   ff ff ff 48 8b d9 c7 44 24 68 00 00 00 00 48 83
0x00007ffdc866e3f0:   c1 48 e8 cd 29 be 00 48 8b c8 48 85 c9 74 13 48
0x00007ffdc866e400:   83 c0 47 48 83 e0 c0 48 89 48 f8 eb 57 48 8b 5c
0x00007ffdc866e410:   24 60 48 89 5c 24 38 48 8d 05 f2 9b cb 00 48 89
0x00007ffdc866e420:   44 24 30 c7 44 24 28 d6 00 00 00 48 8d 05 a6 9b
0x00007ffdc866e430:   cb 00 48 89 44 24 20 4c 8d 0d fe 5f cb 00 ba 40
0x00007ffdc866e440:   30 20 10 8b ca 41 b8 04 00 00 00 e8 30 04 00 00
0x00007ffdc866e450:   c7 04 25 00 00 00 00 00 00 00 00 33 c9 ff 15 05
0x00007ffdc866e460:   86 c8 00 cc 48 83 c4 50 5b c3 cc cc cc cc cc cc
0x00007ffdc866e470:   85 c9 75 04 83 c8 ff c3 0f bd c9 0f 95 c0 3c 01
0x00007ffdc866e480:   75 0b 83 f1 1f b8 1f 00 00 00 2b c1 c3 b9 20 00
0x00007ffdc866e490:   00 00 b8 1f 00 00 00 2b c1 c3 cc cc cc cc cc cc
0x00007ffdc866e4a0:   48 8b c4 55 48 8b ec 48 81 ec 80 00 00 00 48 c7
0x00007ffdc866e4b0:   45 b0 fe ff ff ff 48 89 58 10 48 89 78 18 48 8b
0x00007ffdc866e4c0:   d9 33 c0 48 89 45 b8 48 89 45 c0 48 89 45 c8 48
0x00007ffdc866e4d0:   8b 15 6a be 1e 04 48 8d 4d b8 e8 a1 a9 f9 ff 90
0x00007ffdc866e4e0:   45 33 c0 48 8d 15 26 4e cb 00 48 8b 0d 4f be 1e
0x00007ffdc866e4f0:   04 e8 0a a9 f9 ff 48 85 db 74 22 80 3b 00 74 1d
0x00007ffdc866e500:   49 83 c8 ff 49 ff c0 42 80 3c 03 00 75 f6 48 8b
0x00007ffdc866e510:   d3 48 8b 0d 28 be 1e 04 e8 e3 a8 f9 ff 33 c0 48
0x00007ffdc866e520:   89 45 d0 48 89 45 d8 48 89 45 e0 48 8b 0d e6 8e
0x00007ffdc866e530:   1d 04 ff 15 70 7b c8 00 48 8b 45 e0 48 b9 00 00
0x00007ffdc866e540:   00 00 00 00 00 c0 48 85 c1 0f b6 4d e7 74 04 48 


Stack slot to memory mapping:
stack at sp + 0 slots: 0x0 is NULL
stack at sp + 1 slots: 0x0000020812326ef0 points into unknown readable memory: 0x000002085b9c0101 | 01 01 9c 5b 08 02 00 00
stack at sp + 2 slots: 0x0 is NULL
stack at sp + 3 slots: 0x00007ffdc932443c renderdoc.dll
stack at sp + 4 slots: 0x00007ffdc9327fd8 renderdoc.dll
stack at sp + 5 slots: 0x00007ffe000000d6 is an unknown value
stack at sp + 6 slots: 0x00007ffdc9328010 renderdoc.dll
stack at sp + 7 slots: 0x0000000077359400 is an unknown value


---------------  P R O C E S S  ---------------

Threads class SMR info:
_java_thread_list=0x0000020819aa8080, length=17, elements={
0x000002085dcbad80, 0x000002080a6fc1e0, 0x000002080a6fd7f0, 0x000002080a711de0,
0x000002080a712990, 0x000002080a715bf0, 0x000002080a7185b0, 0x000002080b1280a0,
0x000002080b1289a0, 0x000002080b12c2c0, 0x000002080b20f2c0, 0x000002080b2add90,
0x000002080b2b1200, 0x000002080b2ff180, 0x000002080b496f50, 0x0000020812a44390,
0x0000020812a80ed0
}

Java Threads: ( => current thread )
=>0x000002085dcbad80 JavaThread "main" [_thread_in_native, id=145540, stack(0x00000030b7400000,0x00000030b7500000)]
  0x000002080a6fc1e0 JavaThread "Reference Handler" daemon [_thread_blocked, id=153528, stack(0x00000030b7b00000,0x00000030b7c00000)]
  0x000002080a6fd7f0 JavaThread "Finalizer" daemon [_thread_blocked, id=156284, stack(0x00000030b7c00000,0x00000030b7d00000)]
  0x000002080a711de0 JavaThread "Signal Dispatcher" daemon [_thread_blocked, id=10656, stack(0x00000030b7d00000,0x00000030b7e00000)]
  0x000002080a712990 JavaThread "Attach Listener" daemon [_thread_blocked, id=2212, stack(0x00000030b7e00000,0x00000030b7f00000)]
  0x000002080a715bf0 JavaThread "Service Thread" daemon [_thread_blocked, id=53344, stack(0x00000030b7f00000,0x00000030b8000000)]
  0x000002080a7185b0 JavaThread "Monitor Deflation Thread" daemon [_thread_blocked, id=121548, stack(0x00000030b8000000,0x00000030b8100000)]
  0x000002080b1280a0 JavaThread "C2 CompilerThread0" daemon [_thread_blocked, id=8316, stack(0x00000030b8100000,0x00000030b8200000)]
  0x000002080b1289a0 JavaThread "C1 CompilerThread0" daemon [_thread_blocked, id=150752, stack(0x00000030b8200000,0x00000030b8300000)]
  0x000002080b12c2c0 JavaThread "Sweeper thread" daemon [_thread_blocked, id=159980, stack(0x00000030b8300000,0x00000030b8400000)]
  0x000002080b20f2c0 JavaThread "Common-Cleaner" daemon [_thread_blocked, id=20704, stack(0x00000030b8400000,0x00000030b8500000)]
  0x000002080b2add90 JavaThread "JDWP Transport Listener: dt_socket" daemon [_thread_blocked, id=38228, stack(0x00000030b8500000,0x00000030b8600000)]
  0x000002080b2b1200 JavaThread "JDWP Event Helper Thread" daemon [_thread_blocked, id=137412, stack(0x00000030b8600000,0x00000030b8700000)]
  0x000002080b2ff180 JavaThread "JDWP Command Reader" daemon [_thread_in_native, id=153376, stack(0x00000030b8700000,0x00000030b8800000)]
  0x000002080b496f50 JavaThread "Notification Thread" daemon [_thread_blocked, id=150416, stack(0x00000030b8800000,0x00000030b8900000)]
  0x0000020812a44390 JavaThread "Thread-1" [_thread_blocked, id=42512, stack(0x00000030b9800000,0x00000030b9900000)]
  0x0000020812a80ed0 JavaThread "FileSystemWatchService" daemon [_thread_in_native, id=147388, stack(0x00000030b9900000,0x00000030b9a00000)]

Other Threads:
  0x000002080a6f6e40 VMThread "VM Thread" [stack: 0x00000030b7a00000,0x00000030b7b00000] [id=9176]
  0x000002085dd47c20 WatcherThread [stack: 0x00000030b8900000,0x00000030b8a00000] [id=145636]
  0x000002085dd2fcb0 GCTaskThread "GC Thread#0" [stack: 0x00000030b7500000,0x00000030b7600000] [id=140700]
  0x0000020812e6c500 GCTaskThread "GC Thread#1" [stack: 0x00000030b8f00000,0x00000030b9000000] [id=121700]
  0x0000020812e6b4e0 GCTaskThread "GC Thread#2" [stack: 0x00000030b9000000,0x00000030b9100000] [id=99204]
  0x0000020812e6cd10 GCTaskThread "GC Thread#3" [stack: 0x00000030b9100000,0x00000030b9200000] [id=152496]
  0x0000020812e6dfe0 GCTaskThread "GC Thread#4" [stack: 0x00000030b9200000,0x00000030b9300000] [id=53292]
  0x0000020812e6bcf0 GCTaskThread "GC Thread#5" [stack: 0x00000030b9300000,0x00000030b9400000] [id=149364]
  0x0000020812e6aa20 GCTaskThread "GC Thread#6" [stack: 0x00000030b9400000,0x00000030b9500000] [id=153796]
  0x0000020812e6bfa0 GCTaskThread "GC Thread#7" [stack: 0x00000030b9500000,0x00000030b9600000] [id=154792]
  0x0000020812e6acd0 GCTaskThread "GC Thread#8" [stack: 0x00000030b9600000,0x00000030b9700000] [id=151996]
  0x0000020812e6b790 GCTaskThread "GC Thread#9" [stack: 0x00000030b9700000,0x00000030b9800000] [id=124332]
  0x000002085dd40b80 ConcurrentGCThread "G1 Main Marker" [stack: 0x00000030b7600000,0x00000030b7700000] [id=156968]
  0x000002085dd41d30 ConcurrentGCThread "G1 Conc#0" [stack: 0x00000030b7700000,0x00000030b7800000] [id=142396]
  0x000002080a5b44f0 ConcurrentGCThread "G1 Refine#0" [stack: 0x00000030b7800000,0x00000030b7900000] [id=38252]
  0x00000208129cd9d0 ConcurrentGCThread "G1 Refine#1" [stack: 0x00000030b9b00000,0x00000030b9c00000] [id=154988]
  0x00000208129cdcb0 ConcurrentGCThread "G1 Refine#2" [stack: 0x00000030b9c00000,0x00000030b9d00000] [id=133512]
  0x00000208129cd130 ConcurrentGCThread "G1 Refine#3" [stack: 0x00000030b9d00000,0x00000030b9e00000] [id=160604]
  0x00000208129ce270 ConcurrentGCThread "G1 Refine#4" [stack: 0x00000030b9e00000,0x00000030b9f00000] [id=114400]
  0x00000208129cc5b0 ConcurrentGCThread "G1 Refine#5" [stack: 0x00000030b9f00000,0x00000030ba000000] [id=60852]
  0x00000208232f8cf0 ConcurrentGCThread "G1 Refine#6" [stack: 0x00000030b8e00000,0x00000030b8f00000] [id=384]
  0x000002085dd8a3b0 ConcurrentGCThread "G1 Service" [stack: 0x00000030b7900000,0x00000030b7a00000] [id=161012]

Threads with active compile tasks:

VM state: not at safepoint (normal execution)

VM Mutex/Monitor currently owned by a thread: None

Heap address: 0x0000000600c00000, size: 8180 MB, Compressed Oops mode: Zero based, Oop shift amount: 3

CDS archive(s) mapped at: [0x0000000800000000-0x0000000800bc0000-0x0000000800bc0000), size 12320768, SharedBaseAddress: 0x0000000800000000, ArchiveRelocationMode: 0.
Compressed class space mapped at: 0x0000000800c00000-0x0000000840c00000, reserved size: 1073741824
Narrow klass base: 0x0000000800000000, Narrow klass shift: 0, Narrow klass range: 0x100000000

GC Precious Log:
 CPUs: 12 total, 12 available
 Memory: 32712M
 Large Page Support: Disabled
 NUMA Support: Disabled
 Compressed Oops: Enabled (Zero based)
 Heap Region Size: 4M
 Heap Min Capacity: 8M
 Heap Initial Capacity: 512M
 Heap Max Capacity: 8180M
 Pre-touch: Disabled
 Parallel Workers: 10
 Concurrent Workers: 3
 Concurrent Refinement Workers: 10
 Periodic GC: Disabled

Heap:
 garbage-first heap   total 524288K, used 83136K [0x0000000600c00000, 0x0000000800000000)
  region size 4096K, 7 young (28672K), 3 survivors (12288K)
 Metaspace       used 11815K, committed 11968K, reserved 1064960K
  class space    used 614K, committed 704K, reserved 1048576K

Heap Regions: E=young(eden), S=young(survivor), O=old, HS=humongous(starts), HC=humongous(continues), CS=collection set, F=free, OA=open archive, CA=closed archive, TAMS=top-at-mark-start (previous, next)
|   0|0x0000000600c00000, 0x0000000601000000, 0x0000000601000000|100%|HS|  |TAMS 0x0000000600c00000, 0x0000000600c00000| Complete 
|   1|0x0000000601000000, 0x0000000601400000, 0x0000000601400000|100%|HC|  |TAMS 0x0000000601000000, 0x0000000601000000| Complete 
|   2|0x0000000601400000, 0x0000000601800000, 0x0000000601800000|100%|HC|  |TAMS 0x0000000601400000, 0x0000000601400000| Complete 
|   3|0x0000000601800000, 0x0000000601c00000, 0x0000000601c00000|100%|HS|  |TAMS 0x0000000601800000, 0x0000000601800000| Complete 
|   4|0x0000000601c00000, 0x0000000602000000, 0x0000000602000000|100%|HS|  |TAMS 0x0000000601c00000, 0x0000000601c00000| Complete 
|   5|0x0000000602000000, 0x0000000602400000, 0x0000000602400000|100%| O|  |TAMS 0x0000000602000000, 0x0000000602000000| Untracked 
|   6|0x0000000602400000, 0x0000000602800000, 0x0000000602800000|100%| O|  |TAMS 0x0000000602400000, 0x0000000602400000| Untracked 
|   7|0x0000000602800000, 0x0000000602c00000, 0x0000000602c00000|100%|HS|  |TAMS 0x0000000602800000, 0x0000000602800000| Complete 
|   8|0x0000000602c00000, 0x0000000603000000, 0x0000000603000000|100%|HS|  |TAMS 0x0000000602c00000, 0x0000000602c00000| Complete 
|   9|0x0000000603000000, 0x0000000603400000, 0x0000000603400000|100%|HS|  |TAMS 0x0000000603000000, 0x0000000603000000| Complete 
|  10|0x0000000603400000, 0x0000000603400000, 0x0000000603800000|  0%| F|  |TAMS 0x0000000603400000, 0x0000000603400000| Untracked 
|  11|0x0000000603800000, 0x0000000603800000, 0x0000000603c00000|  0%| F|  |TAMS 0x0000000603800000, 0x0000000603800000| Untracked 
|  12|0x0000000603c00000, 0x0000000604000000, 0x0000000604000000|100%| O|  |TAMS 0x0000000603c00000, 0x0000000603c00000| Untracked 
|  13|0x0000000604000000, 0x0000000604400000, 0x0000000604400000|100%| O|  |TAMS 0x0000000604000000, 0x0000000604000000| Untracked 
|  14|0x0000000604400000, 0x0000000604800000, 0x0000000604800000|100%| O|  |TAMS 0x0000000604400000, 0x0000000604400000| Untracked 
|  15|0x0000000604800000, 0x0000000604c00000, 0x0000000604c00000|100%| O|  |TAMS 0x0000000604800000, 0x0000000604800000| Untracked 
|  16|0x0000000604c00000, 0x0000000604d30000, 0x0000000605000000| 29%| O|  |TAMS 0x0000000604c00000, 0x0000000604c00000| Untracked 
|  17|0x0000000605000000, 0x0000000605000000, 0x0000000605400000|  0%| F|  |TAMS 0x0000000605000000, 0x0000000605000000| Untracked 
|  18|0x0000000605400000, 0x0000000605400000, 0x0000000605800000|  0%| F|  |TAMS 0x0000000605400000, 0x0000000605400000| Untracked 
|  19|0x0000000605800000, 0x0000000605800000, 0x0000000605c00000|  0%| F|  |TAMS 0x0000000605800000, 0x0000000605800000| Untracked 
|  20|0x0000000605c00000, 0x0000000605c00000, 0x0000000606000000|  0%| F|  |TAMS 0x0000000605c00000, 0x0000000605c00000| Untracked 
|  21|0x0000000606000000, 0x0000000606000000, 0x0000000606400000|  0%| F|  |TAMS 0x0000000606000000, 0x0000000606000000| Untracked 
|  22|0x0000000606400000, 0x0000000606400000, 0x0000000606800000|  0%| F|  |TAMS 0x0000000606400000, 0x0000000606400000| Untracked 
|  23|0x0000000606800000, 0x0000000606800000, 0x0000000606c00000|  0%| F|  |TAMS 0x0000000606800000, 0x0000000606800000| Untracked 
|  24|0x0000000606c00000, 0x0000000606c00000, 0x0000000607000000|  0%| F|  |TAMS 0x0000000606c00000, 0x0000000606c00000| Untracked 
|  25|0x0000000607000000, 0x0000000607000000, 0x0000000607400000|  0%| F|  |TAMS 0x0000000607000000, 0x0000000607000000| Untracked 
|  26|0x0000000607400000, 0x0000000607400000, 0x0000000607800000|  0%| F|  |TAMS 0x0000000607400000, 0x0000000607400000| Untracked 
|  27|0x0000000607800000, 0x0000000607800000, 0x0000000607c00000|  0%| F|  |TAMS 0x0000000607800000, 0x0000000607800000| Untracked 
|  28|0x0000000607c00000, 0x0000000607c00000, 0x0000000608000000|  0%| F|  |TAMS 0x0000000607c00000, 0x0000000607c00000| Untracked 
|  29|0x0000000608000000, 0x0000000608000000, 0x0000000608400000|  0%| F|  |TAMS 0x0000000608000000, 0x0000000608000000| Untracked 
|  30|0x0000000608400000, 0x0000000608400000, 0x0000000608800000|  0%| F|  |TAMS 0x0000000608400000, 0x0000000608400000| Untracked 
|  31|0x0000000608800000, 0x0000000608800000, 0x0000000608c00000|  0%| F|  |TAMS 0x0000000608800000, 0x0000000608800000| Untracked 
|  32|0x0000000608c00000, 0x0000000608c00000, 0x0000000609000000|  0%| F|  |TAMS 0x0000000608c00000, 0x0000000608c00000| Untracked 
|  33|0x0000000609000000, 0x0000000609000000, 0x0000000609400000|  0%| F|  |TAMS 0x0000000609000000, 0x0000000609000000| Untracked 
|  34|0x0000000609400000, 0x0000000609400000, 0x0000000609800000|  0%| F|  |TAMS 0x0000000609400000, 0x0000000609400000| Untracked 
|  35|0x0000000609800000, 0x0000000609800000, 0x0000000609c00000|  0%| F|  |TAMS 0x0000000609800000, 0x0000000609800000| Untracked 
|  36|0x0000000609c00000, 0x0000000609c00000, 0x000000060a000000|  0%| F|  |TAMS 0x0000000609c00000, 0x0000000609c00000| Untracked 
|  37|0x000000060a000000, 0x000000060a000000, 0x000000060a400000|  0%| F|  |TAMS 0x000000060a000000, 0x000000060a000000| Untracked 
|  38|0x000000060a400000, 0x000000060a400000, 0x000000060a800000|  0%| F|  |TAMS 0x000000060a400000, 0x000000060a400000| Untracked 
|  39|0x000000060a800000, 0x000000060a800000, 0x000000060ac00000|  0%| F|  |TAMS 0x000000060a800000, 0x000000060a800000| Untracked 
|  40|0x000000060ac00000, 0x000000060ac00000, 0x000000060b000000|  0%| F|  |TAMS 0x000000060ac00000, 0x000000060ac00000| Untracked 
|  41|0x000000060b000000, 0x000000060b000000, 0x000000060b400000|  0%| F|  |TAMS 0x000000060b000000, 0x000000060b000000| Untracked 
|  42|0x000000060b400000, 0x000000060b400000, 0x000000060b800000|  0%| F|  |TAMS 0x000000060b400000, 0x000000060b400000| Untracked 
|  43|0x000000060b800000, 0x000000060b800000, 0x000000060bc00000|  0%| F|  |TAMS 0x000000060b800000, 0x000000060b800000| Untracked 
|  44|0x000000060bc00000, 0x000000060bc00000, 0x000000060c000000|  0%| F|  |TAMS 0x000000060bc00000, 0x000000060bc00000| Untracked 
|  45|0x000000060c000000, 0x000000060c000000, 0x000000060c400000|  0%| F|  |TAMS 0x000000060c000000, 0x000000060c000000| Untracked 
|  46|0x000000060c400000, 0x000000060c400000, 0x000000060c800000|  0%| F|  |TAMS 0x000000060c400000, 0x000000060c400000| Untracked 
|  47|0x000000060c800000, 0x000000060c800000, 0x000000060cc00000|  0%| F|  |TAMS 0x000000060c800000, 0x000000060c800000| Untracked 
|  48|0x000000060cc00000, 0x000000060cc00000, 0x000000060d000000|  0%| F|  |TAMS 0x000000060cc00000, 0x000000060cc00000| Untracked 
|  49|0x000000060d000000, 0x000000060d000000, 0x000000060d400000|  0%| F|  |TAMS 0x000000060d000000, 0x000000060d000000| Untracked 
|  50|0x000000060d400000, 0x000000060d400000, 0x000000060d800000|  0%| F|  |TAMS 0x000000060d400000, 0x000000060d400000| Untracked 
|  51|0x000000060d800000, 0x000000060d800000, 0x000000060dc00000|  0%| F|  |TAMS 0x000000060d800000, 0x000000060d800000| Untracked 
|  52|0x000000060dc00000, 0x000000060dc00000, 0x000000060e000000|  0%| F|  |TAMS 0x000000060dc00000, 0x000000060dc00000| Untracked 
|  53|0x000000060e000000, 0x000000060e000000, 0x000000060e400000|  0%| F|  |TAMS 0x000000060e000000, 0x000000060e000000| Untracked 
|  54|0x000000060e400000, 0x000000060e400000, 0x000000060e800000|  0%| F|  |TAMS 0x000000060e400000, 0x000000060e400000| Untracked 
|  55|0x000000060e800000, 0x000000060e800000, 0x000000060ec00000|  0%| F|  |TAMS 0x000000060e800000, 0x000000060e800000| Untracked 
|  56|0x000000060ec00000, 0x000000060ec00000, 0x000000060f000000|  0%| F|  |TAMS 0x000000060ec00000, 0x000000060ec00000| Untracked 
|  57|0x000000060f000000, 0x000000060f000000, 0x000000060f400000|  0%| F|  |TAMS 0x000000060f000000, 0x000000060f000000| Untracked 
|  58|0x000000060f400000, 0x000000060f400000, 0x000000060f800000|  0%| F|  |TAMS 0x000000060f400000, 0x000000060f400000| Untracked 
|  59|0x000000060f800000, 0x000000060f800000, 0x000000060fc00000|  0%| F|  |TAMS 0x000000060f800000, 0x000000060f800000| Untracked 
|  60|0x000000060fc00000, 0x000000060fc00000, 0x0000000610000000|  0%| F|  |TAMS 0x000000060fc00000, 0x000000060fc00000| Untracked 
|  61|0x0000000610000000, 0x0000000610000000, 0x0000000610400000|  0%| F|  |TAMS 0x0000000610000000, 0x0000000610000000| Untracked 
|  62|0x0000000610400000, 0x0000000610400000, 0x0000000610800000|  0%| F|  |TAMS 0x0000000610400000, 0x0000000610400000| Untracked 
|  63|0x0000000610800000, 0x0000000610800000, 0x0000000610c00000|  0%| F|  |TAMS 0x0000000610800000, 0x0000000610800000| Untracked 
|  64|0x0000000610c00000, 0x0000000610c00000, 0x0000000611000000|  0%| F|  |TAMS 0x0000000610c00000, 0x0000000610c00000| Untracked 
|  65|0x0000000611000000, 0x0000000611000000, 0x0000000611400000|  0%| F|  |TAMS 0x0000000611000000, 0x0000000611000000| Untracked 
|  66|0x0000000611400000, 0x0000000611400000, 0x0000000611800000|  0%| F|  |TAMS 0x0000000611400000, 0x0000000611400000| Untracked 
|  67|0x0000000611800000, 0x0000000611800000, 0x0000000611c00000|  0%| F|  |TAMS 0x0000000611800000, 0x0000000611800000| Untracked 
|  68|0x0000000611c00000, 0x0000000611c00000, 0x0000000612000000|  0%| F|  |TAMS 0x0000000611c00000, 0x0000000611c00000| Untracked 
|  69|0x0000000612000000, 0x0000000612000000, 0x0000000612400000|  0%| F|  |TAMS 0x0000000612000000, 0x0000000612000000| Untracked 
|  70|0x0000000612400000, 0x0000000612400000, 0x0000000612800000|  0%| F|  |TAMS 0x0000000612400000, 0x0000000612400000| Untracked 
|  71|0x0000000612800000, 0x0000000612800000, 0x0000000612c00000|  0%| F|  |TAMS 0x0000000612800000, 0x0000000612800000| Untracked 
|  72|0x0000000612c00000, 0x0000000612c00000, 0x0000000613000000|  0%| F|  |TAMS 0x0000000612c00000, 0x0000000612c00000| Untracked 
|  73|0x0000000613000000, 0x0000000613000000, 0x0000000613400000|  0%| F|  |TAMS 0x0000000613000000, 0x0000000613000000| Untracked 
|  74|0x0000000613400000, 0x0000000613400000, 0x0000000613800000|  0%| F|  |TAMS 0x0000000613400000, 0x0000000613400000| Untracked 
|  75|0x0000000613800000, 0x0000000613800000, 0x0000000613c00000|  0%| F|  |TAMS 0x0000000613800000, 0x0000000613800000| Untracked 
|  76|0x0000000613c00000, 0x0000000613c00000, 0x0000000614000000|  0%| F|  |TAMS 0x0000000613c00000, 0x0000000613c00000| Untracked 
|  77|0x0000000614000000, 0x0000000614000000, 0x0000000614400000|  0%| F|  |TAMS 0x0000000614000000, 0x0000000614000000| Untracked 
|  78|0x0000000614400000, 0x0000000614400000, 0x0000000614800000|  0%| F|  |TAMS 0x0000000614400000, 0x0000000614400000| Untracked 
|  79|0x0000000614800000, 0x0000000614800000, 0x0000000614c00000|  0%| F|  |TAMS 0x0000000614800000, 0x0000000614800000| Untracked 
|  80|0x0000000614c00000, 0x0000000614c00000, 0x0000000615000000|  0%| F|  |TAMS 0x0000000614c00000, 0x0000000614c00000| Untracked 
|  81|0x0000000615000000, 0x0000000615000000, 0x0000000615400000|  0%| F|  |TAMS 0x0000000615000000, 0x0000000615000000| Untracked 
|  82|0x0000000615400000, 0x0000000615400000, 0x0000000615800000|  0%| F|  |TAMS 0x0000000615400000, 0x0000000615400000| Untracked 
|  83|0x0000000615800000, 0x0000000615800000, 0x0000000615c00000|  0%| F|  |TAMS 0x0000000615800000, 0x0000000615800000| Untracked 
|  84|0x0000000615c00000, 0x0000000615c00000, 0x0000000616000000|  0%| F|  |TAMS 0x0000000615c00000, 0x0000000615c00000| Untracked 
|  85|0x0000000616000000, 0x0000000616000000, 0x0000000616400000|  0%| F|  |TAMS 0x0000000616000000, 0x0000000616000000| Untracked 
|  86|0x0000000616400000, 0x0000000616400000, 0x0000000616800000|  0%| F|  |TAMS 0x0000000616400000, 0x0000000616400000| Untracked 
|  87|0x0000000616800000, 0x0000000616800000, 0x0000000616c00000|  0%| F|  |TAMS 0x0000000616800000, 0x0000000616800000| Untracked 
|  88|0x0000000616c00000, 0x0000000616c00000, 0x0000000617000000|  0%| F|  |TAMS 0x0000000616c00000, 0x0000000616c00000| Untracked 
|  89|0x0000000617000000, 0x0000000617000000, 0x0000000617400000|  0%| F|  |TAMS 0x0000000617000000, 0x0000000617000000| Untracked 
|  90|0x0000000617400000, 0x0000000617400000, 0x0000000617800000|  0%| F|  |TAMS 0x0000000617400000, 0x0000000617400000| Untracked 
|  91|0x0000000617800000, 0x0000000617800000, 0x0000000617c00000|  0%| F|  |TAMS 0x0000000617800000, 0x0000000617800000| Untracked 
|  92|0x0000000617c00000, 0x0000000617c00000, 0x0000000618000000|  0%| F|  |TAMS 0x0000000617c00000, 0x0000000617c00000| Untracked 
|  93|0x0000000618000000, 0x0000000618000000, 0x0000000618400000|  0%| F|  |TAMS 0x0000000618000000, 0x0000000618000000| Untracked 
|  94|0x0000000618400000, 0x0000000618400000, 0x0000000618800000|  0%| F|  |TAMS 0x0000000618400000, 0x0000000618400000| Untracked 
|  95|0x0000000618800000, 0x0000000618800000, 0x0000000618c00000|  0%| F|  |TAMS 0x0000000618800000, 0x0000000618800000| Untracked 
|  96|0x0000000618c00000, 0x0000000618c00000, 0x0000000619000000|  0%| F|  |TAMS 0x0000000618c00000, 0x0000000618c00000| Untracked 
|  97|0x0000000619000000, 0x0000000619000000, 0x0000000619400000|  0%| F|  |TAMS 0x0000000619000000, 0x0000000619000000| Untracked 
|  98|0x0000000619400000, 0x0000000619400000, 0x0000000619800000|  0%| F|  |TAMS 0x0000000619400000, 0x0000000619400000| Untracked 
|  99|0x0000000619800000, 0x0000000619800000, 0x0000000619c00000|  0%| F|  |TAMS 0x0000000619800000, 0x0000000619800000| Untracked 
| 100|0x0000000619c00000, 0x0000000619c00000, 0x000000061a000000|  0%| F|  |TAMS 0x0000000619c00000, 0x0000000619c00000| Untracked 
| 101|0x000000061a000000, 0x000000061a000000, 0x000000061a400000|  0%| F|  |TAMS 0x000000061a000000, 0x000000061a000000| Untracked 
| 102|0x000000061a400000, 0x000000061a400000, 0x000000061a800000|  0%| F|  |TAMS 0x000000061a400000, 0x000000061a400000| Untracked 
| 103|0x000000061a800000, 0x000000061a800000, 0x000000061ac00000|  0%| F|  |TAMS 0x000000061a800000, 0x000000061a800000| Untracked 
| 104|0x000000061ac00000, 0x000000061ac00000, 0x000000061b000000|  0%| F|  |TAMS 0x000000061ac00000, 0x000000061ac00000| Untracked 
| 105|0x000000061b000000, 0x000000061b000000, 0x000000061b400000|  0%| F|  |TAMS 0x000000061b000000, 0x000000061b000000| Untracked 
| 106|0x000000061b400000, 0x000000061b800000, 0x000000061b800000|100%| S|CS|TAMS 0x000000061b400000, 0x000000061b400000| Complete 
| 107|0x000000061b800000, 0x000000061bc00000, 0x000000061bc00000|100%| S|CS|TAMS 0x000000061b800000, 0x000000061b800000| Complete 
| 108|0x000000061bc00000, 0x000000061c000000, 0x000000061c000000|100%| S|CS|TAMS 0x000000061bc00000, 0x000000061bc00000| Complete 
| 109|0x000000061c000000, 0x000000061c000000, 0x000000061c400000|  0%| F|  |TAMS 0x000000061c000000, 0x000000061c000000| Untracked 
| 110|0x000000061c400000, 0x000000061c400000, 0x000000061c800000|  0%| F|  |TAMS 0x000000061c400000, 0x000000061c400000| Untracked 
| 111|0x000000061c800000, 0x000000061c800000, 0x000000061cc00000|  0%| F|  |TAMS 0x000000061c800000, 0x000000061c800000| Untracked 
| 112|0x000000061cc00000, 0x000000061cc00000, 0x000000061d000000|  0%| F|  |TAMS 0x000000061cc00000, 0x000000061cc00000| Untracked 
| 113|0x000000061d000000, 0x000000061d000000, 0x000000061d400000|  0%| F|  |TAMS 0x000000061d000000, 0x000000061d000000| Untracked 
| 114|0x000000061d400000, 0x000000061d400000, 0x000000061d800000|  0%| F|  |TAMS 0x000000061d400000, 0x000000061d400000| Untracked 
| 115|0x000000061d800000, 0x000000061d800000, 0x000000061dc00000|  0%| F|  |TAMS 0x000000061d800000, 0x000000061d800000| Untracked 
| 116|0x000000061dc00000, 0x000000061dc00000, 0x000000061e000000|  0%| F|  |TAMS 0x000000061dc00000, 0x000000061dc00000| Untracked 
| 117|0x000000061e000000, 0x000000061e000000, 0x000000061e400000|  0%| F|  |TAMS 0x000000061e000000, 0x000000061e000000| Untracked 
| 118|0x000000061e400000, 0x000000061e400000, 0x000000061e800000|  0%| F|  |TAMS 0x000000061e400000, 0x000000061e400000| Untracked 
| 119|0x000000061e800000, 0x000000061e800000, 0x000000061ec00000|  0%| F|  |TAMS 0x000000061e800000, 0x000000061e800000| Untracked 
| 120|0x000000061ec00000, 0x000000061ec00000, 0x000000061f000000|  0%| F|  |TAMS 0x000000061ec00000, 0x000000061ec00000| Untracked 
| 121|0x000000061f000000, 0x000000061f000000, 0x000000061f400000|  0%| F|  |TAMS 0x000000061f000000, 0x000000061f000000| Untracked 
| 122|0x000000061f400000, 0x000000061f400000, 0x000000061f800000|  0%| F|  |TAMS 0x000000061f400000, 0x000000061f400000| Untracked 
| 123|0x000000061f800000, 0x000000061f800000, 0x000000061fc00000|  0%| F|  |TAMS 0x000000061f800000, 0x000000061f800000| Untracked 
| 124|0x000000061fc00000, 0x000000061fed7d68, 0x0000000620000000| 71%| E|  |TAMS 0x000000061fc00000, 0x000000061fc00000| Complete 
| 125|0x0000000620000000, 0x0000000620400000, 0x0000000620400000|100%| E|CS|TAMS 0x0000000620000000, 0x0000000620000000| Complete 
| 126|0x0000000620400000, 0x0000000620800000, 0x0000000620800000|100%| E|CS|TAMS 0x0000000620400000, 0x0000000620400000| Complete 
| 127|0x0000000620800000, 0x0000000620c00000, 0x0000000620c00000|100%| E|CS|TAMS 0x0000000620800000, 0x0000000620800000| Complete 

Card table byte_map: [0x0000020875a20000,0x0000020876a20000] _byte_map_base: 0x0000020872a1a000

Marking Bits (Prev, Next): (CMBitMap*) 0x000002085dd302c0, (CMBitMap*) 0x000002085dd30300
 Prev Bits: [0x0000020877a20000, 0x000002087f9f0000)
 Next Bits: [0x0000020800000000, 0x0000020807fd0000)

Polling page: 0x000002085b9a0000

Metaspace:

Usage:
  Non-class:     10.94 MB used.
      Class:    614.32 KB used.
       Both:     11.54 MB used.

Virtual space:
  Non-class space:       16.00 MB reserved,      11.00 MB ( 69%) committed,  2 nodes.
      Class space:        1.00 GB reserved,     704.00 KB ( <1%) committed,  1 nodes.
             Both:        1.02 GB reserved,      11.69 MB (  1%) committed. 

Chunk freelists:
   Non-Class:  3.58 MB
       Class:  3.36 MB
        Both:  6.94 MB

MaxMetaspaceSize: unlimited
CompressedClassSpaceSize: 1.00 GB
Initial GC threshold: 21.00 MB
Current GC threshold: 21.00 MB
CDS: on
MetaspaceReclaimPolicy: balanced
 - commit_granule_bytes: 65536.
 - commit_granule_words: 8192.
 - virtual_space_node_default_size: 1048576.
 - enlarge_chunks_in_place: 1.
 - new_chunks_are_fully_committed: 0.
 - uncommit_free_chunks: 1.
 - use_allocation_guard: 0.
 - handle_deallocations: 1.


Internal statistics:

num_allocs_failed_limit: 0.
num_arena_births: 74.
num_arena_deaths: 0.
num_vsnodes_births: 3.
num_vsnodes_deaths: 0.
num_space_committed: 185.
num_space_uncommitted: 0.
num_chunks_returned_to_freelist: 0.
num_chunks_taken_from_freelist: 404.
num_chunk_merges: 0.
num_chunk_splits: 316.
num_chunks_enlarged: 277.
num_purges: 0.
num_inconsistent_stats: 0.

CodeHeap 'non-profiled nmethods': size=120000Kb used=684Kb max_used=684Kb free=119315Kb
 bounds [0x000002086cf90000, 0x000002086d200000, 0x00000208744c0000]
CodeHeap 'profiled nmethods': size=120000Kb used=3110Kb max_used=3110Kb free=116890Kb
 bounds [0x0000020865a60000, 0x0000020865d70000, 0x000002086cf90000]
CodeHeap 'non-nmethods': size=5760Kb used=1871Kb max_used=1892Kb free=3889Kb
 bounds [0x00000208654c0000, 0x0000020865730000, 0x0000020865a60000]
 total_blobs=2907 nmethods=1610 adapters=1210
 compilation: enabled
              stopped_count=0, restarted_count=0
 full_count=0

Compilation events (20 events):
Event: 44.203 Thread 0x000002080b1280a0 1600       4       _0_1.engine.Engine::finishFrame$JavaGL2 (939 bytes)
Event: 44.238 Thread 0x000002080b1280a0 nmethod 1600 0x000002086d031b10 code [0x000002086d031e40, 0x000002086d033e98]
Event: 44.383 Thread 0x000002080b1280a0 1601       4       _0_1.wrightgl.Model::render (46 bytes)
Event: 44.387 Thread 0x000002080b1280a0 nmethod 1601 0x000002086d035a10 code [0x000002086d035be0, 0x000002086d036110]
Event: 45.113 Thread 0x000002080b1280a0 1602       4       java.util.HashMap::getNode (150 bytes)
Event: 45.116 Thread 0x000002080b1280a0 nmethod 1602 0x000002086d036810 code [0x000002086d0369c0, 0x000002086d037028]
Event: 46.414 Thread 0x000002080b1280a0 1603       4       java.util.HashMap::get (19 bytes)
Event: 46.417 Thread 0x000002080b1280a0 nmethod 1603 0x000002086d037390 code [0x000002086d037540, 0x000002086d037ba8]
Event: 46.654 Thread 0x000002080b1289a0 1604       3       _0_1.math.vector.Vec2::<init> (38 bytes)
Event: 46.654 Thread 0x000002080b1289a0 nmethod 1604 0x0000020865d67710 code [0x0000020865d67960, 0x0000020865d68258]
Event: 46.654 Thread 0x000002080b1289a0 1605       3       _0_1.math.vector.Vec2::sub (34 bytes)
Event: 46.655 Thread 0x000002080b1289a0 nmethod 1605 0x0000020865d68610 code [0x0000020865d68880, 0x0000020865d69378]
Event: 46.954 Thread 0x000002080b1280a0 1606       4       org.lwjgl.opengl.GL45C::glClearNamedFramebufferfv (35 bytes)
Event: 46.956 Thread 0x000002080b1280a0 nmethod 1606 0x000002086d038010 code [0x000002086d0381a0, 0x000002086d038388]
Event: 46.964 Thread 0x000002080b1280a0 1607       4       _0_1.math.Mat4$Companion::multiply (757 bytes)
Event: 46.971 Thread 0x000002080b1280a0 nmethod 1607 0x000002086d038590 code [0x000002086d038740, 0x000002086d0392d8]
Event: 47.464 Thread 0x000002080b1280a0 1608       4       _0_1.wrightgl.fb.FB::setUniformTextures (94 bytes)
Event: 47.468 Thread 0x000002080b1280a0 nmethod 1608 0x000002086d039690 code [0x000002086d039860, 0x000002086d039ef8]
Event: 47.468 Thread 0x000002080b1280a0 1609       4       _0_1.wrightgl.buffer.VB::render$default (50 bytes)
Event: 47.469 Thread 0x000002080b1280a0 nmethod 1609 0x000002086d03a410 code [0x000002086d03a5c0, 0x000002086d03a788]

GC Heap History (6 events):
Event: 0.962 GC heap before
{Heap before GC invocations=0 (full 0):
 garbage-first heap   total 524288K, used 24576K [0x0000000600c00000, 0x0000000800000000)
  region size 4096K, 6 young (24576K), 0 survivors (0K)
 Metaspace       used 6403K, committed 6592K, reserved 1056768K
  class space    used 405K, committed 512K, reserved 1048576K
}
Event: 0.964 GC heap after
{Heap after GC invocations=1 (full 0):
 garbage-first heap   total 524288K, used 2584K [0x0000000600c00000, 0x0000000800000000)
  region size 4096K, 1 young (4096K), 1 survivors (4096K)
 Metaspace       used 6403K, committed 6592K, reserved 1056768K
  class space    used 405K, committed 512K, reserved 1048576K
}
Event: 1.399 GC heap before
{Heap before GC invocations=1 (full 0):
 garbage-first heap   total 524288K, used 51736K [0x0000000600c00000, 0x0000000800000000)
  region size 4096K, 9 young (36864K), 1 survivors (4096K)
 Metaspace       used 9041K, committed 9216K, reserved 1064960K
  class space    used 536K, committed 640K, reserved 1048576K
}
Event: 1.407 GC heap after
{Heap after GC invocations=2 (full 0):
 garbage-first heap   total 524288K, used 34570K [0x0000000600c00000, 0x0000000800000000)
  region size 4096K, 2 young (8192K), 2 survivors (8192K)
 Metaspace       used 9041K, committed 9216K, reserved 1064960K
  class space    used 536K, committed 640K, reserved 1048576K
}
Event: 2.163 GC heap before
{Heap before GC invocations=2 (full 0):
 garbage-first heap   total 524288K, used 120586K [0x0000000600c00000, 0x0000000800000000)
  region size 4096K, 19 young (77824K), 2 survivors (8192K)
 Metaspace       used 10156K, committed 10368K, reserved 1064960K
  class space    used 561K, committed 640K, reserved 1048576K
}
Event: 2.177 GC heap after
{Heap after GC invocations=3 (full 0):
 garbage-first heap   total 524288K, used 70848K [0x0000000600c00000, 0x0000000800000000)
  region size 4096K, 3 young (12288K), 3 survivors (12288K)
 Metaspace       used 10156K, committed 10368K, reserved 1064960K
  class space    used 561K, committed 640K, reserved 1048576K
}

Deoptimization events (20 events):
Event: 3.761 Thread 0x000002085dcbad80 DEOPT PACKING pc=0x000002086cfcac54 sp=0x00000030b74fe0a0
Event: 3.761 Thread 0x000002085dcbad80 DEOPT UNPACKING pc=0x00000208655123a3 sp=0x00000030b74fdfd8 mode 2
Event: 3.771 Thread 0x000002085dcbad80 Uncommon trap: trap_request=0xffffffde fr.pc=0x000002086cfcac54 relative=0x0000000000000514
Event: 3.771 Thread 0x000002085dcbad80 Uncommon trap: reason=class_check action=maybe_recompile pc=0x000002086cfcac54 method=java.util.HashMap.getNode(Ljava/lang/Object;)Ljava/util/HashMap$Node; @ 128 c2
Event: 3.771 Thread 0x000002085dcbad80 DEOPT PACKING pc=0x000002086cfcac54 sp=0x00000030b74fe0a0
Event: 3.771 Thread 0x000002085dcbad80 DEOPT UNPACKING pc=0x00000208655123a3 sp=0x00000030b74fdfd8 mode 2
Event: 5.838 Thread 0x000002085dcbad80 Uncommon trap: trap_request=0xffffff45 fr.pc=0x000002086d01016c relative=0x00000000000005ac
Event: 5.838 Thread 0x000002085dcbad80 Uncommon trap: reason=unstable_if action=reinterpret pc=0x000002086d01016c method=java.util.HashMap.hash(Ljava/lang/Object;)I @ 1 c2
Event: 5.838 Thread 0x000002085dcbad80 DEOPT PACKING pc=0x000002086d01016c sp=0x00000030b74fde20
Event: 5.838 Thread 0x000002085dcbad80 DEOPT UNPACKING pc=0x00000208655123a3 sp=0x00000030b74fdce8 mode 2
Event: 5.838 Thread 0x000002085dcbad80 Uncommon trap: trap_request=0xffffff45 fr.pc=0x000002086d0107b4 relative=0x0000000000000034
Event: 5.838 Thread 0x000002085dcbad80 Uncommon trap: reason=unstable_if action=reinterpret pc=0x000002086d0107b4 method=kotlin.jvm.internal.Intrinsics.checkNotNull(Ljava/lang/Object;)V @ 1 c2
Event: 5.838 Thread 0x000002085dcbad80 DEOPT PACKING pc=0x000002086d0107b4 sp=0x00000030b74fde60
Event: 5.838 Thread 0x000002085dcbad80 DEOPT UNPACKING pc=0x00000208655123a3 sp=0x00000030b74fde00 mode 2
Event: 32.021 Thread 0x000002085dcbad80 Uncommon trap: trap_request=0xffffff45 fr.pc=0x000002086cfc01f0 relative=0x00000000000005b0
Event: 32.021 Thread 0x000002085dcbad80 Uncommon trap: reason=unstable_if action=reinterpret pc=0x000002086cfc01f0 method=java.util.HashMap.hash(Ljava/lang/Object;)I @ 1 c2
Event: 32.021 Thread 0x000002085dcbad80 DEOPT PACKING pc=0x000002086cfc01f0 sp=0x00000030b74fddc0
Event: 32.021 Thread 0x000002085dcbad80 DEOPT UNPACKING pc=0x00000208655123a3 sp=0x00000030b74fdce8 mode 2
Event: 54.412 Thread 0x000002085dcbad80 DEOPT PACKING pc=0x000002086d01c44c sp=0x00000030b74fe1e0
Event: 54.412 Thread 0x000002085dcbad80 DEOPT UNPACKING pc=0x0000020865512b43 sp=0x00000030b74fd668 mode 1

Classes unloaded (0 events):
No events

Classes redefined (0 events):
No events

Internal exceptions (20 events):
Event: 0.870 Thread 0x000002085dcbad80 Exception <a 'sun/nio/fs/WindowsException'{0x000000061f859168}> (0x000000061f859168) 
thrown [t:\workspace\open\src\hotspot\share\prims\jni.cpp, line 516]
Event: 0.873 Thread 0x000002085dcbad80 Exception <a 'sun/nio/fs/WindowsException'{0x000000061f861900}> (0x000000061f861900) 
thrown [t:\workspace\open\src\hotspot\share\prims\jni.cpp, line 516]
Event: 0.873 Thread 0x000002085dcbad80 Exception <a 'sun/nio/fs/WindowsException'{0x000000061f861bd0}> (0x000000061f861bd0) 
thrown [t:\workspace\open\src\hotspot\share\prims\jni.cpp, line 516]
Event: 1.010 Thread 0x000002085dcbad80 Exception <a 'sun/nio/fs/WindowsException'{0x0000000620ad7220}> (0x0000000620ad7220) 
thrown [t:\workspace\open\src\hotspot\share\prims\jni.cpp, line 516]
Event: 1.113 Thread 0x000002085dcbad80 Exception <a 'java/lang/NoSuchMethodError'{0x0000000620b27170}: 'void java.lang.invoke.DirectMethodHandle$Holder.invokeVirtual(java.lang.Object, java.lang.Object, long, int, int, int)'> (0x0000000620b27170) 
thrown [t:\workspace\open\src\hotspot\share\interpreter\linkResolver.cpp, line 766]
Event: 1.113 Thread 0x000002085dcbad80 Exception <a 'java/lang/NoSuchMethodError'{0x0000000620b2d278}: 'void java.lang.invoke.DirectMethodHandle$Holder.invokeVirtual(java.lang.Object, java.lang.Object, long, double, double)'> (0x0000000620b2d278) 
thrown [t:\workspace\open\src\hotspot\share\interpreter\linkResolver.cpp, line 766]
Event: 1.144 Thread 0x000002085dcbad80 Exception <a 'sun/nio/fs/WindowsException'{0x0000000620557790}> (0x0000000620557790) 
thrown [t:\workspace\open\src\hotspot\share\prims\jni.cpp, line 516]
Event: 1.144 Thread 0x000002085dcbad80 Exception <a 'sun/nio/fs/WindowsException'{0x0000000620557b30}> (0x0000000620557b30) 
thrown [t:\workspace\open\src\hotspot\share\prims\jni.cpp, line 516]
Event: 1.175 Thread 0x000002085dcbad80 Exception <a 'sun/nio/fs/WindowsException'{0x00000006207f5e10}> (0x00000006207f5e10) 
thrown [t:\workspace\open\src\hotspot\share\prims\jni.cpp, line 516]
Event: 1.175 Thread 0x000002085dcbad80 Exception <a 'sun/nio/fs/WindowsException'{0x00000006207f6190}> (0x00000006207f6190) 
thrown [t:\workspace\open\src\hotspot\share\prims\jni.cpp, line 516]
Event: 1.308 Thread 0x000002085dcbad80 Exception <a 'sun/nio/fs/WindowsException'{0x00000006201b6ce0}> (0x00000006201b6ce0) 
thrown [t:\workspace\open\src\hotspot\share\prims\jni.cpp, line 516]
Event: 1.308 Thread 0x000002085dcbad80 Exception <a 'sun/nio/fs/WindowsException'{0x00000006201b7060}> (0x00000006201b7060) 
thrown [t:\workspace\open\src\hotspot\share\prims\jni.cpp, line 516]
Event: 1.563 Thread 0x000002085dcbad80 Exception <a 'sun/nio/fs/WindowsException'{0x000000061c0d3278}> (0x000000061c0d3278) 
thrown [t:\workspace\open\src\hotspot\share\prims\jni.cpp, line 516]
Event: 1.563 Thread 0x000002085dcbad80 Exception <a 'sun/nio/fs/WindowsException'{0x000000061c0d34b8}> (0x000000061c0d34b8) 
thrown [t:\workspace\open\src\hotspot\share\prims\jni.cpp, line 516]
Event: 1.567 Thread 0x000002085dcbad80 Exception <a 'sun/nio/fs/WindowsException'{0x000000061c0e57e0}> (0x000000061c0e57e0) 
thrown [t:\workspace\open\src\hotspot\share\prims\jni.cpp, line 516]
Event: 1.567 Thread 0x000002085dcbad80 Exception <a 'sun/nio/fs/WindowsException'{0x000000061c0e5a20}> (0x000000061c0e5a20) 
thrown [t:\workspace\open\src\hotspot\share\prims\jni.cpp, line 516]
Event: 1.577 Thread 0x000002085dcbad80 Exception <a 'sun/nio/fs/WindowsException'{0x000000061c0fe068}> (0x000000061c0fe068) 
thrown [t:\workspace\open\src\hotspot\share\prims\jni.cpp, line 516]
Event: 1.577 Thread 0x000002085dcbad80 Exception <a 'sun/nio/fs/WindowsException'{0x000000061c0fe2d8}> (0x000000061c0fe2d8) 
thrown [t:\workspace\open\src\hotspot\share\prims\jni.cpp, line 516]
Event: 5.838 Thread 0x000002085dcbad80 Implicit null exception at 0x000002086d00fc1a to 0x000002086d010140
Event: 32.021 Thread 0x000002085dcbad80 Implicit null exception at 0x000002086cfbfc9d to 0x000002086cfc01c4

VM Operations (20 events):
Event: 3.188 Executing VM operation: Cleanup
Event: 3.188 Executing VM operation: Cleanup done
Event: 4.200 Executing VM operation: Cleanup
Event: 4.200 Executing VM operation: Cleanup done
Event: 5.208 Executing VM operation: Cleanup
Event: 5.208 Executing VM operation: Cleanup done
Event: 6.216 Executing VM operation: Cleanup
Event: 6.216 Executing VM operation: Cleanup done
Event: 32.477 Executing VM operation: Cleanup
Event: 32.477 Executing VM operation: Cleanup done
Event: 34.491 Executing VM operation: Cleanup
Event: 34.491 Executing VM operation: Cleanup done
Event: 39.538 Executing VM operation: Cleanup
Event: 39.538 Executing VM operation: Cleanup done
Event: 40.548 Executing VM operation: Cleanup
Event: 40.548 Executing VM operation: Cleanup done
Event: 46.603 Executing VM operation: Cleanup
Event: 46.603 Executing VM operation: Cleanup done
Event: 54.672 Executing VM operation: Cleanup
Event: 54.672 Executing VM operation: Cleanup done

Events (20 events):
Event: 2.219 loading class org/joml/Vector3fc
Event: 2.219 loading class org/joml/Vector3fc done
Event: 2.220 loading class org/joml/Vector3i
Event: 2.220 loading class org/joml/Vector3i done
Event: 2.220 loading class org/joml/Vector3ic
Event: 2.220 loading class org/joml/Vector3ic done
Event: 2.221 loading class org/joml/Vector2f
Event: 2.221 loading class org/joml/Vector2f done
Event: 2.221 loading class org/joml/Vector2fc
Event: 2.221 loading class org/joml/Vector2fc done
Event: 2.222 loading class org/joml/Vector2i
Event: 2.222 loading class org/joml/Vector2i done
Event: 2.222 loading class org/joml/Vector2ic
Event: 2.222 loading class org/joml/Vector2ic done
Event: 2.223 loading class org/joml/Quaternionf
Event: 2.223 loading class org/joml/Quaternionf done
Event: 2.223 loading class org/joml/Quaternionfc
Event: 2.223 loading class org/joml/Quaternionfc done
Event: 5.838 loading class kotlin/_Assertions
Event: 5.838 loading class kotlin/_Assertions done


Dynamic libraries:
0x00007ff6397e0000 - 0x00007ff6397f0000 	C:\Program Files\Java\jdk-17\bin\java.exe
0x00007ffe99e70000 - 0x00007ffe9a065000 	C:\WINDOWS\SYSTEM32\ntdll.dll
0x00007ffe98b20000 - 0x00007ffe98bde000 	C:\WINDOWS\System32\KERNEL32.DLL
0x00007ffe97870000 - 0x00007ffe97b39000 	C:\WINDOWS\System32\KERNELBASE.dll
0x00007ffe97590000 - 0x00007ffe97690000 	C:\WINDOWS\System32\ucrtbase.dll
0x00007ffe75620000 - 0x00007ffe7563a000 	C:\Program Files\Java\jdk-17\bin\VCRUNTIME140.dll
0x00007ffe75600000 - 0x00007ffe75618000 	C:\Program Files\Java\jdk-17\bin\jli.dll
0x00007ffe99400000 - 0x00007ffe994ac000 	C:\WINDOWS\System32\ADVAPI32.dll
0x00007ffe98520000 - 0x00007ffe985be000 	C:\WINDOWS\System32\msvcrt.dll
0x00007ffe98480000 - 0x00007ffe9851b000 	C:\WINDOWS\System32\sechost.dll
0x00007ffe97ed0000 - 0x00007ffe97ffa000 	C:\WINDOWS\System32\RPCRT4.dll
0x00007ffe98000000 - 0x00007ffe981a1000 	C:\WINDOWS\System32\USER32.dll
0x00007ffe97c50000 - 0x00007ffe97c72000 	C:\WINDOWS\System32\win32u.dll
0x00007ffe993d0000 - 0x00007ffe993fb000 	C:\WINDOWS\System32\GDI32.dll
0x00007ffe86590000 - 0x00007ffe8682a000 	C:\WINDOWS\WinSxS\amd64_microsoft.windows.common-controls_6595b64144ccf1df_6.0.19041.1110_none_60b5254171f9507e\COMCTL32.dll
0x00007ffe97b40000 - 0x00007ffe97c4b000 	C:\WINDOWS\System32\gdi32full.dll
0x00007ffe97740000 - 0x00007ffe977dd000 	C:\WINDOWS\System32\msvcp_win.dll
0x00007ffe92a50000 - 0x00007ffe92a5a000 	C:\WINDOWS\SYSTEM32\VERSION.dll
0x00007ffe98bf0000 - 0x00007ffe98c20000 	C:\WINDOWS\System32\IMM32.DLL
0x00007ffe78e10000 - 0x00007ffe78e1c000 	C:\Program Files\Java\jdk-17\bin\vcruntime140_1.dll
0x00007ffe6a860000 - 0x00007ffe6a8ed000 	C:\Program Files\Java\jdk-17\bin\msvcp140.dll
0x00007ffdf74a0000 - 0x00007ffdf805e000 	C:\Program Files\Java\jdk-17\bin\server\jvm.dll
0x00007ffe97ec0000 - 0x00007ffe97ec8000 	C:\WINDOWS\System32\PSAPI.DLL
0x00007ffe92d60000 - 0x00007ffe92d69000 	C:\WINDOWS\SYSTEM32\WSOCK32.dll
0x00007ffe8a2c0000 - 0x00007ffe8a2e7000 	C:\WINDOWS\SYSTEM32\WINMM.dll
0x00007ffe98c20000 - 0x00007ffe98c8b000 	C:\WINDOWS\System32\WS2_32.dll
0x00007ffe954b0000 - 0x00007ffe954c2000 	C:\WINDOWS\SYSTEM32\kernel.appcore.dll
0x00007ffe78c90000 - 0x00007ffe78c9a000 	C:\Program Files\Java\jdk-17\bin\jimage.dll
0x00007ffe8fb80000 - 0x00007ffe8fd64000 	C:\WINDOWS\SYSTEM32\DBGHELP.DLL
0x00007ffe88070000 - 0x00007ffe8809c000 	C:\WINDOWS\SYSTEM32\dbgcore.DLL
0x00007ffe977e0000 - 0x00007ffe97863000 	C:\WINDOWS\System32\bcryptPrimitives.dll
0x00007ffe72fc0000 - 0x00007ffe72ffb000 	C:\Program Files\Java\jdk-17\bin\jdwp.dll
0x00007ffe74760000 - 0x00007ffe7476e000 	C:\Program Files\Java\jdk-17\bin\instrument.dll
0x00007ffe752f0000 - 0x00007ffe75315000 	C:\Program Files\Java\jdk-17\bin\java.dll
0x00007ffe6a780000 - 0x00007ffe6a856000 	C:\Program Files\Java\jdk-17\bin\svml.dll
0x00007ffe98c90000 - 0x00007ffe993cf000 	C:\WINDOWS\System32\SHELL32.dll
0x00007ffe956b0000 - 0x00007ffe95e40000 	C:\WINDOWS\SYSTEM32\windows.storage.dll
0x00007ffe994b0000 - 0x00007ffe99805000 	C:\WINDOWS\System32\combase.dll
0x00007ffe96fe0000 - 0x00007ffe9700c000 	C:\WINDOWS\SYSTEM32\Wldp.dll
0x00007ffe981b0000 - 0x00007ffe9825d000 	C:\WINDOWS\System32\SHCORE.dll
0x00007ffe98420000 - 0x00007ffe98475000 	C:\WINDOWS\System32\shlwapi.dll
0x00007ffe974d0000 - 0x00007ffe974ef000 	C:\WINDOWS\SYSTEM32\profapi.dll
0x00007ffe74100000 - 0x00007ffe7410c000 	C:\Program Files\Java\jdk-17\bin\dt_socket.dll
0x00007ffe969e0000 - 0x00007ffe96a1b000 	C:\WINDOWS\SYSTEM32\IPHLPAPI.DLL
0x00007ffe96d40000 - 0x00007ffe96daa000 	C:\WINDOWS\system32\mswsock.dll
0x00007ffe73190000 - 0x00007ffe731a8000 	C:\Program Files\Java\jdk-17\bin\zip.dll
0x00007ffe74720000 - 0x00007ffe74739000 	C:\Program Files\Java\jdk-17\bin\net.dll
0x00007ffe90df0000 - 0x00007ffe90ef8000 	C:\WINDOWS\SYSTEM32\WINHTTP.dll
0x00007ffe731b0000 - 0x00007ffe731c5000 	C:\Program Files\Java\jdk-17\bin\nio.dll
0x00007ffe755f0000 - 0x00007ffe75600000 	C:\Program Files\Java\jdk-17\bin\verify.dll
0x00007ffe96f30000 - 0x00007ffe96f48000 	C:\WINDOWS\SYSTEM32\CRYPTSP.dll
0x00007ffe96650000 - 0x00007ffe96684000 	C:\WINDOWS\system32\rsaenh.dll
0x00007ffe97c80000 - 0x00007ffe97ca7000 	C:\WINDOWS\System32\bcrypt.dll
0x00007ffe97450000 - 0x00007ffe9747e000 	C:\WINDOWS\SYSTEM32\USERENV.dll
0x00007ffe96f50000 - 0x00007ffe96f5c000 	C:\WINDOWS\SYSTEM32\CRYPTBASE.dll
0x00007ffe982c0000 - 0x00007ffe982c8000 	C:\WINDOWS\System32\NSI.dll
0x00007ffe92a90000 - 0x00007ffe92aa7000 	C:\WINDOWS\SYSTEM32\dhcpcsvc6.DLL
0x00007ffe92a70000 - 0x00007ffe92a8d000 	C:\WINDOWS\SYSTEM32\dhcpcsvc.DLL
0x00007ffe96a30000 - 0x00007ffe96afc000 	C:\WINDOWS\SYSTEM32\DNSAPI.dll
0x0000000180000000 - 0x0000000180031000 	C:\Users\user\AppData\Local\Temp\jna6581534121476961859.tmp
0x00007ffdc85a0000 - 0x00007ffdcc93e000 	D:\Programming\School\JavaGL2\src\renderdoc.dll
0x00007ffe986a0000 - 0x00007ffe98b12000 	C:\WINDOWS\System32\SETUPAPI.dll
0x00007ffe976f0000 - 0x00007ffe9773e000 	C:\WINDOWS\System32\cfgmgr32.dll
0x00007ffe985c0000 - 0x00007ffe9869a000 	C:\WINDOWS\System32\COMDLG32.dll
0x00007ffe99870000 - 0x00007ffe9999a000 	C:\WINDOWS\System32\ole32.dll
0x00007ffe98350000 - 0x00007ffe9841d000 	C:\WINDOWS\System32\OLEAUT32.dll
0x00007ffe93d20000 - 0x00007ffe9417d000 	C:\WINDOWS\SYSTEM32\d3dcompiler_47.dll
0x00007ffe7b520000 - 0x00007ffe7b645000 	C:\WINDOWS\SYSTEM32\opengl32.dll
0x00007ffe7b4f0000 - 0x00007ffe7b51c000 	C:\WINDOWS\SYSTEM32\GLU32.dll
0x00007ffe6a710000 - 0x00007ffe6a774000 	C:\Users\user\AppData\Local\Temp\lwjgluser\3.2.3-SNAPSHOT\lwjgl.dll
0x00007ffe6a570000 - 0x00007ffe6a5d2000 	C:\Users\user\AppData\Local\Temp\lwjgluser\3.2.3-SNAPSHOT\glfw.dll
0x00007ffe94f30000 - 0x00007ffe94fce000 	C:\WINDOWS\system32\uxtheme.dll
0x00007ffe6b610000 - 0x00007ffe6b655000 	C:\WINDOWS\SYSTEM32\dinput8.dll
0x00007ffe83fd0000 - 0x00007ffe84122000 	C:\WINDOWS\SYSTEM32\inputhost.dll
0x00007ffe94180000 - 0x00007ffe942d4000 	C:\WINDOWS\SYSTEM32\wintypes.dll
0x00007ffe94bb0000 - 0x00007ffe94ca2000 	C:\WINDOWS\SYSTEM32\CoreMessaging.dll
0x00007ffe92580000 - 0x00007ffe92676000 	C:\WINDOWS\SYSTEM32\PROPSYS.dll
0x00007ffe94850000 - 0x00007ffe94bae000 	C:\WINDOWS\SYSTEM32\CoreUIComponents.dll
0x00007ffe96280000 - 0x00007ffe962b3000 	C:\WINDOWS\SYSTEM32\ntmarta.dll
0x00007ffe74d30000 - 0x00007ffe74d41000 	C:\WINDOWS\SYSTEM32\xinput1_4.dll
0x00007ffe97330000 - 0x00007ffe97364000 	C:\WINDOWS\SYSTEM32\DEVOBJ.dll
0x00007ffe952d0000 - 0x00007ffe952ff000 	C:\WINDOWS\SYSTEM32\dwmapi.dll
0x00007ffe57600000 - 0x00007ffe577e1000 	C:\Program Files (x86)\Stardock\Fences\FencesMenu64.dll
0x00007ffe92eb0000 - 0x00007ffe92ec4000 	C:\WINDOWS\SYSTEM32\WTSAPI32.dll
0x00007ffe7fac0000 - 0x00007ffe7fc69000 	C:\WINDOWS\WinSxS\amd64_microsoft.windows.gdiplus_6595b64144ccf1df_1.1.19041.1288_none_91a663c8cc864906\gdiplus.dll
0x00007ffe999a0000 - 0x00007ffe99ab5000 	C:\WINDOWS\System32\MSCTF.dll
0x00007ffe95e40000 - 0x00007ffe95e4d000 	C:\WINDOWS\SYSTEM32\HID.DLL
0x00007ffe97690000 - 0x00007ffe976f0000 	C:\WINDOWS\System32\WINTRUST.dll
0x00007ffe97cb0000 - 0x00007ffe97e06000 	C:\WINDOWS\System32\CRYPT32.dll
0x00007ffe97170000 - 0x00007ffe97182000 	C:\WINDOWS\System32\MSASN1.dll
0x00007ffe99c90000 - 0x00007ffe99d39000 	C:\WINDOWS\System32\clbcatq.dll
0x00007ffe86ab0000 - 0x00007ffe86adc000 	C:\WINDOWS\System32\DriverStore\FileRepository\u0372545.inf_amd64_56d459236871c3f2\B372333\atig6pxx.dll
0x00007ffe4d240000 - 0x00007ffe50083000 	C:\WINDOWS\System32\DriverStore\FileRepository\u0372545.inf_amd64_56d459236871c3f2\B372333\atio6axx.dll
0x00007ffe7aff0000 - 0x00007ffe7b014000 	C:\WINDOWS\SYSTEM32\dxva2.dll
0x00007ffe747f0000 - 0x00007ffe7482f000 	C:\WINDOWS\System32\DriverStore\FileRepository\u0372545.inf_amd64_56d459236871c3f2\B372333\atig6txx.dll
0x00007ffe4d070000 - 0x00007ffe4d23c000 	C:\WINDOWS\SYSTEM32\atiadlxx.dll
0x00007ffe7c9a0000 - 0x00007ffe7c9e9000 	C:\WINDOWS\SYSTEM32\pdh.dll
0x00007ffe8a730000 - 0x00007ffe8a76b000 	C:\WINDOWS\SYSTEM32\dxcore.dll
0x00007ffe68b90000 - 0x00007ffe68be9000 	C:\Users\user\AppData\Local\Temp\lwjgluser\3.2.3-SNAPSHOT\lwjgl_opengl.dll
0x00007ffe84130000 - 0x00007ffe84229000 	C:\WINDOWS\SYSTEM32\textinputframework.dll
0x00007ffe87840000 - 0x00007ffe878a6000 	C:\WINDOWS\system32\Oleacc.dll
0x0000000064a00000 - 0x00000000657b1000 	C:\Users\user\AppData\Local\Temp\imgui-java-natives_1635970908914\imgui-java64.dll
0x00007ffe68850000 - 0x00007ffe688d7000 	C:\Users\user\AppData\Local\Temp\lwjgluser\3.2.3-SNAPSHOT\lwjgl_nanovg.dll
0x00007ffe67e40000 - 0x00007ffe67eb7000 	C:\Users\user\AppData\Local\Temp\lwjgluser\3.2.3-SNAPSHOT\lwjgl_stb.dll
0x00007ffdfd610000 - 0x00007ffdfdccf000 	C:\Users\user\AppData\Local\Temp\lwjgluser\3.2.3-SNAPSHOT\assimp.dll

dbghelp: loaded successfully - version: 4.0.5 - missing functions: none
symbol engine: initialized successfully - sym options: 0x614 - pdb path: .;C:\Program Files\Java\jdk-17\bin;C:\WINDOWS\SYSTEM32;C:\WINDOWS\WinSxS\amd64_microsoft.windows.common-controls_6595b64144ccf1df_6.0.19041.1110_none_60b5254171f9507e;C:\Program Files\Java\jdk-17\bin\server;C:\Users\user\AppData\Local\Temp;D:\Programming\School\JavaGL2\src;C:\Users\user\AppData\Local\Temp\lwjgluser\3.2.3-SNAPSHOT;C:\Program Files (x86)\Stardock\Fences;C:\WINDOWS\WinSxS\amd64_microsoft.windows.gdiplus_6595b64144ccf1df_1.1.19041.1288_none_91a663c8cc864906;C:\WINDOWS\System32\DriverStore\FileRepository\u0372545.inf_amd64_56d459236871c3f2\B372333;C:\Users\user\AppData\Local\Temp\imgui-java-natives_1635970908914

VM Arguments:
jvm_args: -agentlib:jdwp=transport=dt_socket,address=127.0.0.1:5051,suspend=y,server=n -Djna.library.path=D:\Programming\School\JavaGL2\src -javaagent:C:\Users\user\AppData\Local\JetBrains\IntelliJIdea2021.2\groovyHotSwap\gragent.jar -javaagent:C:\Users\user\AppData\Local\JetBrains\IntelliJIdea2021.2\captureAgent\debugger-agent.jar -Dfile.encoding=windows-1252 
java_command: sketches._2021_10.Dayblabla
java_class_path (initial): D:\Programming\School\JavaGL2\out\production\classes;C:\Users\user\.gradle\caches\modules-2\files-2.1\io.github.spair\imgui-java-app\1.84.1.3\c7f2adbb406354377182fea74b107d8c4f8b1d0\imgui-java-app-1.84.1.3.jar;C:\Users\user\.gradle\caches\modules-2\files-2.1\org.lwjgl\lwjgl-assimp\3.2.3\f62aa07a20afbdd3097efc296c4841e0d29700eb\lwjgl-assimp-3.2.3.jar;C:\Users\user\.gradle\caches\modules-2\files-2.1\org.lwjgl\lwjgl-glfw\3.2.3\5e520d5c290c8b012545a8d34fa5db5ab051ea53\lwjgl-glfw-3.2.3.jar;C:\Users\user\.gradle\caches\modules-2\files-2.1\org.lwjgl\lwjgl-glfw\3.2.3\62b044d9b0a057444bef2ab70b9afc288ec09dba\lwjgl-glfw-3.2.3-natives-linux.jar;C:\Users\user\.gradle\caches\modules-2\files-2.1\org.lwjgl\lwjgl-glfw\3.2.3\58661272eacb9116336c88b4aadccf1f17c09b\lwjgl-glfw-3.2.3-natives-macos.jar;C:\Users\user\.gradle\caches\modules-2\files-2.1\org.lwjgl\lwjgl-glfw\3.2.3\b4d8a3477cdc2edcf7a5f1e822926be846223f54\lwjgl-glfw-3.2.3-natives-windows.jar;C:\Users\user\.gradle\caches\modules-2\files-2.1\org.lwjgl\lwjgl-nanovg\3.2.3\718be4a13691d1cd276fa852326e9e837d65204e\lwjgl-nanovg-3.2.3.jar;C:\Users\user\.gradle\caches\modules-2\files-2.1\org.lwjgl\lwjgl-nfd\3.2.3\c44fee1043c022cf6614a28872d44cf114ca7737\lwjgl-nfd-3.2.3.jar;C:\Users\user\.gradle\caches\modules-2\files-2.1\org.lwjgl\lwjgl-openal\3.2.3\106742e805803ab9eab8e343f0fb31a3d263903c\lwjgl-openal-3.2.3.jar;C:\Users\user\.gradle\caches\modules-2\files-2.1\org.lwjgl\lwjgl-opengl\3.2.3\bdd534a323d0c8f54969b95e424b6ac8984f7d6e\lwjgl-opengl-3.2.3.jar;C:\Users\user\.gradle\caches\modules-2\files-2.1\org.lwjgl\lwjgl-opengl\3.2.3\7f14db5da9aa7951efe88993f519d7d38ad6e46b\lwjgl-opengl-3.2.3-natives-linux.jar;C:\Users\user\.gradle\caches\modules-2\files-2.1\org.lwjgl\lwjgl-opengl\3.2.3\efa3326c11336d3e74c9c8aeceb2420328d28e6b\lwjgl-opengl-3.2.3-natives-macos.jar;C:\Users\user\.gradle\caches\modules-2\files-2.1\org.lwjgl\lwjgl-opengl\3.2.3\e81cfc73ec8708e5e791ed770e4ec3edfc1bbab1\lwjgl-opengl-3.2.3-natives-windo
Launcher Type: SUN_STANDARD

[Global flags]
     intx CICompilerCount                          = 4                                         {product} {ergonomic}
     uint ConcGCThreads                            = 3                                         {product} {ergonomic}
     uint G1ConcRefinementThreads                  = 10                                        {product} {ergonomic}
   size_t G1HeapRegionSize                         = 4194304                                   {product} {ergonomic}
    uintx GCDrainStackTargetSize                   = 64                                        {product} {ergonomic}
   size_t InitialHeapSize                          = 536870912                                 {product} {ergonomic}
   size_t MarkStackSize                            = 4194304                                   {product} {ergonomic}
   size_t MaxHeapSize                              = 8577351680                                {product} {ergonomic}
   size_t MaxNewSize                               = 5146411008                                {product} {ergonomic}
   size_t MinHeapDeltaBytes                        = 4194304                                   {product} {ergonomic}
   size_t MinHeapSize                              = 8388608                                   {product} {ergonomic}
    uintx NonNMethodCodeHeapSize                   = 5839372                                {pd product} {ergonomic}
    uintx NonProfiledCodeHeapSize                  = 122909434                              {pd product} {ergonomic}
    uintx ProfiledCodeHeapSize                     = 122909434                              {pd product} {ergonomic}
    uintx ReservedCodeCacheSize                    = 251658240                              {pd product} {ergonomic}
     bool SegmentedCodeCache                       = true                                      {product} {ergonomic}
   size_t SoftMaxHeapSize                          = 8577351680                             {manageable} {ergonomic}
     bool UseCompressedClassPointers               = true                           {product lp64_product} {ergonomic}
     bool UseCompressedOops                        = true                           {product lp64_product} {ergonomic}
     bool UseG1GC                                  = true                                      {product} {ergonomic}
     bool UseLargePagesIndividualAllocation        = false                                  {pd product} {ergonomic}

Logging:
Log output configuration:
 #0: stdout all=warning uptime,level,tags
 #1: stderr all=off uptime,level,tags

Environment Variables:
PATH=C:\Program Files\Common Files\Oracle\Java\javapath;C:\Python27\;C:\Python27\Scripts;C:\Program Files (x86)\Common Files\Intel\Shared Libraries\redist\intel64\compiler;C:\Python39\Scripts\;C:\Python39\;C:\Program Files (x86)\Common Files\Oracle\Java\javapath;C:\Python38\Scripts\;C:\Python38\;C:\Windows\system32;C:\Windows;C:\Windows\System32\Wbem;C:\Windows\System32\WindowsPowerShell\v1.0\;C:\Windows\System32\OpenSSH\;C:\Program Files (x86)\Cmder;C:\ProgramData\chocolatey\bin;C:\Program Files\dotnet\;C:\Program Files (x86)\Wolfram Research\WolframScript\;C:\Program Files\Docker\Docker\resources\bin;C:\ProgramData\DockerDesktop\version-bin;C:\Program Files\Calibre2\;C:\WINDOWS\system32;C:\WINDOWS;C:\WINDOWS\System32\Wbem;C:\WINDOWS\System32\WindowsPowerShell\v1.0\;C:\WINDOWS\System32\OpenSSH\;C:\Program Files\PowerShell\7\;C:\Program Files\Git\cmd;C:\Program Files\Git LFS;C:\Program Files\Perforce\;C:\Program Files\Perforce;C:\Program Files\CMake\bin;C:\Program Files\nodejs\;C:\Program Files\Go\bin;C:\MinGW\bin;C:\Program Files\Microsoft SQL Server\130\Tools\Binn\;C:\Program Files\Microsoft SQL Server\Client SDK\ODBC\170\Tools\Binn\;D:\VSTs32\64klang;;C:\Program Files\Tundra 2.0\bin;C:\Program Files\MySQL\MySQL Shell 8.0\bin\;C:\Program Files (x86)\Common Files\Intel\Shared Libraries\redist\intel64_win\compiler;C:\Users\user\AppData\Local\Microsoft\WindowsApps;C:\Users\user\AppData\Local\Programs\Microsoft VS Code\bin;C:\Program Files\ffmpeg\bin;C:\Program Files\NASM;C:\Users\user\Downloads\GIF;C:\Users\user\AppData\Roaming\Python\Python38\Scripts;C:\Users\user\AppData\Local\GitHubDesktop\bin;C:\Users\user\AppData\Roaming\npm;C:\Users\user\go\bin;C:\Users\user\.dotnet\tools;C:\Users\user\spicetify-cli;C:\Users\user\.dotnet\tools
USERNAME=user
OS=Windows_NT
PROCESSOR_IDENTIFIER=AMD64 Family 25 Model 33 Stepping 0, AuthenticAMD



---------------  S Y S T E M  ---------------

OS:
 Windows 10 , 64 bit Build 19041 (10.0.19041.1202)
OS uptime: 19 days 9:01 hours

CPU: total 12 (initial active 12) (12 cores per cpu, 2 threads per core) family 25 model 33 stepping 0 microcode 0x0, cx8, cmov, fxsr, ht, mmx, 3dnowpref, sse, sse2, sse3, ssse3, sse4a, sse4.1, sse4.2, popcnt, lzcnt, tsc, tscinvbit, avx, avx2, aes, erms, clmul, bmi1, bmi2, adx, sha, fma, vzeroupper, clflush, clflushopt

Memory: 4k page, system-wide physical 32712M (2535M free)
TotalPageFile size 107704M (AvailPageFile size 1529M)
current process WorkingSet (physical memory assigned to process): 2433M, peak: 2455M
current process commit charge ("private bytes"): 3178M, peak: 5089M

vm_info: Java HotSpot(TM) 64-Bit Server VM (17+35-LTS-2724) for windows-amd64 JRE (17+35-LTS-2724), built on Aug  5 2021 23:28:28 by "mach5one" with MS VC++ 16.8 (VS2019)

END.
