#
# A fatal error has been detected by the Java Runtime Environment:
#
#  EXCEPTION_ACCESS_VIOLATION (0xc0000005) at pc=0x00007ffe4ea1acea, pid=151604, tid=136080
#
# JRE version: Java(TM) SE Runtime Environment (17.0+35) (build 17+35-LTS-2724)
# Java VM: Java HotSpot(TM) 64-Bit Server VM (17+35-LTS-2724, mixed mode, sharing, tiered, compressed oops, compressed class ptrs, g1 gc, windows-amd64)
# Problematic frame:
# C  [atio6axx.dll+0x17dacea]
#
# No core dump will be written. Minidumps are not enabled by default on client versions of Windows
#
# If you would like to submit a bug report, please visit:
#   https://bugreport.java.com/bugreport/crash.jsp
# The crash happened outside the Java Virtual Machine in native code.
# See problematic frame for where to report the bug.
#

---------------  S U M M A R Y ------------

Command Line: -agentlib:jdwp=transport=dt_socket,address=127.0.0.1:3484,suspend=y,server=n -Djna.library.path=D:\Programming\School\JavaGL2\src -javaagent:C:\Users\user\AppData\Local\JetBrains\IntelliJIdea2021.2\groovyHotSwap\gragent.jar -javaagent:C:\Users\user\AppData\Local\JetBrains\IntelliJIdea2021.2\captureAgent\debugger-agent.jar -Dfile.encoding=windows-1252 sketches._2021_10.Dayblabla

Host: AMD Ryzen 5 5600X 6-Core Processor             , 12 cores, 31G,  Windows 10 , 64 bit Build 19041 (10.0.19041.1202)
Time: Wed Nov  3 11:50:19 2021 FLE Standard Time elapsed time: 0.879060 seconds (0d 0h 0m 0s)

---------------  T H R E A D  ---------------

Current thread (0x0000026e71e8ab20):  JavaThread "main" [_thread_in_native, id=136080, stack(0x000000b272a00000,0x000000b272b00000)]

Stack: [0x000000b272a00000,0x000000b272b00000],  sp=0x000000b272afd470,  free space=1013k
Native frames: (J=compiled Java code, j=interpreted, Vv=VM code, C=native code)
C  [atio6axx.dll+0x17dacea]

Java frames: (J=compiled Java code, j=interpreted, Vv=VM code)
j  org.lwjgl.system.JNI.invokePPPP(IIJJJJ)J+0
j  org.lwjgl.glfw.GLFW.nglfwCreateWindow(IIJJJ)J+14
j  org.lwjgl.glfw.GLFW.glfwCreateWindow(IILjava/lang/CharSequence;JJ)J+37
j  _0_1.engine.Engine.setupGLFWImGuiNVG()V+121
j  _0_1.engine.Engine.init(Ljava/lang/Class;)V+39
j  _0_1.engine.Engine$Companion.startSketch(Ljava/lang/Class;L_0_1/engine/Engine$Settings;)V+33
j  sketches._2021_10.Dayblabla$Companion.main([Ljava/lang/String;)V+64
j  sketches._2021_10.Dayblabla.main([Ljava/lang/String;)V+4
v  ~StubRoutines::call_stub

siginfo: EXCEPTION_ACCESS_VIOLATION (0xc0000005), reading address 0x0000000000000000


Register to memory mapping:

RIP=0x00007ffe4ea1acea atio6axx.dll
RAX=0x0 is NULL
RBX=0x0000026e24766ae0 points into unknown readable memory: 0x0000010000400000 | 00 00 40 00 00 01 00 00
RCX=0x0000026e71c00000 points into unknown readable memory: 0x0000000000000000 | 00 00 00 00 00 00 00 00
RDX=0x0000026e71c00000 points into unknown readable memory: 0x0000000000000000 | 00 00 00 00 00 00 00 00
RSP=0x000000b272afd470 is pointing into the stack for thread: 0x0000026e71e8ab20
RBP=0x0 is NULL
RSI=0x0 is NULL
RDI=0x0 is NULL
R8 =0x0000026e71b845c0 points into unknown readable memory: 0x0000026e71b80cc0 | c0 0c b8 71 6e 02 00 00
R9 =0x0000000000000001 is an unknown value
R10=0x0000000000008000 is an unknown value
R11=0x000000b272afd450 is pointing into the stack for thread: 0x0000026e71e8ab20
R12=0x0000026e2917cc40 points into unknown readable memory: 0x00007ffe4fa5a3e8 | e8 a3 a5 4f fe 7f 00 00
R13=0x0000026e291e9550 points into unknown readable memory: 0x0000026e2936a500 | 00 a5 36 29 6e 02 00 00
R14=0x0000026e28bc3020 points into unknown readable memory: 0x0000026e24766ae0 | e0 6a 76 24 6e 02 00 00
R15=0x0000026e290809d8 points into unknown readable memory: 0x0000000000000000 | 00 00 00 00 00 00 00 00


Registers:
RAX=0x0000000000000000, RBX=0x0000026e24766ae0, RCX=0x0000026e71c00000, RDX=0x0000026e71c00000
RSP=0x000000b272afd470, RBP=0x0000000000000000, RSI=0x0000000000000000, RDI=0x0000000000000000
R8 =0x0000026e71b845c0, R9 =0x0000000000000001, R10=0x0000000000008000, R11=0x000000b272afd450
R12=0x0000026e2917cc40, R13=0x0000026e291e9550, R14=0x0000026e28bc3020, R15=0x0000026e290809d8
RIP=0x00007ffe4ea1acea, EFLAGS=0x0000000000010246

Top of Stack: (sp=0x000000b272afd470)
0x000000b272afd470:   0000000000000000 0000026e24766ae0
0x000000b272afd480:   0000000000000000 0000000000000000
0x000000b272afd490:   0000026e28bc3020 00007ffe4ea1a8cd
0x000000b272afd4a0:   0000000000000000 0000000000000000
0x000000b272afd4b0:   0000026e2917cc40 000000b272afd530
0x000000b272afd4c0:   00000000000001c5 0000026e290809d8
0x000000b272afd4d0:   0000000000000000 0000000000000000
0x000000b272afd4e0:   0000026e28bc3020 00007ffe4ea3da86
0x000000b272afd4f0:   0000000000000008 000000b272afd590
0x000000b272afd500:   00000002292fc8d0 00007ffe4eec0d17
0x000000b272afd510:   0000000000003644 0000026e247e52b0
0x000000b272afd520:   0000000000000001 0000000000000000
0x000000b272afd530:   0000010000000030 0000000100000080
0x000000b272afd540:   0000000000000000 0000000000000000
0x000000b272afd550:   0000026e292fc8d0 00007ffe4eeb1fcd
0x000000b272afd560:   0000000000000072 00007ffe4ea3cd54 

Instructions: (pc=0x00007ffe4ea1acea)
0x00007ffe4ea1abea:   01 00 00 48 8b 5c 24 50 48 8b 74 24 58 48 83 c4
0x00007ffe4ea1abfa:   40 5f c3 cc cc cc 48 89 5c 24 08 48 89 7c 24 10
0x00007ffe4ea1ac0a:   8b 59 10 33 d2 ff cb 49 8b f8 41 03 58 04 4c 8b
0x00007ffe4ea1ac1a:   d9 8b c3 41 f7 70 04 45 8b 40 08 44 03 07 2b da
0x00007ffe4ea1ac2a:   48 8b 51 08 44 03 c3 41 8b c0 48 8b 0a 48 3b 81
0x00007ffe4ea1ac3a:   c8 01 00 00 7f 2a ff 42 08 49 8b 43 08 49 89 01
0x00007ffe4ea1ac4a:   41 89 59 08 8b 07 41 89 41 0c b0 01 41 c6 41 10
0x00007ffe4ea1ac5a:   00 45 89 43 10 48 8b 5c 24 08 48 8b 7c 24 10 c3
0x00007ffe4ea1ac6a:   48 8b 5c 24 08 32 c0 48 8b 7c 24 10 c3 cc cc cc
0x00007ffe4ea1ac7a:   cc cc cc cc cc cc 48 89 5c 24 08 48 89 6c 24 10
0x00007ffe4ea1ac8a:   48 89 74 24 18 48 89 7c 24 20 41 56 48 83 ec 20
0x00007ffe4ea1ac9a:   48 8b 19 33 ed 4c 8b f1 8b f5 44 8b c5 48 8b 43
0x00007ffe4ea1acaa:   20 48 85 c0 74 1c 48 3b 43 28 0f 84 85 00 00 00
0x00007ffe4ea1acba:   66 0f 1f 44 00 00 48 8b 40 08 41 ff c0 48 85 c0
0x00007ffe4ea1acca:   75 f4 45 85 c0 0f 9f c1 45 85 c0 7f 64 8b 43 18
0x00007ffe4ea1acda:   39 43 14 73 5c 48 8b cb e8 89 03 00 00 48 8b f8
0x00007ffe4ea1acea:   48 39 30 0f 84 a8 00 00 00 b9 18 00 00 00 e8 3b
0x00007ffe4ea1acfa:   33 40 00 48 8b c8 48 85 c0 74 05 48 89 38 eb 03
0x00007ffe4ea1ad0a:   48 8b cd 48 89 69 08 48 39 73 20 75 0e 48 89 69
0x00007ffe4ea1ad1a:   10 48 89 4b 20 48 89 4b 28 eb 1a 48 8b 43 28 48
0x00007ffe4ea1ad2a:   89 48 08 48 8b 43 28 48 89 41 10 48 89 4b 28 eb
0x00007ffe4ea1ad3a:   04 84 c9 74 5c 48 8b 53 20 48 8b 4a 08 48 8b 32
0x00007ffe4ea1ad4a:   48 85 c9 75 0e 48 8b 43 28 48 8b 48 10 48 89 4b
0x00007ffe4ea1ad5a:   28 eb 08 48 8b 42 10 48 89 41 10 48 8b 4a 10 48
0x00007ffe4ea1ad6a:   85 c9 75 17 48 8b 43 20 48 8b 48 08 48 89 4b 20
0x00007ffe4ea1ad7a:   48 85 c9 75 0e 48 89 6b 28 eb 08 48 8b 42 08 48
0x00007ffe4ea1ad8a:   89 41 08 48 83 fa 01 74 08 48 8b ca e8 e9 22 40
0x00007ffe4ea1ad9a:   00 48 8b 5c 24 30 48 85 f6 48 8b 7c 24 48 49 89
0x00007ffe4ea1adaa:   76 08 0f 95 c0 48 8b 74 24 40 41 89 6e 10 48 8b
0x00007ffe4ea1adba:   6c 24 38 48 83 c4 20 41 5e c3 cc cc cc cc cc cc
0x00007ffe4ea1adca:   cc cc cc cc cc cc 48 8b c4 53 56 41 55 41 57 48
0x00007ffe4ea1adda:   83 ec 48 49 8b 18 49 8b f0 4c 8b ea 4c 8b f9 48 


Stack slot to memory mapping:
stack at sp + 0 slots: 0x0 is NULL
stack at sp + 1 slots: 0x0000026e24766ae0 points into unknown readable memory: 0x0000010000400000 | 00 00 40 00 00 01 00 00
stack at sp + 2 slots: 0x0 is NULL
stack at sp + 3 slots: 0x0 is NULL
stack at sp + 4 slots: 0x0000026e28bc3020 points into unknown readable memory: 0x0000026e24766ae0 | e0 6a 76 24 6e 02 00 00
stack at sp + 5 slots: 0x00007ffe4ea1a8cd atio6axx.dll
stack at sp + 6 slots: 0x0 is NULL
stack at sp + 7 slots: 0x0 is NULL


---------------  P R O C E S S  ---------------

Threads class SMR info:
_java_thread_list=0x0000026e21ba69c0, length=15, elements={
0x0000026e71e8ab20, 0x0000026e7f80b890, 0x0000026e7f80eeb0, 0x0000026e7f821ca0,
0x0000026e7f822850, 0x0000026e7f825ab0, 0x0000026e7f827c10, 0x0000026e7f82cc50,
0x0000026e7f82de90, 0x0000026e2190ac10, 0x0000026e7f7f3850, 0x0000026e21ab6ac0,
0x0000026e21ad0630, 0x0000026e21adf2d0, 0x0000026e21cae580
}

Java Threads: ( => current thread )
=>0x0000026e71e8ab20 JavaThread "main" [_thread_in_native, id=136080, stack(0x000000b272a00000,0x000000b272b00000)]
  0x0000026e7f80b890 JavaThread "Reference Handler" daemon [_thread_blocked, id=141736, stack(0x000000b273100000,0x000000b273200000)]
  0x0000026e7f80eeb0 JavaThread "Finalizer" daemon [_thread_blocked, id=145228, stack(0x000000b273200000,0x000000b273300000)]
  0x0000026e7f821ca0 JavaThread "Signal Dispatcher" daemon [_thread_blocked, id=160600, stack(0x000000b273300000,0x000000b273400000)]
  0x0000026e7f822850 JavaThread "Attach Listener" daemon [_thread_blocked, id=24652, stack(0x000000b273400000,0x000000b273500000)]
  0x0000026e7f825ab0 JavaThread "Service Thread" daemon [_thread_blocked, id=152016, stack(0x000000b273500000,0x000000b273600000)]
  0x0000026e7f827c10 JavaThread "Monitor Deflation Thread" daemon [_thread_blocked, id=144428, stack(0x000000b273600000,0x000000b273700000)]
  0x0000026e7f82cc50 JavaThread "C2 CompilerThread0" daemon [_thread_blocked, id=151960, stack(0x000000b273700000,0x000000b273800000)]
  0x0000026e7f82de90 JavaThread "C1 CompilerThread0" daemon [_thread_blocked, id=151764, stack(0x000000b273800000,0x000000b273900000)]
  0x0000026e2190ac10 JavaThread "Sweeper thread" daemon [_thread_blocked, id=160864, stack(0x000000b273900000,0x000000b273a00000)]
  0x0000026e7f7f3850 JavaThread "Common-Cleaner" daemon [_thread_blocked, id=84248, stack(0x000000b273a00000,0x000000b273b00000)]
  0x0000026e21ab6ac0 JavaThread "JDWP Transport Listener: dt_socket" daemon [_thread_blocked, id=45452, stack(0x000000b273b00000,0x000000b273c00000)]
  0x0000026e21ad0630 JavaThread "JDWP Event Helper Thread" daemon [_thread_blocked, id=144532, stack(0x000000b273c00000,0x000000b273d00000)]
  0x0000026e21adf2d0 JavaThread "JDWP Command Reader" daemon [_thread_in_native, id=157388, stack(0x000000b273d00000,0x000000b273e00000)]
  0x0000026e21cae580 JavaThread "Notification Thread" daemon [_thread_blocked, id=160556, stack(0x000000b273e00000,0x000000b273f00000)]

Other Threads:
  0x0000026e7f805c30 VMThread "VM Thread" [stack: 0x000000b273000000,0x000000b273100000] [id=55740]
  0x0000026e71f19170 WatcherThread [stack: 0x000000b273f00000,0x000000b274000000] [id=145884]
  0x0000026e71eff860 GCTaskThread "GC Thread#0" [stack: 0x000000b272b00000,0x000000b272c00000] [id=137368]
  0x0000026e71f10730 ConcurrentGCThread "G1 Main Marker" [stack: 0x000000b272c00000,0x000000b272d00000] [id=152948]
  0x0000026e71f118e0 ConcurrentGCThread "G1 Conc#0" [stack: 0x000000b272d00000,0x000000b272e00000] [id=161316]
  0x0000026e7f6bf540 ConcurrentGCThread "G1 Refine#0" [stack: 0x000000b272e00000,0x000000b272f00000] [id=159652]
  0x0000026e7f6c0f70 ConcurrentGCThread "G1 Service" [stack: 0x000000b272f00000,0x000000b273000000] [id=156824]

Threads with active compile tasks:

VM state: not at safepoint (normal execution)

VM Mutex/Monitor currently owned by a thread: None

Heap address: 0x0000000600c00000, size: 8180 MB, Compressed Oops mode: Zero based, Oop shift amount: 3

CDS archive(s) mapped at: [0x0000000800000000-0x0000000800bc0000-0x0000000800bc0000), size 12320768, SharedBaseAddress: 0x0000000800000000, ArchiveRelocationMode: 0.
Compressed class space mapped at: 0x0000000800c00000-0x0000000840c00000, reserved size: 1073741824
Narrow klass base: 0x0000000800000000, Narrow klass shift: 0, Narrow klass range: 0x100000000

GC Precious Log:
 CPUs: 12 total, 12 available
 Memory: 32712M
 Large Page Support: Disabled
 NUMA Support: Disabled
 Compressed Oops: Enabled (Zero based)
 Heap Region Size: 4M
 Heap Min Capacity: 8M
 Heap Initial Capacity: 512M
 Heap Max Capacity: 8180M
 Pre-touch: Disabled
 Parallel Workers: 10
 Concurrent Workers: 3
 Concurrent Refinement Workers: 10
 Periodic GC: Disabled

Heap:
 garbage-first heap   total 524288K, used 12288K [0x0000000600c00000, 0x0000000800000000)
  region size 4096K, 4 young (16384K), 0 survivors (0K)
 Metaspace       used 3929K, committed 4096K, reserved 1056768K
  class space    used 330K, committed 448K, reserved 1048576K

Heap Regions: E=young(eden), S=young(survivor), O=old, HS=humongous(starts), HC=humongous(continues), CS=collection set, F=free, OA=open archive, CA=closed archive, TAMS=top-at-mark-start (previous, next)
|   0|0x0000000600c00000, 0x0000000600c00000, 0x0000000601000000|  0%| F|  |TAMS 0x0000000600c00000, 0x0000000600c00000| Untracked 
|   1|0x0000000601000000, 0x0000000601000000, 0x0000000601400000|  0%| F|  |TAMS 0x0000000601000000, 0x0000000601000000| Untracked 
|   2|0x0000000601400000, 0x0000000601400000, 0x0000000601800000|  0%| F|  |TAMS 0x0000000601400000, 0x0000000601400000| Untracked 
|   3|0x0000000601800000, 0x0000000601800000, 0x0000000601c00000|  0%| F|  |TAMS 0x0000000601800000, 0x0000000601800000| Untracked 
|   4|0x0000000601c00000, 0x0000000601c00000, 0x0000000602000000|  0%| F|  |TAMS 0x0000000601c00000, 0x0000000601c00000| Untracked 
|   5|0x0000000602000000, 0x0000000602000000, 0x0000000602400000|  0%| F|  |TAMS 0x0000000602000000, 0x0000000602000000| Untracked 
|   6|0x0000000602400000, 0x0000000602400000, 0x0000000602800000|  0%| F|  |TAMS 0x0000000602400000, 0x0000000602400000| Untracked 
|   7|0x0000000602800000, 0x0000000602800000, 0x0000000602c00000|  0%| F|  |TAMS 0x0000000602800000, 0x0000000602800000| Untracked 
|   8|0x0000000602c00000, 0x0000000602c00000, 0x0000000603000000|  0%| F|  |TAMS 0x0000000602c00000, 0x0000000602c00000| Untracked 
|   9|0x0000000603000000, 0x0000000603000000, 0x0000000603400000|  0%| F|  |TAMS 0x0000000603000000, 0x0000000603000000| Untracked 
|  10|0x0000000603400000, 0x0000000603400000, 0x0000000603800000|  0%| F|  |TAMS 0x0000000603400000, 0x0000000603400000| Untracked 
|  11|0x0000000603800000, 0x0000000603800000, 0x0000000603c00000|  0%| F|  |TAMS 0x0000000603800000, 0x0000000603800000| Untracked 
|  12|0x0000000603c00000, 0x0000000603c00000, 0x0000000604000000|  0%| F|  |TAMS 0x0000000603c00000, 0x0000000603c00000| Untracked 
|  13|0x0000000604000000, 0x0000000604000000, 0x0000000604400000|  0%| F|  |TAMS 0x0000000604000000, 0x0000000604000000| Untracked 
|  14|0x0000000604400000, 0x0000000604400000, 0x0000000604800000|  0%| F|  |TAMS 0x0000000604400000, 0x0000000604400000| Untracked 
|  15|0x0000000604800000, 0x0000000604800000, 0x0000000604c00000|  0%| F|  |TAMS 0x0000000604800000, 0x0000000604800000| Untracked 
|  16|0x0000000604c00000, 0x0000000604c00000, 0x0000000605000000|  0%| F|  |TAMS 0x0000000604c00000, 0x0000000604c00000| Untracked 
|  17|0x0000000605000000, 0x0000000605000000, 0x0000000605400000|  0%| F|  |TAMS 0x0000000605000000, 0x0000000605000000| Untracked 
|  18|0x0000000605400000, 0x0000000605400000, 0x0000000605800000|  0%| F|  |TAMS 0x0000000605400000, 0x0000000605400000| Untracked 
|  19|0x0000000605800000, 0x0000000605800000, 0x0000000605c00000|  0%| F|  |TAMS 0x0000000605800000, 0x0000000605800000| Untracked 
|  20|0x0000000605c00000, 0x0000000605c00000, 0x0000000606000000|  0%| F|  |TAMS 0x0000000605c00000, 0x0000000605c00000| Untracked 
|  21|0x0000000606000000, 0x0000000606000000, 0x0000000606400000|  0%| F|  |TAMS 0x0000000606000000, 0x0000000606000000| Untracked 
|  22|0x0000000606400000, 0x0000000606400000, 0x0000000606800000|  0%| F|  |TAMS 0x0000000606400000, 0x0000000606400000| Untracked 
|  23|0x0000000606800000, 0x0000000606800000, 0x0000000606c00000|  0%| F|  |TAMS 0x0000000606800000, 0x0000000606800000| Untracked 
|  24|0x0000000606c00000, 0x0000000606c00000, 0x0000000607000000|  0%| F|  |TAMS 0x0000000606c00000, 0x0000000606c00000| Untracked 
|  25|0x0000000607000000, 0x0000000607000000, 0x0000000607400000|  0%| F|  |TAMS 0x0000000607000000, 0x0000000607000000| Untracked 
|  26|0x0000000607400000, 0x0000000607400000, 0x0000000607800000|  0%| F|  |TAMS 0x0000000607400000, 0x0000000607400000| Untracked 
|  27|0x0000000607800000, 0x0000000607800000, 0x0000000607c00000|  0%| F|  |TAMS 0x0000000607800000, 0x0000000607800000| Untracked 
|  28|0x0000000607c00000, 0x0000000607c00000, 0x0000000608000000|  0%| F|  |TAMS 0x0000000607c00000, 0x0000000607c00000| Untracked 
|  29|0x0000000608000000, 0x0000000608000000, 0x0000000608400000|  0%| F|  |TAMS 0x0000000608000000, 0x0000000608000000| Untracked 
|  30|0x0000000608400000, 0x0000000608400000, 0x0000000608800000|  0%| F|  |TAMS 0x0000000608400000, 0x0000000608400000| Untracked 
|  31|0x0000000608800000, 0x0000000608800000, 0x0000000608c00000|  0%| F|  |TAMS 0x0000000608800000, 0x0000000608800000| Untracked 
|  32|0x0000000608c00000, 0x0000000608c00000, 0x0000000609000000|  0%| F|  |TAMS 0x0000000608c00000, 0x0000000608c00000| Untracked 
|  33|0x0000000609000000, 0x0000000609000000, 0x0000000609400000|  0%| F|  |TAMS 0x0000000609000000, 0x0000000609000000| Untracked 
|  34|0x0000000609400000, 0x0000000609400000, 0x0000000609800000|  0%| F|  |TAMS 0x0000000609400000, 0x0000000609400000| Untracked 
|  35|0x0000000609800000, 0x0000000609800000, 0x0000000609c00000|  0%| F|  |TAMS 0x0000000609800000, 0x0000000609800000| Untracked 
|  36|0x0000000609c00000, 0x0000000609c00000, 0x000000060a000000|  0%| F|  |TAMS 0x0000000609c00000, 0x0000000609c00000| Untracked 
|  37|0x000000060a000000, 0x000000060a000000, 0x000000060a400000|  0%| F|  |TAMS 0x000000060a000000, 0x000000060a000000| Untracked 
|  38|0x000000060a400000, 0x000000060a400000, 0x000000060a800000|  0%| F|  |TAMS 0x000000060a400000, 0x000000060a400000| Untracked 
|  39|0x000000060a800000, 0x000000060a800000, 0x000000060ac00000|  0%| F|  |TAMS 0x000000060a800000, 0x000000060a800000| Untracked 
|  40|0x000000060ac00000, 0x000000060ac00000, 0x000000060b000000|  0%| F|  |TAMS 0x000000060ac00000, 0x000000060ac00000| Untracked 
|  41|0x000000060b000000, 0x000000060b000000, 0x000000060b400000|  0%| F|  |TAMS 0x000000060b000000, 0x000000060b000000| Untracked 
|  42|0x000000060b400000, 0x000000060b400000, 0x000000060b800000|  0%| F|  |TAMS 0x000000060b400000, 0x000000060b400000| Untracked 
|  43|0x000000060b800000, 0x000000060b800000, 0x000000060bc00000|  0%| F|  |TAMS 0x000000060b800000, 0x000000060b800000| Untracked 
|  44|0x000000060bc00000, 0x000000060bc00000, 0x000000060c000000|  0%| F|  |TAMS 0x000000060bc00000, 0x000000060bc00000| Untracked 
|  45|0x000000060c000000, 0x000000060c000000, 0x000000060c400000|  0%| F|  |TAMS 0x000000060c000000, 0x000000060c000000| Untracked 
|  46|0x000000060c400000, 0x000000060c400000, 0x000000060c800000|  0%| F|  |TAMS 0x000000060c400000, 0x000000060c400000| Untracked 
|  47|0x000000060c800000, 0x000000060c800000, 0x000000060cc00000|  0%| F|  |TAMS 0x000000060c800000, 0x000000060c800000| Untracked 
|  48|0x000000060cc00000, 0x000000060cc00000, 0x000000060d000000|  0%| F|  |TAMS 0x000000060cc00000, 0x000000060cc00000| Untracked 
|  49|0x000000060d000000, 0x000000060d000000, 0x000000060d400000|  0%| F|  |TAMS 0x000000060d000000, 0x000000060d000000| Untracked 
|  50|0x000000060d400000, 0x000000060d400000, 0x000000060d800000|  0%| F|  |TAMS 0x000000060d400000, 0x000000060d400000| Untracked 
|  51|0x000000060d800000, 0x000000060d800000, 0x000000060dc00000|  0%| F|  |TAMS 0x000000060d800000, 0x000000060d800000| Untracked 
|  52|0x000000060dc00000, 0x000000060dc00000, 0x000000060e000000|  0%| F|  |TAMS 0x000000060dc00000, 0x000000060dc00000| Untracked 
|  53|0x000000060e000000, 0x000000060e000000, 0x000000060e400000|  0%| F|  |TAMS 0x000000060e000000, 0x000000060e000000| Untracked 
|  54|0x000000060e400000, 0x000000060e400000, 0x000000060e800000|  0%| F|  |TAMS 0x000000060e400000, 0x000000060e400000| Untracked 
|  55|0x000000060e800000, 0x000000060e800000, 0x000000060ec00000|  0%| F|  |TAMS 0x000000060e800000, 0x000000060e800000| Untracked 
|  56|0x000000060ec00000, 0x000000060ec00000, 0x000000060f000000|  0%| F|  |TAMS 0x000000060ec00000, 0x000000060ec00000| Untracked 
|  57|0x000000060f000000, 0x000000060f000000, 0x000000060f400000|  0%| F|  |TAMS 0x000000060f000000, 0x000000060f000000| Untracked 
|  58|0x000000060f400000, 0x000000060f400000, 0x000000060f800000|  0%| F|  |TAMS 0x000000060f400000, 0x000000060f400000| Untracked 
|  59|0x000000060f800000, 0x000000060f800000, 0x000000060fc00000|  0%| F|  |TAMS 0x000000060f800000, 0x000000060f800000| Untracked 
|  60|0x000000060fc00000, 0x000000060fc00000, 0x0000000610000000|  0%| F|  |TAMS 0x000000060fc00000, 0x000000060fc00000| Untracked 
|  61|0x0000000610000000, 0x0000000610000000, 0x0000000610400000|  0%| F|  |TAMS 0x0000000610000000, 0x0000000610000000| Untracked 
|  62|0x0000000610400000, 0x0000000610400000, 0x0000000610800000|  0%| F|  |TAMS 0x0000000610400000, 0x0000000610400000| Untracked 
|  63|0x0000000610800000, 0x0000000610800000, 0x0000000610c00000|  0%| F|  |TAMS 0x0000000610800000, 0x0000000610800000| Untracked 
|  64|0x0000000610c00000, 0x0000000610c00000, 0x0000000611000000|  0%| F|  |TAMS 0x0000000610c00000, 0x0000000610c00000| Untracked 
|  65|0x0000000611000000, 0x0000000611000000, 0x0000000611400000|  0%| F|  |TAMS 0x0000000611000000, 0x0000000611000000| Untracked 
|  66|0x0000000611400000, 0x0000000611400000, 0x0000000611800000|  0%| F|  |TAMS 0x0000000611400000, 0x0000000611400000| Untracked 
|  67|0x0000000611800000, 0x0000000611800000, 0x0000000611c00000|  0%| F|  |TAMS 0x0000000611800000, 0x0000000611800000| Untracked 
|  68|0x0000000611c00000, 0x0000000611c00000, 0x0000000612000000|  0%| F|  |TAMS 0x0000000611c00000, 0x0000000611c00000| Untracked 
|  69|0x0000000612000000, 0x0000000612000000, 0x0000000612400000|  0%| F|  |TAMS 0x0000000612000000, 0x0000000612000000| Untracked 
|  70|0x0000000612400000, 0x0000000612400000, 0x0000000612800000|  0%| F|  |TAMS 0x0000000612400000, 0x0000000612400000| Untracked 
|  71|0x0000000612800000, 0x0000000612800000, 0x0000000612c00000|  0%| F|  |TAMS 0x0000000612800000, 0x0000000612800000| Untracked 
|  72|0x0000000612c00000, 0x0000000612c00000, 0x0000000613000000|  0%| F|  |TAMS 0x0000000612c00000, 0x0000000612c00000| Untracked 
|  73|0x0000000613000000, 0x0000000613000000, 0x0000000613400000|  0%| F|  |TAMS 0x0000000613000000, 0x0000000613000000| Untracked 
|  74|0x0000000613400000, 0x0000000613400000, 0x0000000613800000|  0%| F|  |TAMS 0x0000000613400000, 0x0000000613400000| Untracked 
|  75|0x0000000613800000, 0x0000000613800000, 0x0000000613c00000|  0%| F|  |TAMS 0x0000000613800000, 0x0000000613800000| Untracked 
|  76|0x0000000613c00000, 0x0000000613c00000, 0x0000000614000000|  0%| F|  |TAMS 0x0000000613c00000, 0x0000000613c00000| Untracked 
|  77|0x0000000614000000, 0x0000000614000000, 0x0000000614400000|  0%| F|  |TAMS 0x0000000614000000, 0x0000000614000000| Untracked 
|  78|0x0000000614400000, 0x0000000614400000, 0x0000000614800000|  0%| F|  |TAMS 0x0000000614400000, 0x0000000614400000| Untracked 
|  79|0x0000000614800000, 0x0000000614800000, 0x0000000614c00000|  0%| F|  |TAMS 0x0000000614800000, 0x0000000614800000| Untracked 
|  80|0x0000000614c00000, 0x0000000614c00000, 0x0000000615000000|  0%| F|  |TAMS 0x0000000614c00000, 0x0000000614c00000| Untracked 
|  81|0x0000000615000000, 0x0000000615000000, 0x0000000615400000|  0%| F|  |TAMS 0x0000000615000000, 0x0000000615000000| Untracked 
|  82|0x0000000615400000, 0x0000000615400000, 0x0000000615800000|  0%| F|  |TAMS 0x0000000615400000, 0x0000000615400000| Untracked 
|  83|0x0000000615800000, 0x0000000615800000, 0x0000000615c00000|  0%| F|  |TAMS 0x0000000615800000, 0x0000000615800000| Untracked 
|  84|0x0000000615c00000, 0x0000000615c00000, 0x0000000616000000|  0%| F|  |TAMS 0x0000000615c00000, 0x0000000615c00000| Untracked 
|  85|0x0000000616000000, 0x0000000616000000, 0x0000000616400000|  0%| F|  |TAMS 0x0000000616000000, 0x0000000616000000| Untracked 
|  86|0x0000000616400000, 0x0000000616400000, 0x0000000616800000|  0%| F|  |TAMS 0x0000000616400000, 0x0000000616400000| Untracked 
|  87|0x0000000616800000, 0x0000000616800000, 0x0000000616c00000|  0%| F|  |TAMS 0x0000000616800000, 0x0000000616800000| Untracked 
|  88|0x0000000616c00000, 0x0000000616c00000, 0x0000000617000000|  0%| F|  |TAMS 0x0000000616c00000, 0x0000000616c00000| Untracked 
|  89|0x0000000617000000, 0x0000000617000000, 0x0000000617400000|  0%| F|  |TAMS 0x0000000617000000, 0x0000000617000000| Untracked 
|  90|0x0000000617400000, 0x0000000617400000, 0x0000000617800000|  0%| F|  |TAMS 0x0000000617400000, 0x0000000617400000| Untracked 
|  91|0x0000000617800000, 0x0000000617800000, 0x0000000617c00000|  0%| F|  |TAMS 0x0000000617800000, 0x0000000617800000| Untracked 
|  92|0x0000000617c00000, 0x0000000617c00000, 0x0000000618000000|  0%| F|  |TAMS 0x0000000617c00000, 0x0000000617c00000| Untracked 
|  93|0x0000000618000000, 0x0000000618000000, 0x0000000618400000|  0%| F|  |TAMS 0x0000000618000000, 0x0000000618000000| Untracked 
|  94|0x0000000618400000, 0x0000000618400000, 0x0000000618800000|  0%| F|  |TAMS 0x0000000618400000, 0x0000000618400000| Untracked 
|  95|0x0000000618800000, 0x0000000618800000, 0x0000000618c00000|  0%| F|  |TAMS 0x0000000618800000, 0x0000000618800000| Untracked 
|  96|0x0000000618c00000, 0x0000000618c00000, 0x0000000619000000|  0%| F|  |TAMS 0x0000000618c00000, 0x0000000618c00000| Untracked 
|  97|0x0000000619000000, 0x0000000619000000, 0x0000000619400000|  0%| F|  |TAMS 0x0000000619000000, 0x0000000619000000| Untracked 
|  98|0x0000000619400000, 0x0000000619400000, 0x0000000619800000|  0%| F|  |TAMS 0x0000000619400000, 0x0000000619400000| Untracked 
|  99|0x0000000619800000, 0x0000000619800000, 0x0000000619c00000|  0%| F|  |TAMS 0x0000000619800000, 0x0000000619800000| Untracked 
| 100|0x0000000619c00000, 0x0000000619c00000, 0x000000061a000000|  0%| F|  |TAMS 0x0000000619c00000, 0x0000000619c00000| Untracked 
| 101|0x000000061a000000, 0x000000061a000000, 0x000000061a400000|  0%| F|  |TAMS 0x000000061a000000, 0x000000061a000000| Untracked 
| 102|0x000000061a400000, 0x000000061a400000, 0x000000061a800000|  0%| F|  |TAMS 0x000000061a400000, 0x000000061a400000| Untracked 
| 103|0x000000061a800000, 0x000000061a800000, 0x000000061ac00000|  0%| F|  |TAMS 0x000000061a800000, 0x000000061a800000| Untracked 
| 104|0x000000061ac00000, 0x000000061ac00000, 0x000000061b000000|  0%| F|  |TAMS 0x000000061ac00000, 0x000000061ac00000| Untracked 
| 105|0x000000061b000000, 0x000000061b000000, 0x000000061b400000|  0%| F|  |TAMS 0x000000061b000000, 0x000000061b000000| Untracked 
| 106|0x000000061b400000, 0x000000061b400000, 0x000000061b800000|  0%| F|  |TAMS 0x000000061b400000, 0x000000061b400000| Untracked 
| 107|0x000000061b800000, 0x000000061b800000, 0x000000061bc00000|  0%| F|  |TAMS 0x000000061b800000, 0x000000061b800000| Untracked 
| 108|0x000000061bc00000, 0x000000061bc00000, 0x000000061c000000|  0%| F|  |TAMS 0x000000061bc00000, 0x000000061bc00000| Untracked 
| 109|0x000000061c000000, 0x000000061c000000, 0x000000061c400000|  0%| F|  |TAMS 0x000000061c000000, 0x000000061c000000| Untracked 
| 110|0x000000061c400000, 0x000000061c400000, 0x000000061c800000|  0%| F|  |TAMS 0x000000061c400000, 0x000000061c400000| Untracked 
| 111|0x000000061c800000, 0x000000061c800000, 0x000000061cc00000|  0%| F|  |TAMS 0x000000061c800000, 0x000000061c800000| Untracked 
| 112|0x000000061cc00000, 0x000000061cc00000, 0x000000061d000000|  0%| F|  |TAMS 0x000000061cc00000, 0x000000061cc00000| Untracked 
| 113|0x000000061d000000, 0x000000061d000000, 0x000000061d400000|  0%| F|  |TAMS 0x000000061d000000, 0x000000061d000000| Untracked 
| 114|0x000000061d400000, 0x000000061d400000, 0x000000061d800000|  0%| F|  |TAMS 0x000000061d400000, 0x000000061d400000| Untracked 
| 115|0x000000061d800000, 0x000000061d800000, 0x000000061dc00000|  0%| F|  |TAMS 0x000000061d800000, 0x000000061d800000| Untracked 
| 116|0x000000061dc00000, 0x000000061dc00000, 0x000000061e000000|  0%| F|  |TAMS 0x000000061dc00000, 0x000000061dc00000| Untracked 
| 117|0x000000061e000000, 0x000000061e000000, 0x000000061e400000|  0%| F|  |TAMS 0x000000061e000000, 0x000000061e000000| Untracked 
| 118|0x000000061e400000, 0x000000061e400000, 0x000000061e800000|  0%| F|  |TAMS 0x000000061e400000, 0x000000061e400000| Untracked 
| 119|0x000000061e800000, 0x000000061e800000, 0x000000061ec00000|  0%| F|  |TAMS 0x000000061e800000, 0x000000061e800000| Untracked 
| 120|0x000000061ec00000, 0x000000061ec00000, 0x000000061f000000|  0%| F|  |TAMS 0x000000061ec00000, 0x000000061ec00000| Untracked 
| 121|0x000000061f000000, 0x000000061f000000, 0x000000061f400000|  0%| F|  |TAMS 0x000000061f000000, 0x000000061f000000| Untracked 
| 122|0x000000061f400000, 0x000000061f400000, 0x000000061f800000|  0%| F|  |TAMS 0x000000061f400000, 0x000000061f400000| Untracked 
| 123|0x000000061f800000, 0x000000061f800000, 0x000000061fc00000|  0%| F|  |TAMS 0x000000061f800000, 0x000000061f800000| Untracked 
| 124|0x000000061fc00000, 0x000000061ffe20e8, 0x0000000620000000| 97%| E|  |TAMS 0x000000061fc00000, 0x000000061fc00000| Complete 
| 125|0x0000000620000000, 0x0000000620400000, 0x0000000620400000|100%| E|CS|TAMS 0x0000000620000000, 0x0000000620000000| Complete 
| 126|0x0000000620400000, 0x0000000620800000, 0x0000000620800000|100%| E|CS|TAMS 0x0000000620400000, 0x0000000620400000| Complete 
| 127|0x0000000620800000, 0x0000000620c00000, 0x0000000620c00000|100%| E|CS|TAMS 0x0000000620800000, 0x0000000620800000| Complete 

Card table byte_map: [0x0000026e7caf0000,0x0000026e7daf0000] _byte_map_base: 0x0000026e79aea000

Marking Bits (Prev, Next): (CMBitMap*) 0x0000026e71effe70, (CMBitMap*) 0x0000026e71effeb0
 Prev Bits: [0x0000026e0f000000, 0x0000026e16fd0000)
 Next Bits: [0x0000026e16fd0000, 0x0000026e1efa0000)

Polling page: 0x0000026e71f60000

Metaspace:

Usage:
  Non-class:      3.51 MB used.
      Class:    330.22 KB used.
       Both:      3.84 MB used.

Virtual space:
  Non-class space:        8.00 MB reserved,       3.56 MB ( 45%) committed,  1 nodes.
      Class space:        1.00 GB reserved,     448.00 KB ( <1%) committed,  1 nodes.
             Both:        1.01 GB reserved,       4.00 MB ( <1%) committed. 

Chunk freelists:
   Non-Class:  2.58 MB
       Class:  3.60 MB
        Both:  6.18 MB

MaxMetaspaceSize: unlimited
CompressedClassSpaceSize: 1.00 GB
Initial GC threshold: 21.00 MB
Current GC threshold: 21.00 MB
CDS: on
MetaspaceReclaimPolicy: balanced
 - commit_granule_bytes: 65536.
 - commit_granule_words: 8192.
 - virtual_space_node_default_size: 1048576.
 - enlarge_chunks_in_place: 1.
 - new_chunks_are_fully_committed: 0.
 - uncommit_free_chunks: 1.
 - use_allocation_guard: 0.
 - handle_deallocations: 1.


Internal statistics:

num_allocs_failed_limit: 0.
num_arena_births: 50.
num_arena_deaths: 0.
num_vsnodes_births: 2.
num_vsnodes_deaths: 0.
num_space_committed: 64.
num_space_uncommitted: 0.
num_chunks_returned_to_freelist: 0.
num_chunks_taken_from_freelist: 117.
num_chunk_merges: 0.
num_chunk_splits: 84.
num_chunks_enlarged: 64.
num_purges: 0.
num_inconsistent_stats: 0.

CodeHeap 'non-profiled nmethods': size=120000Kb used=239Kb max_used=239Kb free=119760Kb
 bounds [0x0000026e07ad0000, 0x0000026e07d40000, 0x0000026e0f000000]
CodeHeap 'profiled nmethods': size=120000Kb used=1327Kb max_used=1327Kb free=118672Kb
 bounds [0x0000026e005a0000, 0x0000026e00810000, 0x0000026e07ad0000]
CodeHeap 'non-nmethods': size=5760Kb used=1560Kb max_used=1560Kb free=4199Kb
 bounds [0x0000026e00000000, 0x0000026e00270000, 0x0000026e005a0000]
 total_blobs=1622 nmethods=732 adapters=803
 compilation: enabled
              stopped_count=0, restarted_count=0
 full_count=0

Compilation events (20 events):
Event: 0.375 Thread 0x0000026e7f82de90  718       1       java.lang.reflect.Field::getType (5 bytes)
Event: 0.375 Thread 0x0000026e7f82de90 nmethod 718 0x0000026e07b0a790 code [0x0000026e07b0a920, 0x0000026e07b0a9f8]
Event: 0.375 Thread 0x0000026e7f82de90  723       3       java.lang.reflect.Field::setFieldAccessor (34 bytes)
Event: 0.375 Thread 0x0000026e7f82de90 nmethod 723 0x0000026e006e9910 code [0x0000026e006e9ae0, 0x0000026e006e9f68]
Event: 0.375 Thread 0x0000026e7f82de90  721       1       java.lang.reflect.Field::getDeclaringClass (5 bytes)
Event: 0.375 Thread 0x0000026e7f82de90 nmethod 721 0x0000026e07b0aa90 code [0x0000026e07b0ac20, 0x0000026e07b0acf8]
Event: 0.375 Thread 0x0000026e7f82de90  722       1       java.lang.reflect.Field::getRoot (5 bytes)
Event: 0.375 Thread 0x0000026e7f82de90 nmethod 722 0x0000026e07b0b190 code [0x0000026e07b0b320, 0x0000026e07b0b3f8]
Event: 0.375 Thread 0x0000026e7f82de90  725       3       jdk.internal.reflect.MagicAccessorImpl::<init> (5 bytes)
Event: 0.375 Thread 0x0000026e7f82de90 nmethod 725 0x0000026e006ea090 code [0x0000026e006ea220, 0x0000026e006ea378]
Event: 0.376 Thread 0x0000026e7f82de90  726       3       sun.misc.Unsafe::putByte (9 bytes)
Event: 0.376 Thread 0x0000026e7f82de90 nmethod 726 0x0000026e006ea410 code [0x0000026e006ea5a0, 0x0000026e006ea718]
Event: 0.376 Thread 0x0000026e7f82de90  727       3       jdk.internal.misc.Unsafe::putByte (8 bytes)
Event: 0.376 Thread 0x0000026e7f82de90 nmethod 727 0x0000026e006ea810 code [0x0000026e006ea9a0, 0x0000026e006eaab8]
Event: 0.377 Thread 0x0000026e7f82de90  730       3       sun.misc.Unsafe::putInt (11 bytes)
Event: 0.377 Thread 0x0000026e7f82de90 nmethod 730 0x0000026e006eab90 code [0x0000026e006ead20, 0x0000026e006eae38]
Event: 0.377 Thread 0x0000026e7f82de90  731       3       java.nio.Buffer::remaining (20 bytes)
Event: 0.377 Thread 0x0000026e7f82de90 nmethod 731 0x0000026e006eaf10 code [0x0000026e006eb0a0, 0x0000026e006eb238]
Event: 0.377 Thread 0x0000026e7f82de90  732       3       org.lwjgl.system.MemoryUtil::encodeASCII (66 bytes)
Event: 0.377 Thread 0x0000026e7f82de90 nmethod 732 0x0000026e006eb310 code [0x0000026e006eb500, 0x0000026e006ebab8]

GC Heap History (0 events):
No events

Deoptimization events (20 events):
Event: 0.164 Thread 0x0000026e71e8ab20 DEOPT PACKING pc=0x0000026e00607bd6 sp=0x000000b272afca50
Event: 0.164 Thread 0x0000026e71e8ab20 DEOPT UNPACKING pc=0x0000026e00052b43 sp=0x000000b272afbf08 mode 0
Event: 0.200 Thread 0x0000026e71e8ab20 Uncommon trap: trap_request=0xffffff45 fr.pc=0x0000026e07ae5368 relative=0x0000000000000068
Event: 0.200 Thread 0x0000026e71e8ab20 Uncommon trap: reason=unstable_if action=reinterpret pc=0x0000026e07ae5368 method=java.io.WinNTFileSystem.isSlash(C)Z @ 9 c2
Event: 0.200 Thread 0x0000026e71e8ab20 DEOPT PACKING pc=0x0000026e07ae5368 sp=0x000000b272afdf30
Event: 0.200 Thread 0x0000026e71e8ab20 DEOPT UNPACKING pc=0x0000026e000523a3 sp=0x000000b272afdec8 mode 2
Event: 0.210 Thread 0x0000026e71e8ab20 Uncommon trap: trap_request=0xffffff45 fr.pc=0x0000026e07adc6d4 relative=0x00000000000009f4
Event: 0.210 Thread 0x0000026e71e8ab20 Uncommon trap: reason=unstable_if action=reinterpret pc=0x0000026e07adc6d4 method=java.util.HashMap.putVal(ILjava/lang/Object;Ljava/lang/Object;ZZ)Ljava/lang/Object; @ 181 c2
Event: 0.210 Thread 0x0000026e71e8ab20 DEOPT PACKING pc=0x0000026e07adc6d4 sp=0x000000b272afd430
Event: 0.210 Thread 0x0000026e71e8ab20 DEOPT UNPACKING pc=0x0000026e000523a3 sp=0x000000b272afd3e0 mode 2
Event: 0.320 Thread 0x0000026e71e8ab20 DEOPT PACKING pc=0x0000026e005f6df9 sp=0x000000b272af71c0
Event: 0.320 Thread 0x0000026e71e8ab20 DEOPT UNPACKING pc=0x0000026e00052b43 sp=0x000000b272af6620 mode 0
Event: 0.355 Thread 0x0000026e71e8ab20 Uncommon trap: trap_request=0xffffff45 fr.pc=0x0000026e07af3dc0 relative=0x0000000000000040
Event: 0.355 Thread 0x0000026e71e8ab20 Uncommon trap: reason=unstable_if action=reinterpret pc=0x0000026e07af3dc0 method=sun.nio.fs.WindowsPathParser.isSlash(C)Z @ 9 c2
Event: 0.355 Thread 0x0000026e71e8ab20 DEOPT PACKING pc=0x0000026e07af3dc0 sp=0x000000b272afb8a0
Event: 0.355 Thread 0x0000026e71e8ab20 DEOPT UNPACKING pc=0x0000026e000523a3 sp=0x000000b272afb838 mode 2
Event: 0.364 Thread 0x0000026e71e8ab20 DEOPT PACKING pc=0x0000026e006aaa84 sp=0x000000b272afcd10
Event: 0.364 Thread 0x0000026e71e8ab20 DEOPT UNPACKING pc=0x0000026e00052b43 sp=0x000000b272afc1a8 mode 1
Event: 0.364 Thread 0x0000026e71e8ab20 DEOPT PACKING pc=0x0000026e006a9f5c sp=0x000000b272afcde0
Event: 0.364 Thread 0x0000026e71e8ab20 DEOPT UNPACKING pc=0x0000026e00052b43 sp=0x000000b272afc298 mode 1

Classes unloaded (0 events):
No events

Classes redefined (0 events):
No events

Internal exceptions (12 events):
Event: 0.214 Thread 0x0000026e71e8ab20 Exception <a 'java/lang/NoSuchMethodError'{0x00000006200de360}: 'java.lang.Object java.lang.invoke.DirectMethodHandle$Holder.invokeStaticInit(java.lang.Object, int, int, int, int)'> (0x00000006200de360) 
thrown [t:\workspace\open\src\hotspot\share\interpreter\linkResolver.cpp, line 766]
Event: 0.265 Thread 0x0000026e71e8ab20 Exception <a 'java/lang/NoSuchMethodError'{0x000000062029cfc8}: 'java.lang.Object java.lang.invoke.DirectMethodHandle$Holder.invokeStaticInit(java.lang.Object, java.lang.Object, int, int, int, int)'> (0x000000062029cfc8) 
thrown [t:\workspace\open\src\hotspot\share\interpreter\linkResolver.cpp, line 766]
Event: 0.318 Thread 0x0000026e71e8ab20 Exception <a 'java/lang/NoSuchMethodError'{0x000000061fcd6990}: 'java.lang.Object java.lang.invoke.DirectMethodHandle$Holder.invokeStaticInit(java.lang.Object)'> (0x000000061fcd6990) 
thrown [t:\workspace\open\src\hotspot\share\interpreter\linkResolver.cpp, line 766]
Event: 0.326 Thread 0x0000026e71e8ab20 Exception <a 'java/lang/NoSuchMethodError'{0x000000061fd62bf8}: 'void java.lang.invoke.DirectMethodHandle$Holder.invokeStatic(java.lang.Object, java.lang.Object)'> (0x000000061fd62bf8) 
thrown [t:\workspace\open\src\hotspot\share\interpreter\linkResolver.cpp, line 766]
Event: 0.327 Thread 0x0000026e71e8ab20 Exception <a 'java/lang/NoSuchMethodError'{0x000000061fd6c260}: 'void java.lang.invoke.DirectMethodHandle$Holder.invokeSpecial(java.lang.Object, java.lang.Object, java.lang.Object)'> (0x000000061fd6c260) 
thrown [t:\workspace\open\src\hotspot\share\interpreter\linkResolver.cpp, line 766]
Event: 0.330 Thread 0x0000026e71e8ab20 Exception <a 'java/lang/NoSuchMethodError'{0x000000061fd8d110}: 'java.lang.Object java.lang.invoke.DirectMethodHandle$Holder.invokeStatic(java.lang.Object, java.lang.Object, int)'> (0x000000061fd8d110) 
thrown [t:\workspace\open\src\hotspot\share\interpreter\linkResolver.cpp, line 766]
Event: 0.331 Thread 0x0000026e71e8ab20 Exception <a 'java/lang/NoSuchMethodError'{0x000000061fd98e80}: 'void java.lang.invoke.DelegatingMethodHandle$Holder.delegate(java.lang.Object, java.lang.Object, int, java.lang.Object)'> (0x000000061fd98e80) 
thrown [t:\workspace\open\src\hotspot\share\interpreter\linkResolver.cpp, line 766]
Event: 0.331 Thread 0x0000026e71e8ab20 Exception <a 'java/lang/NoSuchMethodError'{0x000000061fd9ce68}: 'int java.lang.invoke.DirectMethodHandle$Holder.invokeSpecial(java.lang.Object, java.lang.Object, java.lang.Object)'> (0x000000061fd9ce68) 
thrown [t:\workspace\open\src\hotspot\share\interpreter\linkResolver.cpp, line 766]
Event: 0.355 Thread 0x0000026e71e8ab20 Exception <a 'sun/nio/fs/WindowsException'{0x000000061fe74078}> (0x000000061fe74078) 
thrown [t:\workspace\open\src\hotspot\share\prims\jni.cpp, line 516]
Event: 0.355 Thread 0x0000026e71e8ab20 Exception <a 'sun/nio/fs/WindowsException'{0x000000061fe743c8}> (0x000000061fe743c8) 
thrown [t:\workspace\open\src\hotspot\share\prims\jni.cpp, line 516]
Event: 0.370 Thread 0x0000026e71e8ab20 Exception <a 'sun/nio/fs/WindowsException'{0x000000061ff74be8}> (0x000000061ff74be8) 
thrown [t:\workspace\open\src\hotspot\share\prims\jni.cpp, line 516]
Event: 0.370 Thread 0x0000026e71e8ab20 Exception <a 'sun/nio/fs/WindowsException'{0x000000061ff74f48}> (0x000000061ff74f48) 
thrown [t:\workspace\open\src\hotspot\share\prims\jni.cpp, line 516]

VM Operations (18 events):
Event: 0.076 Executing VM operation: HandshakeAllThreads
Event: 0.076 Executing VM operation: HandshakeAllThreads done
Event: 0.089 Executing VM operation: ChangeBreakpoints
Event: 0.089 Executing VM operation: ChangeBreakpoints done
Event: 0.101 Executing VM operation: ChangeBreakpoints
Event: 0.101 Executing VM operation: ChangeBreakpoints done
Event: 0.102 Executing VM operation: ChangeBreakpoints
Event: 0.102 Executing VM operation: ChangeBreakpoints done
Event: 0.190 Executing VM operation: HandshakeAllThreads
Event: 0.190 Executing VM operation: HandshakeAllThreads done
Event: 0.200 Executing VM operation: HandshakeAllThreads
Event: 0.200 Executing VM operation: HandshakeAllThreads done
Event: 0.227 Executing VM operation: HandshakeAllThreads
Event: 0.227 Executing VM operation: HandshakeAllThreads done
Event: 0.282 Executing VM operation: HandshakeAllThreads
Event: 0.282 Executing VM operation: HandshakeAllThreads done
Event: 0.329 Executing VM operation: HandshakeAllThreads
Event: 0.329 Executing VM operation: HandshakeAllThreads done

Events (20 events):
Event: 0.367 loading class org/lwjgl/system/StructBuffer
Event: 0.367 loading class org/lwjgl/system/StructBuffer done
Event: 0.371 loading class org/lwjgl/system/APIUtil$1
Event: 0.371 loading class org/lwjgl/system/APIUtil$1 done
Event: 0.371 loading class java/lang/NoSuchFieldError
Event: 0.371 loading class java/lang/NoSuchFieldError done
Event: 0.371 loading class org/lwjgl/system/windows/WindowsLibrary
Event: 0.371 loading class org/lwjgl/system/windows/WindowsLibrary done
Event: 0.371 loading class org/lwjgl/system/SharedLibrary$Default
Event: 0.371 loading class org/lwjgl/system/SharedLibrary$Default done
Event: 0.372 loading class org/lwjgl/system/windows/WinBase
Event: 0.372 loading class org/lwjgl/system/windows/WinBase done
Event: 0.375 loading class jdk/internal/reflect/UnsafeQualifiedStaticIntegerFieldAccessorImpl
Event: 0.375 loading class jdk/internal/reflect/UnsafeQualifiedStaticIntegerFieldAccessorImpl done
Event: 0.375 loading class org/lwjgl/glfw/GLFW$Functions
Event: 0.375 loading class org/lwjgl/glfw/GLFW$Functions done
Event: 0.377 loading class org/lwjgl/system/JNI
Event: 0.377 loading class org/lwjgl/system/JNI done
Event: 0.596 loading class org/lwjgl/glfw/EventLoop$OffScreen
Event: 0.596 loading class org/lwjgl/glfw/EventLoop$OffScreen done


Dynamic libraries:
0x00007ff6d9a20000 - 0x00007ff6d9a30000 	C:\Program Files\Java\jdk-17\bin\java.exe
0x00007ffe99e70000 - 0x00007ffe9a065000 	C:\WINDOWS\SYSTEM32\ntdll.dll
0x00007ffe98b20000 - 0x00007ffe98bde000 	C:\WINDOWS\System32\KERNEL32.DLL
0x00007ffe97870000 - 0x00007ffe97b39000 	C:\WINDOWS\System32\KERNELBASE.dll
0x00007ffe97590000 - 0x00007ffe97690000 	C:\WINDOWS\System32\ucrtbase.dll
0x00007ffe77850000 - 0x00007ffe7786a000 	C:\Program Files\Java\jdk-17\bin\VCRUNTIME140.dll
0x00007ffe74d10000 - 0x00007ffe74d28000 	C:\Program Files\Java\jdk-17\bin\jli.dll
0x00007ffe99400000 - 0x00007ffe994ac000 	C:\WINDOWS\System32\ADVAPI32.dll
0x00007ffe98520000 - 0x00007ffe985be000 	C:\WINDOWS\System32\msvcrt.dll
0x00007ffe98480000 - 0x00007ffe9851b000 	C:\WINDOWS\System32\sechost.dll
0x00007ffe97ed0000 - 0x00007ffe97ffa000 	C:\WINDOWS\System32\RPCRT4.dll
0x00007ffe98000000 - 0x00007ffe981a1000 	C:\WINDOWS\System32\USER32.dll
0x00007ffe97c50000 - 0x00007ffe97c72000 	C:\WINDOWS\System32\win32u.dll
0x00007ffe86590000 - 0x00007ffe8682a000 	C:\WINDOWS\WinSxS\amd64_microsoft.windows.common-controls_6595b64144ccf1df_6.0.19041.1110_none_60b5254171f9507e\COMCTL32.dll
0x00007ffe993d0000 - 0x00007ffe993fb000 	C:\WINDOWS\System32\GDI32.dll
0x00007ffe97b40000 - 0x00007ffe97c4b000 	C:\WINDOWS\System32\gdi32full.dll
0x00007ffe97740000 - 0x00007ffe977dd000 	C:\WINDOWS\System32\msvcp_win.dll
0x00007ffe92a50000 - 0x00007ffe92a5a000 	C:\WINDOWS\SYSTEM32\VERSION.dll
0x00007ffe98bf0000 - 0x00007ffe98c20000 	C:\WINDOWS\System32\IMM32.DLL
0x00007ffe7f430000 - 0x00007ffe7f43c000 	C:\Program Files\Java\jdk-17\bin\vcruntime140_1.dll
0x00007ffe67e30000 - 0x00007ffe67ebd000 	C:\Program Files\Java\jdk-17\bin\msvcp140.dll
0x00007ffe25db0000 - 0x00007ffe2696e000 	C:\Program Files\Java\jdk-17\bin\server\jvm.dll
0x00007ffe97ec0000 - 0x00007ffe97ec8000 	C:\WINDOWS\System32\PSAPI.DLL
0x00007ffe8a2c0000 - 0x00007ffe8a2e7000 	C:\WINDOWS\SYSTEM32\WINMM.dll
0x00007ffe92d60000 - 0x00007ffe92d69000 	C:\WINDOWS\SYSTEM32\WSOCK32.dll
0x00007ffe98c20000 - 0x00007ffe98c8b000 	C:\WINDOWS\System32\WS2_32.dll
0x00007ffe954b0000 - 0x00007ffe954c2000 	C:\WINDOWS\SYSTEM32\kernel.appcore.dll
0x00007ffe7b860000 - 0x00007ffe7b86a000 	C:\Program Files\Java\jdk-17\bin\jimage.dll
0x00007ffe8fb80000 - 0x00007ffe8fd64000 	C:\WINDOWS\SYSTEM32\DBGHELP.DLL
0x00007ffe88070000 - 0x00007ffe8809c000 	C:\WINDOWS\SYSTEM32\dbgcore.DLL
0x00007ffe977e0000 - 0x00007ffe97863000 	C:\WINDOWS\System32\bcryptPrimitives.dll
0x00007ffe75600000 - 0x00007ffe7563b000 	C:\Program Files\Java\jdk-17\bin\jdwp.dll
0x00007ffe86fa0000 - 0x00007ffe86fae000 	C:\Program Files\Java\jdk-17\bin\instrument.dll
0x00007ffe74b60000 - 0x00007ffe74b85000 	C:\Program Files\Java\jdk-17\bin\java.dll
0x00007ffe66e70000 - 0x00007ffe66f46000 	C:\Program Files\Java\jdk-17\bin\svml.dll
0x00007ffe98c90000 - 0x00007ffe993cf000 	C:\WINDOWS\System32\SHELL32.dll
0x00007ffe956b0000 - 0x00007ffe95e40000 	C:\WINDOWS\SYSTEM32\windows.storage.dll
0x00007ffe994b0000 - 0x00007ffe99805000 	C:\WINDOWS\System32\combase.dll
0x00007ffe96fe0000 - 0x00007ffe9700c000 	C:\WINDOWS\SYSTEM32\Wldp.dll
0x00007ffe981b0000 - 0x00007ffe9825d000 	C:\WINDOWS\System32\SHCORE.dll
0x00007ffe98420000 - 0x00007ffe98475000 	C:\WINDOWS\System32\shlwapi.dll
0x00007ffe974d0000 - 0x00007ffe974ef000 	C:\WINDOWS\SYSTEM32\profapi.dll
0x00007ffe7fe90000 - 0x00007ffe7fe9c000 	C:\Program Files\Java\jdk-17\bin\dt_socket.dll
0x00007ffe969e0000 - 0x00007ffe96a1b000 	C:\WINDOWS\SYSTEM32\IPHLPAPI.DLL
0x00007ffe96d40000 - 0x00007ffe96daa000 	C:\WINDOWS\system32\mswsock.dll
0x00007ffe73d60000 - 0x00007ffe73d78000 	C:\Program Files\Java\jdk-17\bin\zip.dll
0x00007ffe74a30000 - 0x00007ffe74a49000 	C:\Program Files\Java\jdk-17\bin\net.dll
0x00007ffe90df0000 - 0x00007ffe90ef8000 	C:\WINDOWS\SYSTEM32\WINHTTP.dll
0x00007ffe73d80000 - 0x00007ffe73d95000 	C:\Program Files\Java\jdk-17\bin\nio.dll
0x00007ffe7fef0000 - 0x00007ffe7ff00000 	C:\Program Files\Java\jdk-17\bin\verify.dll
0x00007ffe96f30000 - 0x00007ffe96f48000 	C:\WINDOWS\SYSTEM32\CRYPTSP.dll
0x00007ffe96650000 - 0x00007ffe96684000 	C:\WINDOWS\system32\rsaenh.dll
0x00007ffe97c80000 - 0x00007ffe97ca7000 	C:\WINDOWS\System32\bcrypt.dll
0x00007ffe97450000 - 0x00007ffe9747e000 	C:\WINDOWS\SYSTEM32\USERENV.dll
0x00007ffe96f50000 - 0x00007ffe96f5c000 	C:\WINDOWS\SYSTEM32\CRYPTBASE.dll
0x00007ffe982c0000 - 0x00007ffe982c8000 	C:\WINDOWS\System32\NSI.dll
0x00007ffe92a90000 - 0x00007ffe92aa7000 	C:\WINDOWS\SYSTEM32\dhcpcsvc6.DLL
0x00007ffe92a70000 - 0x00007ffe92a8d000 	C:\WINDOWS\SYSTEM32\dhcpcsvc.DLL
0x00007ffe96a30000 - 0x00007ffe96afc000 	C:\WINDOWS\SYSTEM32\DNSAPI.dll
0x0000000180000000 - 0x0000000180031000 	C:\Users\user\AppData\Local\Temp\jna15125940068212316675.tmp
0x00007ffdd46d0000 - 0x00007ffdd8a6e000 	D:\Programming\School\JavaGL2\src\renderdoc.dll
0x00007ffe986a0000 - 0x00007ffe98b12000 	C:\WINDOWS\System32\SETUPAPI.dll
0x00007ffe976f0000 - 0x00007ffe9773e000 	C:\WINDOWS\System32\cfgmgr32.dll
0x00007ffe985c0000 - 0x00007ffe9869a000 	C:\WINDOWS\System32\COMDLG32.dll
0x00007ffe99870000 - 0x00007ffe9999a000 	C:\WINDOWS\System32\ole32.dll
0x00007ffe98350000 - 0x00007ffe9841d000 	C:\WINDOWS\System32\OLEAUT32.dll
0x00007ffe93d20000 - 0x00007ffe9417d000 	C:\WINDOWS\SYSTEM32\d3dcompiler_47.dll
0x00007ffe7b520000 - 0x00007ffe7b645000 	C:\WINDOWS\SYSTEM32\opengl32.dll
0x00007ffe7b4f0000 - 0x00007ffe7b51c000 	C:\WINDOWS\SYSTEM32\GLU32.dll
0x00007ffe73160000 - 0x00007ffe731c4000 	C:\Users\user\AppData\Local\Temp\lwjgluser\3.2.3-SNAPSHOT\lwjgl.dll
0x00007ffe64d20000 - 0x00007ffe64d82000 	C:\Users\user\AppData\Local\Temp\lwjgluser\3.2.3-SNAPSHOT\glfw.dll
0x00007ffe94f30000 - 0x00007ffe94fce000 	C:\WINDOWS\system32\uxtheme.dll
0x00007ffe72ac0000 - 0x00007ffe72b05000 	C:\WINDOWS\SYSTEM32\dinput8.dll
0x00007ffe83fd0000 - 0x00007ffe84122000 	C:\WINDOWS\SYSTEM32\inputhost.dll
0x00007ffe92580000 - 0x00007ffe92676000 	C:\WINDOWS\SYSTEM32\PROPSYS.dll
0x00007ffe94850000 - 0x00007ffe94bae000 	C:\WINDOWS\SYSTEM32\CoreUIComponents.dll
0x00007ffe94bb0000 - 0x00007ffe94ca2000 	C:\WINDOWS\SYSTEM32\CoreMessaging.dll
0x00007ffe96280000 - 0x00007ffe962b3000 	C:\WINDOWS\SYSTEM32\ntmarta.dll
0x00007ffe94180000 - 0x00007ffe942d4000 	C:\WINDOWS\SYSTEM32\wintypes.dll
0x00007ffe74d30000 - 0x00007ffe74d41000 	C:\WINDOWS\SYSTEM32\xinput1_4.dll
0x00007ffe97330000 - 0x00007ffe97364000 	C:\WINDOWS\SYSTEM32\DEVOBJ.dll
0x00007ffe952d0000 - 0x00007ffe952ff000 	C:\WINDOWS\SYSTEM32\dwmapi.dll
0x00007ffe57600000 - 0x00007ffe577e1000 	C:\Program Files (x86)\Stardock\Fences\FencesMenu64.dll
0x00007ffe92eb0000 - 0x00007ffe92ec4000 	C:\WINDOWS\SYSTEM32\WTSAPI32.dll
0x00007ffe7fac0000 - 0x00007ffe7fc69000 	C:\WINDOWS\WinSxS\amd64_microsoft.windows.gdiplus_6595b64144ccf1df_1.1.19041.1288_none_91a663c8cc864906\gdiplus.dll
0x00007ffe999a0000 - 0x00007ffe99ab5000 	C:\WINDOWS\System32\MSCTF.dll
0x00007ffe95e40000 - 0x00007ffe95e4d000 	C:\WINDOWS\SYSTEM32\HID.DLL
0x00007ffe97690000 - 0x00007ffe976f0000 	C:\WINDOWS\System32\WINTRUST.dll
0x00007ffe97cb0000 - 0x00007ffe97e06000 	C:\WINDOWS\System32\CRYPT32.dll
0x00007ffe97170000 - 0x00007ffe97182000 	C:\WINDOWS\System32\MSASN1.dll
0x00007ffe99c90000 - 0x00007ffe99d39000 	C:\WINDOWS\System32\clbcatq.dll
0x00007ffe86ab0000 - 0x00007ffe86adc000 	C:\WINDOWS\System32\DriverStore\FileRepository\u0372545.inf_amd64_56d459236871c3f2\B372333\atig6pxx.dll
0x00007ffe4d240000 - 0x00007ffe50083000 	C:\WINDOWS\System32\DriverStore\FileRepository\u0372545.inf_amd64_56d459236871c3f2\B372333\atio6axx.dll
0x00007ffe7aff0000 - 0x00007ffe7b014000 	C:\WINDOWS\SYSTEM32\dxva2.dll
0x00007ffe747f0000 - 0x00007ffe7482f000 	C:\WINDOWS\System32\DriverStore\FileRepository\u0372545.inf_amd64_56d459236871c3f2\B372333\atig6txx.dll
0x00007ffe4d070000 - 0x00007ffe4d23c000 	C:\WINDOWS\SYSTEM32\atiadlxx.dll
0x00007ffe7c9a0000 - 0x00007ffe7c9e9000 	C:\WINDOWS\SYSTEM32\pdh.dll
0x00007ffe8a730000 - 0x00007ffe8a76b000 	C:\WINDOWS\SYSTEM32\dxcore.dll

dbghelp: loaded successfully - version: 4.0.5 - missing functions: none
symbol engine: initialized successfully - sym options: 0x614 - pdb path: .;C:\Program Files\Java\jdk-17\bin;C:\WINDOWS\SYSTEM32;C:\WINDOWS\WinSxS\amd64_microsoft.windows.common-controls_6595b64144ccf1df_6.0.19041.1110_none_60b5254171f9507e;C:\Program Files\Java\jdk-17\bin\server;C:\Users\user\AppData\Local\Temp;D:\Programming\School\JavaGL2\src;C:\Users\user\AppData\Local\Temp\lwjgluser\3.2.3-SNAPSHOT;C:\Program Files (x86)\Stardock\Fences;C:\WINDOWS\WinSxS\amd64_microsoft.windows.gdiplus_6595b64144ccf1df_1.1.19041.1288_none_91a663c8cc864906;C:\WINDOWS\System32\DriverStore\FileRepository\u0372545.inf_amd64_56d459236871c3f2\B372333

VM Arguments:
jvm_args: -agentlib:jdwp=transport=dt_socket,address=127.0.0.1:3484,suspend=y,server=n -Djna.library.path=D:\Programming\School\JavaGL2\src -javaagent:C:\Users\user\AppData\Local\JetBrains\IntelliJIdea2021.2\groovyHotSwap\gragent.jar -javaagent:C:\Users\user\AppData\Local\JetBrains\IntelliJIdea2021.2\captureAgent\debugger-agent.jar -Dfile.encoding=windows-1252 
java_command: sketches._2021_10.Dayblabla
java_class_path (initial): D:\Programming\School\JavaGL2\out\production\classes;C:\Users\user\.gradle\caches\modules-2\files-2.1\io.github.spair\imgui-java-app\1.84.1.3\c7f2adbb406354377182fea74b107d8c4f8b1d0\imgui-java-app-1.84.1.3.jar;C:\Users\user\.gradle\caches\modules-2\files-2.1\org.lwjgl\lwjgl-assimp\3.2.3\f62aa07a20afbdd3097efc296c4841e0d29700eb\lwjgl-assimp-3.2.3.jar;C:\Users\user\.gradle\caches\modules-2\files-2.1\org.lwjgl\lwjgl-glfw\3.2.3\5e520d5c290c8b012545a8d34fa5db5ab051ea53\lwjgl-glfw-3.2.3.jar;C:\Users\user\.gradle\caches\modules-2\files-2.1\org.lwjgl\lwjgl-glfw\3.2.3\62b044d9b0a057444bef2ab70b9afc288ec09dba\lwjgl-glfw-3.2.3-natives-linux.jar;C:\Users\user\.gradle\caches\modules-2\files-2.1\org.lwjgl\lwjgl-glfw\3.2.3\58661272eacb9116336c88b4aadccf1f17c09b\lwjgl-glfw-3.2.3-natives-macos.jar;C:\Users\user\.gradle\caches\modules-2\files-2.1\org.lwjgl\lwjgl-glfw\3.2.3\b4d8a3477cdc2edcf7a5f1e822926be846223f54\lwjgl-glfw-3.2.3-natives-windows.jar;C:\Users\user\.gradle\caches\modules-2\files-2.1\org.lwjgl\lwjgl-nanovg\3.2.3\718be4a13691d1cd276fa852326e9e837d65204e\lwjgl-nanovg-3.2.3.jar;C:\Users\user\.gradle\caches\modules-2\files-2.1\org.lwjgl\lwjgl-nfd\3.2.3\c44fee1043c022cf6614a28872d44cf114ca7737\lwjgl-nfd-3.2.3.jar;C:\Users\user\.gradle\caches\modules-2\files-2.1\org.lwjgl\lwjgl-openal\3.2.3\106742e805803ab9eab8e343f0fb31a3d263903c\lwjgl-openal-3.2.3.jar;C:\Users\user\.gradle\caches\modules-2\files-2.1\org.lwjgl\lwjgl-opengl\3.2.3\bdd534a323d0c8f54969b95e424b6ac8984f7d6e\lwjgl-opengl-3.2.3.jar;C:\Users\user\.gradle\caches\modules-2\files-2.1\org.lwjgl\lwjgl-opengl\3.2.3\7f14db5da9aa7951efe88993f519d7d38ad6e46b\lwjgl-opengl-3.2.3-natives-linux.jar;C:\Users\user\.gradle\caches\modules-2\files-2.1\org.lwjgl\lwjgl-opengl\3.2.3\efa3326c11336d3e74c9c8aeceb2420328d28e6b\lwjgl-opengl-3.2.3-natives-macos.jar;C:\Users\user\.gradle\caches\modules-2\files-2.1\org.lwjgl\lwjgl-opengl\3.2.3\e81cfc73ec8708e5e791ed770e4ec3edfc1bbab1\lwjgl-opengl-3.2.3-natives-windo
Launcher Type: SUN_STANDARD

[Global flags]
     intx CICompilerCount                          = 4                                         {product} {ergonomic}
     uint ConcGCThreads                            = 3                                         {product} {ergonomic}
     uint G1ConcRefinementThreads                  = 10                                        {product} {ergonomic}
   size_t G1HeapRegionSize                         = 4194304                                   {product} {ergonomic}
    uintx GCDrainStackTargetSize                   = 64                                        {product} {ergonomic}
   size_t InitialHeapSize                          = 536870912                                 {product} {ergonomic}
   size_t MarkStackSize                            = 4194304                                   {product} {ergonomic}
   size_t MaxHeapSize                              = 8577351680                                {product} {ergonomic}
   size_t MaxNewSize                               = 5146411008                                {product} {ergonomic}
   size_t MinHeapDeltaBytes                        = 4194304                                   {product} {ergonomic}
   size_t MinHeapSize                              = 8388608                                   {product} {ergonomic}
    uintx NonNMethodCodeHeapSize                   = 5839372                                {pd product} {ergonomic}
    uintx NonProfiledCodeHeapSize                  = 122909434                              {pd product} {ergonomic}
    uintx ProfiledCodeHeapSize                     = 122909434                              {pd product} {ergonomic}
    uintx ReservedCodeCacheSize                    = 251658240                              {pd product} {ergonomic}
     bool SegmentedCodeCache                       = true                                      {product} {ergonomic}
   size_t SoftMaxHeapSize                          = 8577351680                             {manageable} {ergonomic}
     bool UseCompressedClassPointers               = true                           {product lp64_product} {ergonomic}
     bool UseCompressedOops                        = true                           {product lp64_product} {ergonomic}
     bool UseG1GC                                  = true                                      {product} {ergonomic}
     bool UseLargePagesIndividualAllocation        = false                                  {pd product} {ergonomic}

Logging:
Log output configuration:
 #0: stdout all=warning uptime,level,tags
 #1: stderr all=off uptime,level,tags

Environment Variables:
PATH=C:\Program Files\Common Files\Oracle\Java\javapath;C:\Python27\;C:\Python27\Scripts;C:\Program Files (x86)\Common Files\Intel\Shared Libraries\redist\intel64\compiler;C:\Python39\Scripts\;C:\Python39\;C:\Program Files (x86)\Common Files\Oracle\Java\javapath;C:\Python38\Scripts\;C:\Python38\;C:\Windows\system32;C:\Windows;C:\Windows\System32\Wbem;C:\Windows\System32\WindowsPowerShell\v1.0\;C:\Windows\System32\OpenSSH\;C:\Program Files (x86)\Cmder;C:\ProgramData\chocolatey\bin;C:\Program Files\dotnet\;C:\Program Files (x86)\Wolfram Research\WolframScript\;C:\Program Files\Docker\Docker\resources\bin;C:\ProgramData\DockerDesktop\version-bin;C:\Program Files\Calibre2\;C:\WINDOWS\system32;C:\WINDOWS;C:\WINDOWS\System32\Wbem;C:\WINDOWS\System32\WindowsPowerShell\v1.0\;C:\WINDOWS\System32\OpenSSH\;C:\Program Files\PowerShell\7\;C:\Program Files\Git\cmd;C:\Program Files\Git LFS;C:\Program Files\Perforce\;C:\Program Files\Perforce;C:\Program Files\CMake\bin;C:\Program Files\nodejs\;C:\Program Files\Go\bin;C:\MinGW\bin;C:\Program Files\Microsoft SQL Server\130\Tools\Binn\;C:\Program Files\Microsoft SQL Server\Client SDK\ODBC\170\Tools\Binn\;D:\VSTs32\64klang;;C:\Program Files\Tundra 2.0\bin;C:\Program Files\MySQL\MySQL Shell 8.0\bin\;C:\Program Files (x86)\Common Files\Intel\Shared Libraries\redist\intel64_win\compiler;C:\Users\user\AppData\Local\Microsoft\WindowsApps;C:\Users\user\AppData\Local\Programs\Microsoft VS Code\bin;C:\Program Files\ffmpeg\bin;C:\Program Files\NASM;C:\Users\user\Downloads\GIF;C:\Users\user\AppData\Roaming\Python\Python38\Scripts;C:\Users\user\AppData\Local\GitHubDesktop\bin;C:\Users\user\AppData\Roaming\npm;C:\Users\user\go\bin;C:\Users\user\.dotnet\tools;C:\Users\user\spicetify-cli;C:\Users\user\.dotnet\tools
USERNAME=user
OS=Windows_NT
PROCESSOR_IDENTIFIER=AMD64 Family 25 Model 33 Stepping 0, AuthenticAMD



---------------  S Y S T E M  ---------------

OS:
 Windows 10 , 64 bit Build 19041 (10.0.19041.1202)
OS uptime: 18 days 22:28 hours

CPU: total 12 (initial active 12) (12 cores per cpu, 2 threads per core) family 25 model 33 stepping 0 microcode 0x0, cx8, cmov, fxsr, ht, mmx, 3dnowpref, sse, sse2, sse3, ssse3, sse4a, sse4.1, sse4.2, popcnt, lzcnt, tsc, tscinvbit, avx, avx2, aes, erms, clmul, bmi1, bmi2, adx, sha, fma, vzeroupper, clflush, clflushopt

Memory: 4k page, system-wide physical 32712M (4341M free)
TotalPageFile size 107704M (AvailPageFile size 0M)
current process WorkingSet (physical memory assigned to process): 105M, peak: 105M
current process commit charge ("private bytes"): 762M, peak: 766M

vm_info: Java HotSpot(TM) 64-Bit Server VM (17+35-LTS-2724) for windows-amd64 JRE (17+35-LTS-2724), built on Aug  5 2021 23:28:28 by "mach5one" with MS VC++ 16.8 (VS2019)

END.
