#
# A fatal error has been detected by the Java Runtime Environment:
#
#  EXCEPTION_ACCESS_VIOLATION (0xc0000005) at pc=0x00007ffe26551d3a, pid=17956, tid=152872
#
# JRE version: Java(TM) SE Runtime Environment (17.0+35) (build 17+35-LTS-2724)
# Java VM: Java HotSpot(TM) 64-Bit Server VM (17+35-LTS-2724, mixed mode, sharing, tiered, compressed oops, compressed class ptrs, g1 gc, windows-amd64)
# Problematic frame:
# V  [jvm.dll+0x7a1d3a]
#
# No core dump will be written. Minidumps are not enabled by default on client versions of Windows
#
# If you would like to submit a bug report, please visit:
#   https://bugreport.java.com/bugreport/crash.jsp
#

---------------  S U M M A R Y ------------

Command Line: -agentlib:jdwp=transport=dt_socket,address=127.0.0.1:13821,suspend=y,server=n -Djna.library.path=D:\Programming\School\JavaGL2\src -javaagent:C:\Users\user\AppData\Local\JetBrains\IntelliJIdea2021.2\groovyHotSwap\gragent.jar -javaagent:C:\Users\user\AppData\Local\JetBrains\IntelliJIdea2021.2\captureAgent\debugger-agent.jar -Dfile.encoding=windows-1252 sketches._2021_10.Dayblabla

Host: AMD Ryzen 5 5600X 6-Core Processor             , 12 cores, 31G,  Windows 10 , 64 bit Build 19041 (10.0.19041.1202)
Time: Tue Nov  2 11:06:28 2021 FLE Standard Time elapsed time: 10.730793 seconds (0d 0h 0m 10s)

---------------  T H R E A D  ---------------

Current thread (0x0000020494ecad60):  JavaThread "main" [_thread_in_vm, id=152872, stack(0x0000000de3000000,0x0000000de3100000)]

Stack: [0x0000000de3000000,0x0000000de3100000],  sp=0x0000000de30fe6a0,  free space=1017k
Native frames: (J=compiled Java code, j=interpreted, Vv=VM code, C=native code)
V  [jvm.dll+0x7a1d3a]
C  0x000002049c6e1366

Java frames: (J=compiled Java code, j=interpreted, Vv=VM code)
j  jdk.internal.misc.Unsafe.putFloat(Ljava/lang/Object;JF)V+0 java.base@17
j  sun.misc.Unsafe.putFloat(Ljava/lang/Object;JF)V+7 jdk.unsupported@17
j  org.lwjgl.assimp.AIVector3D.nx(JF)V+11
j  org.lwjgl.assimp.AIVector3D.x(F)Lorg/lwjgl/assimp/AIVector3D;+5
j  org.lwjgl.assimp.AIVector3D.set(FFF)Lorg/lwjgl/assimp/AIVector3D;+2
j  _0_1.wrightgl.Model.loadFile(Ljava/lang/String;Ljava/lang/String;)Z+469
j  _0_1.wrightgl.Model.<init>(Ljava/lang/String;Ljava/lang/String;)V+61
j  _0_1.wrightgl.Model.<init>(Ljava/lang/String;Ljava/lang/String;ILkotlin/jvm/internal/DefaultConstructorMarker;)V+22
j  sketches._2021_10.Dayblabla.<init>(L_0_1/engine/Engine;)V+337
v  ~StubRoutines::call_stub
j  jdk.internal.reflect.NativeConstructorAccessorImpl.newInstance0(Ljava/lang/reflect/Constructor;[Ljava/lang/Object;)Ljava/lang/Object;+0 java.base@17
j  jdk.internal.reflect.NativeConstructorAccessorImpl.newInstance([Ljava/lang/Object;)Ljava/lang/Object;+118 java.base@17
j  jdk.internal.reflect.DelegatingConstructorAccessorImpl.newInstance([Ljava/lang/Object;)Ljava/lang/Object;+5 java.base@17
j  java.lang.reflect.Constructor.newInstanceWithCaller([Ljava/lang/Object;ZLjava/lang/Class;)Ljava/lang/Object;+65 java.base@17
j  java.lang.reflect.Constructor.newInstance([Ljava/lang/Object;)Ljava/lang/Object;+30 java.base@17
j  _0_1.engine.Engine$Companion.startSketch(Ljava/lang/Class;L_0_1/engine/Engine$Settings;)V+119
j  sketches._2021_10.Dayblabla$Companion.main([Ljava/lang/String;)V+64
j  sketches._2021_10.Dayblabla.main([Ljava/lang/String;)V+4
v  ~StubRoutines::call_stub

siginfo: EXCEPTION_ACCESS_VIOLATION (0xc0000005), writing address 0x0000000000000010


Register to memory mapping:

RIP=0x00007ffe26551d3a jvm.dll
RAX=0x0 is NULL
RBX=0x0000020494ecad60 is a thread
RCX=0x0000020494ecb008 points into unknown readable memory: 0x0000020492be1600 | 00 16 be 92 04 02 00 00
RDX=0x0000000de30fe7a0 is pointing into the stack for thread: 0x0000020494ecad60
RSP=0x0000000de30fe6a0 is pointing into the stack for thread: 0x0000020494ecad60
RBP=0x0000000de30fe760 is pointing into the stack for thread: 0x0000020494ecad60
RSI=0x0000000000000010 is an unknown value
RDI=0x0 is NULL
R8 =0x0 is NULL
R9 =0x0000000000000010 is an unknown value
R10=0x000002049c6e1337 is at code_begin+1911 in an Interpreter codelet
method entry point (kind = native)  [0x000002049c6e0bc0, 0x000002049c6e1ce0]  4384 bytes
R11=0x0000000000000101 is an unknown value
R12=0x0 is NULL
R13=0x0000000800b01150 is pointing into metadata
R14=0x0000000de30fe7a0 is pointing into the stack for thread: 0x0000020494ecad60
R15=0x0000020494ecad60 is a thread


Registers:
RAX=0x0000000000000000, RBX=0x0000020494ecad60, RCX=0x0000020494ecb008, RDX=0x0000000de30fe7a0
RSP=0x0000000de30fe6a0, RBP=0x0000000de30fe760, RSI=0x0000000000000010, RDI=0x0000000000000000
R8 =0x0000000000000000, R9 =0x0000000000000010, R10=0x000002049c6e1337, R11=0x0000000000000101
R12=0x0000000000000000, R13=0x0000000800b01150, R14=0x0000000de30fe7a0, R15=0x0000020494ecad60
RIP=0x00007ffe26551d3a, EFLAGS=0x0000000000010246

Top of Stack: (sp=0x0000000de30fe6a0)
0x0000000de30fe6a0:   00000008003fc8c8 00000008003fc8c8
0x0000000de30fe6b0:   0000000de30fe718 000002049c6e0e1d
0x0000000de30fe6c0:   0000000000000110 000002049c6e1366
0x0000000de30fe6d0:   0000000d00000000 00000008003fc8c8
0x0000000de30fe6e0:   00000204c219c120 000002049c6e0e76
0x0000000de30fe6f0:   0000000800000000 00000204c219c120
0x0000000de30fe700:   0000000de30fe7f0 0000000de30fe7a8
0x0000000de30fe710:   000002049c6e0e1d 0000000de30fe718
0x0000000de30fe720:   0000000800b01150 0000000de30fe7a0
0x0000000de30fe730:   00000008003f97d0 0000000000000000
0x0000000de30fe740:   000000061f0468c8 00000008003fc8c8
0x0000000de30fe750:   0000000000000000 0000000de30fe780
0x0000000de30fe760:   0000000de30fe7f0 000002049c6d9efa
0x0000000de30fe770:   0000000000000000 000002049c6dd4f8
0x0000000de30fe780:   0000020400000000 0000000000000010
0x0000000de30fe790:   0000000000000000 0000000000000000 

Instructions: (pc=0x00007ffe26551d3a)
0x00007ffe26551c3a:   41 20 48 8d 8b 88 02 00 00 e8 98 47 b2 ff 48 8b
0x00007ffe26551c4a:   74 24 50 0f 28 c6 0f 28 74 24 20 c7 83 38 03 00
0x00007ffe26551c5a:   00 04 00 00 00 48 8b 5c 24 48 48 83 c4 30 5f c3
0x00007ffe26551c6a:   cc cc cc cc cc cc 48 89 5c 24 10 48 89 74 24 18
0x00007ffe26551c7a:   57 48 83 ec 20 8b 81 b8 00 00 00 48 8d 99 58 fd
0x00007ffe26551c8a:   ff ff 05 55 21 ff ff 49 8b f1 49 8b f8 83 f8 01
0x00007ffe26551c9a:   76 0a 48 8b cb e8 6c ca fd ff 33 db c7 83 38 03
0x00007ffe26551caa:   00 00 05 00 00 00 e8 9b f1 eb ff 48 8b 83 40 03
0x00007ffe26551cba:   00 00 a8 01 74 0a b2 01 48 8b cb e8 56 e6 f2 ff
0x00007ffe26551cca:   83 bb 2c 03 00 00 00 75 0a 8b 83 28 03 00 00 a8
0x00007ffe26551cda:   0c 74 0a 33 d2 48 8b cb e8 09 f2 fd ff c7 83 38
0x00007ffe26551cea:   03 00 00 06 00 00 00 48 85 ff 74 2d 40 f6 c7 01
0x00007ffe26551cfa:   74 0c 48 8d 4f ff ff 15 5a f1 2d 00 eb 09 48 8b
0x00007ffe26551d0a:   cf ff 15 0f 73 2d 00 48 85 c0 74 0d f3 0f 10 44
0x00007ffe26551d1a:   24 50 f3 0f 11 04 30 eb 20 f3 0f 10 44 24 50 c6
0x00007ffe26551d2a:   83 68 03 00 00 01 f3 0f 11 44 24 30 8b 44 24 30
0x00007ffe26551d3a:   89 06 c6 83 68 03 00 00 00 48 8b bb e8 00 00 00
0x00007ffe26551d4a:   48 8b 4f 10 48 83 39 00 74 0c 48 8b cf e8 f4 52
0x00007ffe26551d5a:   ba ff 48 8b 4f 10 48 8b 47 08 48 8b d3 48 89 48
0x00007ffe26551d6a:   10 48 8b 4f 08 48 8b 47 18 48 89 41 18 48 8b 4f
0x00007ffe26551d7a:   08 48 8b 47 20 48 89 41 20 48 8d 8b 88 02 00 00
0x00007ffe26551d8a:   e8 51 46 b2 ff 48 8b 74 24 40 c7 83 38 03 00 00
0x00007ffe26551d9a:   04 00 00 00 48 8b 5c 24 38 48 83 c4 20 5f c3 cc
0x00007ffe26551daa:   cc cc cc cc cc cc 48 89 5c 24 10 48 89 74 24 18
0x00007ffe26551dba:   57 48 83 ec 30 8b 81 b8 00 00 00 48 8d 99 58 fd
0x00007ffe26551dca:   ff ff 05 55 21 ff ff 0f 29 74 24 20 49 8b f1 49
0x00007ffe26551dda:   8b f8 83 f8 01 76 0a 48 8b cb e8 27 c9 fd ff 33
0x00007ffe26551dea:   db c7 83 38 03 00 00 05 00 00 00 e8 56 f0 eb ff
0x00007ffe26551dfa:   48 8b 83 40 03 00 00 a8 01 74 0a b2 01 48 8b cb
0x00007ffe26551e0a:   e8 11 e5 f2 ff 83 bb 2c 03 00 00 00 75 0a 8b 83
0x00007ffe26551e1a:   28 03 00 00 a8 0c 74 0a 33 d2 48 8b cb e8 c4 f0
0x00007ffe26551e2a:   fd ff c7 83 38 03 00 00 06 00 00 00 48 85 ff 74 


Stack slot to memory mapping:
stack at sp + 0 slots: {method} {0x00000008003fc8d0} 'putFloat' '(Ljava/lang/Object;JF)V' in 'jdk/internal/misc/Unsafe'
stack at sp + 1 slots: {method} {0x00000008003fc8d0} 'putFloat' '(Ljava/lang/Object;JF)V' in 'jdk/internal/misc/Unsafe'
stack at sp + 2 slots: 0x0000000de30fe718 is pointing into the stack for thread: 0x0000020494ecad60
stack at sp + 3 slots: 0x000002049c6e0e1d is at code_begin+605 in an Interpreter codelet
method entry point (kind = native)  [0x000002049c6e0bc0, 0x000002049c6e1ce0]  4384 bytes
stack at sp + 4 slots: 0x0000000000000110 is an unknown value
stack at sp + 5 slots: 0x000002049c6e1366 is at code_begin+1958 in an Interpreter codelet
method entry point (kind = native)  [0x000002049c6e0bc0, 0x000002049c6e1ce0]  4384 bytes
stack at sp + 6 slots: 0x0000000d00000000 is an unknown value
stack at sp + 7 slots: {method} {0x00000008003fc8d0} 'putFloat' '(Ljava/lang/Object;JF)V' in 'jdk/internal/misc/Unsafe'


---------------  P R O C E S S  ---------------

Threads class SMR info:
_java_thread_list=0x00000204c9e334a0, length=17, elements={
0x0000020494ecad60, 0x00000204c184eb90, 0x00000204c184fa00, 0x00000204c1865e70,
0x00000204c1868550, 0x00000204c186ac20, 0x00000204c186d1f0, 0x00000204c2402840,
0x00000204c240ae10, 0x00000204c241f440, 0x00000204c24ceba0, 0x00000204c2598af0,
0x00000204c25be040, 0x00000204c25be530, 0x00000204c280a0a0, 0x00000204c994be20,
0x00000204c9d50260
}

Java Threads: ( => current thread )
=>0x0000020494ecad60 JavaThread "main" [_thread_in_vm, id=152872, stack(0x0000000de3000000,0x0000000de3100000)]
  0x00000204c184eb90 JavaThread "Reference Handler" daemon [_thread_blocked, id=68152, stack(0x0000000de3700000,0x0000000de3800000)]
  0x00000204c184fa00 JavaThread "Finalizer" daemon [_thread_blocked, id=159920, stack(0x0000000de3800000,0x0000000de3900000)]
  0x00000204c1865e70 JavaThread "Signal Dispatcher" daemon [_thread_blocked, id=156768, stack(0x0000000de3900000,0x0000000de3a00000)]
  0x00000204c1868550 JavaThread "Attach Listener" daemon [_thread_blocked, id=159308, stack(0x0000000de3a00000,0x0000000de3b00000)]
  0x00000204c186ac20 JavaThread "Service Thread" daemon [_thread_blocked, id=154436, stack(0x0000000de3b00000,0x0000000de3c00000)]
  0x00000204c186d1f0 JavaThread "Monitor Deflation Thread" daemon [_thread_blocked, id=136608, stack(0x0000000de3c00000,0x0000000de3d00000)]
  0x00000204c2402840 JavaThread "C2 CompilerThread0" daemon [_thread_blocked, id=79552, stack(0x0000000de3d00000,0x0000000de3e00000)]
  0x00000204c240ae10 JavaThread "C1 CompilerThread0" daemon [_thread_blocked, id=63788, stack(0x0000000de3e00000,0x0000000de3f00000)]
  0x00000204c241f440 JavaThread "Sweeper thread" daemon [_thread_blocked, id=149704, stack(0x0000000de3f00000,0x0000000de4000000)]
  0x00000204c24ceba0 JavaThread "Common-Cleaner" daemon [_thread_blocked, id=128968, stack(0x0000000de4000000,0x0000000de4100000)]
  0x00000204c2598af0 JavaThread "JDWP Transport Listener: dt_socket" daemon [_thread_blocked, id=149200, stack(0x0000000de4100000,0x0000000de4200000)]
  0x00000204c25be040 JavaThread "JDWP Event Helper Thread" daemon [_thread_blocked, id=141816, stack(0x0000000de4200000,0x0000000de4300000)]
  0x00000204c25be530 JavaThread "JDWP Command Reader" daemon [_thread_in_native, id=160164, stack(0x0000000de4300000,0x0000000de4400000)]
  0x00000204c280a0a0 JavaThread "Notification Thread" daemon [_thread_blocked, id=134760, stack(0x0000000de4400000,0x0000000de4500000)]
  0x00000204c994be20 JavaThread "Thread-1" [_thread_blocked, id=148356, stack(0x0000000de5400000,0x0000000de5500000)]
  0x00000204c9d50260 JavaThread "FileSystemWatchService" daemon [_thread_in_native, id=72180, stack(0x0000000de5500000,0x0000000de5600000)]

Other Threads:
  0x00000204c1849f90 VMThread "VM Thread" [stack: 0x0000000de3600000,0x0000000de3700000] [id=15348]
  0x0000020494f5c3a0 WatcherThread [stack: 0x0000000de4500000,0x0000000de4600000] [id=91524]
  0x0000020494f3fad0 GCTaskThread "GC Thread#0" [stack: 0x0000000de3100000,0x0000000de3200000] [id=116220]
  0x00000204c9788350 GCTaskThread "GC Thread#1" [stack: 0x0000000de4b00000,0x0000000de4c00000] [id=151132]
  0x00000204c97888b0 GCTaskThread "GC Thread#2" [stack: 0x0000000de4c00000,0x0000000de4d00000] [id=96396]
  0x00000204c9786060 GCTaskThread "GC Thread#3" [stack: 0x0000000de4d00000,0x0000000de4e00000] [id=46520]
  0x00000204c9786870 GCTaskThread "GC Thread#4" [stack: 0x0000000de4e00000,0x0000000de4f00000] [id=39088]
  0x00000204c9788e10 GCTaskThread "GC Thread#5" [stack: 0x0000000de4f00000,0x0000000de5000000] [id=158236]
  0x00000204c97890c0 GCTaskThread "GC Thread#6" [stack: 0x0000000de5000000,0x0000000de5100000] [id=160584]
  0x00000204c9789620 GCTaskThread "GC Thread#7" [stack: 0x0000000de5100000,0x0000000de5200000] [id=153140]
  0x00000204c9789370 GCTaskThread "GC Thread#8" [stack: 0x0000000de5200000,0x0000000de5300000] [id=116068]
  0x00000204c9217610 GCTaskThread "GC Thread#9" [stack: 0x0000000de5300000,0x0000000de5400000] [id=151984]
  0x0000020494f509a0 ConcurrentGCThread "G1 Main Marker" [stack: 0x0000000de3200000,0x0000000de3300000] [id=48524]
  0x0000020494f51b50 ConcurrentGCThread "G1 Conc#0" [stack: 0x0000000de3300000,0x0000000de3400000] [id=153272]
  0x0000020494f9e820 ConcurrentGCThread "G1 Refine#0" [stack: 0x0000000de3400000,0x0000000de3500000] [id=145328]
  0x00000204c1700490 ConcurrentGCThread "G1 Service" [stack: 0x0000000de3500000,0x0000000de3600000] [id=154368]

Threads with active compile tasks:

VM state: not at safepoint (normal execution)

VM Mutex/Monitor currently owned by a thread: None

Heap address: 0x0000000600c00000, size: 8180 MB, Compressed Oops mode: Zero based, Oop shift amount: 3

CDS archive(s) mapped at: [0x0000000800000000-0x0000000800bc0000-0x0000000800bc0000), size 12320768, SharedBaseAddress: 0x0000000800000000, ArchiveRelocationMode: 0.
Compressed class space mapped at: 0x0000000800c00000-0x0000000840c00000, reserved size: 1073741824
Narrow klass base: 0x0000000800000000, Narrow klass shift: 0, Narrow klass range: 0x100000000

GC Precious Log:
 CPUs: 12 total, 12 available
 Memory: 32712M
 Large Page Support: Disabled
 NUMA Support: Disabled
 Compressed Oops: Enabled (Zero based)
 Heap Region Size: 4M
 Heap Min Capacity: 8M
 Heap Initial Capacity: 512M
 Heap Max Capacity: 8180M
 Pre-touch: Disabled
 Parallel Workers: 10
 Concurrent Workers: 3
 Concurrent Refinement Workers: 10
 Periodic GC: Disabled

Heap:
 garbage-first heap   total 524288K, used 23136K [0x0000000600c00000, 0x0000000800000000)
  region size 4096K, 4 young (16384K), 1 survivors (4096K)
 Metaspace       used 8809K, committed 8960K, reserved 1064960K
  class space    used 530K, committed 640K, reserved 1048576K

Heap Regions: E=young(eden), S=young(survivor), O=old, HS=humongous(starts), HC=humongous(continues), CS=collection set, F=free, OA=open archive, CA=closed archive, TAMS=top-at-mark-start (previous, next)
|   0|0x0000000600c00000, 0x0000000601000000, 0x0000000601000000|100%|HS|  |TAMS 0x0000000600c00000, 0x0000000600c00000| Complete 
|   1|0x0000000601000000, 0x0000000601400000, 0x0000000601400000|100%|HC|  |TAMS 0x0000000601000000, 0x0000000601000000| Complete 
|   2|0x0000000601400000, 0x0000000601800000, 0x0000000601800000|100%|HC|  |TAMS 0x0000000601400000, 0x0000000601400000| Complete 
|   3|0x0000000601800000, 0x0000000601800000, 0x0000000601c00000|  0%| F|  |TAMS 0x0000000601800000, 0x0000000601800000| Untracked 
|   4|0x0000000601c00000, 0x0000000601c00000, 0x0000000602000000|  0%| F|  |TAMS 0x0000000601c00000, 0x0000000601c00000| Untracked 
|   5|0x0000000602000000, 0x0000000602000000, 0x0000000602400000|  0%| F|  |TAMS 0x0000000602000000, 0x0000000602000000| Untracked 
|   6|0x0000000602400000, 0x0000000602400000, 0x0000000602800000|  0%| F|  |TAMS 0x0000000602400000, 0x0000000602400000| Untracked 
|   7|0x0000000602800000, 0x0000000602800000, 0x0000000602c00000|  0%| F|  |TAMS 0x0000000602800000, 0x0000000602800000| Untracked 
|   8|0x0000000602c00000, 0x0000000602c00000, 0x0000000603000000|  0%| F|  |TAMS 0x0000000602c00000, 0x0000000602c00000| Untracked 
|   9|0x0000000603000000, 0x0000000603000000, 0x0000000603400000|  0%| F|  |TAMS 0x0000000603000000, 0x0000000603000000| Untracked 
|  10|0x0000000603400000, 0x0000000603400000, 0x0000000603800000|  0%| F|  |TAMS 0x0000000603400000, 0x0000000603400000| Untracked 
|  11|0x0000000603800000, 0x0000000603800000, 0x0000000603c00000|  0%| F|  |TAMS 0x0000000603800000, 0x0000000603800000| Untracked 
|  12|0x0000000603c00000, 0x0000000603c00000, 0x0000000604000000|  0%| F|  |TAMS 0x0000000603c00000, 0x0000000603c00000| Untracked 
|  13|0x0000000604000000, 0x0000000604000000, 0x0000000604400000|  0%| F|  |TAMS 0x0000000604000000, 0x0000000604000000| Untracked 
|  14|0x0000000604400000, 0x0000000604400000, 0x0000000604800000|  0%| F|  |TAMS 0x0000000604400000, 0x0000000604400000| Untracked 
|  15|0x0000000604800000, 0x0000000604800000, 0x0000000604c00000|  0%| F|  |TAMS 0x0000000604800000, 0x0000000604800000| Untracked 
|  16|0x0000000604c00000, 0x0000000604c00000, 0x0000000605000000|  0%| F|  |TAMS 0x0000000604c00000, 0x0000000604c00000| Untracked 
|  17|0x0000000605000000, 0x0000000605000000, 0x0000000605400000|  0%| F|  |TAMS 0x0000000605000000, 0x0000000605000000| Untracked 
|  18|0x0000000605400000, 0x0000000605400000, 0x0000000605800000|  0%| F|  |TAMS 0x0000000605400000, 0x0000000605400000| Untracked 
|  19|0x0000000605800000, 0x0000000605800000, 0x0000000605c00000|  0%| F|  |TAMS 0x0000000605800000, 0x0000000605800000| Untracked 
|  20|0x0000000605c00000, 0x0000000605c00000, 0x0000000606000000|  0%| F|  |TAMS 0x0000000605c00000, 0x0000000605c00000| Untracked 
|  21|0x0000000606000000, 0x0000000606000000, 0x0000000606400000|  0%| F|  |TAMS 0x0000000606000000, 0x0000000606000000| Untracked 
|  22|0x0000000606400000, 0x0000000606400000, 0x0000000606800000|  0%| F|  |TAMS 0x0000000606400000, 0x0000000606400000| Untracked 
|  23|0x0000000606800000, 0x0000000606800000, 0x0000000606c00000|  0%| F|  |TAMS 0x0000000606800000, 0x0000000606800000| Untracked 
|  24|0x0000000606c00000, 0x0000000606c00000, 0x0000000607000000|  0%| F|  |TAMS 0x0000000606c00000, 0x0000000606c00000| Untracked 
|  25|0x0000000607000000, 0x0000000607000000, 0x0000000607400000|  0%| F|  |TAMS 0x0000000607000000, 0x0000000607000000| Untracked 
|  26|0x0000000607400000, 0x0000000607400000, 0x0000000607800000|  0%| F|  |TAMS 0x0000000607400000, 0x0000000607400000| Untracked 
|  27|0x0000000607800000, 0x0000000607800000, 0x0000000607c00000|  0%| F|  |TAMS 0x0000000607800000, 0x0000000607800000| Untracked 
|  28|0x0000000607c00000, 0x0000000607c00000, 0x0000000608000000|  0%| F|  |TAMS 0x0000000607c00000, 0x0000000607c00000| Untracked 
|  29|0x0000000608000000, 0x0000000608000000, 0x0000000608400000|  0%| F|  |TAMS 0x0000000608000000, 0x0000000608000000| Untracked 
|  30|0x0000000608400000, 0x0000000608400000, 0x0000000608800000|  0%| F|  |TAMS 0x0000000608400000, 0x0000000608400000| Untracked 
|  31|0x0000000608800000, 0x0000000608800000, 0x0000000608c00000|  0%| F|  |TAMS 0x0000000608800000, 0x0000000608800000| Untracked 
|  32|0x0000000608c00000, 0x0000000608c00000, 0x0000000609000000|  0%| F|  |TAMS 0x0000000608c00000, 0x0000000608c00000| Untracked 
|  33|0x0000000609000000, 0x0000000609000000, 0x0000000609400000|  0%| F|  |TAMS 0x0000000609000000, 0x0000000609000000| Untracked 
|  34|0x0000000609400000, 0x0000000609400000, 0x0000000609800000|  0%| F|  |TAMS 0x0000000609400000, 0x0000000609400000| Untracked 
|  35|0x0000000609800000, 0x0000000609800000, 0x0000000609c00000|  0%| F|  |TAMS 0x0000000609800000, 0x0000000609800000| Untracked 
|  36|0x0000000609c00000, 0x0000000609c00000, 0x000000060a000000|  0%| F|  |TAMS 0x0000000609c00000, 0x0000000609c00000| Untracked 
|  37|0x000000060a000000, 0x000000060a000000, 0x000000060a400000|  0%| F|  |TAMS 0x000000060a000000, 0x000000060a000000| Untracked 
|  38|0x000000060a400000, 0x000000060a400000, 0x000000060a800000|  0%| F|  |TAMS 0x000000060a400000, 0x000000060a400000| Untracked 
|  39|0x000000060a800000, 0x000000060a800000, 0x000000060ac00000|  0%| F|  |TAMS 0x000000060a800000, 0x000000060a800000| Untracked 
|  40|0x000000060ac00000, 0x000000060ac00000, 0x000000060b000000|  0%| F|  |TAMS 0x000000060ac00000, 0x000000060ac00000| Untracked 
|  41|0x000000060b000000, 0x000000060b000000, 0x000000060b400000|  0%| F|  |TAMS 0x000000060b000000, 0x000000060b000000| Untracked 
|  42|0x000000060b400000, 0x000000060b400000, 0x000000060b800000|  0%| F|  |TAMS 0x000000060b400000, 0x000000060b400000| Untracked 
|  43|0x000000060b800000, 0x000000060b800000, 0x000000060bc00000|  0%| F|  |TAMS 0x000000060b800000, 0x000000060b800000| Untracked 
|  44|0x000000060bc00000, 0x000000060bc00000, 0x000000060c000000|  0%| F|  |TAMS 0x000000060bc00000, 0x000000060bc00000| Untracked 
|  45|0x000000060c000000, 0x000000060c000000, 0x000000060c400000|  0%| F|  |TAMS 0x000000060c000000, 0x000000060c000000| Untracked 
|  46|0x000000060c400000, 0x000000060c400000, 0x000000060c800000|  0%| F|  |TAMS 0x000000060c400000, 0x000000060c400000| Untracked 
|  47|0x000000060c800000, 0x000000060c800000, 0x000000060cc00000|  0%| F|  |TAMS 0x000000060c800000, 0x000000060c800000| Untracked 
|  48|0x000000060cc00000, 0x000000060cc00000, 0x000000060d000000|  0%| F|  |TAMS 0x000000060cc00000, 0x000000060cc00000| Untracked 
|  49|0x000000060d000000, 0x000000060d000000, 0x000000060d400000|  0%| F|  |TAMS 0x000000060d000000, 0x000000060d000000| Untracked 
|  50|0x000000060d400000, 0x000000060d400000, 0x000000060d800000|  0%| F|  |TAMS 0x000000060d400000, 0x000000060d400000| Untracked 
|  51|0x000000060d800000, 0x000000060d800000, 0x000000060dc00000|  0%| F|  |TAMS 0x000000060d800000, 0x000000060d800000| Untracked 
|  52|0x000000060dc00000, 0x000000060dc00000, 0x000000060e000000|  0%| F|  |TAMS 0x000000060dc00000, 0x000000060dc00000| Untracked 
|  53|0x000000060e000000, 0x000000060e000000, 0x000000060e400000|  0%| F|  |TAMS 0x000000060e000000, 0x000000060e000000| Untracked 
|  54|0x000000060e400000, 0x000000060e400000, 0x000000060e800000|  0%| F|  |TAMS 0x000000060e400000, 0x000000060e400000| Untracked 
|  55|0x000000060e800000, 0x000000060e800000, 0x000000060ec00000|  0%| F|  |TAMS 0x000000060e800000, 0x000000060e800000| Untracked 
|  56|0x000000060ec00000, 0x000000060ec00000, 0x000000060f000000|  0%| F|  |TAMS 0x000000060ec00000, 0x000000060ec00000| Untracked 
|  57|0x000000060f000000, 0x000000060f000000, 0x000000060f400000|  0%| F|  |TAMS 0x000000060f000000, 0x000000060f000000| Untracked 
|  58|0x000000060f400000, 0x000000060f400000, 0x000000060f800000|  0%| F|  |TAMS 0x000000060f400000, 0x000000060f400000| Untracked 
|  59|0x000000060f800000, 0x000000060f800000, 0x000000060fc00000|  0%| F|  |TAMS 0x000000060f800000, 0x000000060f800000| Untracked 
|  60|0x000000060fc00000, 0x000000060fc00000, 0x0000000610000000|  0%| F|  |TAMS 0x000000060fc00000, 0x000000060fc00000| Untracked 
|  61|0x0000000610000000, 0x0000000610000000, 0x0000000610400000|  0%| F|  |TAMS 0x0000000610000000, 0x0000000610000000| Untracked 
|  62|0x0000000610400000, 0x0000000610400000, 0x0000000610800000|  0%| F|  |TAMS 0x0000000610400000, 0x0000000610400000| Untracked 
|  63|0x0000000610800000, 0x0000000610800000, 0x0000000610c00000|  0%| F|  |TAMS 0x0000000610800000, 0x0000000610800000| Untracked 
|  64|0x0000000610c00000, 0x0000000610c00000, 0x0000000611000000|  0%| F|  |TAMS 0x0000000610c00000, 0x0000000610c00000| Untracked 
|  65|0x0000000611000000, 0x0000000611000000, 0x0000000611400000|  0%| F|  |TAMS 0x0000000611000000, 0x0000000611000000| Untracked 
|  66|0x0000000611400000, 0x0000000611400000, 0x0000000611800000|  0%| F|  |TAMS 0x0000000611400000, 0x0000000611400000| Untracked 
|  67|0x0000000611800000, 0x0000000611800000, 0x0000000611c00000|  0%| F|  |TAMS 0x0000000611800000, 0x0000000611800000| Untracked 
|  68|0x0000000611c00000, 0x0000000611c00000, 0x0000000612000000|  0%| F|  |TAMS 0x0000000611c00000, 0x0000000611c00000| Untracked 
|  69|0x0000000612000000, 0x0000000612000000, 0x0000000612400000|  0%| F|  |TAMS 0x0000000612000000, 0x0000000612000000| Untracked 
|  70|0x0000000612400000, 0x0000000612400000, 0x0000000612800000|  0%| F|  |TAMS 0x0000000612400000, 0x0000000612400000| Untracked 
|  71|0x0000000612800000, 0x0000000612800000, 0x0000000612c00000|  0%| F|  |TAMS 0x0000000612800000, 0x0000000612800000| Untracked 
|  72|0x0000000612c00000, 0x0000000612c00000, 0x0000000613000000|  0%| F|  |TAMS 0x0000000612c00000, 0x0000000612c00000| Untracked 
|  73|0x0000000613000000, 0x0000000613000000, 0x0000000613400000|  0%| F|  |TAMS 0x0000000613000000, 0x0000000613000000| Untracked 
|  74|0x0000000613400000, 0x0000000613400000, 0x0000000613800000|  0%| F|  |TAMS 0x0000000613400000, 0x0000000613400000| Untracked 
|  75|0x0000000613800000, 0x0000000613800000, 0x0000000613c00000|  0%| F|  |TAMS 0x0000000613800000, 0x0000000613800000| Untracked 
|  76|0x0000000613c00000, 0x0000000613c00000, 0x0000000614000000|  0%| F|  |TAMS 0x0000000613c00000, 0x0000000613c00000| Untracked 
|  77|0x0000000614000000, 0x0000000614000000, 0x0000000614400000|  0%| F|  |TAMS 0x0000000614000000, 0x0000000614000000| Untracked 
|  78|0x0000000614400000, 0x0000000614400000, 0x0000000614800000|  0%| F|  |TAMS 0x0000000614400000, 0x0000000614400000| Untracked 
|  79|0x0000000614800000, 0x0000000614800000, 0x0000000614c00000|  0%| F|  |TAMS 0x0000000614800000, 0x0000000614800000| Untracked 
|  80|0x0000000614c00000, 0x0000000614c00000, 0x0000000615000000|  0%| F|  |TAMS 0x0000000614c00000, 0x0000000614c00000| Untracked 
|  81|0x0000000615000000, 0x0000000615000000, 0x0000000615400000|  0%| F|  |TAMS 0x0000000615000000, 0x0000000615000000| Untracked 
|  82|0x0000000615400000, 0x0000000615400000, 0x0000000615800000|  0%| F|  |TAMS 0x0000000615400000, 0x0000000615400000| Untracked 
|  83|0x0000000615800000, 0x0000000615800000, 0x0000000615c00000|  0%| F|  |TAMS 0x0000000615800000, 0x0000000615800000| Untracked 
|  84|0x0000000615c00000, 0x0000000615c00000, 0x0000000616000000|  0%| F|  |TAMS 0x0000000615c00000, 0x0000000615c00000| Untracked 
|  85|0x0000000616000000, 0x0000000616000000, 0x0000000616400000|  0%| F|  |TAMS 0x0000000616000000, 0x0000000616000000| Untracked 
|  86|0x0000000616400000, 0x0000000616400000, 0x0000000616800000|  0%| F|  |TAMS 0x0000000616400000, 0x0000000616400000| Untracked 
|  87|0x0000000616800000, 0x0000000616800000, 0x0000000616c00000|  0%| F|  |TAMS 0x0000000616800000, 0x0000000616800000| Untracked 
|  88|0x0000000616c00000, 0x0000000616c00000, 0x0000000617000000|  0%| F|  |TAMS 0x0000000616c00000, 0x0000000616c00000| Untracked 
|  89|0x0000000617000000, 0x0000000617000000, 0x0000000617400000|  0%| F|  |TAMS 0x0000000617000000, 0x0000000617000000| Untracked 
|  90|0x0000000617400000, 0x0000000617400000, 0x0000000617800000|  0%| F|  |TAMS 0x0000000617400000, 0x0000000617400000| Untracked 
|  91|0x0000000617800000, 0x0000000617800000, 0x0000000617c00000|  0%| F|  |TAMS 0x0000000617800000, 0x0000000617800000| Untracked 
|  92|0x0000000617c00000, 0x0000000617c00000, 0x0000000618000000|  0%| F|  |TAMS 0x0000000617c00000, 0x0000000617c00000| Untracked 
|  93|0x0000000618000000, 0x0000000618000000, 0x0000000618400000|  0%| F|  |TAMS 0x0000000618000000, 0x0000000618000000| Untracked 
|  94|0x0000000618400000, 0x0000000618400000, 0x0000000618800000|  0%| F|  |TAMS 0x0000000618400000, 0x0000000618400000| Untracked 
|  95|0x0000000618800000, 0x0000000618800000, 0x0000000618c00000|  0%| F|  |TAMS 0x0000000618800000, 0x0000000618800000| Untracked 
|  96|0x0000000618c00000, 0x0000000618c00000, 0x0000000619000000|  0%| F|  |TAMS 0x0000000618c00000, 0x0000000618c00000| Untracked 
|  97|0x0000000619000000, 0x0000000619000000, 0x0000000619400000|  0%| F|  |TAMS 0x0000000619000000, 0x0000000619000000| Untracked 
|  98|0x0000000619400000, 0x0000000619400000, 0x0000000619800000|  0%| F|  |TAMS 0x0000000619400000, 0x0000000619400000| Untracked 
|  99|0x0000000619800000, 0x0000000619800000, 0x0000000619c00000|  0%| F|  |TAMS 0x0000000619800000, 0x0000000619800000| Untracked 
| 100|0x0000000619c00000, 0x0000000619c00000, 0x000000061a000000|  0%| F|  |TAMS 0x0000000619c00000, 0x0000000619c00000| Untracked 
| 101|0x000000061a000000, 0x000000061a000000, 0x000000061a400000|  0%| F|  |TAMS 0x000000061a000000, 0x000000061a000000| Untracked 
| 102|0x000000061a400000, 0x000000061a400000, 0x000000061a800000|  0%| F|  |TAMS 0x000000061a400000, 0x000000061a400000| Untracked 
| 103|0x000000061a800000, 0x000000061a800000, 0x000000061ac00000|  0%| F|  |TAMS 0x000000061a800000, 0x000000061a800000| Untracked 
| 104|0x000000061ac00000, 0x000000061ac00000, 0x000000061b000000|  0%| F|  |TAMS 0x000000061ac00000, 0x000000061ac00000| Untracked 
| 105|0x000000061b000000, 0x000000061b000000, 0x000000061b400000|  0%| F|  |TAMS 0x000000061b000000, 0x000000061b000000| Untracked 
| 106|0x000000061b400000, 0x000000061b400000, 0x000000061b800000|  0%| F|  |TAMS 0x000000061b400000, 0x000000061b400000| Untracked 
| 107|0x000000061b800000, 0x000000061b800000, 0x000000061bc00000|  0%| F|  |TAMS 0x000000061b800000, 0x000000061b800000| Untracked 
| 108|0x000000061bc00000, 0x000000061bc00000, 0x000000061c000000|  0%| F|  |TAMS 0x000000061bc00000, 0x000000061bc00000| Untracked 
| 109|0x000000061c000000, 0x000000061c000000, 0x000000061c400000|  0%| F|  |TAMS 0x000000061c000000, 0x000000061c000000| Untracked 
| 110|0x000000061c400000, 0x000000061c400000, 0x000000061c800000|  0%| F|  |TAMS 0x000000061c400000, 0x000000061c400000| Untracked 
| 111|0x000000061c800000, 0x000000061c800000, 0x000000061cc00000|  0%| F|  |TAMS 0x000000061c800000, 0x000000061c800000| Untracked 
| 112|0x000000061cc00000, 0x000000061cc00000, 0x000000061d000000|  0%| F|  |TAMS 0x000000061cc00000, 0x000000061cc00000| Untracked 
| 113|0x000000061d000000, 0x000000061d000000, 0x000000061d400000|  0%| F|  |TAMS 0x000000061d000000, 0x000000061d000000| Untracked 
| 114|0x000000061d400000, 0x000000061d400000, 0x000000061d800000|  0%| F|  |TAMS 0x000000061d400000, 0x000000061d400000| Untracked 
| 115|0x000000061d800000, 0x000000061d800000, 0x000000061dc00000|  0%| F|  |TAMS 0x000000061d800000, 0x000000061d800000| Untracked 
| 116|0x000000061dc00000, 0x000000061dc00000, 0x000000061e000000|  0%| F|  |TAMS 0x000000061dc00000, 0x000000061dc00000| Untracked 
| 117|0x000000061e000000, 0x000000061e000000, 0x000000061e400000|  0%| F|  |TAMS 0x000000061e000000, 0x000000061e000000| Untracked 
| 118|0x000000061e400000, 0x000000061e400000, 0x000000061e800000|  0%| F|  |TAMS 0x000000061e400000, 0x000000061e400000| Untracked 
| 119|0x000000061e800000, 0x000000061e800000, 0x000000061ec00000|  0%| F|  |TAMS 0x000000061e800000, 0x000000061e800000| Untracked 
| 120|0x000000061ec00000, 0x000000061ec00000, 0x000000061f000000|  0%| F|  |TAMS 0x000000061ec00000, 0x000000061ec00000| Untracked 
| 121|0x000000061f000000, 0x000000061f2982b8, 0x000000061f400000| 64%| S|CS|TAMS 0x000000061f000000, 0x000000061f000000| Complete 
| 122|0x000000061f400000, 0x000000061f400000, 0x000000061f800000|  0%| F|  |TAMS 0x000000061f400000, 0x000000061f400000| Untracked 
| 123|0x000000061f800000, 0x000000061f800000, 0x000000061fc00000|  0%| F|  |TAMS 0x000000061f800000, 0x000000061f800000| Untracked 
| 124|0x000000061fc00000, 0x000000061fc00000, 0x0000000620000000|  0%| F|  |TAMS 0x000000061fc00000, 0x000000061fc00000| Untracked 
| 125|0x0000000620000000, 0x0000000620300c10, 0x0000000620400000| 75%| E|  |TAMS 0x0000000620000000, 0x0000000620000000| Complete 
| 126|0x0000000620400000, 0x0000000620800000, 0x0000000620800000|100%| E|CS|TAMS 0x0000000620400000, 0x0000000620400000| Complete 
| 127|0x0000000620800000, 0x0000000620c00000, 0x0000000620c00000|100%| E|CS|TAMS 0x0000000620800000, 0x0000000620800000| Complete 

Card table byte_map: [0x00000204acc30000,0x00000204adc30000] _byte_map_base: 0x00000204a9c2a000

Marking Bits (Prev, Next): (CMBitMap*) 0x0000020494f400e0, (CMBitMap*) 0x0000020494f40120
 Prev Bits: [0x00000204aec30000, 0x00000204b6c00000)
 Next Bits: [0x00000204b6c00000, 0x00000204bebd0000)

Polling page: 0x0000020492e20000

Metaspace:

Usage:
  Non-class:      8.08 MB used.
      Class:    530.84 KB used.
       Both:      8.60 MB used.

Virtual space:
  Non-class space:       16.00 MB reserved,       8.12 MB ( 51%) committed,  2 nodes.
      Class space:        1.00 GB reserved,     640.00 KB ( <1%) committed,  1 nodes.
             Both:        1.02 GB reserved,       8.75 MB ( <1%) committed. 

Chunk freelists:
   Non-Class:  2.38 MB
       Class:  3.42 MB
        Both:  5.80 MB

MaxMetaspaceSize: unlimited
CompressedClassSpaceSize: 1.00 GB
Initial GC threshold: 21.00 MB
Current GC threshold: 21.00 MB
CDS: on
MetaspaceReclaimPolicy: balanced
 - commit_granule_bytes: 65536.
 - commit_granule_words: 8192.
 - virtual_space_node_default_size: 1048576.
 - enlarge_chunks_in_place: 1.
 - new_chunks_are_fully_committed: 0.
 - uncommit_free_chunks: 1.
 - use_allocation_guard: 0.
 - handle_deallocations: 1.


Internal statistics:

num_allocs_failed_limit: 0.
num_arena_births: 72.
num_arena_deaths: 0.
num_vsnodes_births: 3.
num_vsnodes_deaths: 0.
num_space_committed: 138.
num_space_uncommitted: 0.
num_chunks_returned_to_freelist: 0.
num_chunks_taken_from_freelist: 305.
num_chunk_merges: 0.
num_chunk_splits: 228.
num_chunks_enlarged: 190.
num_purges: 0.
num_inconsistent_stats: 0.

CodeHeap 'non-profiled nmethods': size=120000Kb used=341Kb max_used=341Kb free=119658Kb
 bounds [0x00000204a41a0000, 0x00000204a4410000, 0x00000204ab6d0000]
CodeHeap 'profiled nmethods': size=120000Kb used=2042Kb max_used=2042Kb free=117957Kb
 bounds [0x000002049cc70000, 0x000002049cee0000, 0x00000204a41a0000]
CodeHeap 'non-nmethods': size=5760Kb used=1805Kb max_used=1823Kb free=3954Kb
 bounds [0x000002049c6d0000, 0x000002049c940000, 0x000002049cc70000]
 total_blobs=2290 nmethods=1079 adapters=1124
 compilation: enabled
              stopped_count=0, restarted_count=0
 full_count=0

Compilation events (20 events):
Event: 1.429 Thread 0x00000204c240ae10 1070   !   3       sun.nio.ch.FileChannelImpl::read (266 bytes)
Event: 1.429 Thread 0x00000204c240ae10 nmethod 1070 0x000002049ce68910 code [0x000002049ce68c20, 0x000002049ce69c88]
Event: 1.429 Thread 0x00000204c240ae10 1071       3       sun.nio.ch.IOUtil::read (14 bytes)
Event: 1.429 Thread 0x00000204c240ae10 nmethod 1071 0x000002049ce6a490 code [0x000002049ce6a620, 0x000002049ce6a788]
Event: 1.429 Thread 0x00000204c240ae10 1072   !   3       sun.nio.ch.IOUtil::read (133 bytes)
Event: 1.430 Thread 0x00000204c240ae10 nmethod 1072 0x000002049ce6a890 code [0x000002049ce6ab00, 0x000002049ce6b488]
Event: 1.430 Thread 0x00000204c240ae10 1073   !   3       sun.nio.ch.IOUtil::readIntoNativeBuffer (173 bytes)
Event: 1.430 Thread 0x00000204c240ae10 nmethod 1073 0x000002049ce6b890 code [0x000002049ce6bb60, 0x000002049ce6c998]
Event: 1.430 Thread 0x00000204c240ae10 1075   !   3       sun.nio.ch.ChannelInputStream::read (95 bytes)
Event: 1.430 Thread 0x00000204c2402840 1076       4       java.lang.ThreadLocal::get (38 bytes)
Event: 1.430 Thread 0x00000204c9d498f0 1077       4       java.lang.ThreadLocal$ThreadLocalMap::getEntry (42 bytes)
Event: 1.430 Thread 0x00000204c240ae10 nmethod 1075 0x000002049ce6d090 code [0x000002049ce6d2e0, 0x000002049ce6dca8]
Event: 1.430 Thread 0x00000204c240ae10 1074       3       sun.nio.ch.FileDispatcherImpl::read (8 bytes)
Event: 1.430 Thread 0x00000204c240ae10 nmethod 1074 0x000002049ce6e110 code [0x000002049ce6e2a0, 0x000002049ce6e3e8]
Event: 1.431 Thread 0x00000204c9d498f0 nmethod 1077 0x00000204a41f3110 code [0x00000204a41f32a0, 0x00000204a41f3428]
Event: 1.431 Thread 0x00000204c2402840 nmethod 1076 0x00000204a41f3590 code [0x00000204a41f3720, 0x00000204a41f38f8]
Event: 1.584 Thread 0x00000204c2402840 1078   !   4       java.util.zip.ZipFile$Source::getEntryPos (173 bytes)
Event: 1.593 Thread 0x00000204c2402840 nmethod 1078 0x00000204a41f3b10 code [0x00000204a41f3d00, 0x00000204a41f4b78]
Event: 3.926 Thread 0x00000204c240ae10 1079       3       java.lang.Long::<init> (10 bytes)
Event: 3.926 Thread 0x00000204c240ae10 nmethod 1079 0x000002049ce6e490 code [0x000002049ce6e640, 0x000002049ce6e818]

GC Heap History (2 events):
Event: 1.106 GC heap before
{Heap before GC invocations=0 (full 0):
 garbage-first heap   total 524288K, used 24576K [0x0000000600c00000, 0x0000000800000000)
  region size 4096K, 6 young (24576K), 0 survivors (0K)
 Metaspace       used 6403K, committed 6592K, reserved 1056768K
  class space    used 405K, committed 512K, reserved 1048576K
}
Event: 1.107 GC heap after
{Heap after GC invocations=1 (full 0):
 garbage-first heap   total 524288K, used 2656K [0x0000000600c00000, 0x0000000800000000)
  region size 4096K, 1 young (4096K), 1 survivors (4096K)
 Metaspace       used 6403K, committed 6592K, reserved 1056768K
  class space    used 405K, committed 512K, reserved 1048576K
}

Deoptimization events (20 events):
Event: 0.379 Thread 0x0000020494ecad60 DEOPT PACKING pc=0x000002049cd67704 sp=0x0000000de30fcf40
Event: 0.379 Thread 0x0000020494ecad60 DEOPT UNPACKING pc=0x000002049c722b43 sp=0x0000000de30fc3d8 mode 1
Event: 0.379 Thread 0x0000020494ecad60 DEOPT PACKING pc=0x000002049cd66bdc sp=0x0000000de30fd010
Event: 0.379 Thread 0x0000020494ecad60 DEOPT UNPACKING pc=0x000002049c722b43 sp=0x0000000de30fc4c8 mode 1
Event: 1.113 Thread 0x0000020494ecad60 Uncommon trap: trap_request=0xffffff54 fr.pc=0x00000204a41e056c relative=0x000000000000006c
Event: 1.113 Thread 0x0000020494ecad60 Uncommon trap: reason=speculate_null_assert action=make_not_entrant pc=0x00000204a41e056c method=sun.misc.Unsafe.putLong(Ljava/lang/Object;JJ)V @ 7 c2
Event: 1.113 Thread 0x0000020494ecad60 DEOPT PACKING pc=0x00000204a41e056c sp=0x0000000de30ff080
Event: 1.113 Thread 0x0000020494ecad60 DEOPT UNPACKING pc=0x000002049c7223a3 sp=0x0000000de30ff018 mode 2
Event: 1.356 Thread 0x0000020494ecad60 Uncommon trap: trap_request=0xffffff45 fr.pc=0x00000204a41e4dd8 relative=0x0000000000000438
Event: 1.356 Thread 0x0000020494ecad60 Uncommon trap: reason=unstable_if action=reinterpret pc=0x00000204a41e4dd8 method=java.lang.StringUTF16.compress([CI[BII)I @ 20 c2
Event: 1.356 Thread 0x0000020494ecad60 DEOPT PACKING pc=0x00000204a41e4dd8 sp=0x0000000de30fe420
Event: 1.356 Thread 0x0000020494ecad60 DEOPT UNPACKING pc=0x000002049c7223a3 sp=0x0000000de30fe3a0 mode 2
Event: 1.359 Thread 0x0000020494ecad60 Uncommon trap: trap_request=0xffffff45 fr.pc=0x00000204a41cfcc0 relative=0x00000000000004a0
Event: 1.359 Thread 0x0000020494ecad60 Uncommon trap: reason=unstable_if action=reinterpret pc=0x00000204a41cfcc0 method=java.lang.String.substring(II)Ljava/lang/String; @ 31 c2
Event: 1.359 Thread 0x0000020494ecad60 DEOPT PACKING pc=0x00000204a41cfcc0 sp=0x0000000de30fe690
Event: 1.359 Thread 0x0000020494ecad60 DEOPT UNPACKING pc=0x000002049c7223a3 sp=0x0000000de30fe678 mode 2
Event: 1.408 Thread 0x0000020494ecad60 Uncommon trap: trap_request=0xffffffde fr.pc=0x00000204a41ed788 relative=0x0000000000000548
Event: 1.408 Thread 0x0000020494ecad60 Uncommon trap: reason=class_check action=maybe_recompile pc=0x00000204a41ed788 method=java.util.HashMap.getNode(Ljava/lang/Object;)Ljava/util/HashMap$Node; @ 128 c2
Event: 1.408 Thread 0x0000020494ecad60 DEOPT PACKING pc=0x00000204a41ed788 sp=0x0000000de30fd540
Event: 1.408 Thread 0x0000020494ecad60 DEOPT UNPACKING pc=0x000002049c7223a3 sp=0x0000000de30fd478 mode 2

Classes unloaded (0 events):
No events

Classes redefined (0 events):
No events

Internal exceptions (20 events):
Event: 0.347 Thread 0x0000020494ecad60 Exception <a 'java/lang/NoSuchMethodError'{0x000000061fd7e3c0}: 'java.lang.Object java.lang.invoke.DirectMethodHandle$Holder.invokeStatic(java.lang.Object, java.lang.Object, int)'> (0x000000061fd7e3c0) 
thrown [t:\workspace\open\src\hotspot\share\interpreter\linkResolver.cpp, line 766]
Event: 0.348 Thread 0x0000020494ecad60 Exception <a 'java/lang/NoSuchMethodError'{0x000000061fd8a130}: 'void java.lang.invoke.DelegatingMethodHandle$Holder.delegate(java.lang.Object, java.lang.Object, int, java.lang.Object)'> (0x000000061fd8a130) 
thrown [t:\workspace\open\src\hotspot\share\interpreter\linkResolver.cpp, line 766]
Event: 0.348 Thread 0x0000020494ecad60 Exception <a 'java/lang/NoSuchMethodError'{0x000000061fd8e118}: 'int java.lang.invoke.DirectMethodHandle$Holder.invokeSpecial(java.lang.Object, java.lang.Object, java.lang.Object)'> (0x000000061fd8e118) 
thrown [t:\workspace\open\src\hotspot\share\interpreter\linkResolver.cpp, line 766]
Event: 0.368 Thread 0x0000020494ecad60 Exception <a 'sun/nio/fs/WindowsException'{0x000000061fe64840}> (0x000000061fe64840) 
thrown [t:\workspace\open\src\hotspot\share\prims\jni.cpp, line 516]
Event: 0.368 Thread 0x0000020494ecad60 Exception <a 'sun/nio/fs/WindowsException'{0x000000061fe64b90}> (0x000000061fe64b90) 
thrown [t:\workspace\open\src\hotspot\share\prims\jni.cpp, line 516]
Event: 0.386 Thread 0x0000020494ecad60 Exception <a 'sun/nio/fs/WindowsException'{0x000000061ff665c8}> (0x000000061ff665c8) 
thrown [t:\workspace\open\src\hotspot\share\prims\jni.cpp, line 516]
Event: 0.386 Thread 0x0000020494ecad60 Exception <a 'sun/nio/fs/WindowsException'{0x000000061ff66928}> (0x000000061ff66928) 
thrown [t:\workspace\open\src\hotspot\share\prims\jni.cpp, line 516]
Event: 1.023 Thread 0x0000020494ecad60 Exception <a 'sun/nio/fs/WindowsException'{0x000000061f84ad68}> (0x000000061f84ad68) 
thrown [t:\workspace\open\src\hotspot\share\prims\jni.cpp, line 516]
Event: 1.023 Thread 0x0000020494ecad60 Exception <a 'sun/nio/fs/WindowsException'{0x000000061f84b108}> (0x000000061f84b108) 
thrown [t:\workspace\open\src\hotspot\share\prims\jni.cpp, line 516]
Event: 1.026 Thread 0x0000020494ecad60 Exception <a 'sun/nio/fs/WindowsException'{0x000000061f8538a0}> (0x000000061f8538a0) 
thrown [t:\workspace\open\src\hotspot\share\prims\jni.cpp, line 516]
Event: 1.026 Thread 0x0000020494ecad60 Exception <a 'sun/nio/fs/WindowsException'{0x000000061f853b70}> (0x000000061f853b70) 
thrown [t:\workspace\open\src\hotspot\share\prims\jni.cpp, line 516]
Event: 1.148 Thread 0x0000020494ecad60 Exception <a 'sun/nio/fs/WindowsException'{0x0000000620a87738}> (0x0000000620a87738) 
thrown [t:\workspace\open\src\hotspot\share\prims\jni.cpp, line 516]
Event: 1.239 Thread 0x0000020494ecad60 Exception <a 'java/lang/NoSuchMethodError'{0x0000000620b1a2f8}: 'void java.lang.invoke.DirectMethodHandle$Holder.invokeVirtual(java.lang.Object, java.lang.Object, long, int, int, int)'> (0x0000000620b1a2f8) 
thrown [t:\workspace\open\src\hotspot\share\interpreter\linkResolver.cpp, line 766]
Event: 1.240 Thread 0x0000020494ecad60 Exception <a 'java/lang/NoSuchMethodError'{0x0000000620b20040}: 'void java.lang.invoke.DirectMethodHandle$Holder.invokeVirtual(java.lang.Object, java.lang.Object, long, double, double)'> (0x0000000620b20040) 
thrown [t:\workspace\open\src\hotspot\share\interpreter\linkResolver.cpp, line 766]
Event: 1.269 Thread 0x0000020494ecad60 Exception <a 'sun/nio/fs/WindowsException'{0x000000062054d8b0}> (0x000000062054d8b0) 
thrown [t:\workspace\open\src\hotspot\share\prims\jni.cpp, line 516]
Event: 1.269 Thread 0x0000020494ecad60 Exception <a 'sun/nio/fs/WindowsException'{0x000000062054dc50}> (0x000000062054dc50) 
thrown [t:\workspace\open\src\hotspot\share\prims\jni.cpp, line 516]
Event: 1.297 Thread 0x0000020494ecad60 Exception <a 'sun/nio/fs/WindowsException'{0x00000006207ed498}> (0x00000006207ed498) 
thrown [t:\workspace\open\src\hotspot\share\prims\jni.cpp, line 516]
Event: 1.298 Thread 0x0000020494ecad60 Exception <a 'sun/nio/fs/WindowsException'{0x00000006207ed818}> (0x00000006207ed818) 
thrown [t:\workspace\open\src\hotspot\share\prims\jni.cpp, line 516]
Event: 1.434 Thread 0x0000020494ecad60 Exception <a 'sun/nio/fs/WindowsException'{0x00000006201ae408}> (0x00000006201ae408) 
thrown [t:\workspace\open\src\hotspot\share\prims\jni.cpp, line 516]
Event: 1.434 Thread 0x0000020494ecad60 Exception <a 'sun/nio/fs/WindowsException'{0x00000006201ae788}> (0x00000006201ae788) 
thrown [t:\workspace\open\src\hotspot\share\prims\jni.cpp, line 516]

VM Operations (20 events):
Event: 4.763 Executing VM operation: ChangeBreakpoints
Event: 4.763 Executing VM operation: ChangeBreakpoints done
Event: 4.763 Executing VM operation: ChangeBreakpoints
Event: 4.763 Executing VM operation: ChangeBreakpoints done
Event: 4.763 Executing VM operation: ChangeSingleStep
Event: 4.763 Executing VM operation: ChangeSingleStep done
Event: 4.763 Executing VM operation: ChangeSingleStep
Event: 4.763 Executing VM operation: ChangeSingleStep done
Event: 4.841 Executing VM operation: get/set locals
Event: 4.841 Executing VM operation: get/set locals done
Event: 4.842 Executing VM operation: get/set locals
Event: 4.842 Executing VM operation: get/set locals done
Event: 4.842 Executing VM operation: get/set locals
Event: 4.842 Executing VM operation: get/set locals done
Event: 4.842 Executing VM operation: get/set locals
Event: 4.842 Executing VM operation: get/set locals done
Event: 10.725 Executing VM operation: ChangeSingleStep
Event: 10.725 Executing VM operation: ChangeSingleStep done
Event: 10.725 Executing VM operation: ChangeSingleStep
Event: 10.725 Executing VM operation: ChangeSingleStep done

Events (20 events):
Event: 1.439 loading class org/lwjgl/assimp/AIScene done
Event: 1.584 loading class com/intellij/rt/debugger/BatchEvaluatorServer
Event: 1.584 loading class com/intellij/rt/debugger/BatchEvaluatorServer done
Event: 1.585 Thread 0x00000204c9d498f0 Thread exited: 0x00000204c9d498f0
Event: 1.590 loading class java/io/DataOutputStream
Event: 1.590 loading class java/io/DataOutputStream done
Event: 3.875 loading class org/lwjgl/assimp/AIMetaData
Event: 3.875 loading class org/lwjgl/assimp/AIMetaData done
Event: 3.875 loading class org/lwjgl/assimp/AIString
Event: 3.875 loading class org/lwjgl/assimp/AIString done
Event: 3.876 loading class org/lwjgl/assimp/AIString$Buffer
Event: 3.876 loading class org/lwjgl/assimp/AIString$Buffer done
Event: 3.876 loading class org/lwjgl/system/MultiReleaseTextDecoding
Event: 3.876 loading class org/lwjgl/system/MultiReleaseTextDecoding done
Event: 3.876 loading class org/lwjgl/assimp/AIMetaDataEntry
Event: 3.876 loading class org/lwjgl/assimp/AIMetaDataEntry done
Event: 3.876 loading class org/lwjgl/assimp/AIMetaDataEntry$Buffer
Event: 3.876 loading class org/lwjgl/assimp/AIMetaDataEntry$Buffer done
Event: 3.877 loading class org/lwjgl/assimp/AIVector3D
Event: 3.877 loading class org/lwjgl/assimp/AIVector3D done


Dynamic libraries:
0x00007ff6d9a20000 - 0x00007ff6d9a30000 	C:\Program Files\Java\jdk-17\bin\java.exe
0x00007ffe99e70000 - 0x00007ffe9a065000 	C:\WINDOWS\SYSTEM32\ntdll.dll
0x00007ffe98b20000 - 0x00007ffe98bde000 	C:\WINDOWS\System32\KERNEL32.DLL
0x00007ffe97870000 - 0x00007ffe97b39000 	C:\WINDOWS\System32\KERNELBASE.dll
0x00007ffe97590000 - 0x00007ffe97690000 	C:\WINDOWS\System32\ucrtbase.dll
0x00007ffe77850000 - 0x00007ffe7786a000 	C:\Program Files\Java\jdk-17\bin\VCRUNTIME140.dll
0x00007ffe74d10000 - 0x00007ffe74d28000 	C:\Program Files\Java\jdk-17\bin\jli.dll
0x00007ffe99400000 - 0x00007ffe994ac000 	C:\WINDOWS\System32\ADVAPI32.dll
0x00007ffe98520000 - 0x00007ffe985be000 	C:\WINDOWS\System32\msvcrt.dll
0x00007ffe98480000 - 0x00007ffe9851b000 	C:\WINDOWS\System32\sechost.dll
0x00007ffe97ed0000 - 0x00007ffe97ffa000 	C:\WINDOWS\System32\RPCRT4.dll
0x00007ffe98000000 - 0x00007ffe981a1000 	C:\WINDOWS\System32\USER32.dll
0x00007ffe97c50000 - 0x00007ffe97c72000 	C:\WINDOWS\System32\win32u.dll
0x00007ffe86590000 - 0x00007ffe8682a000 	C:\WINDOWS\WinSxS\amd64_microsoft.windows.common-controls_6595b64144ccf1df_6.0.19041.1110_none_60b5254171f9507e\COMCTL32.dll
0x00007ffe993d0000 - 0x00007ffe993fb000 	C:\WINDOWS\System32\GDI32.dll
0x00007ffe97b40000 - 0x00007ffe97c4b000 	C:\WINDOWS\System32\gdi32full.dll
0x00007ffe97740000 - 0x00007ffe977dd000 	C:\WINDOWS\System32\msvcp_win.dll
0x00007ffe92a50000 - 0x00007ffe92a5a000 	C:\WINDOWS\SYSTEM32\VERSION.dll
0x00007ffe98bf0000 - 0x00007ffe98c20000 	C:\WINDOWS\System32\IMM32.DLL
0x00007ffe7f430000 - 0x00007ffe7f43c000 	C:\Program Files\Java\jdk-17\bin\vcruntime140_1.dll
0x00007ffe67e30000 - 0x00007ffe67ebd000 	C:\Program Files\Java\jdk-17\bin\msvcp140.dll
0x00007ffe25db0000 - 0x00007ffe2696e000 	C:\Program Files\Java\jdk-17\bin\server\jvm.dll
0x00007ffe97ec0000 - 0x00007ffe97ec8000 	C:\WINDOWS\System32\PSAPI.DLL
0x00007ffe92d60000 - 0x00007ffe92d69000 	C:\WINDOWS\SYSTEM32\WSOCK32.dll
0x00007ffe8a2c0000 - 0x00007ffe8a2e7000 	C:\WINDOWS\SYSTEM32\WINMM.dll
0x00007ffe98c20000 - 0x00007ffe98c8b000 	C:\WINDOWS\System32\WS2_32.dll
0x00007ffe954b0000 - 0x00007ffe954c2000 	C:\WINDOWS\SYSTEM32\kernel.appcore.dll
0x00007ffe7b860000 - 0x00007ffe7b86a000 	C:\Program Files\Java\jdk-17\bin\jimage.dll
0x00007ffe8fb80000 - 0x00007ffe8fd64000 	C:\WINDOWS\SYSTEM32\DBGHELP.DLL
0x00007ffe88070000 - 0x00007ffe8809c000 	C:\WINDOWS\SYSTEM32\dbgcore.DLL
0x00007ffe977e0000 - 0x00007ffe97863000 	C:\WINDOWS\System32\bcryptPrimitives.dll
0x00007ffe73080000 - 0x00007ffe730bb000 	C:\Program Files\Java\jdk-17\bin\jdwp.dll
0x00007ffe86a80000 - 0x00007ffe86a8e000 	C:\Program Files\Java\jdk-17\bin\instrument.dll
0x00007ffe74b60000 - 0x00007ffe74b85000 	C:\Program Files\Java\jdk-17\bin\java.dll
0x00007ffe66e70000 - 0x00007ffe66f46000 	C:\Program Files\Java\jdk-17\bin\svml.dll
0x00007ffe98c90000 - 0x00007ffe993cf000 	C:\WINDOWS\System32\SHELL32.dll
0x00007ffe956b0000 - 0x00007ffe95e40000 	C:\WINDOWS\SYSTEM32\windows.storage.dll
0x00007ffe994b0000 - 0x00007ffe99805000 	C:\WINDOWS\System32\combase.dll
0x00007ffe96fe0000 - 0x00007ffe9700c000 	C:\WINDOWS\SYSTEM32\Wldp.dll
0x00007ffe981b0000 - 0x00007ffe9825d000 	C:\WINDOWS\System32\SHCORE.dll
0x00007ffe98420000 - 0x00007ffe98475000 	C:\WINDOWS\System32\shlwapi.dll
0x00007ffe974d0000 - 0x00007ffe974ef000 	C:\WINDOWS\SYSTEM32\profapi.dll
0x00007ffe7f520000 - 0x00007ffe7f52c000 	C:\Program Files\Java\jdk-17\bin\dt_socket.dll
0x00007ffe969e0000 - 0x00007ffe96a1b000 	C:\WINDOWS\SYSTEM32\IPHLPAPI.DLL
0x00007ffe96d40000 - 0x00007ffe96daa000 	C:\WINDOWS\system32\mswsock.dll
0x00007ffe73d60000 - 0x00007ffe73d78000 	C:\Program Files\Java\jdk-17\bin\zip.dll
0x00007ffe74a30000 - 0x00007ffe74a49000 	C:\Program Files\Java\jdk-17\bin\net.dll
0x00007ffe90df0000 - 0x00007ffe90ef8000 	C:\WINDOWS\SYSTEM32\WINHTTP.dll
0x00007ffe73d80000 - 0x00007ffe73d95000 	C:\Program Files\Java\jdk-17\bin\nio.dll
0x00007ffe7af60000 - 0x00007ffe7af70000 	C:\Program Files\Java\jdk-17\bin\verify.dll
0x00007ffe96f30000 - 0x00007ffe96f48000 	C:\WINDOWS\SYSTEM32\CRYPTSP.dll
0x00007ffe96650000 - 0x00007ffe96684000 	C:\WINDOWS\system32\rsaenh.dll
0x00007ffe97c80000 - 0x00007ffe97ca7000 	C:\WINDOWS\System32\bcrypt.dll
0x00007ffe97450000 - 0x00007ffe9747e000 	C:\WINDOWS\SYSTEM32\USERENV.dll
0x00007ffe96f50000 - 0x00007ffe96f5c000 	C:\WINDOWS\SYSTEM32\CRYPTBASE.dll
0x00007ffe982c0000 - 0x00007ffe982c8000 	C:\WINDOWS\System32\NSI.dll
0x00007ffe92a90000 - 0x00007ffe92aa7000 	C:\WINDOWS\SYSTEM32\dhcpcsvc6.DLL
0x00007ffe92a70000 - 0x00007ffe92a8d000 	C:\WINDOWS\SYSTEM32\dhcpcsvc.DLL
0x00007ffe96a30000 - 0x00007ffe96afc000 	C:\WINDOWS\SYSTEM32\DNSAPI.dll
0x0000000180000000 - 0x0000000180031000 	C:\Users\user\AppData\Local\Temp\jna4918472896922755467.tmp
0x00007ffdd7e60000 - 0x00007ffddc1fe000 	D:\Programming\School\JavaGL2\src\renderdoc.dll
0x00007ffe986a0000 - 0x00007ffe98b12000 	C:\WINDOWS\System32\SETUPAPI.dll
0x00007ffe976f0000 - 0x00007ffe9773e000 	C:\WINDOWS\System32\cfgmgr32.dll
0x00007ffe985c0000 - 0x00007ffe9869a000 	C:\WINDOWS\System32\COMDLG32.dll
0x00007ffe99870000 - 0x00007ffe9999a000 	C:\WINDOWS\System32\ole32.dll
0x00007ffe98350000 - 0x00007ffe9841d000 	C:\WINDOWS\System32\OLEAUT32.dll
0x00007ffe93d20000 - 0x00007ffe9417d000 	C:\WINDOWS\SYSTEM32\d3dcompiler_47.dll
0x00007ffe7b520000 - 0x00007ffe7b645000 	C:\WINDOWS\SYSTEM32\opengl32.dll
0x00007ffe7b4f0000 - 0x00007ffe7b51c000 	C:\WINDOWS\SYSTEM32\GLU32.dll
0x00007ffe68b60000 - 0x00007ffe68bc4000 	C:\Users\user\AppData\Local\Temp\lwjgluser\3.2.3-SNAPSHOT\lwjgl.dll
0x00007ffe68980000 - 0x00007ffe689e2000 	C:\Users\user\AppData\Local\Temp\lwjgluser\3.2.3-SNAPSHOT\glfw.dll
0x00007ffe94f30000 - 0x00007ffe94fce000 	C:\WINDOWS\system32\uxtheme.dll
0x00007ffe68c00000 - 0x00007ffe68c45000 	C:\WINDOWS\SYSTEM32\dinput8.dll
0x00007ffe83fd0000 - 0x00007ffe84122000 	C:\WINDOWS\SYSTEM32\inputhost.dll
0x00007ffe94180000 - 0x00007ffe942d4000 	C:\WINDOWS\SYSTEM32\wintypes.dll
0x00007ffe94bb0000 - 0x00007ffe94ca2000 	C:\WINDOWS\SYSTEM32\CoreMessaging.dll
0x00007ffe92580000 - 0x00007ffe92676000 	C:\WINDOWS\SYSTEM32\PROPSYS.dll
0x00007ffe94850000 - 0x00007ffe94bae000 	C:\WINDOWS\SYSTEM32\CoreUIComponents.dll
0x00007ffe96280000 - 0x00007ffe962b3000 	C:\WINDOWS\SYSTEM32\ntmarta.dll
0x00007ffe74d30000 - 0x00007ffe74d41000 	C:\WINDOWS\SYSTEM32\xinput1_4.dll
0x00007ffe97330000 - 0x00007ffe97364000 	C:\WINDOWS\SYSTEM32\DEVOBJ.dll
0x00007ffe952d0000 - 0x00007ffe952ff000 	C:\WINDOWS\SYSTEM32\dwmapi.dll
0x00007ffe57600000 - 0x00007ffe577e1000 	C:\Program Files (x86)\Stardock\Fences\FencesMenu64.dll
0x00007ffe7fac0000 - 0x00007ffe7fc69000 	C:\WINDOWS\WinSxS\amd64_microsoft.windows.gdiplus_6595b64144ccf1df_1.1.19041.1288_none_91a663c8cc864906\gdiplus.dll
0x00007ffe92eb0000 - 0x00007ffe92ec4000 	C:\WINDOWS\SYSTEM32\WTSAPI32.dll
0x00007ffe999a0000 - 0x00007ffe99ab5000 	C:\WINDOWS\System32\MSCTF.dll
0x00007ffe95e40000 - 0x00007ffe95e4d000 	C:\WINDOWS\SYSTEM32\HID.DLL
0x00007ffe97690000 - 0x00007ffe976f0000 	C:\WINDOWS\System32\WINTRUST.dll
0x00007ffe97cb0000 - 0x00007ffe97e06000 	C:\WINDOWS\System32\CRYPT32.dll
0x00007ffe97170000 - 0x00007ffe97182000 	C:\WINDOWS\System32\MSASN1.dll
0x00007ffe99c90000 - 0x00007ffe99d39000 	C:\WINDOWS\System32\clbcatq.dll
0x00007ffe86ab0000 - 0x00007ffe86adc000 	C:\WINDOWS\System32\DriverStore\FileRepository\u0372545.inf_amd64_56d459236871c3f2\B372333\atig6pxx.dll
0x00007ffe4d240000 - 0x00007ffe50083000 	C:\WINDOWS\System32\DriverStore\FileRepository\u0372545.inf_amd64_56d459236871c3f2\B372333\atio6axx.dll
0x00007ffe7aff0000 - 0x00007ffe7b014000 	C:\WINDOWS\SYSTEM32\dxva2.dll
0x00007ffe747f0000 - 0x00007ffe7482f000 	C:\WINDOWS\System32\DriverStore\FileRepository\u0372545.inf_amd64_56d459236871c3f2\B372333\atig6txx.dll
0x00007ffe4d070000 - 0x00007ffe4d23c000 	C:\WINDOWS\SYSTEM32\atiadlxx.dll
0x00007ffe7c9a0000 - 0x00007ffe7c9e9000 	C:\WINDOWS\SYSTEM32\pdh.dll
0x00007ffe8a730000 - 0x00007ffe8a76b000 	C:\WINDOWS\SYSTEM32\dxcore.dll
0x00007ffe68920000 - 0x00007ffe68979000 	C:\Users\user\AppData\Local\Temp\lwjgluser\3.2.3-SNAPSHOT\lwjgl_opengl.dll
0x00007ffe84130000 - 0x00007ffe84229000 	C:\WINDOWS\SYSTEM32\textinputframework.dll
0x00007ffe87840000 - 0x00007ffe878a6000 	C:\WINDOWS\system32\Oleacc.dll
0x0000000064a00000 - 0x00000000657b1000 	C:\Users\user\AppData\Local\Temp\imgui-java-natives_1635843978949\imgui-java64.dll
0x00007ffe68840000 - 0x00007ffe688c7000 	C:\Users\user\AppData\Local\Temp\lwjgluser\3.2.3-SNAPSHOT\lwjgl_nanovg.dll
0x00007ffe685a0000 - 0x00007ffe68617000 	C:\Users\user\AppData\Local\Temp\lwjgluser\3.2.3-SNAPSHOT\lwjgl_stb.dll
0x00007ffe47a80000 - 0x00007ffe4813f000 	C:\Users\user\AppData\Local\Temp\lwjgluser\3.2.3-SNAPSHOT\assimp.dll

dbghelp: loaded successfully - version: 4.0.5 - missing functions: none
symbol engine: initialized successfully - sym options: 0x614 - pdb path: .;C:\Program Files\Java\jdk-17\bin;C:\WINDOWS\SYSTEM32;C:\WINDOWS\WinSxS\amd64_microsoft.windows.common-controls_6595b64144ccf1df_6.0.19041.1110_none_60b5254171f9507e;C:\Program Files\Java\jdk-17\bin\server;C:\Users\user\AppData\Local\Temp;D:\Programming\School\JavaGL2\src;C:\Users\user\AppData\Local\Temp\lwjgluser\3.2.3-SNAPSHOT;C:\Program Files (x86)\Stardock\Fences;C:\WINDOWS\WinSxS\amd64_microsoft.windows.gdiplus_6595b64144ccf1df_1.1.19041.1288_none_91a663c8cc864906;C:\WINDOWS\System32\DriverStore\FileRepository\u0372545.inf_amd64_56d459236871c3f2\B372333;C:\Users\user\AppData\Local\Temp\imgui-java-natives_1635843978949

VM Arguments:
jvm_args: -agentlib:jdwp=transport=dt_socket,address=127.0.0.1:13821,suspend=y,server=n -Djna.library.path=D:\Programming\School\JavaGL2\src -javaagent:C:\Users\user\AppData\Local\JetBrains\IntelliJIdea2021.2\groovyHotSwap\gragent.jar -javaagent:C:\Users\user\AppData\Local\JetBrains\IntelliJIdea2021.2\captureAgent\debugger-agent.jar -Dfile.encoding=windows-1252 
java_command: sketches._2021_10.Dayblabla
java_class_path (initial): D:\Programming\School\JavaGL2\out\production\classes;C:\Users\user\.gradle\caches\modules-2\files-2.1\io.github.spair\imgui-java-app\1.84.1.3\c7f2adbb406354377182fea74b107d8c4f8b1d0\imgui-java-app-1.84.1.3.jar;C:\Users\user\.gradle\caches\modules-2\files-2.1\org.lwjgl\lwjgl-assimp\3.2.3\f62aa07a20afbdd3097efc296c4841e0d29700eb\lwjgl-assimp-3.2.3.jar;C:\Users\user\.gradle\caches\modules-2\files-2.1\org.lwjgl\lwjgl-glfw\3.2.3\5e520d5c290c8b012545a8d34fa5db5ab051ea53\lwjgl-glfw-3.2.3.jar;C:\Users\user\.gradle\caches\modules-2\files-2.1\org.lwjgl\lwjgl-glfw\3.2.3\62b044d9b0a057444bef2ab70b9afc288ec09dba\lwjgl-glfw-3.2.3-natives-linux.jar;C:\Users\user\.gradle\caches\modules-2\files-2.1\org.lwjgl\lwjgl-glfw\3.2.3\58661272eacb9116336c88b4aadccf1f17c09b\lwjgl-glfw-3.2.3-natives-macos.jar;C:\Users\user\.gradle\caches\modules-2\files-2.1\org.lwjgl\lwjgl-glfw\3.2.3\b4d8a3477cdc2edcf7a5f1e822926be846223f54\lwjgl-glfw-3.2.3-natives-windows.jar;C:\Users\user\.gradle\caches\modules-2\files-2.1\org.lwjgl\lwjgl-nanovg\3.2.3\718be4a13691d1cd276fa852326e9e837d65204e\lwjgl-nanovg-3.2.3.jar;C:\Users\user\.gradle\caches\modules-2\files-2.1\org.lwjgl\lwjgl-nfd\3.2.3\c44fee1043c022cf6614a28872d44cf114ca7737\lwjgl-nfd-3.2.3.jar;C:\Users\user\.gradle\caches\modules-2\files-2.1\org.lwjgl\lwjgl-openal\3.2.3\106742e805803ab9eab8e343f0fb31a3d263903c\lwjgl-openal-3.2.3.jar;C:\Users\user\.gradle\caches\modules-2\files-2.1\org.lwjgl\lwjgl-opengl\3.2.3\bdd534a323d0c8f54969b95e424b6ac8984f7d6e\lwjgl-opengl-3.2.3.jar;C:\Users\user\.gradle\caches\modules-2\files-2.1\org.lwjgl\lwjgl-opengl\3.2.3\7f14db5da9aa7951efe88993f519d7d38ad6e46b\lwjgl-opengl-3.2.3-natives-linux.jar;C:\Users\user\.gradle\caches\modules-2\files-2.1\org.lwjgl\lwjgl-opengl\3.2.3\efa3326c11336d3e74c9c8aeceb2420328d28e6b\lwjgl-opengl-3.2.3-natives-macos.jar;C:\Users\user\.gradle\caches\modules-2\files-2.1\org.lwjgl\lwjgl-opengl\3.2.3\e81cfc73ec8708e5e791ed770e4ec3edfc1bbab1\lwjgl-opengl-3.2.3-natives-windo
Launcher Type: SUN_STANDARD

[Global flags]
     intx CICompilerCount                          = 4                                         {product} {ergonomic}
     uint ConcGCThreads                            = 3                                         {product} {ergonomic}
     uint G1ConcRefinementThreads                  = 10                                        {product} {ergonomic}
   size_t G1HeapRegionSize                         = 4194304                                   {product} {ergonomic}
    uintx GCDrainStackTargetSize                   = 64                                        {product} {ergonomic}
   size_t InitialHeapSize                          = 536870912                                 {product} {ergonomic}
   size_t MarkStackSize                            = 4194304                                   {product} {ergonomic}
   size_t MaxHeapSize                              = 8577351680                                {product} {ergonomic}
   size_t MaxNewSize                               = 5146411008                                {product} {ergonomic}
   size_t MinHeapDeltaBytes                        = 4194304                                   {product} {ergonomic}
   size_t MinHeapSize                              = 8388608                                   {product} {ergonomic}
    uintx NonNMethodCodeHeapSize                   = 5839372                                {pd product} {ergonomic}
    uintx NonProfiledCodeHeapSize                  = 122909434                              {pd product} {ergonomic}
    uintx ProfiledCodeHeapSize                     = 122909434                              {pd product} {ergonomic}
    uintx ReservedCodeCacheSize                    = 251658240                              {pd product} {ergonomic}
     bool SegmentedCodeCache                       = true                                      {product} {ergonomic}
   size_t SoftMaxHeapSize                          = 8577351680                             {manageable} {ergonomic}
     bool UseCompressedClassPointers               = true                           {product lp64_product} {ergonomic}
     bool UseCompressedOops                        = true                           {product lp64_product} {ergonomic}
     bool UseG1GC                                  = true                                      {product} {ergonomic}
     bool UseLargePagesIndividualAllocation        = false                                  {pd product} {ergonomic}

Logging:
Log output configuration:
 #0: stdout all=warning uptime,level,tags
 #1: stderr all=off uptime,level,tags

Environment Variables:
PATH=C:\Program Files\Common Files\Oracle\Java\javapath;C:\Python27\;C:\Python27\Scripts;C:\Program Files (x86)\Common Files\Intel\Shared Libraries\redist\intel64\compiler;C:\Python39\Scripts\;C:\Python39\;C:\Program Files (x86)\Common Files\Oracle\Java\javapath;C:\Python38\Scripts\;C:\Python38\;C:\Windows\system32;C:\Windows;C:\Windows\System32\Wbem;C:\Windows\System32\WindowsPowerShell\v1.0\;C:\Windows\System32\OpenSSH\;C:\Program Files (x86)\Cmder;C:\ProgramData\chocolatey\bin;C:\Program Files\dotnet\;C:\Program Files (x86)\Wolfram Research\WolframScript\;C:\Program Files\Docker\Docker\resources\bin;C:\ProgramData\DockerDesktop\version-bin;C:\Program Files\Calibre2\;C:\WINDOWS\system32;C:\WINDOWS;C:\WINDOWS\System32\Wbem;C:\WINDOWS\System32\WindowsPowerShell\v1.0\;C:\WINDOWS\System32\OpenSSH\;C:\Program Files\PowerShell\7\;C:\Program Files\Git\cmd;C:\Program Files\Git LFS;C:\Program Files\Perforce\;C:\Program Files\Perforce;C:\Program Files\CMake\bin;C:\Program Files\nodejs\;C:\Program Files\Go\bin;C:\MinGW\bin;C:\Program Files\Microsoft SQL Server\130\Tools\Binn\;C:\Program Files\Microsoft SQL Server\Client SDK\ODBC\170\Tools\Binn\;D:\VSTs32\64klang;;C:\Program Files\Tundra 2.0\bin;C:\Program Files\MySQL\MySQL Shell 8.0\bin\;C:\Program Files (x86)\Common Files\Intel\Shared Libraries\redist\intel64_win\compiler;C:\Users\user\AppData\Local\Microsoft\WindowsApps;C:\Users\user\AppData\Local\Programs\Microsoft VS Code\bin;C:\Program Files\ffmpeg\bin;C:\Program Files\NASM;C:\Users\user\Downloads\GIF;C:\Users\user\AppData\Roaming\Python\Python38\Scripts;C:\Users\user\AppData\Local\GitHubDesktop\bin;C:\Users\user\AppData\Roaming\npm;C:\Users\user\go\bin;C:\Users\user\.dotnet\tools;C:\Users\user\spicetify-cli;C:\Users\user\.dotnet\tools
USERNAME=user
OS=Windows_NT
PROCESSOR_IDENTIFIER=AMD64 Family 25 Model 33 Stepping 0, AuthenticAMD



---------------  S Y S T E M  ---------------

OS:
 Windows 10 , 64 bit Build 19041 (10.0.19041.1202)
OS uptime: 17 days 21:44 hours

CPU: total 12 (initial active 12) (12 cores per cpu, 2 threads per core) family 25 model 33 stepping 0 microcode 0x0, cx8, cmov, fxsr, ht, mmx, 3dnowpref, sse, sse2, sse3, ssse3, sse4a, sse4.1, sse4.2, popcnt, lzcnt, tsc, tscinvbit, avx, avx2, aes, erms, clmul, bmi1, bmi2, adx, sha, fma, vzeroupper, clflush, clflushopt

Memory: 4k page, system-wide physical 32712M (6968M free)
TotalPageFile size 106362M (AvailPageFile size 6592M)
current process WorkingSet (physical memory assigned to process): 244M, peak: 259M
current process commit charge ("private bytes"): 954M, peak: 995M

vm_info: Java HotSpot(TM) 64-Bit Server VM (17+35-LTS-2724) for windows-amd64 JRE (17+35-LTS-2724), built on Aug  5 2021 23:28:28 by "mach5one" with MS VC++ 16.8 (VS2019)

END.
