#
# A fatal error has been detected by the Java Runtime Environment:
#
#  EXCEPTION_ACCESS_VIOLATION (0xc0000005) at pc=0x00007ffde197bf00, pid=123480, tid=76916
#
# JRE version: Java(TM) SE Runtime Environment (17.0+35) (build 17+35-LTS-2724)
# Java VM: Java HotSpot(TM) 64-Bit Server VM (17+35-LTS-2724, mixed mode, sharing, tiered, compressed oops, compressed class ptrs, g1 gc, windows-amd64)
# Problematic frame:
# V  [jvm.dll+0xbf00]
#
# No core dump will be written. Minidumps are not enabled by default on client versions of Windows
#
# If you would like to submit a bug report, please visit:
#   https://bugreport.java.com/bugreport/crash.jsp
#

---------------  S U M M A R Y ------------

Command Line: -agentlib:jdwp=transport=dt_socket,address=127.0.0.1:6077,suspend=y,server=n -Djna.library.path=D:\Programming\School\JavaGL2\src -javaagent:C:\Users\user\AppData\Local\JetBrains\IntelliJIdea2021.2\groovyHotSwap\gragent.jar -javaagent:C:\Users\user\AppData\Local\JetBrains\IntelliJIdea2021.2\captureAgent\debugger-agent.jar -Dfile.encoding=UTF-8 _0_1.enginePackage.Sketch

Host: AMD Ryzen 5 5600X 6-Core Processor             , 12 cores, 31G,  Windows 10 , 64 bit Build 19041 (10.0.19041.1202)
Time: Mon Oct 25 12:52:34 2021 FLE Daylight Time elapsed time: 51.081730 seconds (0d 0h 0m 51s)

---------------  T H R E A D  ---------------

Current thread (0x000001c338cdaf20):  JavaThread "main" [_thread_in_vm, id=76916, stack(0x0000009e55c00000,0x0000009e55d00000)]

Stack: [0x0000009e55c00000,0x0000009e55d00000],  sp=0x0000009e55cff458,  free space=1021k
Native frames: (J=compiled Java code, j=interpreted, Vv=VM code, C=native code)
V  [jvm.dll+0xbf00]

Java frames: (J=compiled Java code, j=interpreted, Vv=VM code)
j  imgui.ImGui.text(Ljava/lang/String;)V+0
j  _0_1.enginePackage.Engine.drawShaderErrors()V+198
j  _0_1.enginePackage.Engine.loop()V+55
j  _0_1.enginePackage.Engine.start()V+51
j  _0_1.enginePackage.Sketch$Companion.main([Ljava/lang/String;)V+22
j  _0_1.enginePackage.Sketch.main([Ljava/lang/String;)V+4
v  ~StubRoutines::call_stub

siginfo: EXCEPTION_ACCESS_VIOLATION (0xc0000005), reading address 0x0000000000000000


Register to memory mapping:

RIP=0x00007ffde197bf00 jvm.dll
RAX=0x0 is NULL
RBX=0x000001c338cdaf20 is a thread
RCX=0x0 is NULL
RDX=0x0 is NULL
RSP=0x0000009e55cff458 is pointing into the stack for thread: 0x000001c338cdaf20
RBP=0x0000009e55cff590 is pointing into the stack for thread: 0x000001c338cdaf20
RSI=0x0 is NULL
RDI=0x0 is NULL
R8 =0x0 is NULL
R9 =0x00000000000000cb is an unknown value
R10=0x000001c3404f1337 is at code_begin+1911 in an Interpreter codelet
method entry point (kind = native)  [0x000001c3404f0bc0, 0x000001c3404f1ce0]  4384 bytes
R11=0x0000000620a26f30 is an oop: java.lang.Class 
{0x0000000620a26f30} - klass: 'java/lang/Class'
 - ---- fields (total size 24 words):
 - private volatile transient 'classRedefinedCount' 'I' @12  0
 - private volatile transient 'cachedConstructor' 'Ljava/lang/reflect/Constructor;' @40  NULL (0)
 - private transient 'name' 'Ljava/lang/String;' @44  "imgui.ImGui"{0x0000000620a27080} (c4144e10)
 - private transient 'module' 'Ljava/lang/Module;' @48  a 'java/lang/Module'{0x000000061f031328} (c3e06265)
 - private final 'classLoader' 'Ljava/lang/ClassLoader;' @52  a 'jdk/internal/loader/ClassLoaders$AppClassLoader'{0x000000061f000170} (c3e0002e)
 - private transient 'classData' 'Ljava/lang/Object;' @56  NULL (0)
 - private transient 'packageName' 'Ljava/lang/String;' @60  "imgui"{0x000000061f13bd50} (c3e277aa)
 - private final 'componentType' 'Ljava/lang/Class;' @64  NULL (0)
 - private volatile transient 'reflectionData' 'Ljava/lang/ref/SoftReference;' @68  NULL (0)
 - private volatile transient 'genericInfo' 'Lsun/reflect/generics/repository/ClassRepository;' @72  NULL (0)
 - private volatile transient 'enumConstants' '[Ljava/lang/Object;' @76  NULL (0)
 - private volatile transient 'enumConstantDirectory' 'Ljava/util/Map;' @80  NULL (0)
 - private volatile transient 'annotationData' 'Ljava/lang/Class$AnnotationData;' @84  NULL (0)
 - private volatile transient 'annotationType' 'Lsun/reflect/annotation/AnnotationType;' @88  NULL (0)
 - transient 'classValueMap' 'Ljava/lang/ClassValue$ClassValueMap;' @92  NULL (0)
 - signature: Limgui/ImGui;
 - fake entry for mirror: 'imgui/ImGui'
 - fake entry for array: NULL
 - fake entry for oop_size: 24
 - fake entry for static_oop_field_count: 19
 - private static final 'LIB_PATH_PROP' 'Ljava/lang/String;' @112  "imgui.library.path"{0x0000000620a27000} (c4144e00)
 - private static final 'LIB_NAME_PROP' 'Ljava/lang/String;' @116  "imgui.library.name"{0x0000000620a27040} (c4144e08)
 - private static final 'LIB_NAME_DEFAULT' 'Ljava/lang/String;' @120  "imgui-java64"{0x0000000620a27f70} (c4144fee)
 - private static final 'LIB_TMP_DIR_PREFIX' 'Ljava/lang/String;' @124  "imgui-java-natives_1635155503959"{0x0000000620a28058} (c414500b)
 - private static final 'IMGUI_CONTEXT' 'Limgui/internal/ImGuiContext;' @128  a 'imgui/internal/ImGuiContext'{0x0000000620a78110} (c414f022)
 - private static final 'IMGUI_IO' 'Limgui/ImGuiIO;' @132  a 'imgui/ImGuiIO'{0x0000000620a80998} (c4150133)
 - private static final 'WINDOW_DRAW_LIST' 'Limgui/ImDrawList;' @136  a 'imgui/ImDrawList'{0x0000000620a91d60} (c41523ac)
 - private static final 'BACKGROUND_DRAW_LIST' 'Limgui/ImDrawList;' @140  a 'imgui/ImDrawList'{0x0000000620a91d78} (c41523af)
 - private static final 'FOREGROUND_DRAW_LIST' 'Limgui/ImDrawList;' @144  a 'imgui/ImDrawList'{0x0000000620a91d90} (c41523b2)
 - private static final 'IMGUI_STORAGE' 'Limgui/ImGuiStorage;' @148  a 'imgui/ImGuiStorage'{0x0000000620a93e60} (c41527cc)
 - private static final 'WINDOW_VIEWPORT' 'Limgui/ImGuiViewport;' @152  a 'imgui/ImGuiViewport'{0x0000000620a9da10} (c4153b42)
 - private static final 'FIND_VIEWPORT' 'Limgui/ImGuiViewport;' @156  a 'imgui/ImGuiViewport'{0x0000000620a9da28} (c4153b45)
 - private static final 'DRAW_DATA' 'Limgui/ImDrawData;' @160  a 'imgui/ImDrawData'{0x0000000620a9da40} (c4153b48)
 - private static final 'FONT' 'Limgui/ImFont;' @164  a 'imgui/ImFont'{0x0000000620aa3758} (c41546eb)
 - private static final 'STYLE' 'Limgui/ImGuiStyle;' @168  a 'imgui/ImGuiStyle'{0x0000000620aad4a0} (c4155a94)
 - private static final 'MAIN_VIEWPORT' 'Limgui/ImGuiViewport;' @172  a 'imgui/ImGuiViewport'{0x0000000620aad4b8} (c4155a97)
 - private static final 'PLATFORM_IO' 'Limgui/ImGuiPlatformIO;' @176  a 'imgui/ImGuiPlatformIO'{0x0000000620ab35e8} (c41566bd)
 - private static 'payloadRef' 'Ljava/lang/ref/WeakReference;' @180  NULL (0)
 - private static final 'PAYLOAD_PLACEHOLDER_DATA' '[B' @184  [B{0x0000000620ac02d0} (c415805a)
R12=0x000001c338cdb1c8 points into unknown readable memory: 0x000001c366891e90 | 90 1e 89 66 c3 01 00 00
R13=0x0 is NULL
R14=0x0 is NULL
R15=0x000001c338cdaf20 is a thread


Registers:
RAX=0x0000000000000000, RBX=0x000001c338cdaf20, RCX=0x0000000000000000, RDX=0x0000000000000000
RSP=0x0000009e55cff458, RBP=0x0000009e55cff590, RSI=0x0000000000000000, RDI=0x0000000000000000
R8 =0x0000000000000000, R9 =0x00000000000000cb, R10=0x000001c3404f1337, R11=0x0000000620a26f30
R12=0x000001c338cdb1c8, R13=0x0000000000000000, R14=0x0000000000000000, R15=0x000001c338cdaf20
RIP=0x00007ffde197bf00, EFLAGS=0x0000000000010246

Top of Stack: (sp=0x0000009e55cff458)
0x0000009e55cff458:   00007ffde1d521aa 0000000000000000
0x0000009e55cff468:   00007ffde1f97019 000001c338cdaf20
0x0000009e55cff478:   00007ffde1f96f67 000001c338cdaf20
0x0000009e55cff488:   0000000000000000 0000000000000000
0x0000009e55cff498:   000001c365937eff 000000000001eaa8
0x0000009e55cff4a8:   00007ffde1f903ee 3ff0000000000000
0x0000009e55cff4b8:   000001c338cdaf20 000000000001eaa8
0x0000009e55cff4c8:   0000000000000000 000001c365fbdfe0
0x0000009e55cff4d8:   0000000064a6d93e 0000009e55cff590
0x0000009e55cff4e8:   0000009e55cff5b0 0000009e55cff5b0
0x0000009e55cff4f8:   00007ffde1ceb7c1 000001c365fbdfe0
0x0000009e55cff508:   0000000000000000 000001c365fbdfe0
0x0000009e55cff518:   000001c3404f1366 000000000001eaa8
0x0000009e55cff528:   00000000000000b4 000001c3748c2298
0x0000009e55cff538:   0000000000000000 000001c3404ea42c
0x0000009e55cff548:   0000009e55cff548 0000000000000000 

Instructions: (pc=0x00007ffde197bf00)
0x00007ffde197be00:   1c d2 a6 00 48 83 c4 20 5b 48 ff e0 48 8d 05 ed
0x00007ffde197be10:   00 00 00 48 8b cb 48 89 05 03 d2 a6 00 48 83 c4
0x00007ffde197be20:   20 5b 48 ff e0 48 8d 05 d4 00 00 00 48 8b cb 48
0x00007ffde197be30:   89 05 ea d1 a6 00 48 83 c4 20 5b 48 ff e0 48 8b
0x00007ffde197be40:   0d 4b c3 ac 00 8b 51 10 83 ea 01 0f 84 91 00 00
0x00007ffde197be50:   00 83 ea 01 74 73 83 ea 01 74 55 83 fa 01 74 37
0x00007ffde197be60:   4c 8d 0d d1 1c 82 00 41 b8 e9 00 00 00 48 8d 15
0x00007ffde197be70:   fc 1c 82 00 b9 00 00 00 e0 e8 f2 69 23 00 e8 dd
0x00007ffde197be80:   35 66 00 33 c0 48 8b cb 48 89 05 91 d1 a6 00 48
0x00007ffde197be90:   83 c4 20 5b 48 ff e0 48 8d 05 72 00 00 00 48 8b
0x00007ffde197bea0:   cb 48 89 05 78 d1 a6 00 48 83 c4 20 5b 48 ff e0
0x00007ffde197beb0:   48 8d 05 49 00 00 00 48 8b cb 48 89 05 5f d1 a6
0x00007ffde197bec0:   00 48 83 c4 20 5b 48 ff e0 48 8d 05 30 00 00 00
0x00007ffde197bed0:   48 8b cb 48 89 05 46 d1 a6 00 48 83 c4 20 5b 48
0x00007ffde197bee0:   ff e0 48 8d 05 17 00 00 00 48 8b cb 48 89 05 2d
0x00007ffde197bef0:   d1 a6 00 48 83 c4 20 5b 48 ff e0 cc cc cc cc cc
0x00007ffde197bf00:   48 8b 01 c3 cc cc cc cc cc cc cc cc cc cc cc cc
0x00007ffde197bf10:   48 89 5c 24 08 57 48 83 ec 20 48 8b 39 48 8b d9
0x00007ffde197bf20:   48 85 3d 51 9f b1 00 75 0e 48 8b c7 48 8b 5c 24
0x00007ffde197bf30:   30 48 83 c4 20 5f c3 48 8b cf e8 41 38 7f 00 48
0x00007ffde197bf40:   8b d0 48 85 c0 74 20 48 8b c7 f0 48 0f b1 13 74
0x00007ffde197bf50:   16 48 85 05 20 9f b1 00 74 0d 48 8b c8 f0 48 0f
0x00007ffde197bf60:   b1 13 48 3b c1 75 ea 48 8b 5c 24 30 48 8b c2 48
0x00007ffde197bf70:   83 c4 20 5f c3 cc cc cc cc cc cc cc cc cc cc cc
0x00007ffde197bf80:   8b 44 24 30 45 03 c9 44 2b 4c 24 28 83 c0 0b 44
0x00007ffde197bf90:   03 ca 45 03 c8 41 03 c1 c3 cc cc cc cc cc cc cc
0x00007ffde197bfa0:   48 8b 41 08 0f b7 48 2a 0f b7 40 28 83 c0 48 03
0x00007ffde197bfb0:   c1 c3 cc cc cc cc cc cc cc cc cc cc cc cc cc cc
0x00007ffde197bfc0:   48 89 5c 24 08 57 48 83 ec 20 0f b6 05 9f a6 b1
0x00007ffde197bfd0:   00 48 8b fa 48 8b d9 84 c0 74 4f 48 85 15 96 9e
0x00007ffde197bfe0:   b1 00 74 38 48 8b ca e8 a4 3a 7f 00 48 8b d0 48
0x00007ffde197bff0:   85 db 74 25 48 85 c0 74 20 48 8b c7 f0 48 0f b1 


Stack slot to memory mapping:
stack at sp + 0 slots: 0x00007ffde1d521aa jvm.dll
stack at sp + 1 slots: 0x0 is NULL
stack at sp + 2 slots: 0x00007ffde1f97019 jvm.dll
stack at sp + 3 slots: 0x000001c338cdaf20 is a thread
stack at sp + 4 slots: 0x00007ffde1f96f67 jvm.dll
stack at sp + 5 slots: 0x000001c338cdaf20 is a thread
stack at sp + 6 slots: 0x0 is NULL
stack at sp + 7 slots: 0x0 is NULL


---------------  P R O C E S S  ---------------

Threads class SMR info:
_java_thread_list=0x000001c3662a2270, length=15, elements={
0x000001c338cdaf20, 0x000001c36565e2b0, 0x000001c365661130, 0x000001c36566eb70,
0x000001c36566f720, 0x000001c3656721e0, 0x000001c365673ba0, 0x000001c365679a50,
0x000001c366008140, 0x000001c36567d440, 0x000001c3660f1650, 0x000001c3662038a0,
0x000001c36642a8c0, 0x000001c3664accb0, 0x000001c3664b4eb0
}

Java Threads: ( => current thread )
=>0x000001c338cdaf20 JavaThread "main" [_thread_in_vm, id=76916, stack(0x0000009e55c00000,0x0000009e55d00000)]
  0x000001c36565e2b0 JavaThread "Reference Handler" daemon [_thread_blocked, id=98020, stack(0x0000009e56300000,0x0000009e56400000)]
  0x000001c365661130 JavaThread "Finalizer" daemon [_thread_blocked, id=124904, stack(0x0000009e56400000,0x0000009e56500000)]
  0x000001c36566eb70 JavaThread "Signal Dispatcher" daemon [_thread_blocked, id=128320, stack(0x0000009e56500000,0x0000009e56600000)]
  0x000001c36566f720 JavaThread "Attach Listener" daemon [_thread_blocked, id=128940, stack(0x0000009e56600000,0x0000009e56700000)]
  0x000001c3656721e0 JavaThread "Service Thread" daemon [_thread_blocked, id=115024, stack(0x0000009e56700000,0x0000009e56800000)]
  0x000001c365673ba0 JavaThread "Monitor Deflation Thread" daemon [_thread_blocked, id=104108, stack(0x0000009e56800000,0x0000009e56900000)]
  0x000001c365679a50 JavaThread "C2 CompilerThread0" daemon [_thread_blocked, id=125284, stack(0x0000009e56900000,0x0000009e56a00000)]
  0x000001c366008140 JavaThread "C1 CompilerThread0" daemon [_thread_blocked, id=127712, stack(0x0000009e56a00000,0x0000009e56b00000)]
  0x000001c36567d440 JavaThread "Sweeper thread" daemon [_thread_blocked, id=115380, stack(0x0000009e56b00000,0x0000009e56c00000)]
  0x000001c3660f1650 JavaThread "Common-Cleaner" daemon [_thread_blocked, id=45908, stack(0x0000009e56c00000,0x0000009e56d00000)]
  0x000001c3662038a0 JavaThread "JDWP Event Helper Thread" daemon [_thread_blocked, id=128652, stack(0x0000009e56e00000,0x0000009e56f00000)]
  0x000001c36642a8c0 JavaThread "Notification Thread" daemon [_thread_blocked, id=90644, stack(0x0000009e57000000,0x0000009e57100000)]
  0x000001c3664accb0 JavaThread "Thread-0" [_thread_blocked, id=127844, stack(0x0000009e57200000,0x0000009e57300000)]
  0x000001c3664b4eb0 JavaThread "FileSystemWatchService" daemon [_thread_in_native, id=120044, stack(0x0000009e57300000,0x0000009e57400000)]

Other Threads:
  0x000001c365658df0 VMThread "VM Thread" [stack: 0x0000009e56200000,0x0000009e56300000] [id=122792]
  0x000001c3663f4d10 WatcherThread [stack: 0x0000009e57100000,0x0000009e57200000] [id=107008]
  0x000001c338d4fe50 GCTaskThread "GC Thread#0" [stack: 0x0000009e55d00000,0x0000009e55e00000] [id=126652]
  0x000001c372d1f850 GCTaskThread "GC Thread#1" [stack: 0x0000009e57400000,0x0000009e57500000] [id=122952]
  0x000001c372d1fb00 GCTaskThread "GC Thread#2" [stack: 0x0000009e57900000,0x0000009e57a00000] [id=90284]
  0x000001c372d1e580 GCTaskThread "GC Thread#3" [stack: 0x0000009e57a00000,0x0000009e57b00000] [id=127088]
  0x000001c372d21890 GCTaskThread "GC Thread#4" [stack: 0x0000009e57b00000,0x0000009e57c00000] [id=106624]
  0x000001c372d21330 GCTaskThread "GC Thread#5" [stack: 0x0000009e57c00000,0x0000009e57d00000] [id=117968]
  0x000001c372d20b20 GCTaskThread "GC Thread#6" [stack: 0x0000009e57d00000,0x0000009e57e00000] [id=118800]
  0x000001c372d21b40 GCTaskThread "GC Thread#7" [stack: 0x0000009e57e00000,0x0000009e57f00000] [id=105704]
  0x000001c372d1e830 GCTaskThread "GC Thread#8" [stack: 0x0000009e57f00000,0x0000009e58000000] [id=125528]
  0x000001c372d1f040 GCTaskThread "GC Thread#9" [stack: 0x0000009e58000000,0x0000009e58100000] [id=128448]
  0x000001c338d61d30 ConcurrentGCThread "G1 Main Marker" [stack: 0x0000009e55e00000,0x0000009e55f00000] [id=111268]
  0x000001c338d62ee0 ConcurrentGCThread "G1 Conc#0" [stack: 0x0000009e55f00000,0x0000009e56000000] [id=124008]
  0x000001c3655144f0 ConcurrentGCThread "G1 Refine#0" [stack: 0x0000009e56000000,0x0000009e56100000] [id=125856]
  0x000001c365514f10 ConcurrentGCThread "G1 Service" [stack: 0x0000009e56100000,0x0000009e56200000] [id=103208]

Threads with active compile tasks:

VM state: not at safepoint (normal execution)

VM Mutex/Monitor currently owned by a thread: None

Heap address: 0x0000000600c00000, size: 8180 MB, Compressed Oops mode: Zero based, Oop shift amount: 3

CDS archive(s) mapped at: [0x0000000800000000-0x0000000800bc0000-0x0000000800bc0000), size 12320768, SharedBaseAddress: 0x0000000800000000, ArchiveRelocationMode: 0.
Compressed class space mapped at: 0x0000000800c00000-0x0000000840c00000, reserved size: 1073741824
Narrow klass base: 0x0000000800000000, Narrow klass shift: 0, Narrow klass range: 0x100000000

GC Precious Log:
 CPUs: 12 total, 12 available
 Memory: 32712M
 Large Page Support: Disabled
 NUMA Support: Disabled
 Compressed Oops: Enabled (Zero based)
 Heap Region Size: 4M
 Heap Min Capacity: 8M
 Heap Initial Capacity: 512M
 Heap Max Capacity: 8180M
 Pre-touch: Disabled
 Parallel Workers: 10
 Concurrent Workers: 3
 Concurrent Refinement Workers: 10
 Periodic GC: Disabled

Heap:
 garbage-first heap   total 524288K, used 6777K [0x0000000600c00000, 0x0000000800000000)
  region size 4096K, 3 young (12288K), 1 survivors (4096K)
 Metaspace       used 7963K, committed 8128K, reserved 1064960K
  class space    used 487K, committed 576K, reserved 1048576K

Heap Regions: E=young(eden), S=young(survivor), O=old, HS=humongous(starts), HC=humongous(continues), CS=collection set, F=free, OA=open archive, CA=closed archive, TAMS=top-at-mark-start (previous, next)
|   0|0x0000000600c00000, 0x0000000600c00000, 0x0000000601000000|  0%| F|  |TAMS 0x0000000600c00000, 0x0000000600c00000| Untracked 
|   1|0x0000000601000000, 0x0000000601000000, 0x0000000601400000|  0%| F|  |TAMS 0x0000000601000000, 0x0000000601000000| Untracked 
|   2|0x0000000601400000, 0x0000000601400000, 0x0000000601800000|  0%| F|  |TAMS 0x0000000601400000, 0x0000000601400000| Untracked 
|   3|0x0000000601800000, 0x0000000601800000, 0x0000000601c00000|  0%| F|  |TAMS 0x0000000601800000, 0x0000000601800000| Untracked 
|   4|0x0000000601c00000, 0x0000000601c00000, 0x0000000602000000|  0%| F|  |TAMS 0x0000000601c00000, 0x0000000601c00000| Untracked 
|   5|0x0000000602000000, 0x0000000602000000, 0x0000000602400000|  0%| F|  |TAMS 0x0000000602000000, 0x0000000602000000| Untracked 
|   6|0x0000000602400000, 0x0000000602400000, 0x0000000602800000|  0%| F|  |TAMS 0x0000000602400000, 0x0000000602400000| Untracked 
|   7|0x0000000602800000, 0x0000000602800000, 0x0000000602c00000|  0%| F|  |TAMS 0x0000000602800000, 0x0000000602800000| Untracked 
|   8|0x0000000602c00000, 0x0000000602c00000, 0x0000000603000000|  0%| F|  |TAMS 0x0000000602c00000, 0x0000000602c00000| Untracked 
|   9|0x0000000603000000, 0x0000000603000000, 0x0000000603400000|  0%| F|  |TAMS 0x0000000603000000, 0x0000000603000000| Untracked 
|  10|0x0000000603400000, 0x0000000603400000, 0x0000000603800000|  0%| F|  |TAMS 0x0000000603400000, 0x0000000603400000| Untracked 
|  11|0x0000000603800000, 0x0000000603800000, 0x0000000603c00000|  0%| F|  |TAMS 0x0000000603800000, 0x0000000603800000| Untracked 
|  12|0x0000000603c00000, 0x0000000603c00000, 0x0000000604000000|  0%| F|  |TAMS 0x0000000603c00000, 0x0000000603c00000| Untracked 
|  13|0x0000000604000000, 0x0000000604000000, 0x0000000604400000|  0%| F|  |TAMS 0x0000000604000000, 0x0000000604000000| Untracked 
|  14|0x0000000604400000, 0x0000000604400000, 0x0000000604800000|  0%| F|  |TAMS 0x0000000604400000, 0x0000000604400000| Untracked 
|  15|0x0000000604800000, 0x0000000604800000, 0x0000000604c00000|  0%| F|  |TAMS 0x0000000604800000, 0x0000000604800000| Untracked 
|  16|0x0000000604c00000, 0x0000000604c00000, 0x0000000605000000|  0%| F|  |TAMS 0x0000000604c00000, 0x0000000604c00000| Untracked 
|  17|0x0000000605000000, 0x0000000605000000, 0x0000000605400000|  0%| F|  |TAMS 0x0000000605000000, 0x0000000605000000| Untracked 
|  18|0x0000000605400000, 0x0000000605400000, 0x0000000605800000|  0%| F|  |TAMS 0x0000000605400000, 0x0000000605400000| Untracked 
|  19|0x0000000605800000, 0x0000000605800000, 0x0000000605c00000|  0%| F|  |TAMS 0x0000000605800000, 0x0000000605800000| Untracked 
|  20|0x0000000605c00000, 0x0000000605c00000, 0x0000000606000000|  0%| F|  |TAMS 0x0000000605c00000, 0x0000000605c00000| Untracked 
|  21|0x0000000606000000, 0x0000000606000000, 0x0000000606400000|  0%| F|  |TAMS 0x0000000606000000, 0x0000000606000000| Untracked 
|  22|0x0000000606400000, 0x0000000606400000, 0x0000000606800000|  0%| F|  |TAMS 0x0000000606400000, 0x0000000606400000| Untracked 
|  23|0x0000000606800000, 0x0000000606800000, 0x0000000606c00000|  0%| F|  |TAMS 0x0000000606800000, 0x0000000606800000| Untracked 
|  24|0x0000000606c00000, 0x0000000606c00000, 0x0000000607000000|  0%| F|  |TAMS 0x0000000606c00000, 0x0000000606c00000| Untracked 
|  25|0x0000000607000000, 0x0000000607000000, 0x0000000607400000|  0%| F|  |TAMS 0x0000000607000000, 0x0000000607000000| Untracked 
|  26|0x0000000607400000, 0x0000000607400000, 0x0000000607800000|  0%| F|  |TAMS 0x0000000607400000, 0x0000000607400000| Untracked 
|  27|0x0000000607800000, 0x0000000607800000, 0x0000000607c00000|  0%| F|  |TAMS 0x0000000607800000, 0x0000000607800000| Untracked 
|  28|0x0000000607c00000, 0x0000000607c00000, 0x0000000608000000|  0%| F|  |TAMS 0x0000000607c00000, 0x0000000607c00000| Untracked 
|  29|0x0000000608000000, 0x0000000608000000, 0x0000000608400000|  0%| F|  |TAMS 0x0000000608000000, 0x0000000608000000| Untracked 
|  30|0x0000000608400000, 0x0000000608400000, 0x0000000608800000|  0%| F|  |TAMS 0x0000000608400000, 0x0000000608400000| Untracked 
|  31|0x0000000608800000, 0x0000000608800000, 0x0000000608c00000|  0%| F|  |TAMS 0x0000000608800000, 0x0000000608800000| Untracked 
|  32|0x0000000608c00000, 0x0000000608c00000, 0x0000000609000000|  0%| F|  |TAMS 0x0000000608c00000, 0x0000000608c00000| Untracked 
|  33|0x0000000609000000, 0x0000000609000000, 0x0000000609400000|  0%| F|  |TAMS 0x0000000609000000, 0x0000000609000000| Untracked 
|  34|0x0000000609400000, 0x0000000609400000, 0x0000000609800000|  0%| F|  |TAMS 0x0000000609400000, 0x0000000609400000| Untracked 
|  35|0x0000000609800000, 0x0000000609800000, 0x0000000609c00000|  0%| F|  |TAMS 0x0000000609800000, 0x0000000609800000| Untracked 
|  36|0x0000000609c00000, 0x0000000609c00000, 0x000000060a000000|  0%| F|  |TAMS 0x0000000609c00000, 0x0000000609c00000| Untracked 
|  37|0x000000060a000000, 0x000000060a000000, 0x000000060a400000|  0%| F|  |TAMS 0x000000060a000000, 0x000000060a000000| Untracked 
|  38|0x000000060a400000, 0x000000060a400000, 0x000000060a800000|  0%| F|  |TAMS 0x000000060a400000, 0x000000060a400000| Untracked 
|  39|0x000000060a800000, 0x000000060a800000, 0x000000060ac00000|  0%| F|  |TAMS 0x000000060a800000, 0x000000060a800000| Untracked 
|  40|0x000000060ac00000, 0x000000060ac00000, 0x000000060b000000|  0%| F|  |TAMS 0x000000060ac00000, 0x000000060ac00000| Untracked 
|  41|0x000000060b000000, 0x000000060b000000, 0x000000060b400000|  0%| F|  |TAMS 0x000000060b000000, 0x000000060b000000| Untracked 
|  42|0x000000060b400000, 0x000000060b400000, 0x000000060b800000|  0%| F|  |TAMS 0x000000060b400000, 0x000000060b400000| Untracked 
|  43|0x000000060b800000, 0x000000060b800000, 0x000000060bc00000|  0%| F|  |TAMS 0x000000060b800000, 0x000000060b800000| Untracked 
|  44|0x000000060bc00000, 0x000000060bc00000, 0x000000060c000000|  0%| F|  |TAMS 0x000000060bc00000, 0x000000060bc00000| Untracked 
|  45|0x000000060c000000, 0x000000060c000000, 0x000000060c400000|  0%| F|  |TAMS 0x000000060c000000, 0x000000060c000000| Untracked 
|  46|0x000000060c400000, 0x000000060c400000, 0x000000060c800000|  0%| F|  |TAMS 0x000000060c400000, 0x000000060c400000| Untracked 
|  47|0x000000060c800000, 0x000000060c800000, 0x000000060cc00000|  0%| F|  |TAMS 0x000000060c800000, 0x000000060c800000| Untracked 
|  48|0x000000060cc00000, 0x000000060cc00000, 0x000000060d000000|  0%| F|  |TAMS 0x000000060cc00000, 0x000000060cc00000| Untracked 
|  49|0x000000060d000000, 0x000000060d000000, 0x000000060d400000|  0%| F|  |TAMS 0x000000060d000000, 0x000000060d000000| Untracked 
|  50|0x000000060d400000, 0x000000060d400000, 0x000000060d800000|  0%| F|  |TAMS 0x000000060d400000, 0x000000060d400000| Untracked 
|  51|0x000000060d800000, 0x000000060d800000, 0x000000060dc00000|  0%| F|  |TAMS 0x000000060d800000, 0x000000060d800000| Untracked 
|  52|0x000000060dc00000, 0x000000060dc00000, 0x000000060e000000|  0%| F|  |TAMS 0x000000060dc00000, 0x000000060dc00000| Untracked 
|  53|0x000000060e000000, 0x000000060e000000, 0x000000060e400000|  0%| F|  |TAMS 0x000000060e000000, 0x000000060e000000| Untracked 
|  54|0x000000060e400000, 0x000000060e400000, 0x000000060e800000|  0%| F|  |TAMS 0x000000060e400000, 0x000000060e400000| Untracked 
|  55|0x000000060e800000, 0x000000060e800000, 0x000000060ec00000|  0%| F|  |TAMS 0x000000060e800000, 0x000000060e800000| Untracked 
|  56|0x000000060ec00000, 0x000000060ec00000, 0x000000060f000000|  0%| F|  |TAMS 0x000000060ec00000, 0x000000060ec00000| Untracked 
|  57|0x000000060f000000, 0x000000060f000000, 0x000000060f400000|  0%| F|  |TAMS 0x000000060f000000, 0x000000060f000000| Untracked 
|  58|0x000000060f400000, 0x000000060f400000, 0x000000060f800000|  0%| F|  |TAMS 0x000000060f400000, 0x000000060f400000| Untracked 
|  59|0x000000060f800000, 0x000000060f800000, 0x000000060fc00000|  0%| F|  |TAMS 0x000000060f800000, 0x000000060f800000| Untracked 
|  60|0x000000060fc00000, 0x000000060fc00000, 0x0000000610000000|  0%| F|  |TAMS 0x000000060fc00000, 0x000000060fc00000| Untracked 
|  61|0x0000000610000000, 0x0000000610000000, 0x0000000610400000|  0%| F|  |TAMS 0x0000000610000000, 0x0000000610000000| Untracked 
|  62|0x0000000610400000, 0x0000000610400000, 0x0000000610800000|  0%| F|  |TAMS 0x0000000610400000, 0x0000000610400000| Untracked 
|  63|0x0000000610800000, 0x0000000610800000, 0x0000000610c00000|  0%| F|  |TAMS 0x0000000610800000, 0x0000000610800000| Untracked 
|  64|0x0000000610c00000, 0x0000000610c00000, 0x0000000611000000|  0%| F|  |TAMS 0x0000000610c00000, 0x0000000610c00000| Untracked 
|  65|0x0000000611000000, 0x0000000611000000, 0x0000000611400000|  0%| F|  |TAMS 0x0000000611000000, 0x0000000611000000| Untracked 
|  66|0x0000000611400000, 0x0000000611400000, 0x0000000611800000|  0%| F|  |TAMS 0x0000000611400000, 0x0000000611400000| Untracked 
|  67|0x0000000611800000, 0x0000000611800000, 0x0000000611c00000|  0%| F|  |TAMS 0x0000000611800000, 0x0000000611800000| Untracked 
|  68|0x0000000611c00000, 0x0000000611c00000, 0x0000000612000000|  0%| F|  |TAMS 0x0000000611c00000, 0x0000000611c00000| Untracked 
|  69|0x0000000612000000, 0x0000000612000000, 0x0000000612400000|  0%| F|  |TAMS 0x0000000612000000, 0x0000000612000000| Untracked 
|  70|0x0000000612400000, 0x0000000612400000, 0x0000000612800000|  0%| F|  |TAMS 0x0000000612400000, 0x0000000612400000| Untracked 
|  71|0x0000000612800000, 0x0000000612800000, 0x0000000612c00000|  0%| F|  |TAMS 0x0000000612800000, 0x0000000612800000| Untracked 
|  72|0x0000000612c00000, 0x0000000612c00000, 0x0000000613000000|  0%| F|  |TAMS 0x0000000612c00000, 0x0000000612c00000| Untracked 
|  73|0x0000000613000000, 0x0000000613000000, 0x0000000613400000|  0%| F|  |TAMS 0x0000000613000000, 0x0000000613000000| Untracked 
|  74|0x0000000613400000, 0x0000000613400000, 0x0000000613800000|  0%| F|  |TAMS 0x0000000613400000, 0x0000000613400000| Untracked 
|  75|0x0000000613800000, 0x0000000613800000, 0x0000000613c00000|  0%| F|  |TAMS 0x0000000613800000, 0x0000000613800000| Untracked 
|  76|0x0000000613c00000, 0x0000000613c00000, 0x0000000614000000|  0%| F|  |TAMS 0x0000000613c00000, 0x0000000613c00000| Untracked 
|  77|0x0000000614000000, 0x0000000614000000, 0x0000000614400000|  0%| F|  |TAMS 0x0000000614000000, 0x0000000614000000| Untracked 
|  78|0x0000000614400000, 0x0000000614400000, 0x0000000614800000|  0%| F|  |TAMS 0x0000000614400000, 0x0000000614400000| Untracked 
|  79|0x0000000614800000, 0x0000000614800000, 0x0000000614c00000|  0%| F|  |TAMS 0x0000000614800000, 0x0000000614800000| Untracked 
|  80|0x0000000614c00000, 0x0000000614c00000, 0x0000000615000000|  0%| F|  |TAMS 0x0000000614c00000, 0x0000000614c00000| Untracked 
|  81|0x0000000615000000, 0x0000000615000000, 0x0000000615400000|  0%| F|  |TAMS 0x0000000615000000, 0x0000000615000000| Untracked 
|  82|0x0000000615400000, 0x0000000615400000, 0x0000000615800000|  0%| F|  |TAMS 0x0000000615400000, 0x0000000615400000| Untracked 
|  83|0x0000000615800000, 0x0000000615800000, 0x0000000615c00000|  0%| F|  |TAMS 0x0000000615800000, 0x0000000615800000| Untracked 
|  84|0x0000000615c00000, 0x0000000615c00000, 0x0000000616000000|  0%| F|  |TAMS 0x0000000615c00000, 0x0000000615c00000| Untracked 
|  85|0x0000000616000000, 0x0000000616000000, 0x0000000616400000|  0%| F|  |TAMS 0x0000000616000000, 0x0000000616000000| Untracked 
|  86|0x0000000616400000, 0x0000000616400000, 0x0000000616800000|  0%| F|  |TAMS 0x0000000616400000, 0x0000000616400000| Untracked 
|  87|0x0000000616800000, 0x0000000616800000, 0x0000000616c00000|  0%| F|  |TAMS 0x0000000616800000, 0x0000000616800000| Untracked 
|  88|0x0000000616c00000, 0x0000000616c00000, 0x0000000617000000|  0%| F|  |TAMS 0x0000000616c00000, 0x0000000616c00000| Untracked 
|  89|0x0000000617000000, 0x0000000617000000, 0x0000000617400000|  0%| F|  |TAMS 0x0000000617000000, 0x0000000617000000| Untracked 
|  90|0x0000000617400000, 0x0000000617400000, 0x0000000617800000|  0%| F|  |TAMS 0x0000000617400000, 0x0000000617400000| Untracked 
|  91|0x0000000617800000, 0x0000000617800000, 0x0000000617c00000|  0%| F|  |TAMS 0x0000000617800000, 0x0000000617800000| Untracked 
|  92|0x0000000617c00000, 0x0000000617c00000, 0x0000000618000000|  0%| F|  |TAMS 0x0000000617c00000, 0x0000000617c00000| Untracked 
|  93|0x0000000618000000, 0x0000000618000000, 0x0000000618400000|  0%| F|  |TAMS 0x0000000618000000, 0x0000000618000000| Untracked 
|  94|0x0000000618400000, 0x0000000618400000, 0x0000000618800000|  0%| F|  |TAMS 0x0000000618400000, 0x0000000618400000| Untracked 
|  95|0x0000000618800000, 0x0000000618800000, 0x0000000618c00000|  0%| F|  |TAMS 0x0000000618800000, 0x0000000618800000| Untracked 
|  96|0x0000000618c00000, 0x0000000618c00000, 0x0000000619000000|  0%| F|  |TAMS 0x0000000618c00000, 0x0000000618c00000| Untracked 
|  97|0x0000000619000000, 0x0000000619000000, 0x0000000619400000|  0%| F|  |TAMS 0x0000000619000000, 0x0000000619000000| Untracked 
|  98|0x0000000619400000, 0x0000000619400000, 0x0000000619800000|  0%| F|  |TAMS 0x0000000619400000, 0x0000000619400000| Untracked 
|  99|0x0000000619800000, 0x0000000619800000, 0x0000000619c00000|  0%| F|  |TAMS 0x0000000619800000, 0x0000000619800000| Untracked 
| 100|0x0000000619c00000, 0x0000000619c00000, 0x000000061a000000|  0%| F|  |TAMS 0x0000000619c00000, 0x0000000619c00000| Untracked 
| 101|0x000000061a000000, 0x000000061a000000, 0x000000061a400000|  0%| F|  |TAMS 0x000000061a000000, 0x000000061a000000| Untracked 
| 102|0x000000061a400000, 0x000000061a400000, 0x000000061a800000|  0%| F|  |TAMS 0x000000061a400000, 0x000000061a400000| Untracked 
| 103|0x000000061a800000, 0x000000061a800000, 0x000000061ac00000|  0%| F|  |TAMS 0x000000061a800000, 0x000000061a800000| Untracked 
| 104|0x000000061ac00000, 0x000000061ac00000, 0x000000061b000000|  0%| F|  |TAMS 0x000000061ac00000, 0x000000061ac00000| Untracked 
| 105|0x000000061b000000, 0x000000061b000000, 0x000000061b400000|  0%| F|  |TAMS 0x000000061b000000, 0x000000061b000000| Untracked 
| 106|0x000000061b400000, 0x000000061b400000, 0x000000061b800000|  0%| F|  |TAMS 0x000000061b400000, 0x000000061b400000| Untracked 
| 107|0x000000061b800000, 0x000000061b800000, 0x000000061bc00000|  0%| F|  |TAMS 0x000000061b800000, 0x000000061b800000| Untracked 
| 108|0x000000061bc00000, 0x000000061bc00000, 0x000000061c000000|  0%| F|  |TAMS 0x000000061bc00000, 0x000000061bc00000| Untracked 
| 109|0x000000061c000000, 0x000000061c000000, 0x000000061c400000|  0%| F|  |TAMS 0x000000061c000000, 0x000000061c000000| Untracked 
| 110|0x000000061c400000, 0x000000061c400000, 0x000000061c800000|  0%| F|  |TAMS 0x000000061c400000, 0x000000061c400000| Untracked 
| 111|0x000000061c800000, 0x000000061c800000, 0x000000061cc00000|  0%| F|  |TAMS 0x000000061c800000, 0x000000061c800000| Untracked 
| 112|0x000000061cc00000, 0x000000061cc00000, 0x000000061d000000|  0%| F|  |TAMS 0x000000061cc00000, 0x000000061cc00000| Untracked 
| 113|0x000000061d000000, 0x000000061d000000, 0x000000061d400000|  0%| F|  |TAMS 0x000000061d000000, 0x000000061d000000| Untracked 
| 114|0x000000061d400000, 0x000000061d400000, 0x000000061d800000|  0%| F|  |TAMS 0x000000061d400000, 0x000000061d400000| Untracked 
| 115|0x000000061d800000, 0x000000061d800000, 0x000000061dc00000|  0%| F|  |TAMS 0x000000061d800000, 0x000000061d800000| Untracked 
| 116|0x000000061dc00000, 0x000000061dc00000, 0x000000061e000000|  0%| F|  |TAMS 0x000000061dc00000, 0x000000061dc00000| Untracked 
| 117|0x000000061e000000, 0x000000061e000000, 0x000000061e400000|  0%| F|  |TAMS 0x000000061e000000, 0x000000061e000000| Untracked 
| 118|0x000000061e400000, 0x000000061e400000, 0x000000061e800000|  0%| F|  |TAMS 0x000000061e400000, 0x000000061e400000| Untracked 
| 119|0x000000061e800000, 0x000000061e800000, 0x000000061ec00000|  0%| F|  |TAMS 0x000000061e800000, 0x000000061e800000| Untracked 
| 120|0x000000061ec00000, 0x000000061ec00000, 0x000000061f000000|  0%| F|  |TAMS 0x000000061ec00000, 0x000000061ec00000| Untracked 
| 121|0x000000061f000000, 0x000000061f29e6b8, 0x000000061f400000| 65%| S|CS|TAMS 0x000000061f000000, 0x000000061f000000| Complete 
| 122|0x000000061f400000, 0x000000061f400000, 0x000000061f800000|  0%| F|  |TAMS 0x000000061f400000, 0x000000061f400000| Untracked 
| 123|0x000000061f800000, 0x000000061f800000, 0x000000061fc00000|  0%| F|  |TAMS 0x000000061f800000, 0x000000061f800000| Untracked 
| 124|0x000000061fc00000, 0x000000061fc00000, 0x0000000620000000|  0%| F|  |TAMS 0x000000061fc00000, 0x000000061fc00000| Untracked 
| 125|0x0000000620000000, 0x0000000620000000, 0x0000000620400000|  0%| F|  |TAMS 0x0000000620000000, 0x0000000620000000| Untracked 
| 126|0x0000000620400000, 0x0000000620800000, 0x0000000620800000|100%| E|  |TAMS 0x0000000620400000, 0x0000000620400000| Complete 
| 127|0x0000000620800000, 0x0000000620c00000, 0x0000000620c00000|100%| E|CS|TAMS 0x0000000620800000, 0x0000000620800000| Complete 

Card table byte_map: [0x000001c350a40000,0x000001c351a40000] _byte_map_base: 0x000001c34da3a000

Marking Bits (Prev, Next): (CMBitMap*) 0x000001c338d51470, (CMBitMap*) 0x000001c338d514b0
 Prev Bits: [0x000001c352a40000, 0x000001c35aa10000)
 Next Bits: [0x000001c35aa10000, 0x000001c3629e0000)

Polling page: 0x000001c336c10000

Metaspace:

Usage:
  Non-class:      7.30 MB used.
      Class:    487.89 KB used.
       Both:      7.78 MB used.

Virtual space:
  Non-class space:       16.00 MB reserved,       7.38 MB ( 46%) committed,  2 nodes.
      Class space:        1.00 GB reserved,     576.00 KB ( <1%) committed,  1 nodes.
             Both:        1.02 GB reserved,       7.94 MB ( <1%) committed. 

Chunk freelists:
   Non-Class:  3.12 MB
       Class:  3.47 MB
        Both:  6.59 MB

MaxMetaspaceSize: unlimited
CompressedClassSpaceSize: 1.00 GB
Initial GC threshold: 21.00 MB
Current GC threshold: 21.00 MB
CDS: on
MetaspaceReclaimPolicy: balanced
 - commit_granule_bytes: 65536.
 - commit_granule_words: 8192.
 - virtual_space_node_default_size: 1048576.
 - enlarge_chunks_in_place: 1.
 - new_chunks_are_fully_committed: 0.
 - uncommit_free_chunks: 1.
 - use_allocation_guard: 0.
 - handle_deallocations: 1.


Internal statistics:

num_allocs_failed_limit: 0.
num_arena_births: 74.
num_arena_deaths: 0.
num_vsnodes_births: 3.
num_vsnodes_deaths: 0.
num_space_committed: 125.
num_space_uncommitted: 0.
num_chunks_returned_to_freelist: 0.
num_chunks_taken_from_freelist: 278.
num_chunk_merges: 0.
num_chunk_splits: 206.
num_chunks_enlarged: 166.
num_purges: 0.
num_inconsistent_stats: 0.

CodeHeap 'non-profiled nmethods': size=120000Kb used=365Kb max_used=365Kb free=119634Kb
 bounds [0x000001c347fb0000, 0x000001c348220000, 0x000001c34f4e0000]
CodeHeap 'profiled nmethods': size=120000Kb used=2090Kb max_used=2090Kb free=117910Kb
 bounds [0x000001c340a80000, 0x000001c340cf0000, 0x000001c347fb0000]
CodeHeap 'non-nmethods': size=5760Kb used=1767Kb max_used=1781Kb free=3992Kb
 bounds [0x000001c3404e0000, 0x000001c340750000, 0x000001c340a80000]
 total_blobs=2320 nmethods=1161 adapters=1072
 compilation: enabled
              stopped_count=0, restarted_count=0
 full_count=0

Compilation events (20 events):
Event: 6.570 Thread 0x000001c365679a50 1149       4       java.util.ArrayList::get (15 bytes)
Event: 6.570 Thread 0x000001c365679a50 nmethod 1149 0x000001c34800a510 code [0x000001c34800a6a0, 0x000001c34800a7f8]
Event: 7.072 Thread 0x000001c366008140 1151       3       _0_1.enginePackage.Sketch::display (152 bytes)
Event: 7.074 Thread 0x000001c366008140 nmethod 1151 0x000001c340c84990 code [0x000001c340c84dc0, 0x000001c340c86408]
Event: 7.074 Thread 0x000001c366008140 1160       3       _0_1.enginePackage.Thing::render (108 bytes)
Event: 7.074 Thread 0x000001c366008140 nmethod 1160 0x000001c340c86c10 code [0x000001c340c86e60, 0x000001c340c876f8]
Event: 7.074 Thread 0x000001c366008140 1152       3       _0_1.wrightglPackage.WrightGL::updateMatrices (41 bytes)
Event: 7.074 Thread 0x000001c366008140 nmethod 1152 0x000001c340c87a10 code [0x000001c340c87c00, 0x000001c340c87ed8]
Event: 7.074 Thread 0x000001c366008140 1153       3       _0_1.mathPackage.Mat4::getPerspectiveMatrix (138 bytes)
Event: 7.074 Thread 0x000001c366008140 nmethod 1153 0x000001c340c88090 code [0x000001c340c88280, 0x000001c340c887d8]
Event: 7.074 Thread 0x000001c366008140 1154       3       org.lwjgl.opengl.GL11::glBlendFunc (6 bytes)
Event: 7.074 Thread 0x000001c366008140 nmethod 1154 0x000001c340c88990 code [0x000001c340c88b20, 0x000001c340c88c48]
Event: 7.074 Thread 0x000001c366008140 1156       3       org.lwjgl.opengl.GL11::glDepthFunc (5 bytes)
Event: 7.074 Thread 0x000001c366008140 nmethod 1156 0x000001c340c88d10 code [0x000001c340c88ea0, 0x000001c340c88fc8]
Event: 7.074 Thread 0x000001c366008140 1158       3       _0_1.wrightglPackage.WrightGL$FB::clear (32 bytes)
Event: 7.074 Thread 0x000001c366008140 nmethod 1158 0x000001c340c89090 code [0x000001c340c892c0, 0x000001c340c89bc8]
Event: 7.074 Thread 0x000001c366008140 1159       3       _0_1.enginePackage.Thing::render (7 bytes)
Event: 7.074 Thread 0x000001c366008140 nmethod 1159 0x000001c340c89e90 code [0x000001c340c8a040, 0x000001c340c8a1a8]
Event: 7.074 Thread 0x000001c366008140 1161       3       _0_1.wrightglPackage.WrightGL$Program::use (37 bytes)
Event: 7.075 Thread 0x000001c366008140 nmethod 1161 0x000001c340c8a290 code [0x000001c340c8a460, 0x000001c340c8a6b8]

GC Heap History (2 events):
Event: 0.948 GC heap before
{Heap before GC invocations=0 (full 0):
 garbage-first heap   total 524288K, used 24576K [0x0000000600c00000, 0x0000000800000000)
  region size 4096K, 6 young (24576K), 0 survivors (0K)
 Metaspace       used 6309K, committed 6528K, reserved 1056768K
  class space    used 408K, committed 512K, reserved 1048576K
}
Event: 0.950 GC heap after
{Heap after GC invocations=1 (full 0):
 garbage-first heap   total 524288K, used 2681K [0x0000000600c00000, 0x0000000800000000)
  region size 4096K, 1 young (4096K), 1 survivors (4096K)
 Metaspace       used 6309K, committed 6528K, reserved 1056768K
  class space    used 408K, committed 512K, reserved 1048576K
}

Deoptimization events (20 events):
Event: 0.206 Thread 0x000001c3664accb0 DEOPT PACKING pc=0x000001c347fc6340 sp=0x0000009e572fed90
Event: 0.206 Thread 0x000001c3664accb0 DEOPT UNPACKING pc=0x000001c3405323a3 sp=0x0000009e572fed28 mode 2
Event: 0.215 Thread 0x000001c338cdaf20 Uncommon trap: trap_request=0xffffff45 fr.pc=0x000001c347fc4968 relative=0x0000000000000068
Event: 0.216 Thread 0x000001c338cdaf20 Uncommon trap: reason=unstable_if action=reinterpret pc=0x000001c347fc4968 method=java.io.WinNTFileSystem.isSlash(C)Z @ 9 c2
Event: 0.216 Thread 0x000001c338cdaf20 DEOPT PACKING pc=0x000001c347fc4968 sp=0x0000009e55cfe250
Event: 0.216 Thread 0x000001c338cdaf20 DEOPT UNPACKING pc=0x000001c3405323a3 sp=0x0000009e55cfe1e8 mode 2
Event: 0.225 Thread 0x000001c338cdaf20 Uncommon trap: trap_request=0xffffff45 fr.pc=0x000001c347fbcb14 relative=0x0000000000000ab4
Event: 0.225 Thread 0x000001c338cdaf20 Uncommon trap: reason=unstable_if action=reinterpret pc=0x000001c347fbcb14 method=java.util.HashMap.putVal(ILjava/lang/Object;Ljava/lang/Object;ZZ)Ljava/lang/Object; @ 181 c2
Event: 0.225 Thread 0x000001c338cdaf20 DEOPT PACKING pc=0x000001c347fbcb14 sp=0x0000009e55cfd740
Event: 0.225 Thread 0x000001c338cdaf20 DEOPT UNPACKING pc=0x000001c3405323a3 sp=0x0000009e55cfd700 mode 2
Event: 0.361 Thread 0x000001c338cdaf20 DEOPT PACKING pc=0x000001c340ad6c57 sp=0x0000009e55cfd3a0
Event: 0.361 Thread 0x000001c338cdaf20 DEOPT UNPACKING pc=0x000001c340532b43 sp=0x0000009e55cfc800 mode 0
Event: 0.363 Thread 0x000001c338cdaf20 DEOPT PACKING pc=0x000001c340ba6084 sp=0x0000009e55cfd050
Event: 0.363 Thread 0x000001c338cdaf20 DEOPT UNPACKING pc=0x000001c340532b43 sp=0x0000009e55cfc4e8 mode 1
Event: 0.363 Thread 0x000001c338cdaf20 DEOPT PACKING pc=0x000001c340ba555c sp=0x0000009e55cfd120
Event: 0.363 Thread 0x000001c338cdaf20 DEOPT UNPACKING pc=0x000001c340532b43 sp=0x0000009e55cfc5d8 mode 1
Event: 0.956 Thread 0x000001c338cdaf20 Uncommon trap: trap_request=0xffffff54 fr.pc=0x000001c347ff066c relative=0x000000000000006c
Event: 0.956 Thread 0x000001c338cdaf20 Uncommon trap: reason=speculate_null_assert action=make_not_entrant pc=0x000001c347ff066c method=sun.misc.Unsafe.putLong(Ljava/lang/Object;JJ)V @ 7 c2
Event: 0.956 Thread 0x000001c338cdaf20 DEOPT PACKING pc=0x000001c347ff066c sp=0x0000009e55cff180
Event: 0.956 Thread 0x000001c338cdaf20 DEOPT UNPACKING pc=0x000001c3405323a3 sp=0x0000009e55cff118 mode 2

Classes unloaded (0 events):
No events

Classes redefined (0 events):
No events

Internal exceptions (20 events):
Event: 0.318 Thread 0x000001c338cdaf20 Exception <a 'java/lang/NoSuchMethodError'{0x000000061fcd8a70}: 'java.lang.Object java.lang.invoke.DirectMethodHandle$Holder.invokeStaticInit(java.lang.Object)'> (0x000000061fcd8a70) 
thrown [t:\workspace\open\src\hotspot\share\interpreter\linkResolver.cpp, line 766]
Event: 0.325 Thread 0x000001c338cdaf20 Exception <a 'java/lang/NoSuchMethodError'{0x000000061fd65cd0}: 'void java.lang.invoke.DirectMethodHandle$Holder.invokeStatic(java.lang.Object, java.lang.Object)'> (0x000000061fd65cd0) 
thrown [t:\workspace\open\src\hotspot\share\interpreter\linkResolver.cpp, line 766]
Event: 0.326 Thread 0x000001c338cdaf20 Exception <a 'java/lang/NoSuchMethodError'{0x000000061fd6f338}: 'void java.lang.invoke.DirectMethodHandle$Holder.invokeSpecial(java.lang.Object, java.lang.Object, java.lang.Object)'> (0x000000061fd6f338) 
thrown [t:\workspace\open\src\hotspot\share\interpreter\linkResolver.cpp, line 766]
Event: 0.328 Thread 0x000001c338cdaf20 Exception <a 'java/lang/NoSuchMethodError'{0x000000061fd8d680}: 'java.lang.Object java.lang.invoke.DirectMethodHandle$Holder.invokeStatic(java.lang.Object, java.lang.Object, int)'> (0x000000061fd8d680) 
thrown [t:\workspace\open\src\hotspot\share\interpreter\linkResolver.cpp, line 766]
Event: 0.329 Thread 0x000001c338cdaf20 Exception <a 'java/lang/NoSuchMethodError'{0x000000061fd99370}: 'void java.lang.invoke.DelegatingMethodHandle$Holder.delegate(java.lang.Object, java.lang.Object, int, java.lang.Object)'> (0x000000061fd99370) 
thrown [t:\workspace\open\src\hotspot\share\interpreter\linkResolver.cpp, line 766]
Event: 0.329 Thread 0x000001c338cdaf20 Exception <a 'java/lang/NoSuchMethodError'{0x000000061fd9d358}: 'int java.lang.invoke.DirectMethodHandle$Holder.invokeSpecial(java.lang.Object, java.lang.Object, java.lang.Object)'> (0x000000061fd9d358) 
thrown [t:\workspace\open\src\hotspot\share\interpreter\linkResolver.cpp, line 766]
Event: 0.352 Thread 0x000001c338cdaf20 Exception <a 'sun/nio/fs/WindowsException'{0x000000061fe69850}> (0x000000061fe69850) 
thrown [t:\workspace\open\src\hotspot\share\prims\jni.cpp, line 516]
Event: 0.353 Thread 0x000001c338cdaf20 Exception <a 'sun/nio/fs/WindowsException'{0x000000061fe69ba0}> (0x000000061fe69ba0) 
thrown [t:\workspace\open\src\hotspot\share\prims\jni.cpp, line 516]
Event: 0.369 Thread 0x000001c338cdaf20 Exception <a 'sun/nio/fs/WindowsException'{0x000000061ff6d618}> (0x000000061ff6d618) 
thrown [t:\workspace\open\src\hotspot\share\prims\jni.cpp, line 516]
Event: 0.369 Thread 0x000001c338cdaf20 Exception <a 'sun/nio/fs/WindowsException'{0x000000061ff6d978}> (0x000000061ff6d978) 
thrown [t:\workspace\open\src\hotspot\share\prims\jni.cpp, line 516]
Event: 0.863 Thread 0x000001c338cdaf20 Exception <a 'sun/nio/fs/WindowsException'{0x000000061f8427f0}> (0x000000061f8427f0) 
thrown [t:\workspace\open\src\hotspot\share\prims\jni.cpp, line 516]
Event: 0.863 Thread 0x000001c338cdaf20 Exception <a 'sun/nio/fs/WindowsException'{0x000000061f842b90}> (0x000000061f842b90) 
thrown [t:\workspace\open\src\hotspot\share\prims\jni.cpp, line 516]
Event: 0.867 Thread 0x000001c338cdaf20 Exception <a 'sun/nio/fs/WindowsException'{0x000000061f84bc70}> (0x000000061f84bc70) 
thrown [t:\workspace\open\src\hotspot\share\prims\jni.cpp, line 516]
Event: 0.867 Thread 0x000001c338cdaf20 Exception <a 'sun/nio/fs/WindowsException'{0x000000061f84bf40}> (0x000000061f84bf40) 
thrown [t:\workspace\open\src\hotspot\share\prims\jni.cpp, line 516]
Event: 1.007 Thread 0x000001c338cdaf20 Exception <a 'sun/nio/fs/WindowsException'{0x0000000620a2d5d0}> (0x0000000620a2d5d0) 
thrown [t:\workspace\open\src\hotspot\share\prims\jni.cpp, line 516]
Event: 1.106 Thread 0x000001c338cdaf20 Exception <a 'java/lang/NoSuchMethodError'{0x0000000620ac16e8}: 'void java.lang.invoke.DirectMethodHandle$Holder.invokeVirtual(java.lang.Object, java.lang.Object, long, int, int, int)'> (0x0000000620ac16e8) 
thrown [t:\workspace\open\src\hotspot\share\interpreter\linkResolver.cpp, line 766]
Event: 1.107 Thread 0x000001c338cdaf20 Exception <a 'java/lang/NoSuchMethodError'{0x0000000620ac7430}: 'void java.lang.invoke.DirectMethodHandle$Holder.invokeVirtual(java.lang.Object, java.lang.Object, long, double, double)'> (0x0000000620ac7430) 
thrown [t:\workspace\open\src\hotspot\share\interpreter\linkResolver.cpp, line 766]
Event: 1.128 Thread 0x000001c338cdaf20 Exception <a 'sun/nio/fs/WindowsException'{0x00000006204340d0}> (0x00000006204340d0) 
thrown [t:\workspace\open\src\hotspot\share\prims\jni.cpp, line 516]
Event: 1.128 Thread 0x000001c338cdaf20 Exception <a 'sun/nio/fs/WindowsException'{0x0000000620434470}> (0x0000000620434470) 
thrown [t:\workspace\open\src\hotspot\share\prims\jni.cpp, line 516]
Event: 1.200 Thread 0x000001c338cdaf20 Exception <a 'java/lang/NoSuchMethodError'{0x00000006205efc88}: 'void java.lang.invoke.DirectMethodHandle$Holder.invokeStatic(java.lang.Object, java.lang.Object, java.lang.Object)'> (0x00000006205efc88) 
thrown [t:\workspace\open\src\hotspot\share\interpreter\linkResolver.cpp, line 766]

VM Operations (20 events):
Event: 51.075 Executing VM operation: ChangeBreakpoints
Event: 51.075 Executing VM operation: ChangeBreakpoints done
Event: 51.076 Executing VM operation: ChangeBreakpoints
Event: 51.076 Executing VM operation: ChangeBreakpoints done
Event: 51.076 Executing VM operation: ChangeBreakpoints
Event: 51.076 Executing VM operation: ChangeBreakpoints done
Event: 51.076 Executing VM operation: ChangeBreakpoints
Event: 51.076 Executing VM operation: ChangeBreakpoints done
Event: 51.076 Executing VM operation: ChangeBreakpoints
Event: 51.076 Executing VM operation: ChangeBreakpoints done
Event: 51.076 Executing VM operation: ChangeBreakpoints
Event: 51.076 Executing VM operation: ChangeBreakpoints done
Event: 51.076 Executing VM operation: ChangeBreakpoints
Event: 51.076 Executing VM operation: ChangeBreakpoints done
Event: 51.076 Executing VM operation: ChangeBreakpoints
Event: 51.076 Executing VM operation: ChangeBreakpoints done
Event: 51.076 Executing VM operation: ChangeBreakpoints
Event: 51.076 Executing VM operation: ChangeBreakpoints done
Event: 51.076 Executing VM operation: ChangeBreakpoints
Event: 51.076 Executing VM operation: ChangeBreakpoints done

Events (20 events):
Event: 1.204 loading class _0_1.wrightglPackage/WrightGL$UniformType
Event: 1.204 loading class _0_1.wrightglPackage/WrightGL$UniformType done
Event: 1.205 loading class _0_1.mathPackage/Vec3
Event: 1.205 loading class _0_1.mathPackage/Vec3 done
Event: 1.206 loading class _0_1.mathPackage/Mat4$Axis
Event: 1.206 loading class _0_1.mathPackage/Mat4$Axis done
Event: 7.283 loading class java/util/concurrent/LinkedBlockingDeque$Node
Event: 7.283 loading class java/util/concurrent/LinkedBlockingDeque$Node done
Event: 7.283 loading class java/util/concurrent/locks/AbstractQueuedSynchronizer$ExclusiveNode
Event: 7.283 loading class java/util/concurrent/locks/AbstractQueuedSynchronizer$ExclusiveNode done
Event: 7.508 loading class com/intellij/rt/debugger/BatchEvaluatorServer
Event: 7.508 loading class com/intellij/rt/debugger/BatchEvaluatorServer done
Event: 7.515 loading class java/io/DataOutputStream
Event: 7.516 loading class java/io/DataOutputStream done
Event: 13.445 loading class org/lwjgl/system/MultiReleaseTextDecoding
Event: 13.445 loading class org/lwjgl/system/MultiReleaseTextDecoding done
Event: 51.075 Thread 0x000001c3662061b0 Thread exited: 0x000001c3662061b0
Event: 51.076 loading class imgui/type/ImBoolean
Event: 51.076 loading class imgui/type/ImBoolean done
Event: 51.076 Thread 0x000001c3661be2e0 Thread exited: 0x000001c3661be2e0


Dynamic libraries:
0x00007ff7eadf0000 - 0x00007ff7eae00000 	C:\Program Files\Java\jdk-17\bin\java.exe
0x00007ffe99e70000 - 0x00007ffe9a065000 	C:\WINDOWS\SYSTEM32\ntdll.dll
0x00007ffe98b20000 - 0x00007ffe98bde000 	C:\WINDOWS\System32\KERNEL32.DLL
0x00007ffe97870000 - 0x00007ffe97b39000 	C:\WINDOWS\System32\KERNELBASE.dll
0x00007ffe97590000 - 0x00007ffe97690000 	C:\WINDOWS\System32\ucrtbase.dll
0x00007ffe733f0000 - 0x00007ffe73408000 	C:\Program Files\Java\jdk-17\bin\jli.dll
0x00007ffe73410000 - 0x00007ffe7342a000 	C:\Program Files\Java\jdk-17\bin\VCRUNTIME140.dll
0x00007ffe99400000 - 0x00007ffe994ac000 	C:\WINDOWS\System32\ADVAPI32.dll
0x00007ffe98520000 - 0x00007ffe985be000 	C:\WINDOWS\System32\msvcrt.dll
0x00007ffe98480000 - 0x00007ffe9851b000 	C:\WINDOWS\System32\sechost.dll
0x00007ffe97ed0000 - 0x00007ffe97ffa000 	C:\WINDOWS\System32\RPCRT4.dll
0x00007ffe98000000 - 0x00007ffe981a1000 	C:\WINDOWS\System32\USER32.dll
0x00007ffe97c50000 - 0x00007ffe97c72000 	C:\WINDOWS\System32\win32u.dll
0x00007ffe86590000 - 0x00007ffe8682a000 	C:\WINDOWS\WinSxS\amd64_microsoft.windows.common-controls_6595b64144ccf1df_6.0.19041.1110_none_60b5254171f9507e\COMCTL32.dll
0x00007ffe993d0000 - 0x00007ffe993fb000 	C:\WINDOWS\System32\GDI32.dll
0x00007ffe97b40000 - 0x00007ffe97c4b000 	C:\WINDOWS\System32\gdi32full.dll
0x00007ffe97740000 - 0x00007ffe977dd000 	C:\WINDOWS\System32\msvcp_win.dll
0x00007ffe92a50000 - 0x00007ffe92a5a000 	C:\WINDOWS\SYSTEM32\VERSION.dll
0x00007ffe98bf0000 - 0x00007ffe98c20000 	C:\WINDOWS\System32\IMM32.DLL
0x00007ffe79f10000 - 0x00007ffe79f1c000 	C:\Program Files\Java\jdk-17\bin\vcruntime140_1.dll
0x00007ffe5f7e0000 - 0x00007ffe5f86d000 	C:\Program Files\Java\jdk-17\bin\msvcp140.dll
0x00007ffde1970000 - 0x00007ffde252e000 	C:\Program Files\Java\jdk-17\bin\server\jvm.dll
0x00007ffe97ec0000 - 0x00007ffe97ec8000 	C:\WINDOWS\System32\PSAPI.DLL
0x00007ffe8a2c0000 - 0x00007ffe8a2e7000 	C:\WINDOWS\SYSTEM32\WINMM.dll
0x00007ffe92d60000 - 0x00007ffe92d69000 	C:\WINDOWS\SYSTEM32\WSOCK32.dll
0x00007ffe98c20000 - 0x00007ffe98c8b000 	C:\WINDOWS\System32\WS2_32.dll
0x00007ffe954b0000 - 0x00007ffe954c2000 	C:\WINDOWS\SYSTEM32\kernel.appcore.dll
0x00007ffe78ea0000 - 0x00007ffe78eaa000 	C:\Program Files\Java\jdk-17\bin\jimage.dll
0x00007ffe8fb80000 - 0x00007ffe8fd64000 	C:\WINDOWS\SYSTEM32\DBGHELP.DLL
0x00007ffe88070000 - 0x00007ffe8809c000 	C:\WINDOWS\SYSTEM32\dbgcore.DLL
0x00007ffe977e0000 - 0x00007ffe97863000 	C:\WINDOWS\System32\bcryptPrimitives.dll
0x00007ffe67d80000 - 0x00007ffe67dbb000 	C:\Program Files\Java\jdk-17\bin\jdwp.dll
0x00007ffe70cf0000 - 0x00007ffe70cfe000 	C:\Program Files\Java\jdk-17\bin\instrument.dll
0x00007ffe70d00000 - 0x00007ffe70d25000 	C:\Program Files\Java\jdk-17\bin\java.dll
0x00007ffe5f660000 - 0x00007ffe5f736000 	C:\Program Files\Java\jdk-17\bin\svml.dll
0x00007ffe98c90000 - 0x00007ffe993cf000 	C:\WINDOWS\System32\SHELL32.dll
0x00007ffe956b0000 - 0x00007ffe95e40000 	C:\WINDOWS\SYSTEM32\windows.storage.dll
0x00007ffe994b0000 - 0x00007ffe99805000 	C:\WINDOWS\System32\combase.dll
0x00007ffe96fe0000 - 0x00007ffe9700c000 	C:\WINDOWS\SYSTEM32\Wldp.dll
0x00007ffe981b0000 - 0x00007ffe9825d000 	C:\WINDOWS\System32\SHCORE.dll
0x00007ffe98420000 - 0x00007ffe98475000 	C:\WINDOWS\System32\shlwapi.dll
0x00007ffe974d0000 - 0x00007ffe974ef000 	C:\WINDOWS\SYSTEM32\profapi.dll
0x00007ffe70cd0000 - 0x00007ffe70cdc000 	C:\Program Files\Java\jdk-17\bin\dt_socket.dll
0x00007ffe969e0000 - 0x00007ffe96a1b000 	C:\WINDOWS\SYSTEM32\IPHLPAPI.DLL
0x00007ffe96d40000 - 0x00007ffe96daa000 	C:\WINDOWS\system32\mswsock.dll
0x00007ffe72a90000 - 0x00007ffe72aa8000 	C:\Program Files\Java\jdk-17\bin\zip.dll
0x00007ffe733d0000 - 0x00007ffe733e9000 	C:\Program Files\Java\jdk-17\bin\net.dll
0x00007ffe90df0000 - 0x00007ffe90ef8000 	C:\WINDOWS\SYSTEM32\WINHTTP.dll
0x00007ffe73370000 - 0x00007ffe73385000 	C:\Program Files\Java\jdk-17\bin\nio.dll
0x00007ffe78c90000 - 0x00007ffe78ca0000 	C:\Program Files\Java\jdk-17\bin\verify.dll
0x00007ffe96f30000 - 0x00007ffe96f48000 	C:\WINDOWS\SYSTEM32\CRYPTSP.dll
0x00007ffe96650000 - 0x00007ffe96684000 	C:\WINDOWS\system32\rsaenh.dll
0x00007ffe97c80000 - 0x00007ffe97ca7000 	C:\WINDOWS\System32\bcrypt.dll
0x00007ffe97450000 - 0x00007ffe9747e000 	C:\WINDOWS\SYSTEM32\USERENV.dll
0x00007ffe96f50000 - 0x00007ffe96f5c000 	C:\WINDOWS\SYSTEM32\CRYPTBASE.dll
0x00007ffe982c0000 - 0x00007ffe982c8000 	C:\WINDOWS\System32\NSI.dll
0x00007ffe92a90000 - 0x00007ffe92aa7000 	C:\WINDOWS\SYSTEM32\dhcpcsvc6.DLL
0x00007ffe92a70000 - 0x00007ffe92a8d000 	C:\WINDOWS\SYSTEM32\dhcpcsvc.DLL
0x00007ffe96a30000 - 0x00007ffe96afc000 	C:\WINDOWS\SYSTEM32\DNSAPI.dll
0x0000000180000000 - 0x0000000180031000 	C:\Users\user\AppData\Local\Temp\jna15671722769989918433.tmp
0x00007ffd9c3d0000 - 0x00007ffda076e000 	D:\Programming\School\JavaGL2\src\renderdoc.dll
0x00007ffe986a0000 - 0x00007ffe98b12000 	C:\WINDOWS\System32\SETUPAPI.dll
0x00007ffe976f0000 - 0x00007ffe9773e000 	C:\WINDOWS\System32\cfgmgr32.dll
0x00007ffe985c0000 - 0x00007ffe9869a000 	C:\WINDOWS\System32\COMDLG32.dll
0x00007ffe99870000 - 0x00007ffe9999a000 	C:\WINDOWS\System32\ole32.dll
0x00007ffe98350000 - 0x00007ffe9841d000 	C:\WINDOWS\System32\OLEAUT32.dll
0x00007ffe93d20000 - 0x00007ffe9417d000 	C:\WINDOWS\SYSTEM32\d3dcompiler_47.dll
0x00007ffe7b520000 - 0x00007ffe7b645000 	C:\WINDOWS\SYSTEM32\opengl32.dll
0x00007ffe7b4f0000 - 0x00007ffe7b51c000 	C:\WINDOWS\SYSTEM32\GLU32.dll
0x00007ffe66ad0000 - 0x00007ffe66b34000 	C:\Users\user\AppData\Local\Temp\lwjgluser\3.2.3-SNAPSHOT\lwjgl.dll
0x00007ffe5f5b0000 - 0x00007ffe5f612000 	C:\Users\user\AppData\Local\Temp\lwjgluser\3.2.3-SNAPSHOT\glfw.dll
0x00007ffe94f30000 - 0x00007ffe94fce000 	C:\WINDOWS\system32\uxtheme.dll
0x00007ffe66a50000 - 0x00007ffe66a95000 	C:\WINDOWS\SYSTEM32\dinput8.dll
0x00007ffe83fd0000 - 0x00007ffe84122000 	C:\WINDOWS\SYSTEM32\inputhost.dll
0x00007ffe94bb0000 - 0x00007ffe94ca2000 	C:\WINDOWS\SYSTEM32\CoreMessaging.dll
0x00007ffe94180000 - 0x00007ffe942d4000 	C:\WINDOWS\SYSTEM32\wintypes.dll
0x00007ffe92580000 - 0x00007ffe92676000 	C:\WINDOWS\SYSTEM32\PROPSYS.dll
0x00007ffe94850000 - 0x00007ffe94bae000 	C:\WINDOWS\SYSTEM32\CoreUIComponents.dll
0x00007ffe96280000 - 0x00007ffe962b3000 	C:\WINDOWS\SYSTEM32\ntmarta.dll
0x00007ffe67d60000 - 0x00007ffe67d71000 	C:\WINDOWS\SYSTEM32\xinput1_4.dll
0x00007ffe97330000 - 0x00007ffe97364000 	C:\WINDOWS\SYSTEM32\DEVOBJ.dll
0x00007ffe952d0000 - 0x00007ffe952ff000 	C:\WINDOWS\SYSTEM32\dwmapi.dll
0x00007ffe57600000 - 0x00007ffe577e1000 	C:\Program Files (x86)\Stardock\Fences\FencesMenu64.dll
0x00007ffe92eb0000 - 0x00007ffe92ec4000 	C:\WINDOWS\SYSTEM32\WTSAPI32.dll
0x00007ffe7fac0000 - 0x00007ffe7fc69000 	C:\WINDOWS\WinSxS\amd64_microsoft.windows.gdiplus_6595b64144ccf1df_1.1.19041.1288_none_91a663c8cc864906\gdiplus.dll
0x00007ffe999a0000 - 0x00007ffe99ab5000 	C:\WINDOWS\System32\MSCTF.dll
0x00007ffe95e40000 - 0x00007ffe95e4d000 	C:\WINDOWS\SYSTEM32\HID.DLL
0x00007ffe97690000 - 0x00007ffe976f0000 	C:\WINDOWS\System32\WINTRUST.dll
0x00007ffe97cb0000 - 0x00007ffe97e06000 	C:\WINDOWS\System32\CRYPT32.dll
0x00007ffe97170000 - 0x00007ffe97182000 	C:\WINDOWS\System32\MSASN1.dll
0x00007ffe99c90000 - 0x00007ffe99d39000 	C:\WINDOWS\System32\clbcatq.dll
0x00007ffe24dc0000 - 0x00007ffe24dec000 	C:\WINDOWS\System32\DriverStore\FileRepository\u0371621.inf_amd64_f6054ee530919325\B371622\atig6pxx.dll
0x00007ffe14960000 - 0x00007ffe177a3000 	C:\WINDOWS\System32\DriverStore\FileRepository\u0371621.inf_amd64_f6054ee530919325\B371622\atio6axx.dll
0x00007ffe7aff0000 - 0x00007ffe7b014000 	C:\WINDOWS\SYSTEM32\dxva2.dll
0x00007ffe14890000 - 0x00007ffe148cf000 	C:\WINDOWS\System32\DriverStore\FileRepository\u0371621.inf_amd64_f6054ee530919325\B371622\atig6txx.dll
0x00007ffe20f20000 - 0x00007ffe210ec000 	C:\WINDOWS\SYSTEM32\atiadlxx.dll
0x00007ffe7c9a0000 - 0x00007ffe7c9e9000 	C:\WINDOWS\SYSTEM32\pdh.dll
0x00007ffe8a730000 - 0x00007ffe8a76b000 	C:\WINDOWS\SYSTEM32\dxcore.dll
0x00007ffe5f550000 - 0x00007ffe5f5a9000 	C:\Users\user\AppData\Local\Temp\lwjgluser\3.2.3-SNAPSHOT\lwjgl_opengl.dll
0x00007ffe84130000 - 0x00007ffe84229000 	C:\WINDOWS\SYSTEM32\textinputframework.dll
0x00007ffe87840000 - 0x00007ffe878a6000 	C:\WINDOWS\system32\Oleacc.dll
0x0000000064a00000 - 0x00000000657b1000 	C:\Users\user\AppData\Local\Temp\imgui-java-natives_1635155503959\imgui-java64.dll
0x00007ffe57be0000 - 0x00007ffe57c67000 	C:\Users\user\AppData\Local\Temp\lwjgluser\3.2.3-SNAPSHOT\lwjgl_nanovg.dll

dbghelp: loaded successfully - version: 4.0.5 - missing functions: none
symbol engine: initialized successfully - sym options: 0x614 - pdb path: .;C:\Program Files\Java\jdk-17\bin;C:\WINDOWS\SYSTEM32;C:\WINDOWS\WinSxS\amd64_microsoft.windows.common-controls_6595b64144ccf1df_6.0.19041.1110_none_60b5254171f9507e;C:\Program Files\Java\jdk-17\bin\server;C:\Users\user\AppData\Local\Temp;D:\Programming\School\JavaGL2\src;C:\Users\user\AppData\Local\Temp\lwjgluser\3.2.3-SNAPSHOT;C:\Program Files (x86)\Stardock\Fences;C:\WINDOWS\WinSxS\amd64_microsoft.windows.gdiplus_6595b64144ccf1df_1.1.19041.1288_none_91a663c8cc864906;C:\WINDOWS\System32\DriverStore\FileRepository\u0371621.inf_amd64_f6054ee530919325\B371622;C:\Users\user\AppData\Local\Temp\imgui-java-natives_1635155503959

VM Arguments:
jvm_args: -agentlib:jdwp=transport=dt_socket,address=127.0.0.1:6077,suspend=y,server=n -Djna.library.path=D:\Programming\School\JavaGL2\src -javaagent:C:\Users\user\AppData\Local\JetBrains\IntelliJIdea2021.2\groovyHotSwap\gragent.jar -javaagent:C:\Users\user\AppData\Local\JetBrains\IntelliJIdea2021.2\captureAgent\debugger-agent.jar -Dfile.encoding=UTF-8 
java_command: _0_1.enginePackage.Sketch
java_class_path (initial): D:\Programming\School\JavaGL2\out\production\classes;C:\Users\user\.gradle\caches\modules-2\files-2.1\io.github.spair\imgui-java-app\1.84.1.3\c7f2adbb406354377182fea74b107d8c4f8b1d0\imgui-java-app-1.84.1.3.jar;C:\Users\user\.gradle\caches\modules-2\files-2.1\org.lwjgl\lwjgl-assimp\3.2.3\f62aa07a20afbdd3097efc296c4841e0d29700eb\lwjgl-assimp-3.2.3.jar;C:\Users\user\.gradle\caches\modules-2\files-2.1\org.lwjgl\lwjgl-glfw\3.2.3\5e520d5c290c8b012545a8d34fa5db5ab051ea53\lwjgl-glfw-3.2.3.jar;C:\Users\user\.gradle\caches\modules-2\files-2.1\org.lwjgl\lwjgl-glfw\3.2.3\62b044d9b0a057444bef2ab70b9afc288ec09dba\lwjgl-glfw-3.2.3-natives-linux.jar;C:\Users\user\.gradle\caches\modules-2\files-2.1\org.lwjgl\lwjgl-glfw\3.2.3\58661272eacb9116336c88b4aadccf1f17c09b\lwjgl-glfw-3.2.3-natives-macos.jar;C:\Users\user\.gradle\caches\modules-2\files-2.1\org.lwjgl\lwjgl-glfw\3.2.3\b4d8a3477cdc2edcf7a5f1e822926be846223f54\lwjgl-glfw-3.2.3-natives-windows.jar;C:\Users\user\.gradle\caches\modules-2\files-2.1\org.lwjgl\lwjgl-nanovg\3.2.3\718be4a13691d1cd276fa852326e9e837d65204e\lwjgl-nanovg-3.2.3.jar;C:\Users\user\.gradle\caches\modules-2\files-2.1\org.lwjgl\lwjgl-nfd\3.2.3\c44fee1043c022cf6614a28872d44cf114ca7737\lwjgl-nfd-3.2.3.jar;C:\Users\user\.gradle\caches\modules-2\files-2.1\org.lwjgl\lwjgl-openal\3.2.3\106742e805803ab9eab8e343f0fb31a3d263903c\lwjgl-openal-3.2.3.jar;C:\Users\user\.gradle\caches\modules-2\files-2.1\org.lwjgl\lwjgl-opengl\3.2.3\bdd534a323d0c8f54969b95e424b6ac8984f7d6e\lwjgl-opengl-3.2.3.jar;C:\Users\user\.gradle\caches\modules-2\files-2.1\org.lwjgl\lwjgl-opengl\3.2.3\7f14db5da9aa7951efe88993f519d7d38ad6e46b\lwjgl-opengl-3.2.3-natives-linux.jar;C:\Users\user\.gradle\caches\modules-2\files-2.1\org.lwjgl\lwjgl-opengl\3.2.3\efa3326c11336d3e74c9c8aeceb2420328d28e6b\lwjgl-opengl-3.2.3-natives-macos.jar;C:\Users\user\.gradle\caches\modules-2\files-2.1\org.lwjgl\lwjgl-opengl\3.2.3\e81cfc73ec8708e5e791ed770e4ec3edfc1bbab1\lwjgl-opengl-3.2.3-natives-windo
Launcher Type: SUN_STANDARD

[Global flags]
     intx CICompilerCount                          = 4                                         {product} {ergonomic}
     uint ConcGCThreads                            = 3                                         {product} {ergonomic}
     uint G1ConcRefinementThreads                  = 10                                        {product} {ergonomic}
   size_t G1HeapRegionSize                         = 4194304                                   {product} {ergonomic}
    uintx GCDrainStackTargetSize                   = 64                                        {product} {ergonomic}
   size_t InitialHeapSize                          = 536870912                                 {product} {ergonomic}
   size_t MarkStackSize                            = 4194304                                   {product} {ergonomic}
   size_t MaxHeapSize                              = 8577351680                                {product} {ergonomic}
   size_t MaxNewSize                               = 5146411008                                {product} {ergonomic}
   size_t MinHeapDeltaBytes                        = 4194304                                   {product} {ergonomic}
   size_t MinHeapSize                              = 8388608                                   {product} {ergonomic}
    uintx NonNMethodCodeHeapSize                   = 5839372                                {pd product} {ergonomic}
    uintx NonProfiledCodeHeapSize                  = 122909434                              {pd product} {ergonomic}
    uintx ProfiledCodeHeapSize                     = 122909434                              {pd product} {ergonomic}
    uintx ReservedCodeCacheSize                    = 251658240                              {pd product} {ergonomic}
     bool SegmentedCodeCache                       = true                                      {product} {ergonomic}
   size_t SoftMaxHeapSize                          = 8577351680                             {manageable} {ergonomic}
     bool UseCompressedClassPointers               = true                           {product lp64_product} {ergonomic}
     bool UseCompressedOops                        = true                           {product lp64_product} {ergonomic}
     bool UseG1GC                                  = true                                      {product} {ergonomic}
     bool UseLargePagesIndividualAllocation        = false                                  {pd product} {ergonomic}

Logging:
Log output configuration:
 #0: stdout all=warning uptime,level,tags
 #1: stderr all=off uptime,level,tags

Environment Variables:
PATH=C:\Program Files\Common Files\Oracle\Java\javapath;C:\Python27\;C:\Python27\Scripts;C:\Program Files (x86)\Common Files\Intel\Shared Libraries\redist\intel64\compiler;C:\Python39\Scripts\;C:\Python39\;C:\Program Files (x86)\Common Files\Oracle\Java\javapath;C:\Python38\Scripts\;C:\Python38\;C:\Windows\system32;C:\Windows;C:\Windows\System32\Wbem;C:\Windows\System32\WindowsPowerShell\v1.0\;C:\Windows\System32\OpenSSH\;C:\Program Files (x86)\Cmder;C:\ProgramData\chocolatey\bin;C:\Program Files\dotnet\;C:\Program Files (x86)\Wolfram Research\WolframScript\;C:\Program Files\Docker\Docker\resources\bin;C:\ProgramData\DockerDesktop\version-bin;C:\Program Files\Calibre2\;C:\WINDOWS\system32;C:\WINDOWS;C:\WINDOWS\System32\Wbem;C:\WINDOWS\System32\WindowsPowerShell\v1.0\;C:\WINDOWS\System32\OpenSSH\;C:\Program Files\PowerShell\7\;C:\Program Files\Git\cmd;C:\Program Files\Git LFS;C:\Program Files\Perforce\;C:\Program Files\Perforce;C:\Program Files\CMake\bin;C:\Program Files\nodejs\;C:\Program Files\Go\bin;C:\MinGW\bin;C:\Program Files\Microsoft SQL Server\130\Tools\Binn\;C:\Program Files\Microsoft SQL Server\Client SDK\ODBC\170\Tools\Binn\;D:\VSTs32\64klang;;C:\Program Files\Tundra 2.0\bin;C:\Program Files\MySQL\MySQL Shell 8.0\bin\;C:\Program Files (x86)\Common Files\Intel\Shared Libraries\redist\intel64_win\compiler;C:\Users\user\AppData\Local\Microsoft\WindowsApps;C:\Users\user\AppData\Local\Programs\Microsoft VS Code\bin;C:\Program Files\ffmpeg\bin;C:\Program Files\NASM;C:\Users\user\Downloads\GIF;C:\Users\user\AppData\Roaming\Python\Python38\Scripts;C:\Users\user\AppData\Local\GitHubDesktop\bin;C:\Users\user\AppData\Roaming\npm;C:\Users\user\go\bin;C:\Users\user\.dotnet\tools;C:\Users\user\spicetify-cli;C:\Users\user\.dotnet\tools
USERNAME=user
OS=Windows_NT
PROCESSOR_IDENTIFIER=AMD64 Family 25 Model 33 Stepping 0, AuthenticAMD



---------------  S Y S T E M  ---------------

OS:
 Windows 10 , 64 bit Build 19041 (10.0.19041.1202)
OS uptime: 9 days 22:31 hours

CPU: total 12 (initial active 12) (12 cores per cpu, 2 threads per core) family 25 model 33 stepping 0 microcode 0x0, cx8, cmov, fxsr, ht, mmx, 3dnowpref, sse, sse2, sse3, ssse3, sse4a, sse4.1, sse4.2, popcnt, lzcnt, tsc, tscinvbit, avx, avx2, aes, erms, clmul, bmi1, bmi2, adx, sha, fma, vzeroupper, clflush, clflushopt

Memory: 4k page, system-wide physical 32712M (5284M free)
TotalPageFile size 99002M (AvailPageFile size 10272M)
current process WorkingSet (physical memory assigned to process): 164M, peak: 165M
current process commit charge ("private bytes"): 868M, peak: 914M

vm_info: Java HotSpot(TM) 64-Bit Server VM (17+35-LTS-2724) for windows-amd64 JRE (17+35-LTS-2724), built on Aug  5 2021 23:28:28 by "mach5one" with MS VC++ 16.8 (VS2019)

END.
