#
# A fatal error has been detected by the Java Runtime Environment:
#
#  EXCEPTION_ACCESS_VIOLATION (0xc0000005) at pc=0x00007ffde197bf00, pid=124488, tid=118584
#
# JRE version: Java(TM) SE Runtime Environment (17.0+35) (build 17+35-LTS-2724)
# Java VM: Java HotSpot(TM) 64-Bit Server VM (17+35-LTS-2724, mixed mode, sharing, tiered, compressed oops, compressed class ptrs, g1 gc, windows-amd64)
# Problematic frame:
# V  [jvm.dll+0xbf00]
#
# No core dump will be written. Minidumps are not enabled by default on client versions of Windows
#
# If you would like to submit a bug report, please visit:
#   https://bugreport.java.com/bugreport/crash.jsp
#

---------------  S U M M A R Y ------------

Command Line: -agentlib:jdwp=transport=dt_socket,address=127.0.0.1:9779,suspend=y,server=n -Djna.library.path=D:\Programming\School\JavaGL2\src -javaagent:C:\Users\user\AppData\Local\JetBrains\IntelliJIdea2021.2\groovyHotSwap\gragent.jar -javaagent:C:\Users\user\AppData\Local\JetBrains\IntelliJIdea2021.2\captureAgent\debugger-agent.jar -Dfile.encoding=UTF-8 _0_1.enginePackage.Sketch

Host: AMD Ryzen 5 5600X 6-Core Processor             , 12 cores, 31G,  Windows 10 , 64 bit Build 19041 (10.0.19041.1202)
Time: Mon Oct 25 12:49:00 2021 FLE Daylight Time elapsed time: 73.756112 seconds (0d 0h 1m 13s)

---------------  T H R E A D  ---------------

Current thread (0x0000017b9a6cb280):  JavaThread "main" [_thread_in_vm, id=118584, stack(0x00000061c1a00000,0x00000061c1b00000)]

Stack: [0x00000061c1a00000,0x00000061c1b00000],  sp=0x00000061c1afee68,  free space=1019k
Native frames: (J=compiled Java code, j=interpreted, Vv=VM code, C=native code)
V  [jvm.dll+0xbf00]

Java frames: (J=compiled Java code, j=interpreted, Vv=VM code)
j  imgui.ImGui.text(Ljava/lang/String;)V+0
J 1187 c1 _0_1.enginePackage.Engine.drawShaderErrors()V (205 bytes) @ 0x0000017ba3e561b4 [0x0000017ba3e55460+0x0000000000000d54]
j  _0_1.enginePackage.Engine.loop()V+55
j  _0_1.enginePackage.Engine.start()V+51
j  _0_1.enginePackage.Sketch$Companion.main([Ljava/lang/String;)V+22
j  _0_1.enginePackage.Sketch.main([Ljava/lang/String;)V+4
v  ~StubRoutines::call_stub

siginfo: EXCEPTION_ACCESS_VIOLATION (0xc0000005), reading address 0x0000000000000000


Register to memory mapping:

RIP=0x00007ffde197bf00 jvm.dll
RAX=0x0 is NULL
RBX=0x0000017b9a6cb280 is a thread
RCX=0x0 is NULL
RDX=0x0 is NULL
RSP=0x00000061c1afee68 is pointing into the stack for thread: 0x0000017b9a6cb280
RBP=0x00000061c1afefa8 is pointing into the stack for thread: 0x0000017b9a6cb280
RSI=0x0 is NULL
RDI=0x0 is NULL
R8 =0x0 is NULL
R9 =0x000000061fc5f290 is an oop: java.util.LinkedHashMap$Entry 
{0x000000061fc5f290} - klass: 'java/util/LinkedHashMap$Entry'
 - ---- fields (total size 5 words):
 - final 'hash' 'I' @12  891108699 (351d3d5b)
 - final 'key' 'Ljava/lang/Object;' @16  a '_0_1.wrightglPackage/WrightGL$Program'{0x00000006205d1728} (c40ba2e5)
 - 'value' 'Ljava/lang/Object;' @20  a 'java/lang/Object'{0x000000061f021ff8} (c3e043ff)
 - 'next' 'Ljava/util/HashMap$Node;' @24  NULL (0)
 - 'before' 'Ljava/util/LinkedHashMap$Entry;' @28  NULL (0)
 - 'after' 'Ljava/util/LinkedHashMap$Entry;' @32  NULL (0)
R10=0x0000017ba36b1337 is at code_begin+1911 in an Interpreter codelet
method entry point (kind = native)  [0x0000017ba36b0bc0, 0x0000017ba36b1ce0]  4384 bytes
R11=0x0000000620a26f60 is an oop: java.lang.Class 
{0x0000000620a26f60} - klass: 'java/lang/Class'
 - ---- fields (total size 24 words):
 - private volatile transient 'classRedefinedCount' 'I' @12  0
 - private volatile transient 'cachedConstructor' 'Ljava/lang/reflect/Constructor;' @40  NULL (0)
 - private transient 'name' 'Ljava/lang/String;' @44  "imgui.ImGui"{0x0000000620a270b0} (c4144e16)
 - private transient 'module' 'Ljava/lang/Module;' @48  a 'java/lang/Module'{0x000000061f011558} (c3e022ab)
 - private final 'classLoader' 'Ljava/lang/ClassLoader;' @52  a 'jdk/internal/loader/ClassLoaders$AppClassLoader'{0x000000061f000170} (c3e0002e)
 - private transient 'classData' 'Ljava/lang/Object;' @56  NULL (0)
 - private transient 'packageName' 'Ljava/lang/String;' @60  "imgui"{0x000000061f189418} (c3e31283)
 - private final 'componentType' 'Ljava/lang/Class;' @64  NULL (0)
 - private volatile transient 'reflectionData' 'Ljava/lang/ref/SoftReference;' @68  NULL (0)
 - private volatile transient 'genericInfo' 'Lsun/reflect/generics/repository/ClassRepository;' @72  NULL (0)
 - private volatile transient 'enumConstants' '[Ljava/lang/Object;' @76  NULL (0)
 - private volatile transient 'enumConstantDirectory' 'Ljava/util/Map;' @80  NULL (0)
 - private volatile transient 'annotationData' 'Ljava/lang/Class$AnnotationData;' @84  NULL (0)
 - private volatile transient 'annotationType' 'Lsun/reflect/annotation/AnnotationType;' @88  NULL (0)
 - transient 'classValueMap' 'Ljava/lang/ClassValue$ClassValueMap;' @92  NULL (0)
 - signature: Limgui/ImGui;
 - fake entry for mirror: 'imgui/ImGui'
 - fake entry for array: NULL
 - fake entry for oop_size: 24
 - fake entry for static_oop_field_count: 19
 - private static final 'LIB_PATH_PROP' 'Ljava/lang/String;' @112  "imgui.library.path"{0x0000000620a27030} (c4144e06)
 - private static final 'LIB_NAME_PROP' 'Ljava/lang/String;' @116  "imgui.library.name"{0x0000000620a27070} (c4144e0e)
 - private static final 'LIB_NAME_DEFAULT' 'Ljava/lang/String;' @120  "imgui-java64"{0x0000000620a27fa0} (c4144ff4)
 - private static final 'LIB_TMP_DIR_PREFIX' 'Ljava/lang/String;' @124  "imgui-java-natives_1635155268120"{0x0000000620a28088} (c4145011)
 - private static final 'IMGUI_CONTEXT' 'Limgui/internal/ImGuiContext;' @128  a 'imgui/internal/ImGuiContext'{0x0000000620a78de0} (c414f1bc)
 - private static final 'IMGUI_IO' 'Limgui/ImGuiIO;' @132  a 'imgui/ImGuiIO'{0x0000000620a81668} (c41502cd)
 - private static final 'WINDOW_DRAW_LIST' 'Limgui/ImDrawList;' @136  a 'imgui/ImDrawList'{0x0000000620a92a30} (c4152546)
 - private static final 'BACKGROUND_DRAW_LIST' 'Limgui/ImDrawList;' @140  a 'imgui/ImDrawList'{0x0000000620a92a48} (c4152549)
 - private static final 'FOREGROUND_DRAW_LIST' 'Limgui/ImDrawList;' @144  a 'imgui/ImDrawList'{0x0000000620a92a60} (c415254c)
 - private static final 'IMGUI_STORAGE' 'Limgui/ImGuiStorage;' @148  a 'imgui/ImGuiStorage'{0x0000000620a94b30} (c4152966)
 - private static final 'WINDOW_VIEWPORT' 'Limgui/ImGuiViewport;' @152  a 'imgui/ImGuiViewport'{0x0000000620a9e6e0} (c4153cdc)
 - private static final 'FIND_VIEWPORT' 'Limgui/ImGuiViewport;' @156  a 'imgui/ImGuiViewport'{0x0000000620a9e6f8} (c4153cdf)
 - private static final 'DRAW_DATA' 'Limgui/ImDrawData;' @160  a 'imgui/ImDrawData'{0x0000000620a9e710} (c4153ce2)
 - private static final 'FONT' 'Limgui/ImFont;' @164  a 'imgui/ImFont'{0x0000000620aa4428} (c4154885)
 - private static final 'STYLE' 'Limgui/ImGuiStyle;' @168  a 'imgui/ImGuiStyle'{0x0000000620aae170} (c4155c2e)
 - private static final 'MAIN_VIEWPORT' 'Limgui/ImGuiViewport;' @172  a 'imgui/ImGuiViewport'{0x0000000620aae188} (c4155c31)
 - private static final 'PLATFORM_IO' 'Limgui/ImGuiPlatformIO;' @176  a 'imgui/ImGuiPlatformIO'{0x0000000620ab43f0} (c415687e)
 - private static 'payloadRef' 'Ljava/lang/ref/WeakReference;' @180  NULL (0)
 - private static final 'PAYLOAD_PLACEHOLDER_DATA' '[B' @184  [B{0x0000000620ac10d8} (c415821b)
R12=0x0000017b9a6cb528 points into unknown readable memory: 0x0000017bd1a2b840 | 40 b8 a2 d1 7b 01 00 00
R13=0x0 is NULL
R14=0x0 is NULL
R15=0x0000017b9a6cb280 is a thread


Registers:
RAX=0x0000000000000000, RBX=0x0000017b9a6cb280, RCX=0x0000000000000000, RDX=0x0000000000000000
RSP=0x00000061c1afee68, RBP=0x00000061c1afefa8, RSI=0x0000000000000000, RDI=0x0000000000000000
R8 =0x0000000000000000, R9 =0x000000061fc5f290, R10=0x0000017ba36b1337, R11=0x0000000620a26f60
R12=0x0000017b9a6cb528, R13=0x0000000000000000, R14=0x0000000000000000, R15=0x0000017b9a6cb280
RIP=0x00007ffde197bf00, EFLAGS=0x0000000000010246

Top of Stack: (sp=0x00000061c1afee68)
0x00000061c1afee68:   00007ffde1d521aa 00000008002ead18
0x00000061c1afee78:   0000000000000000 000000061f232d38
0x00000061c1afee88:   00000008002eb050 0000017b9a6cb280
0x00000061c1afee98:   0000000000000000 00000061c1afef08
0x00000061c1afeea8:   0000017ba36a9efa 000000061fc5f1c8
0x00000061c1afeeb8:   000000061fc5f340 00000061c1afeec0
0x00000061c1afeec8:   0000017bc953883f 0000017bd84de4c8
0x00000061c1afeed8:   00000006205d1728 0000017bc9bbdfe0
0x00000061c1afeee8:   0000000064a6d93e 00000061c1afefa8
0x00000061c1afeef8:   00000061c1afefc8 000000061fc5f290
0x00000061c1afef08:   00000061c1afef08 0000017bc9bbdfe0
0x00000061c1afef18:   0000000000000000 0000017bc9bbdfe0
0x00000061c1afef28:   0000017ba36b1366 0000017b9a6cb280
0x00000061c1afef38:   00000061c1afefc8 0000017ba3e56084
0x00000061c1afef48:   0000000000000000 0000017bab17ec40
0x00000061c1afef58:   0000000800000000 00000061c1afef60 

Instructions: (pc=0x00007ffde197bf00)
0x00007ffde197be00:   1c d2 a6 00 48 83 c4 20 5b 48 ff e0 48 8d 05 ed
0x00007ffde197be10:   00 00 00 48 8b cb 48 89 05 03 d2 a6 00 48 83 c4
0x00007ffde197be20:   20 5b 48 ff e0 48 8d 05 d4 00 00 00 48 8b cb 48
0x00007ffde197be30:   89 05 ea d1 a6 00 48 83 c4 20 5b 48 ff e0 48 8b
0x00007ffde197be40:   0d 4b c3 ac 00 8b 51 10 83 ea 01 0f 84 91 00 00
0x00007ffde197be50:   00 83 ea 01 74 73 83 ea 01 74 55 83 fa 01 74 37
0x00007ffde197be60:   4c 8d 0d d1 1c 82 00 41 b8 e9 00 00 00 48 8d 15
0x00007ffde197be70:   fc 1c 82 00 b9 00 00 00 e0 e8 f2 69 23 00 e8 dd
0x00007ffde197be80:   35 66 00 33 c0 48 8b cb 48 89 05 91 d1 a6 00 48
0x00007ffde197be90:   83 c4 20 5b 48 ff e0 48 8d 05 72 00 00 00 48 8b
0x00007ffde197bea0:   cb 48 89 05 78 d1 a6 00 48 83 c4 20 5b 48 ff e0
0x00007ffde197beb0:   48 8d 05 49 00 00 00 48 8b cb 48 89 05 5f d1 a6
0x00007ffde197bec0:   00 48 83 c4 20 5b 48 ff e0 48 8d 05 30 00 00 00
0x00007ffde197bed0:   48 8b cb 48 89 05 46 d1 a6 00 48 83 c4 20 5b 48
0x00007ffde197bee0:   ff e0 48 8d 05 17 00 00 00 48 8b cb 48 89 05 2d
0x00007ffde197bef0:   d1 a6 00 48 83 c4 20 5b 48 ff e0 cc cc cc cc cc
0x00007ffde197bf00:   48 8b 01 c3 cc cc cc cc cc cc cc cc cc cc cc cc
0x00007ffde197bf10:   48 89 5c 24 08 57 48 83 ec 20 48 8b 39 48 8b d9
0x00007ffde197bf20:   48 85 3d 51 9f b1 00 75 0e 48 8b c7 48 8b 5c 24
0x00007ffde197bf30:   30 48 83 c4 20 5f c3 48 8b cf e8 41 38 7f 00 48
0x00007ffde197bf40:   8b d0 48 85 c0 74 20 48 8b c7 f0 48 0f b1 13 74
0x00007ffde197bf50:   16 48 85 05 20 9f b1 00 74 0d 48 8b c8 f0 48 0f
0x00007ffde197bf60:   b1 13 48 3b c1 75 ea 48 8b 5c 24 30 48 8b c2 48
0x00007ffde197bf70:   83 c4 20 5f c3 cc cc cc cc cc cc cc cc cc cc cc
0x00007ffde197bf80:   8b 44 24 30 45 03 c9 44 2b 4c 24 28 83 c0 0b 44
0x00007ffde197bf90:   03 ca 45 03 c8 41 03 c1 c3 cc cc cc cc cc cc cc
0x00007ffde197bfa0:   48 8b 41 08 0f b7 48 2a 0f b7 40 28 83 c0 48 03
0x00007ffde197bfb0:   c1 c3 cc cc cc cc cc cc cc cc cc cc cc cc cc cc
0x00007ffde197bfc0:   48 89 5c 24 08 57 48 83 ec 20 0f b6 05 9f a6 b1
0x00007ffde197bfd0:   00 48 8b fa 48 8b d9 84 c0 74 4f 48 85 15 96 9e
0x00007ffde197bfe0:   b1 00 74 38 48 8b ca e8 a4 3a 7f 00 48 8b d0 48
0x00007ffde197bff0:   85 db 74 25 48 85 c0 74 20 48 8b c7 f0 48 0f b1 


Stack slot to memory mapping:
stack at sp + 0 slots: 0x00007ffde1d521aa jvm.dll
stack at sp + 1 slots: 0x00000008002ead18 is pointing into metadata
stack at sp + 2 slots: 0x0 is NULL
stack at sp + 3 slots: 0x000000061f232d38 is an oop: java.lang.Class 
{0x000000061f232d38} - klass: 'java/lang/Class'
 - ---- fields (total size 14 words):
 - private volatile transient 'classRedefinedCount' 'I' @12  0
 - private volatile transient 'cachedConstructor' 'Ljava/lang/reflect/Constructor;' @40  NULL (0)
 - private transient 'name' 'Ljava/lang/String;' @44  NULL (0)
 - private transient 'module' 'Ljava/lang/Module;' @48  a 'java/lang/Module'{0x000000061f02cfd8} (c3e059fb)
 - private final 'classLoader' 'Ljava/lang/ClassLoader;' @52  NULL (0)
 - private transient 'classData' 'Ljava/lang/Object;' @56  NULL (0)
 - private transient 'packageName' 'Ljava/lang/String;' @60  NULL (0)
 - private final 'componentType' 'Ljava/lang/Class;' @64  NULL (0)
 - private volatile transient 'reflectionData' 'Ljava/lang/ref/SoftReference;' @68  NULL (0)
 - private volatile transient 'genericInfo' 'Lsun/reflect/generics/repository/ClassRepository;' @72  NULL (0)
 - private volatile transient 'enumConstants' '[Ljava/lang/Object;' @76  NULL (0)
 - private volatile transient 'enumConstantDirectory' 'Ljava/util/Map;' @80  NULL (0)
 - private volatile transient 'annotationData' 'Ljava/lang/Class$AnnotationData;' @84  NULL (0)
 - private volatile transient 'annotationType' 'Lsun/reflect/annotation/AnnotationType;' @88  NULL (0)
 - transient 'classValueMap' 'Ljava/lang/ClassValue$ClassValueMap;' @92  NULL (0)
 - signature: Ljava/util/LinkedHashMap$LinkedHashIterator;
 - fake entry for mirror: 'java/util/LinkedHashMap$LinkedHashIterator'
 - fake entry for array: NULL
 - fake entry for oop_size: 14
 - fake entry for static_oop_field_count: 0
stack at sp + 4 slots: {method} {0x00000008002eb058} '<init>' '(Ljava/util/LinkedHashMap;)V' in 'java/util/LinkedHashMap$LinkedHashIterator'
stack at sp + 5 slots: 0x0000017b9a6cb280 is a thread
stack at sp + 6 slots: 0x0 is NULL
stack at sp + 7 slots: 0x00000061c1afef08 is pointing into the stack for thread: 0x0000017b9a6cb280


---------------  P R O C E S S  ---------------

Threads class SMR info:
_java_thread_list=0x0000017bca315b30, length=17, elements={
0x0000017b9a6cb280, 0x0000017bc9010e80, 0x0000017bc9013d00, 0x0000017bc9024c70,
0x0000017bc9025730, 0x0000017bc90281f0, 0x0000017bc90291b0, 0x0000017bc9c10150,
0x0000017bc9c11b50, 0x0000017bc902ea00, 0x0000017bc9d1b0c0, 0x0000017bc9d97460,
0x0000017bc9d99d30, 0x0000017bc9d9a410, 0x0000017bc9d1b590, 0x0000017bc9d1c400,
0x0000017bc9d1c8d0
}

Java Threads: ( => current thread )
=>0x0000017b9a6cb280 JavaThread "main" [_thread_in_vm, id=118584, stack(0x00000061c1a00000,0x00000061c1b00000)]
  0x0000017bc9010e80 JavaThread "Reference Handler" daemon [_thread_blocked, id=122848, stack(0x00000061c2100000,0x00000061c2200000)]
  0x0000017bc9013d00 JavaThread "Finalizer" daemon [_thread_blocked, id=126072, stack(0x00000061c2200000,0x00000061c2300000)]
  0x0000017bc9024c70 JavaThread "Signal Dispatcher" daemon [_thread_blocked, id=125124, stack(0x00000061c2300000,0x00000061c2400000)]
  0x0000017bc9025730 JavaThread "Attach Listener" daemon [_thread_blocked, id=126432, stack(0x00000061c2400000,0x00000061c2500000)]
  0x0000017bc90281f0 JavaThread "Service Thread" daemon [_thread_blocked, id=122912, stack(0x00000061c2500000,0x00000061c2600000)]
  0x0000017bc90291b0 JavaThread "Monitor Deflation Thread" daemon [_thread_blocked, id=91380, stack(0x00000061c2600000,0x00000061c2700000)]
  0x0000017bc9c10150 JavaThread "C2 CompilerThread0" daemon [_thread_blocked, id=88528, stack(0x00000061c2700000,0x00000061c2800000)]
  0x0000017bc9c11b50 JavaThread "C1 CompilerThread0" daemon [_thread_blocked, id=92952, stack(0x00000061c2800000,0x00000061c2900000)]
  0x0000017bc902ea00 JavaThread "Sweeper thread" daemon [_thread_blocked, id=128328, stack(0x00000061c2900000,0x00000061c2a00000)]
  0x0000017bc9d1b0c0 JavaThread "Common-Cleaner" daemon [_thread_blocked, id=128332, stack(0x00000061c2a00000,0x00000061c2b00000)]
  0x0000017bc9d97460 JavaThread "JDWP Transport Listener: dt_socket" daemon [_thread_blocked, id=89888, stack(0x00000061c2b00000,0x00000061c2c00000)]
  0x0000017bc9d99d30 JavaThread "JDWP Event Helper Thread" daemon [_thread_blocked, id=36976, stack(0x00000061c2c00000,0x00000061c2d00000)]
  0x0000017bc9d9a410 JavaThread "JDWP Command Reader" daemon [_thread_in_native, id=123768, stack(0x00000061c2d00000,0x00000061c2e00000)]
  0x0000017bc9d1b590 JavaThread "Notification Thread" daemon [_thread_blocked, id=110300, stack(0x00000061c2e00000,0x00000061c2f00000)]
  0x0000017bc9d1c400 JavaThread "Thread-0" [_thread_blocked, id=11828, stack(0x00000061c3000000,0x00000061c3100000)]
  0x0000017bc9d1c8d0 JavaThread "FileSystemWatchService" daemon [_thread_in_native, id=124332, stack(0x00000061c3100000,0x00000061c3200000)]

Other Threads:
  0x0000017bc900c280 VMThread "VM Thread" [stack: 0x00000061c2000000,0x00000061c2100000] [id=121016]
  0x0000017b9a774770 WatcherThread [stack: 0x00000061c2f00000,0x00000061c3000000] [id=121432]
  0x0000017b9a7407c0 GCTaskThread "GC Thread#0" [stack: 0x00000061c1b00000,0x00000061c1c00000] [id=118544]
  0x0000017bd1b9ef10 GCTaskThread "GC Thread#1" [stack: 0x00000061c3200000,0x00000061c3300000] [id=112780]
  0x0000017bd1b9f9d0 GCTaskThread "GC Thread#2" [stack: 0x00000061c3700000,0x00000061c3800000] [id=100256]
  0x0000017bd1ba0490 GCTaskThread "GC Thread#3" [stack: 0x00000061c3800000,0x00000061c3900000] [id=108380]
  0x0000017bd1ba0740 GCTaskThread "GC Thread#4" [stack: 0x00000061c3900000,0x00000061c3a00000] [id=127660]
  0x0000017bd1b9e450 GCTaskThread "GC Thread#5" [stack: 0x00000061c3a00000,0x00000061c3b00000] [id=123340]
  0x0000017bd1ba0f50 GCTaskThread "GC Thread#6" [stack: 0x00000061c3b00000,0x00000061c3c00000] [id=88056]
  0x0000017bd1b9d430 GCTaskThread "GC Thread#7" [stack: 0x00000061c3c00000,0x00000061c3d00000] [id=119440]
  0x0000017bd1b9d6e0 GCTaskThread "GC Thread#8" [stack: 0x00000061c3d00000,0x00000061c3e00000] [id=110284]
  0x0000017bd1b9e700 GCTaskThread "GC Thread#9" [stack: 0x00000061c3e00000,0x00000061c3f00000] [id=104316]
  0x0000017b9a7526a0 ConcurrentGCThread "G1 Main Marker" [stack: 0x00000061c1c00000,0x00000061c1d00000] [id=119944]
  0x0000017b9a753850 ConcurrentGCThread "G1 Conc#0" [stack: 0x00000061c1d00000,0x00000061c1e00000] [id=122740]
  0x0000017b9a79de60 ConcurrentGCThread "G1 Refine#0" [stack: 0x00000061c1e00000,0x00000061c1f00000] [id=127548]
  0x0000017b9a79e880 ConcurrentGCThread "G1 Service" [stack: 0x00000061c1f00000,0x00000061c2000000] [id=118980]

Threads with active compile tasks:

VM state: not at safepoint (normal execution)

VM Mutex/Monitor currently owned by a thread: None

Heap address: 0x0000000600c00000, size: 8180 MB, Compressed Oops mode: Zero based, Oop shift amount: 3

CDS archive(s) mapped at: [0x0000000800000000-0x0000000800bc0000-0x0000000800bc0000), size 12320768, SharedBaseAddress: 0x0000000800000000, ArchiveRelocationMode: 0.
Compressed class space mapped at: 0x0000000800c00000-0x0000000840c00000, reserved size: 1073741824
Narrow klass base: 0x0000000800000000, Narrow klass shift: 0, Narrow klass range: 0x100000000

GC Precious Log:
 CPUs: 12 total, 12 available
 Memory: 32712M
 Large Page Support: Disabled
 NUMA Support: Disabled
 Compressed Oops: Enabled (Zero based)
 Heap Region Size: 4M
 Heap Min Capacity: 8M
 Heap Initial Capacity: 512M
 Heap Max Capacity: 8180M
 Pre-touch: Disabled
 Parallel Workers: 10
 Concurrent Workers: 3
 Concurrent Refinement Workers: 10
 Periodic GC: Disabled

Heap:
 garbage-first heap   total 524288K, used 14951K [0x0000000600c00000, 0x0000000800000000)
  region size 4096K, 5 young (20480K), 1 survivors (4096K)
 Metaspace       used 7991K, committed 8192K, reserved 1064960K
  class space    used 487K, committed 576K, reserved 1048576K

Heap Regions: E=young(eden), S=young(survivor), O=old, HS=humongous(starts), HC=humongous(continues), CS=collection set, F=free, OA=open archive, CA=closed archive, TAMS=top-at-mark-start (previous, next)
|   0|0x0000000600c00000, 0x0000000600c00000, 0x0000000601000000|  0%| F|  |TAMS 0x0000000600c00000, 0x0000000600c00000| Untracked 
|   1|0x0000000601000000, 0x0000000601000000, 0x0000000601400000|  0%| F|  |TAMS 0x0000000601000000, 0x0000000601000000| Untracked 
|   2|0x0000000601400000, 0x0000000601400000, 0x0000000601800000|  0%| F|  |TAMS 0x0000000601400000, 0x0000000601400000| Untracked 
|   3|0x0000000601800000, 0x0000000601800000, 0x0000000601c00000|  0%| F|  |TAMS 0x0000000601800000, 0x0000000601800000| Untracked 
|   4|0x0000000601c00000, 0x0000000601c00000, 0x0000000602000000|  0%| F|  |TAMS 0x0000000601c00000, 0x0000000601c00000| Untracked 
|   5|0x0000000602000000, 0x0000000602000000, 0x0000000602400000|  0%| F|  |TAMS 0x0000000602000000, 0x0000000602000000| Untracked 
|   6|0x0000000602400000, 0x0000000602400000, 0x0000000602800000|  0%| F|  |TAMS 0x0000000602400000, 0x0000000602400000| Untracked 
|   7|0x0000000602800000, 0x0000000602800000, 0x0000000602c00000|  0%| F|  |TAMS 0x0000000602800000, 0x0000000602800000| Untracked 
|   8|0x0000000602c00000, 0x0000000602c00000, 0x0000000603000000|  0%| F|  |TAMS 0x0000000602c00000, 0x0000000602c00000| Untracked 
|   9|0x0000000603000000, 0x0000000603000000, 0x0000000603400000|  0%| F|  |TAMS 0x0000000603000000, 0x0000000603000000| Untracked 
|  10|0x0000000603400000, 0x0000000603400000, 0x0000000603800000|  0%| F|  |TAMS 0x0000000603400000, 0x0000000603400000| Untracked 
|  11|0x0000000603800000, 0x0000000603800000, 0x0000000603c00000|  0%| F|  |TAMS 0x0000000603800000, 0x0000000603800000| Untracked 
|  12|0x0000000603c00000, 0x0000000603c00000, 0x0000000604000000|  0%| F|  |TAMS 0x0000000603c00000, 0x0000000603c00000| Untracked 
|  13|0x0000000604000000, 0x0000000604000000, 0x0000000604400000|  0%| F|  |TAMS 0x0000000604000000, 0x0000000604000000| Untracked 
|  14|0x0000000604400000, 0x0000000604400000, 0x0000000604800000|  0%| F|  |TAMS 0x0000000604400000, 0x0000000604400000| Untracked 
|  15|0x0000000604800000, 0x0000000604800000, 0x0000000604c00000|  0%| F|  |TAMS 0x0000000604800000, 0x0000000604800000| Untracked 
|  16|0x0000000604c00000, 0x0000000604c00000, 0x0000000605000000|  0%| F|  |TAMS 0x0000000604c00000, 0x0000000604c00000| Untracked 
|  17|0x0000000605000000, 0x0000000605000000, 0x0000000605400000|  0%| F|  |TAMS 0x0000000605000000, 0x0000000605000000| Untracked 
|  18|0x0000000605400000, 0x0000000605400000, 0x0000000605800000|  0%| F|  |TAMS 0x0000000605400000, 0x0000000605400000| Untracked 
|  19|0x0000000605800000, 0x0000000605800000, 0x0000000605c00000|  0%| F|  |TAMS 0x0000000605800000, 0x0000000605800000| Untracked 
|  20|0x0000000605c00000, 0x0000000605c00000, 0x0000000606000000|  0%| F|  |TAMS 0x0000000605c00000, 0x0000000605c00000| Untracked 
|  21|0x0000000606000000, 0x0000000606000000, 0x0000000606400000|  0%| F|  |TAMS 0x0000000606000000, 0x0000000606000000| Untracked 
|  22|0x0000000606400000, 0x0000000606400000, 0x0000000606800000|  0%| F|  |TAMS 0x0000000606400000, 0x0000000606400000| Untracked 
|  23|0x0000000606800000, 0x0000000606800000, 0x0000000606c00000|  0%| F|  |TAMS 0x0000000606800000, 0x0000000606800000| Untracked 
|  24|0x0000000606c00000, 0x0000000606c00000, 0x0000000607000000|  0%| F|  |TAMS 0x0000000606c00000, 0x0000000606c00000| Untracked 
|  25|0x0000000607000000, 0x0000000607000000, 0x0000000607400000|  0%| F|  |TAMS 0x0000000607000000, 0x0000000607000000| Untracked 
|  26|0x0000000607400000, 0x0000000607400000, 0x0000000607800000|  0%| F|  |TAMS 0x0000000607400000, 0x0000000607400000| Untracked 
|  27|0x0000000607800000, 0x0000000607800000, 0x0000000607c00000|  0%| F|  |TAMS 0x0000000607800000, 0x0000000607800000| Untracked 
|  28|0x0000000607c00000, 0x0000000607c00000, 0x0000000608000000|  0%| F|  |TAMS 0x0000000607c00000, 0x0000000607c00000| Untracked 
|  29|0x0000000608000000, 0x0000000608000000, 0x0000000608400000|  0%| F|  |TAMS 0x0000000608000000, 0x0000000608000000| Untracked 
|  30|0x0000000608400000, 0x0000000608400000, 0x0000000608800000|  0%| F|  |TAMS 0x0000000608400000, 0x0000000608400000| Untracked 
|  31|0x0000000608800000, 0x0000000608800000, 0x0000000608c00000|  0%| F|  |TAMS 0x0000000608800000, 0x0000000608800000| Untracked 
|  32|0x0000000608c00000, 0x0000000608c00000, 0x0000000609000000|  0%| F|  |TAMS 0x0000000608c00000, 0x0000000608c00000| Untracked 
|  33|0x0000000609000000, 0x0000000609000000, 0x0000000609400000|  0%| F|  |TAMS 0x0000000609000000, 0x0000000609000000| Untracked 
|  34|0x0000000609400000, 0x0000000609400000, 0x0000000609800000|  0%| F|  |TAMS 0x0000000609400000, 0x0000000609400000| Untracked 
|  35|0x0000000609800000, 0x0000000609800000, 0x0000000609c00000|  0%| F|  |TAMS 0x0000000609800000, 0x0000000609800000| Untracked 
|  36|0x0000000609c00000, 0x0000000609c00000, 0x000000060a000000|  0%| F|  |TAMS 0x0000000609c00000, 0x0000000609c00000| Untracked 
|  37|0x000000060a000000, 0x000000060a000000, 0x000000060a400000|  0%| F|  |TAMS 0x000000060a000000, 0x000000060a000000| Untracked 
|  38|0x000000060a400000, 0x000000060a400000, 0x000000060a800000|  0%| F|  |TAMS 0x000000060a400000, 0x000000060a400000| Untracked 
|  39|0x000000060a800000, 0x000000060a800000, 0x000000060ac00000|  0%| F|  |TAMS 0x000000060a800000, 0x000000060a800000| Untracked 
|  40|0x000000060ac00000, 0x000000060ac00000, 0x000000060b000000|  0%| F|  |TAMS 0x000000060ac00000, 0x000000060ac00000| Untracked 
|  41|0x000000060b000000, 0x000000060b000000, 0x000000060b400000|  0%| F|  |TAMS 0x000000060b000000, 0x000000060b000000| Untracked 
|  42|0x000000060b400000, 0x000000060b400000, 0x000000060b800000|  0%| F|  |TAMS 0x000000060b400000, 0x000000060b400000| Untracked 
|  43|0x000000060b800000, 0x000000060b800000, 0x000000060bc00000|  0%| F|  |TAMS 0x000000060b800000, 0x000000060b800000| Untracked 
|  44|0x000000060bc00000, 0x000000060bc00000, 0x000000060c000000|  0%| F|  |TAMS 0x000000060bc00000, 0x000000060bc00000| Untracked 
|  45|0x000000060c000000, 0x000000060c000000, 0x000000060c400000|  0%| F|  |TAMS 0x000000060c000000, 0x000000060c000000| Untracked 
|  46|0x000000060c400000, 0x000000060c400000, 0x000000060c800000|  0%| F|  |TAMS 0x000000060c400000, 0x000000060c400000| Untracked 
|  47|0x000000060c800000, 0x000000060c800000, 0x000000060cc00000|  0%| F|  |TAMS 0x000000060c800000, 0x000000060c800000| Untracked 
|  48|0x000000060cc00000, 0x000000060cc00000, 0x000000060d000000|  0%| F|  |TAMS 0x000000060cc00000, 0x000000060cc00000| Untracked 
|  49|0x000000060d000000, 0x000000060d000000, 0x000000060d400000|  0%| F|  |TAMS 0x000000060d000000, 0x000000060d000000| Untracked 
|  50|0x000000060d400000, 0x000000060d400000, 0x000000060d800000|  0%| F|  |TAMS 0x000000060d400000, 0x000000060d400000| Untracked 
|  51|0x000000060d800000, 0x000000060d800000, 0x000000060dc00000|  0%| F|  |TAMS 0x000000060d800000, 0x000000060d800000| Untracked 
|  52|0x000000060dc00000, 0x000000060dc00000, 0x000000060e000000|  0%| F|  |TAMS 0x000000060dc00000, 0x000000060dc00000| Untracked 
|  53|0x000000060e000000, 0x000000060e000000, 0x000000060e400000|  0%| F|  |TAMS 0x000000060e000000, 0x000000060e000000| Untracked 
|  54|0x000000060e400000, 0x000000060e400000, 0x000000060e800000|  0%| F|  |TAMS 0x000000060e400000, 0x000000060e400000| Untracked 
|  55|0x000000060e800000, 0x000000060e800000, 0x000000060ec00000|  0%| F|  |TAMS 0x000000060e800000, 0x000000060e800000| Untracked 
|  56|0x000000060ec00000, 0x000000060ec00000, 0x000000060f000000|  0%| F|  |TAMS 0x000000060ec00000, 0x000000060ec00000| Untracked 
|  57|0x000000060f000000, 0x000000060f000000, 0x000000060f400000|  0%| F|  |TAMS 0x000000060f000000, 0x000000060f000000| Untracked 
|  58|0x000000060f400000, 0x000000060f400000, 0x000000060f800000|  0%| F|  |TAMS 0x000000060f400000, 0x000000060f400000| Untracked 
|  59|0x000000060f800000, 0x000000060f800000, 0x000000060fc00000|  0%| F|  |TAMS 0x000000060f800000, 0x000000060f800000| Untracked 
|  60|0x000000060fc00000, 0x000000060fc00000, 0x0000000610000000|  0%| F|  |TAMS 0x000000060fc00000, 0x000000060fc00000| Untracked 
|  61|0x0000000610000000, 0x0000000610000000, 0x0000000610400000|  0%| F|  |TAMS 0x0000000610000000, 0x0000000610000000| Untracked 
|  62|0x0000000610400000, 0x0000000610400000, 0x0000000610800000|  0%| F|  |TAMS 0x0000000610400000, 0x0000000610400000| Untracked 
|  63|0x0000000610800000, 0x0000000610800000, 0x0000000610c00000|  0%| F|  |TAMS 0x0000000610800000, 0x0000000610800000| Untracked 
|  64|0x0000000610c00000, 0x0000000610c00000, 0x0000000611000000|  0%| F|  |TAMS 0x0000000610c00000, 0x0000000610c00000| Untracked 
|  65|0x0000000611000000, 0x0000000611000000, 0x0000000611400000|  0%| F|  |TAMS 0x0000000611000000, 0x0000000611000000| Untracked 
|  66|0x0000000611400000, 0x0000000611400000, 0x0000000611800000|  0%| F|  |TAMS 0x0000000611400000, 0x0000000611400000| Untracked 
|  67|0x0000000611800000, 0x0000000611800000, 0x0000000611c00000|  0%| F|  |TAMS 0x0000000611800000, 0x0000000611800000| Untracked 
|  68|0x0000000611c00000, 0x0000000611c00000, 0x0000000612000000|  0%| F|  |TAMS 0x0000000611c00000, 0x0000000611c00000| Untracked 
|  69|0x0000000612000000, 0x0000000612000000, 0x0000000612400000|  0%| F|  |TAMS 0x0000000612000000, 0x0000000612000000| Untracked 
|  70|0x0000000612400000, 0x0000000612400000, 0x0000000612800000|  0%| F|  |TAMS 0x0000000612400000, 0x0000000612400000| Untracked 
|  71|0x0000000612800000, 0x0000000612800000, 0x0000000612c00000|  0%| F|  |TAMS 0x0000000612800000, 0x0000000612800000| Untracked 
|  72|0x0000000612c00000, 0x0000000612c00000, 0x0000000613000000|  0%| F|  |TAMS 0x0000000612c00000, 0x0000000612c00000| Untracked 
|  73|0x0000000613000000, 0x0000000613000000, 0x0000000613400000|  0%| F|  |TAMS 0x0000000613000000, 0x0000000613000000| Untracked 
|  74|0x0000000613400000, 0x0000000613400000, 0x0000000613800000|  0%| F|  |TAMS 0x0000000613400000, 0x0000000613400000| Untracked 
|  75|0x0000000613800000, 0x0000000613800000, 0x0000000613c00000|  0%| F|  |TAMS 0x0000000613800000, 0x0000000613800000| Untracked 
|  76|0x0000000613c00000, 0x0000000613c00000, 0x0000000614000000|  0%| F|  |TAMS 0x0000000613c00000, 0x0000000613c00000| Untracked 
|  77|0x0000000614000000, 0x0000000614000000, 0x0000000614400000|  0%| F|  |TAMS 0x0000000614000000, 0x0000000614000000| Untracked 
|  78|0x0000000614400000, 0x0000000614400000, 0x0000000614800000|  0%| F|  |TAMS 0x0000000614400000, 0x0000000614400000| Untracked 
|  79|0x0000000614800000, 0x0000000614800000, 0x0000000614c00000|  0%| F|  |TAMS 0x0000000614800000, 0x0000000614800000| Untracked 
|  80|0x0000000614c00000, 0x0000000614c00000, 0x0000000615000000|  0%| F|  |TAMS 0x0000000614c00000, 0x0000000614c00000| Untracked 
|  81|0x0000000615000000, 0x0000000615000000, 0x0000000615400000|  0%| F|  |TAMS 0x0000000615000000, 0x0000000615000000| Untracked 
|  82|0x0000000615400000, 0x0000000615400000, 0x0000000615800000|  0%| F|  |TAMS 0x0000000615400000, 0x0000000615400000| Untracked 
|  83|0x0000000615800000, 0x0000000615800000, 0x0000000615c00000|  0%| F|  |TAMS 0x0000000615800000, 0x0000000615800000| Untracked 
|  84|0x0000000615c00000, 0x0000000615c00000, 0x0000000616000000|  0%| F|  |TAMS 0x0000000615c00000, 0x0000000615c00000| Untracked 
|  85|0x0000000616000000, 0x0000000616000000, 0x0000000616400000|  0%| F|  |TAMS 0x0000000616000000, 0x0000000616000000| Untracked 
|  86|0x0000000616400000, 0x0000000616400000, 0x0000000616800000|  0%| F|  |TAMS 0x0000000616400000, 0x0000000616400000| Untracked 
|  87|0x0000000616800000, 0x0000000616800000, 0x0000000616c00000|  0%| F|  |TAMS 0x0000000616800000, 0x0000000616800000| Untracked 
|  88|0x0000000616c00000, 0x0000000616c00000, 0x0000000617000000|  0%| F|  |TAMS 0x0000000616c00000, 0x0000000616c00000| Untracked 
|  89|0x0000000617000000, 0x0000000617000000, 0x0000000617400000|  0%| F|  |TAMS 0x0000000617000000, 0x0000000617000000| Untracked 
|  90|0x0000000617400000, 0x0000000617400000, 0x0000000617800000|  0%| F|  |TAMS 0x0000000617400000, 0x0000000617400000| Untracked 
|  91|0x0000000617800000, 0x0000000617800000, 0x0000000617c00000|  0%| F|  |TAMS 0x0000000617800000, 0x0000000617800000| Untracked 
|  92|0x0000000617c00000, 0x0000000617c00000, 0x0000000618000000|  0%| F|  |TAMS 0x0000000617c00000, 0x0000000617c00000| Untracked 
|  93|0x0000000618000000, 0x0000000618000000, 0x0000000618400000|  0%| F|  |TAMS 0x0000000618000000, 0x0000000618000000| Untracked 
|  94|0x0000000618400000, 0x0000000618400000, 0x0000000618800000|  0%| F|  |TAMS 0x0000000618400000, 0x0000000618400000| Untracked 
|  95|0x0000000618800000, 0x0000000618800000, 0x0000000618c00000|  0%| F|  |TAMS 0x0000000618800000, 0x0000000618800000| Untracked 
|  96|0x0000000618c00000, 0x0000000618c00000, 0x0000000619000000|  0%| F|  |TAMS 0x0000000618c00000, 0x0000000618c00000| Untracked 
|  97|0x0000000619000000, 0x0000000619000000, 0x0000000619400000|  0%| F|  |TAMS 0x0000000619000000, 0x0000000619000000| Untracked 
|  98|0x0000000619400000, 0x0000000619400000, 0x0000000619800000|  0%| F|  |TAMS 0x0000000619400000, 0x0000000619400000| Untracked 
|  99|0x0000000619800000, 0x0000000619800000, 0x0000000619c00000|  0%| F|  |TAMS 0x0000000619800000, 0x0000000619800000| Untracked 
| 100|0x0000000619c00000, 0x0000000619c00000, 0x000000061a000000|  0%| F|  |TAMS 0x0000000619c00000, 0x0000000619c00000| Untracked 
| 101|0x000000061a000000, 0x000000061a000000, 0x000000061a400000|  0%| F|  |TAMS 0x000000061a000000, 0x000000061a000000| Untracked 
| 102|0x000000061a400000, 0x000000061a400000, 0x000000061a800000|  0%| F|  |TAMS 0x000000061a400000, 0x000000061a400000| Untracked 
| 103|0x000000061a800000, 0x000000061a800000, 0x000000061ac00000|  0%| F|  |TAMS 0x000000061a800000, 0x000000061a800000| Untracked 
| 104|0x000000061ac00000, 0x000000061ac00000, 0x000000061b000000|  0%| F|  |TAMS 0x000000061ac00000, 0x000000061ac00000| Untracked 
| 105|0x000000061b000000, 0x000000061b000000, 0x000000061b400000|  0%| F|  |TAMS 0x000000061b000000, 0x000000061b000000| Untracked 
| 106|0x000000061b400000, 0x000000061b400000, 0x000000061b800000|  0%| F|  |TAMS 0x000000061b400000, 0x000000061b400000| Untracked 
| 107|0x000000061b800000, 0x000000061b800000, 0x000000061bc00000|  0%| F|  |TAMS 0x000000061b800000, 0x000000061b800000| Untracked 
| 108|0x000000061bc00000, 0x000000061bc00000, 0x000000061c000000|  0%| F|  |TAMS 0x000000061bc00000, 0x000000061bc00000| Untracked 
| 109|0x000000061c000000, 0x000000061c000000, 0x000000061c400000|  0%| F|  |TAMS 0x000000061c000000, 0x000000061c000000| Untracked 
| 110|0x000000061c400000, 0x000000061c400000, 0x000000061c800000|  0%| F|  |TAMS 0x000000061c400000, 0x000000061c400000| Untracked 
| 111|0x000000061c800000, 0x000000061c800000, 0x000000061cc00000|  0%| F|  |TAMS 0x000000061c800000, 0x000000061c800000| Untracked 
| 112|0x000000061cc00000, 0x000000061cc00000, 0x000000061d000000|  0%| F|  |TAMS 0x000000061cc00000, 0x000000061cc00000| Untracked 
| 113|0x000000061d000000, 0x000000061d000000, 0x000000061d400000|  0%| F|  |TAMS 0x000000061d000000, 0x000000061d000000| Untracked 
| 114|0x000000061d400000, 0x000000061d400000, 0x000000061d800000|  0%| F|  |TAMS 0x000000061d400000, 0x000000061d400000| Untracked 
| 115|0x000000061d800000, 0x000000061d800000, 0x000000061dc00000|  0%| F|  |TAMS 0x000000061d800000, 0x000000061d800000| Untracked 
| 116|0x000000061dc00000, 0x000000061dc00000, 0x000000061e000000|  0%| F|  |TAMS 0x000000061dc00000, 0x000000061dc00000| Untracked 
| 117|0x000000061e000000, 0x000000061e000000, 0x000000061e400000|  0%| F|  |TAMS 0x000000061e000000, 0x000000061e000000| Untracked 
| 118|0x000000061e400000, 0x000000061e400000, 0x000000061e800000|  0%| F|  |TAMS 0x000000061e400000, 0x000000061e400000| Untracked 
| 119|0x000000061e800000, 0x000000061e800000, 0x000000061ec00000|  0%| F|  |TAMS 0x000000061e800000, 0x000000061e800000| Untracked 
| 120|0x000000061ec00000, 0x000000061ec00000, 0x000000061f000000|  0%| F|  |TAMS 0x000000061ec00000, 0x000000061ec00000| Untracked 
| 121|0x000000061f000000, 0x000000061f299d28, 0x000000061f400000| 65%| S|CS|TAMS 0x000000061f000000, 0x000000061f000000| Complete 
| 122|0x000000061f400000, 0x000000061f400000, 0x000000061f800000|  0%| F|  |TAMS 0x000000061f400000, 0x000000061f400000| Untracked 
| 123|0x000000061f800000, 0x000000061f800000, 0x000000061fc00000|  0%| F|  |TAMS 0x000000061f800000, 0x000000061f800000| Untracked 
| 124|0x000000061fc00000, 0x000000061fc9bc30, 0x0000000620000000| 15%| E|  |TAMS 0x000000061fc00000, 0x000000061fc00000| Complete 
| 125|0x0000000620000000, 0x0000000620400000, 0x0000000620400000|100%| E|CS|TAMS 0x0000000620000000, 0x0000000620000000| Complete 
| 126|0x0000000620400000, 0x0000000620800000, 0x0000000620800000|100%| E|CS|TAMS 0x0000000620400000, 0x0000000620400000| Complete 
| 127|0x0000000620800000, 0x0000000620c00000, 0x0000000620c00000|100%| E|CS|TAMS 0x0000000620800000, 0x0000000620800000| Complete 

Card table byte_map: [0x0000017bb4340000,0x0000017bb5340000] _byte_map_base: 0x0000017bb133a000

Marking Bits (Prev, Next): (CMBitMap*) 0x0000017b9a741de0, (CMBitMap*) 0x0000017b9a741e20
 Prev Bits: [0x0000017bb6340000, 0x0000017bbe310000)
 Next Bits: [0x0000017bbe310000, 0x0000017bc62e0000)

Polling page: 0x0000017b9a7a0000

Metaspace:

Usage:
  Non-class:      7.33 MB used.
      Class:    487.89 KB used.
       Both:      7.80 MB used.

Virtual space:
  Non-class space:       16.00 MB reserved,       7.44 MB ( 46%) committed,  2 nodes.
      Class space:        1.00 GB reserved,     576.00 KB ( <1%) committed,  1 nodes.
             Both:        1.02 GB reserved,       8.00 MB ( <1%) committed. 

Chunk freelists:
   Non-Class:  3.09 MB
       Class:  3.47 MB
        Both:  6.56 MB

MaxMetaspaceSize: unlimited
CompressedClassSpaceSize: 1.00 GB
Initial GC threshold: 21.00 MB
Current GC threshold: 21.00 MB
CDS: on
MetaspaceReclaimPolicy: balanced
 - commit_granule_bytes: 65536.
 - commit_granule_words: 8192.
 - virtual_space_node_default_size: 1048576.
 - enlarge_chunks_in_place: 1.
 - new_chunks_are_fully_committed: 0.
 - uncommit_free_chunks: 1.
 - use_allocation_guard: 0.
 - handle_deallocations: 1.


Internal statistics:

num_allocs_failed_limit: 0.
num_arena_births: 74.
num_arena_deaths: 0.
num_vsnodes_births: 3.
num_vsnodes_deaths: 0.
num_space_committed: 126.
num_space_uncommitted: 0.
num_chunks_returned_to_freelist: 0.
num_chunks_taken_from_freelist: 279.
num_chunk_merges: 0.
num_chunk_splits: 207.
num_chunks_enlarged: 167.
num_purges: 0.
num_inconsistent_stats: 0.

CodeHeap 'non-profiled nmethods': size=120000Kb used=409Kb max_used=409Kb free=119590Kb
 bounds [0x0000017bab170000, 0x0000017bab3e0000, 0x0000017bb26a0000]
CodeHeap 'profiled nmethods': size=120000Kb used=2168Kb max_used=2168Kb free=117831Kb
 bounds [0x0000017ba3c40000, 0x0000017ba3eb0000, 0x0000017bab170000]
CodeHeap 'non-nmethods': size=5760Kb used=1764Kb max_used=1781Kb free=3995Kb
 bounds [0x0000017ba36a0000, 0x0000017ba3910000, 0x0000017ba3c40000]
 total_blobs=2371 nmethods=1212 adapters=1072
 compilation: enabled
              stopped_count=0, restarted_count=0
 full_count=0

Compilation events (20 events):
Event: 25.674 Thread 0x0000017bc9c10150 1202       4       imgui.glfw.ImGuiImplGlfw::updateMousePosAndButtons (302 bytes)
Event: 25.678 Thread 0x0000017bc9c10150 nmethod 1202 0x0000017bab1d2790 code [0x0000017bab1d2a40, 0x0000017bab1d31c8]
Event: 25.694 Thread 0x0000017bc9c10150 1203       4       imgui.ImGuiIO::hasConfigFlags (15 bytes)
Event: 25.694 Thread 0x0000017bc9c10150 nmethod 1203 0x0000017bab1d3b10 code [0x0000017bab1d3ca0, 0x0000017bab1d3d68]
Event: 29.176 Thread 0x0000017bc9c10150 1204       4       java.util.ArrayList$Itr::next (66 bytes)
Event: 29.177 Thread 0x0000017bc9c10150 nmethod 1204 0x0000017bab1d3e10 code [0x0000017bab1d3fa0, 0x0000017bab1d4138]
Event: 29.858 Thread 0x0000017bc9c10150 1205       4       kotlin.jvm.internal.Intrinsics::checkNotNullExpressionValue (38 bytes)
Event: 29.858 Thread 0x0000017bc9c10150 nmethod 1205 0x0000017bab1d4290 code [0x0000017bab1d4400, 0x0000017bab1d4478]
Event: 30.507 Thread 0x0000017bc9c10150 1206       4       org.lwjgl.opengl.GL20::glVertexAttribPointer (12 bytes)
Event: 30.507 Thread 0x0000017bc9c10150 nmethod 1206 0x0000017bab1d4590 code [0x0000017bab1d4720, 0x0000017bab1d47c8]
Event: 66.106 Thread 0x0000017bc9c10150 1207       4       _0_1.wrightglPackage.WrightGL$FB$Companion::bind (194 bytes)
Event: 66.106 Thread 0x0000017bc9c11b50 1208       3       _0_1.enginePackage.Engine::finishFrame (441 bytes)
Event: 66.108 Thread 0x0000017bc9c11b50 nmethod 1208 0x0000017ba3e59090 code [0x0000017ba3e59640, 0x0000017ba3e5c698]
Event: 66.111 Thread 0x0000017bc9c10150 nmethod 1207 0x0000017bab1d4890 code [0x0000017bab1d4aa0, 0x0000017bab1d55e8]
Event: 66.847 Thread 0x0000017bc9c11b50 1209       3       org.lwjgl.system.dyncall.DynCallback::dcbArgDouble (16 bytes)
Event: 66.847 Thread 0x0000017bc9c11b50 nmethod 1209 0x0000017ba3e5d890 code [0x0000017ba3e5da60, 0x0000017ba3e5dcf8]
Event: 70.649 Thread 0x0000017bc9c10150 1211   !   4       org.lwjgl.system.MemoryUtil::wrap (78 bytes)
Event: 70.650 Thread 0x0000017bc9c10150 nmethod 1211 0x0000017bab1d6110 code [0x0000017bab1d62a0, 0x0000017bab1d64f8]
Event: 73.741 Thread 0x0000017bc9c11b50 1212       3       java.io.InputStream::read (9 bytes)
Event: 73.741 Thread 0x0000017bc9c11b50 nmethod 1212 0x0000017ba3e5de10 code [0x0000017ba3e5dfc0, 0x0000017ba3e5e1a8]

GC Heap History (2 events):
Event: 1.037 GC heap before
{Heap before GC invocations=0 (full 0):
 garbage-first heap   total 524288K, used 24576K [0x0000000600c00000, 0x0000000800000000)
  region size 4096K, 6 young (24576K), 0 survivors (0K)
 Metaspace       used 6313K, committed 6528K, reserved 1056768K
  class space    used 408K, committed 512K, reserved 1048576K
}
Event: 1.040 GC heap after
{Heap after GC invocations=1 (full 0):
 garbage-first heap   total 524288K, used 2663K [0x0000000600c00000, 0x0000000800000000)
  region size 4096K, 1 young (4096K), 1 survivors (4096K)
 Metaspace       used 6313K, committed 6528K, reserved 1056768K
  class space    used 408K, committed 512K, reserved 1048576K
}

Deoptimization events (20 events):
Event: 0.228 Thread 0x0000017b9a6cb280 DEOPT PACKING pc=0x0000017ba3cabc56 sp=0x00000061c1afc890
Event: 0.228 Thread 0x0000017b9a6cb280 DEOPT UNPACKING pc=0x0000017ba36f2b43 sp=0x00000061c1afbd48 mode 0
Event: 0.256 Thread 0x0000017b9a6cb280 Uncommon trap: trap_request=0xffffff45 fr.pc=0x0000017bab1852e8 relative=0x0000000000000068
Event: 0.256 Thread 0x0000017b9a6cb280 Uncommon trap: reason=unstable_if action=reinterpret pc=0x0000017bab1852e8 method=java.io.WinNTFileSystem.isSlash(C)Z @ 9 c2
Event: 0.256 Thread 0x0000017b9a6cb280 DEOPT PACKING pc=0x0000017bab1852e8 sp=0x00000061c1afdca0
Event: 0.256 Thread 0x0000017b9a6cb280 DEOPT UNPACKING pc=0x0000017ba36f23a3 sp=0x00000061c1afdc38 mode 2
Event: 0.265 Thread 0x0000017b9a6cb280 Uncommon trap: trap_request=0xffffff45 fr.pc=0x0000017bab17cf04 relative=0x0000000000000b24
Event: 0.265 Thread 0x0000017b9a6cb280 Uncommon trap: reason=unstable_if action=reinterpret pc=0x0000017bab17cf04 method=java.util.HashMap.putVal(ILjava/lang/Object;Ljava/lang/Object;ZZ)Ljava/lang/Object; @ 181 c2
Event: 0.265 Thread 0x0000017b9a6cb280 DEOPT PACKING pc=0x0000017bab17cf04 sp=0x00000061c1afd1a0
Event: 0.265 Thread 0x0000017b9a6cb280 DEOPT UNPACKING pc=0x0000017ba36f23a3 sp=0x00000061c1afd150 mode 2
Event: 0.402 Thread 0x0000017b9a6cb280 DEOPT PACKING pc=0x0000017ba3c96cd7 sp=0x00000061c1afcdf0
Event: 0.402 Thread 0x0000017b9a6cb280 DEOPT UNPACKING pc=0x0000017ba36f2b43 sp=0x00000061c1afc250 mode 0
Event: 0.403 Thread 0x0000017b9a6cb280 DEOPT PACKING pc=0x0000017ba3d65304 sp=0x00000061c1afcaa0
Event: 0.403 Thread 0x0000017b9a6cb280 DEOPT UNPACKING pc=0x0000017ba36f2b43 sp=0x00000061c1afbf38 mode 1
Event: 0.403 Thread 0x0000017b9a6cb280 DEOPT PACKING pc=0x0000017ba3d647dc sp=0x00000061c1afcb70
Event: 0.403 Thread 0x0000017b9a6cb280 DEOPT UNPACKING pc=0x0000017ba36f2b43 sp=0x00000061c1afc028 mode 1
Event: 1.046 Thread 0x0000017b9a6cb280 Uncommon trap: trap_request=0xffffff54 fr.pc=0x0000017bab1afe6c relative=0x000000000000006c
Event: 1.046 Thread 0x0000017b9a6cb280 Uncommon trap: reason=speculate_null_assert action=make_not_entrant pc=0x0000017bab1afe6c method=sun.misc.Unsafe.putLong(Ljava/lang/Object;JJ)V @ 7 c2
Event: 1.046 Thread 0x0000017b9a6cb280 DEOPT PACKING pc=0x0000017bab1afe6c sp=0x00000061c1afebd0
Event: 1.046 Thread 0x0000017b9a6cb280 DEOPT UNPACKING pc=0x0000017ba36f23a3 sp=0x00000061c1afeb68 mode 2

Classes unloaded (0 events):
No events

Classes redefined (0 events):
No events

Internal exceptions (20 events):
Event: 0.362 Thread 0x0000017b9a6cb280 Exception <a 'java/lang/NoSuchMethodError'{0x000000061fcd8a70}: 'java.lang.Object java.lang.invoke.DirectMethodHandle$Holder.invokeStaticInit(java.lang.Object)'> (0x000000061fcd8a70) 
thrown [t:\workspace\open\src\hotspot\share\interpreter\linkResolver.cpp, line 766]
Event: 0.369 Thread 0x0000017b9a6cb280 Exception <a 'java/lang/NoSuchMethodError'{0x000000061fd65cd0}: 'void java.lang.invoke.DirectMethodHandle$Holder.invokeStatic(java.lang.Object, java.lang.Object)'> (0x000000061fd65cd0) 
thrown [t:\workspace\open\src\hotspot\share\interpreter\linkResolver.cpp, line 766]
Event: 0.369 Thread 0x0000017b9a6cb280 Exception <a 'java/lang/NoSuchMethodError'{0x000000061fd6f338}: 'void java.lang.invoke.DirectMethodHandle$Holder.invokeSpecial(java.lang.Object, java.lang.Object, java.lang.Object)'> (0x000000061fd6f338) 
thrown [t:\workspace\open\src\hotspot\share\interpreter\linkResolver.cpp, line 766]
Event: 0.371 Thread 0x0000017b9a6cb280 Exception <a 'java/lang/NoSuchMethodError'{0x000000061fd8d680}: 'java.lang.Object java.lang.invoke.DirectMethodHandle$Holder.invokeStatic(java.lang.Object, java.lang.Object, int)'> (0x000000061fd8d680) 
thrown [t:\workspace\open\src\hotspot\share\interpreter\linkResolver.cpp, line 766]
Event: 0.372 Thread 0x0000017b9a6cb280 Exception <a 'java/lang/NoSuchMethodError'{0x000000061fd99370}: 'void java.lang.invoke.DelegatingMethodHandle$Holder.delegate(java.lang.Object, java.lang.Object, int, java.lang.Object)'> (0x000000061fd99370) 
thrown [t:\workspace\open\src\hotspot\share\interpreter\linkResolver.cpp, line 766]
Event: 0.372 Thread 0x0000017b9a6cb280 Exception <a 'java/lang/NoSuchMethodError'{0x000000061fd9d358}: 'int java.lang.invoke.DirectMethodHandle$Holder.invokeSpecial(java.lang.Object, java.lang.Object, java.lang.Object)'> (0x000000061fd9d358) 
thrown [t:\workspace\open\src\hotspot\share\interpreter\linkResolver.cpp, line 766]
Event: 0.394 Thread 0x0000017b9a6cb280 Exception <a 'sun/nio/fs/WindowsException'{0x000000061fe698b0}> (0x000000061fe698b0) 
thrown [t:\workspace\open\src\hotspot\share\prims\jni.cpp, line 516]
Event: 0.394 Thread 0x0000017b9a6cb280 Exception <a 'sun/nio/fs/WindowsException'{0x000000061fe69c00}> (0x000000061fe69c00) 
thrown [t:\workspace\open\src\hotspot\share\prims\jni.cpp, line 516]
Event: 0.413 Thread 0x0000017b9a6cb280 Exception <a 'sun/nio/fs/WindowsException'{0x000000061ff6d618}> (0x000000061ff6d618) 
thrown [t:\workspace\open\src\hotspot\share\prims\jni.cpp, line 516]
Event: 0.413 Thread 0x0000017b9a6cb280 Exception <a 'sun/nio/fs/WindowsException'{0x000000061ff6d978}> (0x000000061ff6d978) 
thrown [t:\workspace\open\src\hotspot\share\prims\jni.cpp, line 516]
Event: 0.947 Thread 0x0000017b9a6cb280 Exception <a 'sun/nio/fs/WindowsException'{0x000000061f8427f0}> (0x000000061f8427f0) 
thrown [t:\workspace\open\src\hotspot\share\prims\jni.cpp, line 516]
Event: 0.947 Thread 0x0000017b9a6cb280 Exception <a 'sun/nio/fs/WindowsException'{0x000000061f842b90}> (0x000000061f842b90) 
thrown [t:\workspace\open\src\hotspot\share\prims\jni.cpp, line 516]
Event: 0.951 Thread 0x0000017b9a6cb280 Exception <a 'sun/nio/fs/WindowsException'{0x000000061f84b328}> (0x000000061f84b328) 
thrown [t:\workspace\open\src\hotspot\share\prims\jni.cpp, line 516]
Event: 0.951 Thread 0x0000017b9a6cb280 Exception <a 'sun/nio/fs/WindowsException'{0x000000061f84b5f8}> (0x000000061f84b5f8) 
thrown [t:\workspace\open\src\hotspot\share\prims\jni.cpp, line 516]
Event: 1.091 Thread 0x0000017b9a6cb280 Exception <a 'sun/nio/fs/WindowsException'{0x0000000620a2df48}> (0x0000000620a2df48) 
thrown [t:\workspace\open\src\hotspot\share\prims\jni.cpp, line 516]
Event: 1.184 Thread 0x0000017b9a6cb280 Exception <a 'java/lang/NoSuchMethodError'{0x0000000620ac24f0}: 'void java.lang.invoke.DirectMethodHandle$Holder.invokeVirtual(java.lang.Object, java.lang.Object, long, int, int, int)'> (0x0000000620ac24f0) 
thrown [t:\workspace\open\src\hotspot\share\interpreter\linkResolver.cpp, line 766]
Event: 1.185 Thread 0x0000017b9a6cb280 Exception <a 'java/lang/NoSuchMethodError'{0x0000000620ac8238}: 'void java.lang.invoke.DirectMethodHandle$Holder.invokeVirtual(java.lang.Object, java.lang.Object, long, double, double)'> (0x0000000620ac8238) 
thrown [t:\workspace\open\src\hotspot\share\interpreter\linkResolver.cpp, line 766]
Event: 1.205 Thread 0x0000017b9a6cb280 Exception <a 'sun/nio/fs/WindowsException'{0x0000000620434a70}> (0x0000000620434a70) 
thrown [t:\workspace\open\src\hotspot\share\prims\jni.cpp, line 516]
Event: 1.205 Thread 0x0000017b9a6cb280 Exception <a 'sun/nio/fs/WindowsException'{0x0000000620434e10}> (0x0000000620434e10) 
thrown [t:\workspace\open\src\hotspot\share\prims\jni.cpp, line 516]
Event: 1.243 Thread 0x0000017b9a6cb280 Exception <a 'java/lang/NoSuchMethodError'{0x00000006205efea0}: 'void java.lang.invoke.DirectMethodHandle$Holder.invokeStatic(java.lang.Object, java.lang.Object, java.lang.Object)'> (0x00000006205efea0) 
thrown [t:\workspace\open\src\hotspot\share\interpreter\linkResolver.cpp, line 766]

VM Operations (20 events):
Event: 19.126 Executing VM operation: get/set locals
Event: 19.126 Executing VM operation: get/set locals done
Event: 19.126 Executing VM operation: get/set locals
Event: 19.126 Executing VM operation: get/set locals done
Event: 19.126 Executing VM operation: get/set locals
Event: 19.126 Executing VM operation: get/set locals done
Event: 19.284 Executing VM operation: get/set locals
Event: 19.284 Executing VM operation: get/set locals done
Event: 20.286 Executing VM operation: Cleanup
Event: 20.286 Executing VM operation: Cleanup done
Event: 27.083 Executing VM operation: ChangeBreakpoints
Event: 27.083 Executing VM operation: ChangeBreakpoints done
Event: 30.122 Executing VM operation: Cleanup
Event: 30.122 Executing VM operation: Cleanup done
Event: 30.732 Executing VM operation: get/set locals
Event: 30.732 Executing VM operation: get/set locals done
Event: 40.571 Executing VM operation: ChangeBreakpoints
Event: 40.571 Executing VM operation: ChangeBreakpoints done
Event: 65.864 Executing VM operation: Cleanup
Event: 65.864 Executing VM operation: Cleanup done

Events (20 events):
Event: 1.245 loading class _0_1.wrightglPackage/WrightGL$FB$Target
Event: 1.245 loading class _0_1.wrightglPackage/WrightGL$FB$Target done
Event: 1.246 loading class _0_1.wrightglPackage/WrightGL$UniformType
Event: 1.246 loading class _0_1.wrightglPackage/WrightGL$UniformType done
Event: 1.247 loading class _0_1.mathPackage/Vec3
Event: 1.247 loading class _0_1.mathPackage/Vec3 done
Event: 1.247 loading class _0_1.mathPackage/Mat4$Axis
Event: 1.247 loading class _0_1.mathPackage/Mat4$Axis done
Event: 18.950 loading class java/util/concurrent/LinkedBlockingDeque$Node
Event: 18.950 loading class java/util/concurrent/LinkedBlockingDeque$Node done
Event: 18.950 loading class java/util/concurrent/locks/AbstractQueuedSynchronizer$ExclusiveNode
Event: 18.950 loading class java/util/concurrent/locks/AbstractQueuedSynchronizer$ExclusiveNode done
Event: 19.295 loading class com/intellij/rt/debugger/BatchEvaluatorServer
Event: 19.295 loading class com/intellij/rt/debugger/BatchEvaluatorServer done
Event: 19.303 loading class java/io/DataOutputStream
Event: 19.303 loading class java/io/DataOutputStream done
Event: 73.748 loading class org/lwjgl/system/MultiReleaseTextDecoding
Event: 73.748 loading class org/lwjgl/system/MultiReleaseTextDecoding done
Event: 73.749 loading class imgui/type/ImBoolean
Event: 73.749 loading class imgui/type/ImBoolean done


Dynamic libraries:
0x00007ff7eadf0000 - 0x00007ff7eae00000 	C:\Program Files\Java\jdk-17\bin\java.exe
0x00007ffe99e70000 - 0x00007ffe9a065000 	C:\WINDOWS\SYSTEM32\ntdll.dll
0x00007ffe98b20000 - 0x00007ffe98bde000 	C:\WINDOWS\System32\KERNEL32.DLL
0x00007ffe97870000 - 0x00007ffe97b39000 	C:\WINDOWS\System32\KERNELBASE.dll
0x00007ffe97590000 - 0x00007ffe97690000 	C:\WINDOWS\System32\ucrtbase.dll
0x00007ffe73410000 - 0x00007ffe7342a000 	C:\Program Files\Java\jdk-17\bin\VCRUNTIME140.dll
0x00007ffe733f0000 - 0x00007ffe73408000 	C:\Program Files\Java\jdk-17\bin\jli.dll
0x00007ffe99400000 - 0x00007ffe994ac000 	C:\WINDOWS\System32\ADVAPI32.dll
0x00007ffe98520000 - 0x00007ffe985be000 	C:\WINDOWS\System32\msvcrt.dll
0x00007ffe98480000 - 0x00007ffe9851b000 	C:\WINDOWS\System32\sechost.dll
0x00007ffe97ed0000 - 0x00007ffe97ffa000 	C:\WINDOWS\System32\RPCRT4.dll
0x00007ffe98000000 - 0x00007ffe981a1000 	C:\WINDOWS\System32\USER32.dll
0x00007ffe97c50000 - 0x00007ffe97c72000 	C:\WINDOWS\System32\win32u.dll
0x00007ffe86590000 - 0x00007ffe8682a000 	C:\WINDOWS\WinSxS\amd64_microsoft.windows.common-controls_6595b64144ccf1df_6.0.19041.1110_none_60b5254171f9507e\COMCTL32.dll
0x00007ffe993d0000 - 0x00007ffe993fb000 	C:\WINDOWS\System32\GDI32.dll
0x00007ffe97b40000 - 0x00007ffe97c4b000 	C:\WINDOWS\System32\gdi32full.dll
0x00007ffe97740000 - 0x00007ffe977dd000 	C:\WINDOWS\System32\msvcp_win.dll
0x00007ffe92a50000 - 0x00007ffe92a5a000 	C:\WINDOWS\SYSTEM32\VERSION.dll
0x00007ffe98bf0000 - 0x00007ffe98c20000 	C:\WINDOWS\System32\IMM32.DLL
0x00007ffe79f10000 - 0x00007ffe79f1c000 	C:\Program Files\Java\jdk-17\bin\vcruntime140_1.dll
0x00007ffe5f7e0000 - 0x00007ffe5f86d000 	C:\Program Files\Java\jdk-17\bin\msvcp140.dll
0x00007ffde1970000 - 0x00007ffde252e000 	C:\Program Files\Java\jdk-17\bin\server\jvm.dll
0x00007ffe97ec0000 - 0x00007ffe97ec8000 	C:\WINDOWS\System32\PSAPI.DLL
0x00007ffe92d60000 - 0x00007ffe92d69000 	C:\WINDOWS\SYSTEM32\WSOCK32.dll
0x00007ffe8a2c0000 - 0x00007ffe8a2e7000 	C:\WINDOWS\SYSTEM32\WINMM.dll
0x00007ffe98c20000 - 0x00007ffe98c8b000 	C:\WINDOWS\System32\WS2_32.dll
0x00007ffe954b0000 - 0x00007ffe954c2000 	C:\WINDOWS\SYSTEM32\kernel.appcore.dll
0x00007ffe78ea0000 - 0x00007ffe78eaa000 	C:\Program Files\Java\jdk-17\bin\jimage.dll
0x00007ffe8fb80000 - 0x00007ffe8fd64000 	C:\WINDOWS\SYSTEM32\DBGHELP.DLL
0x00007ffe88070000 - 0x00007ffe8809c000 	C:\WINDOWS\SYSTEM32\dbgcore.DLL
0x00007ffe977e0000 - 0x00007ffe97863000 	C:\WINDOWS\System32\bcryptPrimitives.dll
0x00007ffe67d80000 - 0x00007ffe67dbb000 	C:\Program Files\Java\jdk-17\bin\jdwp.dll
0x00007ffe70cf0000 - 0x00007ffe70cfe000 	C:\Program Files\Java\jdk-17\bin\instrument.dll
0x00007ffe70d00000 - 0x00007ffe70d25000 	C:\Program Files\Java\jdk-17\bin\java.dll
0x00007ffe5f660000 - 0x00007ffe5f736000 	C:\Program Files\Java\jdk-17\bin\svml.dll
0x00007ffe98c90000 - 0x00007ffe993cf000 	C:\WINDOWS\System32\SHELL32.dll
0x00007ffe956b0000 - 0x00007ffe95e40000 	C:\WINDOWS\SYSTEM32\windows.storage.dll
0x00007ffe994b0000 - 0x00007ffe99805000 	C:\WINDOWS\System32\combase.dll
0x00007ffe96fe0000 - 0x00007ffe9700c000 	C:\WINDOWS\SYSTEM32\Wldp.dll
0x00007ffe981b0000 - 0x00007ffe9825d000 	C:\WINDOWS\System32\SHCORE.dll
0x00007ffe98420000 - 0x00007ffe98475000 	C:\WINDOWS\System32\shlwapi.dll
0x00007ffe974d0000 - 0x00007ffe974ef000 	C:\WINDOWS\SYSTEM32\profapi.dll
0x00007ffe70cd0000 - 0x00007ffe70cdc000 	C:\Program Files\Java\jdk-17\bin\dt_socket.dll
0x00007ffe969e0000 - 0x00007ffe96a1b000 	C:\WINDOWS\SYSTEM32\IPHLPAPI.DLL
0x00007ffe96d40000 - 0x00007ffe96daa000 	C:\WINDOWS\system32\mswsock.dll
0x00007ffe72a90000 - 0x00007ffe72aa8000 	C:\Program Files\Java\jdk-17\bin\zip.dll
0x00007ffe733d0000 - 0x00007ffe733e9000 	C:\Program Files\Java\jdk-17\bin\net.dll
0x00007ffe90df0000 - 0x00007ffe90ef8000 	C:\WINDOWS\SYSTEM32\WINHTTP.dll
0x00007ffe73370000 - 0x00007ffe73385000 	C:\Program Files\Java\jdk-17\bin\nio.dll
0x00007ffe78c90000 - 0x00007ffe78ca0000 	C:\Program Files\Java\jdk-17\bin\verify.dll
0x00007ffe96f30000 - 0x00007ffe96f48000 	C:\WINDOWS\SYSTEM32\CRYPTSP.dll
0x00007ffe96650000 - 0x00007ffe96684000 	C:\WINDOWS\system32\rsaenh.dll
0x00007ffe97c80000 - 0x00007ffe97ca7000 	C:\WINDOWS\System32\bcrypt.dll
0x00007ffe97450000 - 0x00007ffe9747e000 	C:\WINDOWS\SYSTEM32\USERENV.dll
0x00007ffe96f50000 - 0x00007ffe96f5c000 	C:\WINDOWS\SYSTEM32\CRYPTBASE.dll
0x00007ffe982c0000 - 0x00007ffe982c8000 	C:\WINDOWS\System32\NSI.dll
0x00007ffe92a90000 - 0x00007ffe92aa7000 	C:\WINDOWS\SYSTEM32\dhcpcsvc6.DLL
0x00007ffe92a70000 - 0x00007ffe92a8d000 	C:\WINDOWS\SYSTEM32\dhcpcsvc.DLL
0x00007ffe96a30000 - 0x00007ffe96afc000 	C:\WINDOWS\SYSTEM32\DNSAPI.dll
0x0000000180000000 - 0x0000000180031000 	C:\Users\user\AppData\Local\Temp\jna17594992234734176954.tmp
0x00007ffd9c3d0000 - 0x00007ffda076e000 	D:\Programming\School\JavaGL2\src\renderdoc.dll
0x00007ffe986a0000 - 0x00007ffe98b12000 	C:\WINDOWS\System32\SETUPAPI.dll
0x00007ffe976f0000 - 0x00007ffe9773e000 	C:\WINDOWS\System32\cfgmgr32.dll
0x00007ffe985c0000 - 0x00007ffe9869a000 	C:\WINDOWS\System32\COMDLG32.dll
0x00007ffe99870000 - 0x00007ffe9999a000 	C:\WINDOWS\System32\ole32.dll
0x00007ffe98350000 - 0x00007ffe9841d000 	C:\WINDOWS\System32\OLEAUT32.dll
0x00007ffe93d20000 - 0x00007ffe9417d000 	C:\WINDOWS\SYSTEM32\d3dcompiler_47.dll
0x00007ffe7b520000 - 0x00007ffe7b645000 	C:\WINDOWS\SYSTEM32\opengl32.dll
0x00007ffe7b4f0000 - 0x00007ffe7b51c000 	C:\WINDOWS\SYSTEM32\GLU32.dll
0x00007ffe66ad0000 - 0x00007ffe66b34000 	C:\Users\user\AppData\Local\Temp\lwjgluser\3.2.3-SNAPSHOT\lwjgl.dll
0x00007ffe5f5b0000 - 0x00007ffe5f612000 	C:\Users\user\AppData\Local\Temp\lwjgluser\3.2.3-SNAPSHOT\glfw.dll
0x00007ffe94f30000 - 0x00007ffe94fce000 	C:\WINDOWS\system32\uxtheme.dll
0x00007ffe66a50000 - 0x00007ffe66a95000 	C:\WINDOWS\SYSTEM32\dinput8.dll
0x00007ffe83fd0000 - 0x00007ffe84122000 	C:\WINDOWS\SYSTEM32\inputhost.dll
0x00007ffe94180000 - 0x00007ffe942d4000 	C:\WINDOWS\SYSTEM32\wintypes.dll
0x00007ffe92580000 - 0x00007ffe92676000 	C:\WINDOWS\SYSTEM32\PROPSYS.dll
0x00007ffe94850000 - 0x00007ffe94bae000 	C:\WINDOWS\SYSTEM32\CoreUIComponents.dll
0x00007ffe94bb0000 - 0x00007ffe94ca2000 	C:\WINDOWS\SYSTEM32\CoreMessaging.dll
0x00007ffe96280000 - 0x00007ffe962b3000 	C:\WINDOWS\SYSTEM32\ntmarta.dll
0x00007ffe67d60000 - 0x00007ffe67d71000 	C:\WINDOWS\SYSTEM32\xinput1_4.dll
0x00007ffe97330000 - 0x00007ffe97364000 	C:\WINDOWS\SYSTEM32\DEVOBJ.dll
0x00007ffe952d0000 - 0x00007ffe952ff000 	C:\WINDOWS\SYSTEM32\dwmapi.dll
0x00007ffe57600000 - 0x00007ffe577e1000 	C:\Program Files (x86)\Stardock\Fences\FencesMenu64.dll
0x00007ffe92eb0000 - 0x00007ffe92ec4000 	C:\WINDOWS\SYSTEM32\WTSAPI32.dll
0x00007ffe7fac0000 - 0x00007ffe7fc69000 	C:\WINDOWS\WinSxS\amd64_microsoft.windows.gdiplus_6595b64144ccf1df_1.1.19041.1288_none_91a663c8cc864906\gdiplus.dll
0x00007ffe999a0000 - 0x00007ffe99ab5000 	C:\WINDOWS\System32\MSCTF.dll
0x00007ffe95e40000 - 0x00007ffe95e4d000 	C:\WINDOWS\SYSTEM32\HID.DLL
0x00007ffe97690000 - 0x00007ffe976f0000 	C:\WINDOWS\System32\WINTRUST.dll
0x00007ffe97cb0000 - 0x00007ffe97e06000 	C:\WINDOWS\System32\CRYPT32.dll
0x00007ffe97170000 - 0x00007ffe97182000 	C:\WINDOWS\System32\MSASN1.dll
0x00007ffe99c90000 - 0x00007ffe99d39000 	C:\WINDOWS\System32\clbcatq.dll
0x00007ffe24dc0000 - 0x00007ffe24dec000 	C:\WINDOWS\System32\DriverStore\FileRepository\u0371621.inf_amd64_f6054ee530919325\B371622\atig6pxx.dll
0x00007ffe14960000 - 0x00007ffe177a3000 	C:\WINDOWS\System32\DriverStore\FileRepository\u0371621.inf_amd64_f6054ee530919325\B371622\atio6axx.dll
0x00007ffe7aff0000 - 0x00007ffe7b014000 	C:\WINDOWS\SYSTEM32\dxva2.dll
0x00007ffe14890000 - 0x00007ffe148cf000 	C:\WINDOWS\System32\DriverStore\FileRepository\u0371621.inf_amd64_f6054ee530919325\B371622\atig6txx.dll
0x00007ffe20f20000 - 0x00007ffe210ec000 	C:\WINDOWS\SYSTEM32\atiadlxx.dll
0x00007ffe7c9a0000 - 0x00007ffe7c9e9000 	C:\WINDOWS\SYSTEM32\pdh.dll
0x00007ffe8a730000 - 0x00007ffe8a76b000 	C:\WINDOWS\SYSTEM32\dxcore.dll
0x00007ffe5f550000 - 0x00007ffe5f5a9000 	C:\Users\user\AppData\Local\Temp\lwjgluser\3.2.3-SNAPSHOT\lwjgl_opengl.dll
0x00007ffe84130000 - 0x00007ffe84229000 	C:\WINDOWS\SYSTEM32\textinputframework.dll
0x00007ffe87840000 - 0x00007ffe878a6000 	C:\WINDOWS\system32\Oleacc.dll
0x0000000064a00000 - 0x00000000657b1000 	C:\Users\user\AppData\Local\Temp\imgui-java-natives_1635155268120\imgui-java64.dll
0x00007ffe57be0000 - 0x00007ffe57c67000 	C:\Users\user\AppData\Local\Temp\lwjgluser\3.2.3-SNAPSHOT\lwjgl_nanovg.dll

dbghelp: loaded successfully - version: 4.0.5 - missing functions: none
symbol engine: initialized successfully - sym options: 0x614 - pdb path: .;C:\Program Files\Java\jdk-17\bin;C:\WINDOWS\SYSTEM32;C:\WINDOWS\WinSxS\amd64_microsoft.windows.common-controls_6595b64144ccf1df_6.0.19041.1110_none_60b5254171f9507e;C:\Program Files\Java\jdk-17\bin\server;C:\Users\user\AppData\Local\Temp;D:\Programming\School\JavaGL2\src;C:\Users\user\AppData\Local\Temp\lwjgluser\3.2.3-SNAPSHOT;C:\Program Files (x86)\Stardock\Fences;C:\WINDOWS\WinSxS\amd64_microsoft.windows.gdiplus_6595b64144ccf1df_1.1.19041.1288_none_91a663c8cc864906;C:\WINDOWS\System32\DriverStore\FileRepository\u0371621.inf_amd64_f6054ee530919325\B371622;C:\Users\user\AppData\Local\Temp\imgui-java-natives_1635155268120

VM Arguments:
jvm_args: -agentlib:jdwp=transport=dt_socket,address=127.0.0.1:9779,suspend=y,server=n -Djna.library.path=D:\Programming\School\JavaGL2\src -javaagent:C:\Users\user\AppData\Local\JetBrains\IntelliJIdea2021.2\groovyHotSwap\gragent.jar -javaagent:C:\Users\user\AppData\Local\JetBrains\IntelliJIdea2021.2\captureAgent\debugger-agent.jar -Dfile.encoding=UTF-8 
java_command: _0_1.enginePackage.Sketch
java_class_path (initial): D:\Programming\School\JavaGL2\out\production\classes;C:\Users\user\.gradle\caches\modules-2\files-2.1\io.github.spair\imgui-java-app\1.84.1.3\c7f2adbb406354377182fea74b107d8c4f8b1d0\imgui-java-app-1.84.1.3.jar;C:\Users\user\.gradle\caches\modules-2\files-2.1\org.lwjgl\lwjgl-assimp\3.2.3\f62aa07a20afbdd3097efc296c4841e0d29700eb\lwjgl-assimp-3.2.3.jar;C:\Users\user\.gradle\caches\modules-2\files-2.1\org.lwjgl\lwjgl-glfw\3.2.3\5e520d5c290c8b012545a8d34fa5db5ab051ea53\lwjgl-glfw-3.2.3.jar;C:\Users\user\.gradle\caches\modules-2\files-2.1\org.lwjgl\lwjgl-glfw\3.2.3\62b044d9b0a057444bef2ab70b9afc288ec09dba\lwjgl-glfw-3.2.3-natives-linux.jar;C:\Users\user\.gradle\caches\modules-2\files-2.1\org.lwjgl\lwjgl-glfw\3.2.3\58661272eacb9116336c88b4aadccf1f17c09b\lwjgl-glfw-3.2.3-natives-macos.jar;C:\Users\user\.gradle\caches\modules-2\files-2.1\org.lwjgl\lwjgl-glfw\3.2.3\b4d8a3477cdc2edcf7a5f1e822926be846223f54\lwjgl-glfw-3.2.3-natives-windows.jar;C:\Users\user\.gradle\caches\modules-2\files-2.1\org.lwjgl\lwjgl-nanovg\3.2.3\718be4a13691d1cd276fa852326e9e837d65204e\lwjgl-nanovg-3.2.3.jar;C:\Users\user\.gradle\caches\modules-2\files-2.1\org.lwjgl\lwjgl-nfd\3.2.3\c44fee1043c022cf6614a28872d44cf114ca7737\lwjgl-nfd-3.2.3.jar;C:\Users\user\.gradle\caches\modules-2\files-2.1\org.lwjgl\lwjgl-openal\3.2.3\106742e805803ab9eab8e343f0fb31a3d263903c\lwjgl-openal-3.2.3.jar;C:\Users\user\.gradle\caches\modules-2\files-2.1\org.lwjgl\lwjgl-opengl\3.2.3\bdd534a323d0c8f54969b95e424b6ac8984f7d6e\lwjgl-opengl-3.2.3.jar;C:\Users\user\.gradle\caches\modules-2\files-2.1\org.lwjgl\lwjgl-opengl\3.2.3\7f14db5da9aa7951efe88993f519d7d38ad6e46b\lwjgl-opengl-3.2.3-natives-linux.jar;C:\Users\user\.gradle\caches\modules-2\files-2.1\org.lwjgl\lwjgl-opengl\3.2.3\efa3326c11336d3e74c9c8aeceb2420328d28e6b\lwjgl-opengl-3.2.3-natives-macos.jar;C:\Users\user\.gradle\caches\modules-2\files-2.1\org.lwjgl\lwjgl-opengl\3.2.3\e81cfc73ec8708e5e791ed770e4ec3edfc1bbab1\lwjgl-opengl-3.2.3-natives-windo
Launcher Type: SUN_STANDARD

[Global flags]
     intx CICompilerCount                          = 4                                         {product} {ergonomic}
     uint ConcGCThreads                            = 3                                         {product} {ergonomic}
     uint G1ConcRefinementThreads                  = 10                                        {product} {ergonomic}
   size_t G1HeapRegionSize                         = 4194304                                   {product} {ergonomic}
    uintx GCDrainStackTargetSize                   = 64                                        {product} {ergonomic}
   size_t InitialHeapSize                          = 536870912                                 {product} {ergonomic}
   size_t MarkStackSize                            = 4194304                                   {product} {ergonomic}
   size_t MaxHeapSize                              = 8577351680                                {product} {ergonomic}
   size_t MaxNewSize                               = 5146411008                                {product} {ergonomic}
   size_t MinHeapDeltaBytes                        = 4194304                                   {product} {ergonomic}
   size_t MinHeapSize                              = 8388608                                   {product} {ergonomic}
    uintx NonNMethodCodeHeapSize                   = 5839372                                {pd product} {ergonomic}
    uintx NonProfiledCodeHeapSize                  = 122909434                              {pd product} {ergonomic}
    uintx ProfiledCodeHeapSize                     = 122909434                              {pd product} {ergonomic}
    uintx ReservedCodeCacheSize                    = 251658240                              {pd product} {ergonomic}
     bool SegmentedCodeCache                       = true                                      {product} {ergonomic}
   size_t SoftMaxHeapSize                          = 8577351680                             {manageable} {ergonomic}
     bool UseCompressedClassPointers               = true                           {product lp64_product} {ergonomic}
     bool UseCompressedOops                        = true                           {product lp64_product} {ergonomic}
     bool UseG1GC                                  = true                                      {product} {ergonomic}
     bool UseLargePagesIndividualAllocation        = false                                  {pd product} {ergonomic}

Logging:
Log output configuration:
 #0: stdout all=warning uptime,level,tags
 #1: stderr all=off uptime,level,tags

Environment Variables:
PATH=C:\Program Files\Common Files\Oracle\Java\javapath;C:\Python27\;C:\Python27\Scripts;C:\Program Files (x86)\Common Files\Intel\Shared Libraries\redist\intel64\compiler;C:\Python39\Scripts\;C:\Python39\;C:\Program Files (x86)\Common Files\Oracle\Java\javapath;C:\Python38\Scripts\;C:\Python38\;C:\Windows\system32;C:\Windows;C:\Windows\System32\Wbem;C:\Windows\System32\WindowsPowerShell\v1.0\;C:\Windows\System32\OpenSSH\;C:\Program Files (x86)\Cmder;C:\ProgramData\chocolatey\bin;C:\Program Files\dotnet\;C:\Program Files (x86)\Wolfram Research\WolframScript\;C:\Program Files\Docker\Docker\resources\bin;C:\ProgramData\DockerDesktop\version-bin;C:\Program Files\Calibre2\;C:\WINDOWS\system32;C:\WINDOWS;C:\WINDOWS\System32\Wbem;C:\WINDOWS\System32\WindowsPowerShell\v1.0\;C:\WINDOWS\System32\OpenSSH\;C:\Program Files\PowerShell\7\;C:\Program Files\Git\cmd;C:\Program Files\Git LFS;C:\Program Files\Perforce\;C:\Program Files\Perforce;C:\Program Files\CMake\bin;C:\Program Files\nodejs\;C:\Program Files\Go\bin;C:\MinGW\bin;C:\Program Files\Microsoft SQL Server\130\Tools\Binn\;C:\Program Files\Microsoft SQL Server\Client SDK\ODBC\170\Tools\Binn\;D:\VSTs32\64klang;;C:\Program Files\Tundra 2.0\bin;C:\Program Files\MySQL\MySQL Shell 8.0\bin\;C:\Program Files (x86)\Common Files\Intel\Shared Libraries\redist\intel64_win\compiler;C:\Users\user\AppData\Local\Microsoft\WindowsApps;C:\Users\user\AppData\Local\Programs\Microsoft VS Code\bin;C:\Program Files\ffmpeg\bin;C:\Program Files\NASM;C:\Users\user\Downloads\GIF;C:\Users\user\AppData\Roaming\Python\Python38\Scripts;C:\Users\user\AppData\Local\GitHubDesktop\bin;C:\Users\user\AppData\Roaming\npm;C:\Users\user\go\bin;C:\Users\user\.dotnet\tools;C:\Users\user\spicetify-cli;C:\Users\user\.dotnet\tools
USERNAME=user
OS=Windows_NT
PROCESSOR_IDENTIFIER=AMD64 Family 25 Model 33 Stepping 0, AuthenticAMD



---------------  S Y S T E M  ---------------

OS:
 Windows 10 , 64 bit Build 19041 (10.0.19041.1202)
OS uptime: 9 days 22:27 hours

CPU: total 12 (initial active 12) (12 cores per cpu, 2 threads per core) family 25 model 33 stepping 0 microcode 0x0, cx8, cmov, fxsr, ht, mmx, 3dnowpref, sse, sse2, sse3, ssse3, sse4a, sse4.1, sse4.2, popcnt, lzcnt, tsc, tscinvbit, avx, avx2, aes, erms, clmul, bmi1, bmi2, adx, sha, fma, vzeroupper, clflush, clflushopt

Memory: 4k page, system-wide physical 32712M (3490M free)
TotalPageFile size 99002M (AvailPageFile size 10130M)
current process WorkingSet (physical memory assigned to process): 181M, peak: 181M
current process commit charge ("private bytes"): 880M, peak: 912M

vm_info: Java HotSpot(TM) 64-Bit Server VM (17+35-LTS-2724) for windows-amd64 JRE (17+35-LTS-2724), built on Aug  5 2021 23:28:28 by "mach5one" with MS VC++ 16.8 (VS2019)

END.
